[2026-03-14T01:58:29.870+0000] {local_task_job_runner.py:120} INFO - ::group::Pre task execution logs
[2026-03-14T01:58:29.908+0000] {taskinstance.py:2076} INFO - Dependencies all met for dep_context=non-requeueable deps ti=<TaskInstance: daily_spark_pipeline.run_spark_job manual__2026-03-14T01:58:23.443577+00:00 [queued]>
[2026-03-14T01:58:29.914+0000] {taskinstance.py:2076} INFO - Dependencies all met for dep_context=requeueable deps ti=<TaskInstance: daily_spark_pipeline.run_spark_job manual__2026-03-14T01:58:23.443577+00:00 [queued]>
[2026-03-14T01:58:29.914+0000] {taskinstance.py:2306} INFO - Starting attempt 1 of 2
[2026-03-14T01:58:29.940+0000] {taskinstance.py:2330} INFO - Executing <Task(BashOperator): run_spark_job> on 2026-03-14 01:58:23.443577+00:00
[2026-03-14T01:58:29.946+0000] {standard_task_runner.py:64} INFO - Started process 12157 to run task
[2026-03-14T01:58:29.950+0000] {standard_task_runner.py:90} INFO - Running: ['airflow', 'tasks', 'run', 'daily_spark_pipeline', 'run_spark_job', 'manual__2026-03-14T01:58:23.443577+00:00', '--job-id', '24', '--raw', '--subdir', 'DAGS_FOLDER/daily_pipeline.py', '--cfg-path', '/tmp/tmpnwulz5vt']
[2026-03-14T01:58:29.953+0000] {standard_task_runner.py:91} INFO - Job 24: Subtask run_spark_job
[2026-03-14T01:58:30.059+0000] {task_command.py:426} INFO - Running <TaskInstance: daily_spark_pipeline.run_spark_job manual__2026-03-14T01:58:23.443577+00:00 [running]> on host 670d40c6e2a9
[2026-03-14T01:58:30.151+0000] {taskinstance.py:2648} INFO - Exporting env vars: AIRFLOW_CTX_DAG_OWNER='airflow' AIRFLOW_CTX_DAG_ID='daily_spark_pipeline' AIRFLOW_CTX_TASK_ID='run_spark_job' AIRFLOW_CTX_EXECUTION_DATE='2026-03-14T01:58:23.443577+00:00' AIRFLOW_CTX_TRY_NUMBER='1' AIRFLOW_CTX_DAG_RUN_ID='manual__2026-03-14T01:58:23.443577+00:00'
[2026-03-14T01:58:30.152+0000] {taskinstance.py:430} INFO - ::endgroup::
[2026-03-14T01:58:30.183+0000] {subprocess.py:63} INFO - Tmp dir root location: /tmp
[2026-03-14T01:58:30.184+0000] {subprocess.py:75} INFO - Running command: ['/usr/bin/bash', '-c', 'spark-submit --master spark://spark:7077 /opt/airflow/spark_jobs/process_data.py']
[2026-03-14T01:58:30.198+0000] {subprocess.py:86} INFO - Output:
[2026-03-14T01:58:30.305+0000] {subprocess.py:93} INFO - /home/airflow/.local/lib/python3.12/site-packages/pyspark/bin/load-spark-env.sh: line 68: ps: command not found
[2026-03-14T01:58:34.262+0000] {subprocess.py:93} INFO - /opt/airflow/spark_jobs/process_data.py:168: DeprecationWarning: datetime.datetime.utcnow() is deprecated and scheduled for removal in a future version. Use timezone-aware objects to represent datetimes in UTC: datetime.datetime.now(datetime.UTC).
[2026-03-14T01:58:34.263+0000] {subprocess.py:93} INFO -   run_id = datetime.utcnow().strftime("%Y%m%d_%H%M%S")
[2026-03-14T01:58:34.342+0000] {subprocess.py:93} INFO - 26/03/14 01:58:34 INFO SparkContext: Running Spark version 3.5.1
[2026-03-14T01:58:34.344+0000] {subprocess.py:93} INFO - 26/03/14 01:58:34 INFO SparkContext: OS info Linux, 6.6.87.2-microsoft-standard-WSL2, amd64
[2026-03-14T01:58:34.345+0000] {subprocess.py:93} INFO - 26/03/14 01:58:34 INFO SparkContext: Java version 17.0.18
[2026-03-14T01:58:34.409+0000] {subprocess.py:93} INFO - 26/03/14 01:58:34 WARN NativeCodeLoader: Unable to load native-hadoop library for your platform... using builtin-java classes where applicable
[2026-03-14T01:58:34.512+0000] {subprocess.py:93} INFO - 26/03/14 01:58:34 INFO ResourceUtils: ==============================================================
[2026-03-14T01:58:34.513+0000] {subprocess.py:93} INFO - 26/03/14 01:58:34 INFO ResourceUtils: No custom resources configured for spark.driver.
[2026-03-14T01:58:34.514+0000] {subprocess.py:93} INFO - 26/03/14 01:58:34 INFO ResourceUtils: ==============================================================
[2026-03-14T01:58:34.515+0000] {subprocess.py:93} INFO - 26/03/14 01:58:34 INFO SparkContext: Submitted application: ProcessData
[2026-03-14T01:58:34.533+0000] {subprocess.py:93} INFO - 26/03/14 01:58:34 INFO ResourceProfile: Default ResourceProfile created, executor resources: Map(memory -> name: memory, amount: 1024, script: , vendor: , offHeap -> name: offHeap, amount: 0, script: , vendor: ), task resources: Map(cpus -> name: cpus, amount: 1.0)
[2026-03-14T01:58:34.538+0000] {subprocess.py:93} INFO - 26/03/14 01:58:34 INFO ResourceProfile: Limiting resource is cpu
[2026-03-14T01:58:34.539+0000] {subprocess.py:93} INFO - 26/03/14 01:58:34 INFO ResourceProfileManager: Added ResourceProfile id: 0
[2026-03-14T01:58:34.594+0000] {subprocess.py:93} INFO - 26/03/14 01:58:34 INFO SecurityManager: Changing view acls to: airflow
[2026-03-14T01:58:34.595+0000] {subprocess.py:93} INFO - 26/03/14 01:58:34 INFO SecurityManager: Changing modify acls to: airflow
[2026-03-14T01:58:34.596+0000] {subprocess.py:93} INFO - 26/03/14 01:58:34 INFO SecurityManager: Changing view acls groups to:
[2026-03-14T01:58:34.597+0000] {subprocess.py:93} INFO - 26/03/14 01:58:34 INFO SecurityManager: Changing modify acls groups to:
[2026-03-14T01:58:34.598+0000] {subprocess.py:93} INFO - 26/03/14 01:58:34 INFO SecurityManager: SecurityManager: authentication disabled; ui acls disabled; users with view permissions: airflow; groups with view permissions: EMPTY; users with modify permissions: airflow; groups with modify permissions: EMPTY
[2026-03-14T01:58:34.868+0000] {subprocess.py:93} INFO - 26/03/14 01:58:34 INFO Utils: Successfully started service 'sparkDriver' on port 43123.
[2026-03-14T01:58:34.905+0000] {subprocess.py:93} INFO - 26/03/14 01:58:34 INFO SparkEnv: Registering MapOutputTracker
[2026-03-14T01:58:34.944+0000] {subprocess.py:93} INFO - 26/03/14 01:58:34 INFO SparkEnv: Registering BlockManagerMaster
[2026-03-14T01:58:34.964+0000] {subprocess.py:93} INFO - 26/03/14 01:58:34 INFO BlockManagerMasterEndpoint: Using org.apache.spark.storage.DefaultTopologyMapper for getting topology information
[2026-03-14T01:58:34.965+0000] {subprocess.py:93} INFO - 26/03/14 01:58:34 INFO BlockManagerMasterEndpoint: BlockManagerMasterEndpoint up
[2026-03-14T01:58:34.970+0000] {subprocess.py:93} INFO - 26/03/14 01:58:34 INFO SparkEnv: Registering BlockManagerMasterHeartbeat
[2026-03-14T01:58:34.998+0000] {subprocess.py:93} INFO - 26/03/14 01:58:34 INFO DiskBlockManager: Created local directory at /tmp/blockmgr-fb159c0f-60b9-40c6-a7ca-06237ebde3fa
[2026-03-14T01:58:35.013+0000] {subprocess.py:93} INFO - 26/03/14 01:58:35 INFO MemoryStore: MemoryStore started with capacity 434.4 MiB
[2026-03-14T01:58:35.032+0000] {subprocess.py:93} INFO - 26/03/14 01:58:35 INFO SparkEnv: Registering OutputCommitCoordinator
[2026-03-14T01:58:35.163+0000] {subprocess.py:93} INFO - 26/03/14 01:58:35 INFO JettyUtils: Start Jetty 0.0.0.0:4040 for SparkUI
[2026-03-14T01:58:35.224+0000] {subprocess.py:93} INFO - 26/03/14 01:58:35 INFO Utils: Successfully started service 'SparkUI' on port 4040.
[2026-03-14T01:58:35.341+0000] {subprocess.py:93} INFO - 26/03/14 01:58:35 INFO StandaloneAppClient$ClientEndpoint: Connecting to master spark://spark:7077...
[2026-03-14T01:58:35.412+0000] {subprocess.py:93} INFO - 26/03/14 01:58:35 INFO TransportClientFactory: Successfully created connection to spark/172.19.0.2:7077 after 27 ms (0 ms spent in bootstraps)
[2026-03-14T01:58:36.069+0000] {subprocess.py:93} INFO - 26/03/14 01:58:36 INFO StandaloneSchedulerBackend: Connected to Spark cluster with app ID app-20260314015835-0002
[2026-03-14T01:58:36.077+0000] {subprocess.py:93} INFO - 26/03/14 01:58:36 INFO Utils: Successfully started service 'org.apache.spark.network.netty.NettyBlockTransferService' on port 42387.
[2026-03-14T01:58:36.078+0000] {subprocess.py:93} INFO - 26/03/14 01:58:36 INFO NettyBlockTransferService: Server created on 670d40c6e2a9:42387
[2026-03-14T01:58:36.080+0000] {subprocess.py:93} INFO - 26/03/14 01:58:36 INFO BlockManager: Using org.apache.spark.storage.RandomBlockReplicationPolicy for block replication policy
[2026-03-14T01:58:36.086+0000] {subprocess.py:93} INFO - 26/03/14 01:58:36 INFO BlockManagerMaster: Registering BlockManager BlockManagerId(driver, 670d40c6e2a9, 42387, None)
[2026-03-14T01:58:36.089+0000] {subprocess.py:93} INFO - 26/03/14 01:58:36 INFO BlockManagerMasterEndpoint: Registering block manager 670d40c6e2a9:42387 with 434.4 MiB RAM, BlockManagerId(driver, 670d40c6e2a9, 42387, None)
[2026-03-14T01:58:36.091+0000] {subprocess.py:93} INFO - 26/03/14 01:58:36 INFO BlockManagerMaster: Registered BlockManager BlockManagerId(driver, 670d40c6e2a9, 42387, None)
[2026-03-14T01:58:36.092+0000] {subprocess.py:93} INFO - 26/03/14 01:58:36 INFO BlockManager: Initialized BlockManager: BlockManagerId(driver, 670d40c6e2a9, 42387, None)
[2026-03-14T01:58:36.131+0000] {subprocess.py:93} INFO - 26/03/14 01:58:36 INFO StandaloneAppClient$ClientEndpoint: Executor added: app-20260314015835-0002/0 on worker-20260313155243-172.19.0.3-41339 (172.19.0.3:41339) with 12 core(s)
[2026-03-14T01:58:36.133+0000] {subprocess.py:93} INFO - 26/03/14 01:58:36 INFO StandaloneSchedulerBackend: Granted executor ID app-20260314015835-0002/0 on hostPort 172.19.0.3:41339 with 12 core(s), 1024.0 MiB RAM
[2026-03-14T01:58:36.277+0000] {subprocess.py:93} INFO - 26/03/14 01:58:36 INFO StandaloneSchedulerBackend: SchedulerBackend is ready for scheduling beginning after reached minRegisteredResourcesRatio: 0.0
[2026-03-14T01:58:47.047+0000] {subprocess.py:93} INFO - === Raw Data Schema ===
[2026-03-14T01:58:47.051+0000] {subprocess.py:93} INFO - root
[2026-03-14T01:58:47.052+0000] {subprocess.py:93} INFO -  |-- id: integer (nullable = true)
[2026-03-14T01:58:47.053+0000] {subprocess.py:93} INFO -  |-- name: string (nullable = true)
[2026-03-14T01:58:47.055+0000] {subprocess.py:93} INFO -  |-- amount: integer (nullable = true)
[2026-03-14T01:58:47.056+0000] {subprocess.py:93} INFO - 
[2026-03-14T01:58:47.058+0000] {subprocess.py:93} INFO - === Sample Raw Data ===
[2026-03-14T01:58:47.296+0000] {subprocess.py:93} INFO - +---+-------+------+
[2026-03-14T01:58:47.297+0000] {subprocess.py:93} INFO - |id |name   |amount|
[2026-03-14T01:58:47.298+0000] {subprocess.py:93} INFO - +---+-------+------+
[2026-03-14T01:58:47.298+0000] {subprocess.py:93} INFO - |1  |Alice  |209   |
[2026-03-14T01:58:47.299+0000] {subprocess.py:93} INFO - |2  |Charlie|343   |
[2026-03-14T01:58:47.299+0000] {subprocess.py:93} INFO - |3  |Charlie|359   |
[2026-03-14T01:58:47.300+0000] {subprocess.py:93} INFO - |4  |Alice  |362   |
[2026-03-14T01:58:47.301+0000] {subprocess.py:93} INFO - |5  |Ivy    |150   |
[2026-03-14T01:58:47.302+0000] {subprocess.py:93} INFO - |6  |Grace  |558   |
[2026-03-14T01:58:47.302+0000] {subprocess.py:93} INFO - |7  |Nina   |112   |
[2026-03-14T01:58:47.303+0000] {subprocess.py:93} INFO - |8  |Jack   |589   |
[2026-03-14T01:58:47.303+0000] {subprocess.py:93} INFO - |9  |Bob    |323   |
[2026-03-14T01:58:47.304+0000] {subprocess.py:93} INFO - |10 |Owen   |515   |
[2026-03-14T01:58:47.305+0000] {subprocess.py:93} INFO - |11 |Ivy    |160   |
[2026-03-14T01:58:47.305+0000] {subprocess.py:93} INFO - |12 |Alice  |406   |
[2026-03-14T01:58:47.306+0000] {subprocess.py:93} INFO - |13 |Ivy    |505   |
[2026-03-14T01:58:47.306+0000] {subprocess.py:93} INFO - |14 |Liam   |297   |
[2026-03-14T01:58:47.307+0000] {subprocess.py:93} INFO - |15 |Nina   |431   |
[2026-03-14T01:58:47.307+0000] {subprocess.py:93} INFO - |16 |Alice  |515   |
[2026-03-14T01:58:47.308+0000] {subprocess.py:93} INFO - |17 |Frank  |512   |
[2026-03-14T01:58:47.308+0000] {subprocess.py:93} INFO - |18 |David  |153   |
[2026-03-14T01:58:47.308+0000] {subprocess.py:93} INFO - |19 |Karen  |267   |
[2026-03-14T01:58:47.309+0000] {subprocess.py:93} INFO - |20 |Owen   |317   |
[2026-03-14T01:58:47.309+0000] {subprocess.py:93} INFO - +---+-------+------+
[2026-03-14T01:58:47.310+0000] {subprocess.py:93} INFO - only showing top 20 rows
[2026-03-14T01:58:47.310+0000] {subprocess.py:93} INFO - 
[2026-03-14T01:58:47.373+0000] {subprocess.py:93} INFO - === Processed Data Schema ===
[2026-03-14T01:58:47.375+0000] {subprocess.py:93} INFO - root
[2026-03-14T01:58:47.376+0000] {subprocess.py:93} INFO -  |-- id: integer (nullable = true)
[2026-03-14T01:58:47.376+0000] {subprocess.py:93} INFO -  |-- name: string (nullable = false)
[2026-03-14T01:58:47.377+0000] {subprocess.py:93} INFO -  |-- amount: integer (nullable = true)
[2026-03-14T01:58:47.378+0000] {subprocess.py:93} INFO -  |-- processing_timestamp: timestamp (nullable = false)
[2026-03-14T01:58:47.378+0000] {subprocess.py:93} INFO - 
[2026-03-14T01:58:47.379+0000] {subprocess.py:93} INFO - === Sample Processed Data ===
[2026-03-14T01:58:48.547+0000] {subprocess.py:93} INFO - +---+-------+------+--------------------------+
[2026-03-14T01:58:48.548+0000] {subprocess.py:93} INFO - |id |name   |amount|processing_timestamp      |
[2026-03-14T01:58:48.550+0000] {subprocess.py:93} INFO - +---+-------+------+--------------------------+
[2026-03-14T01:58:48.551+0000] {subprocess.py:93} INFO - |7  |Nina   |112   |2026-03-14 01:58:47.391497|
[2026-03-14T01:58:48.552+0000] {subprocess.py:93} INFO - |4  |Alice  |362   |2026-03-14 01:58:47.391497|
[2026-03-14T01:58:48.553+0000] {subprocess.py:93} INFO - |2  |Charlie|343   |2026-03-14 01:58:47.391497|
[2026-03-14T01:58:48.554+0000] {subprocess.py:93} INFO - |24 |Eva    |267   |2026-03-14 01:58:47.391497|
[2026-03-14T01:58:48.556+0000] {subprocess.py:93} INFO - |25 |Mona   |461   |2026-03-14 01:58:47.391497|
[2026-03-14T01:58:48.557+0000] {subprocess.py:93} INFO - |1  |Alice  |209   |2026-03-14 01:58:47.391497|
[2026-03-14T01:58:48.558+0000] {subprocess.py:93} INFO - |23 |Grace  |112   |2026-03-14 01:58:47.391497|
[2026-03-14T01:58:48.559+0000] {subprocess.py:93} INFO - |12 |Alice  |406   |2026-03-14 01:58:47.391497|
[2026-03-14T01:58:48.560+0000] {subprocess.py:93} INFO - |9  |Bob    |323   |2026-03-14 01:58:47.391497|
[2026-03-14T01:58:48.561+0000] {subprocess.py:93} INFO - |15 |Nina   |431   |2026-03-14 01:58:47.391497|
[2026-03-14T01:58:48.564+0000] {subprocess.py:93} INFO - |3  |Charlie|359   |2026-03-14 01:58:47.391497|
[2026-03-14T01:58:48.565+0000] {subprocess.py:93} INFO - |22 |Bob    |416   |2026-03-14 01:58:47.391497|
[2026-03-14T01:58:48.566+0000] {subprocess.py:93} INFO - |10 |Owen   |515   |2026-03-14 01:58:47.391497|
[2026-03-14T01:58:48.567+0000] {subprocess.py:93} INFO - |20 |Owen   |317   |2026-03-14 01:58:47.391497|
[2026-03-14T01:58:48.568+0000] {subprocess.py:93} INFO - |11 |Ivy    |160   |2026-03-14 01:58:47.391497|
[2026-03-14T01:58:48.570+0000] {subprocess.py:93} INFO - |13 |Ivy    |505   |2026-03-14 01:58:47.391497|
[2026-03-14T01:58:48.571+0000] {subprocess.py:93} INFO - |21 |Frank  |141   |2026-03-14 01:58:47.391497|
[2026-03-14T01:58:48.571+0000] {subprocess.py:93} INFO - |18 |David  |153   |2026-03-14 01:58:47.391497|
[2026-03-14T01:58:48.572+0000] {subprocess.py:93} INFO - |17 |Frank  |512   |2026-03-14 01:58:47.391497|
[2026-03-14T01:58:48.573+0000] {subprocess.py:93} INFO - |8  |Jack   |589   |2026-03-14 01:58:47.391497|
[2026-03-14T01:58:48.574+0000] {subprocess.py:93} INFO - +---+-------+------+--------------------------+
[2026-03-14T01:58:48.575+0000] {subprocess.py:93} INFO - only showing top 20 rows
[2026-03-14T01:58:48.575+0000] {subprocess.py:93} INFO - 
[2026-03-14T01:58:49.983+0000] {subprocess.py:93} INFO - 26/03/14 01:58:49 WARN TaskSetManager: Lost task 0.0 in stage 11.0 (TID 20) (172.19.0.3 executor 0): java.io.IOException: Mkdirs failed to create file:/opt/data/output/processed_parquet/_temporary/0/_temporary/attempt_202603140158491365238519006842032_0011_m_000000_20 (exists=false, cwd=file:/opt/spark/work/app-20260314015835-0002/0)
[2026-03-14T01:58:49.985+0000] {subprocess.py:93} INFO - 	at org.apache.hadoop.fs.ChecksumFileSystem.create(ChecksumFileSystem.java:515)
[2026-03-14T01:58:49.986+0000] {subprocess.py:93} INFO - 	at org.apache.hadoop.fs.ChecksumFileSystem.create(ChecksumFileSystem.java:500)
[2026-03-14T01:58:49.986+0000] {subprocess.py:93} INFO - 	at org.apache.hadoop.fs.FileSystem.create(FileSystem.java:1195)
[2026-03-14T01:58:49.987+0000] {subprocess.py:93} INFO - 	at org.apache.hadoop.fs.FileSystem.create(FileSystem.java:1175)
[2026-03-14T01:58:49.988+0000] {subprocess.py:93} INFO - 	at org.apache.parquet.hadoop.util.HadoopOutputFile.create(HadoopOutputFile.java:74)
[2026-03-14T01:58:49.989+0000] {subprocess.py:93} INFO - 	at org.apache.parquet.hadoop.ParquetFileWriter.<init>(ParquetFileWriter.java:347)
[2026-03-14T01:58:49.990+0000] {subprocess.py:93} INFO - 	at org.apache.parquet.hadoop.ParquetFileWriter.<init>(ParquetFileWriter.java:314)
[2026-03-14T01:58:49.991+0000] {subprocess.py:93} INFO - 	at org.apache.parquet.hadoop.ParquetOutputFormat.getRecordWriter(ParquetOutputFormat.java:484)
[2026-03-14T01:58:49.991+0000] {subprocess.py:93} INFO - 	at org.apache.parquet.hadoop.ParquetOutputFormat.getRecordWriter(ParquetOutputFormat.java:422)
[2026-03-14T01:58:49.992+0000] {subprocess.py:93} INFO - 	at org.apache.parquet.hadoop.ParquetOutputFormat.getRecordWriter(ParquetOutputFormat.java:411)
[2026-03-14T01:58:49.993+0000] {subprocess.py:93} INFO - 	at org.apache.spark.sql.execution.datasources.parquet.ParquetOutputWriter.<init>(ParquetOutputWriter.scala:36)
[2026-03-14T01:58:49.994+0000] {subprocess.py:93} INFO - 	at org.apache.spark.sql.execution.datasources.parquet.ParquetUtils$$anon$1.newInstance(ParquetUtils.scala:490)
[2026-03-14T01:58:49.994+0000] {subprocess.py:93} INFO - 	at org.apache.spark.sql.execution.datasources.SingleDirectoryDataWriter.newOutputWriter(FileFormatDataWriter.scala:161)
[2026-03-14T01:58:49.995+0000] {subprocess.py:93} INFO - 	at org.apache.spark.sql.execution.datasources.SingleDirectoryDataWriter.<init>(FileFormatDataWriter.scala:146)
[2026-03-14T01:58:49.995+0000] {subprocess.py:93} INFO - 	at org.apache.spark.sql.execution.datasources.FileFormatWriter$.executeTask(FileFormatWriter.scala:389)
[2026-03-14T01:58:49.996+0000] {subprocess.py:93} INFO - 	at org.apache.spark.sql.execution.datasources.WriteFilesExec.$anonfun$doExecuteWrite$1(WriteFiles.scala:100)
[2026-03-14T01:58:49.997+0000] {subprocess.py:93} INFO - 	at org.apache.spark.rdd.RDD.$anonfun$mapPartitionsInternal$2(RDD.scala:893)
[2026-03-14T01:58:49.997+0000] {subprocess.py:93} INFO - 	at org.apache.spark.rdd.RDD.$anonfun$mapPartitionsInternal$2$adapted(RDD.scala:893)
[2026-03-14T01:58:49.998+0000] {subprocess.py:93} INFO - 	at org.apache.spark.rdd.MapPartitionsRDD.compute(MapPartitionsRDD.scala:52)
[2026-03-14T01:58:49.999+0000] {subprocess.py:93} INFO - 	at org.apache.spark.rdd.RDD.computeOrReadCheckpoint(RDD.scala:367)
[2026-03-14T01:58:49.999+0000] {subprocess.py:93} INFO - 	at org.apache.spark.rdd.RDD.iterator(RDD.scala:331)
[2026-03-14T01:58:50.000+0000] {subprocess.py:93} INFO - 	at org.apache.spark.scheduler.ResultTask.runTask(ResultTask.scala:93)
[2026-03-14T01:58:50.001+0000] {subprocess.py:93} INFO - 	at org.apache.spark.TaskContext.runTaskWithListeners(TaskContext.scala:166)
[2026-03-14T01:58:50.002+0000] {subprocess.py:93} INFO - 	at org.apache.spark.scheduler.Task.run(Task.scala:141)
[2026-03-14T01:58:50.004+0000] {subprocess.py:93} INFO - 	at org.apache.spark.executor.Executor$TaskRunner.$anonfun$run$4(Executor.scala:620)
[2026-03-14T01:58:50.005+0000] {subprocess.py:93} INFO - 	at org.apache.spark.util.SparkErrorUtils.tryWithSafeFinally(SparkErrorUtils.scala:64)
[2026-03-14T01:58:50.006+0000] {subprocess.py:93} INFO - 	at org.apache.spark.util.SparkErrorUtils.tryWithSafeFinally$(SparkErrorUtils.scala:61)
[2026-03-14T01:58:50.007+0000] {subprocess.py:93} INFO - 	at org.apache.spark.util.Utils$.tryWithSafeFinally(Utils.scala:94)
[2026-03-14T01:58:50.008+0000] {subprocess.py:93} INFO - 	at org.apache.spark.executor.Executor$TaskRunner.run(Executor.scala:623)
[2026-03-14T01:58:50.009+0000] {subprocess.py:93} INFO - 	at java.base/java.util.concurrent.ThreadPoolExecutor.runWorker(Unknown Source)
[2026-03-14T01:58:50.010+0000] {subprocess.py:93} INFO - 	at java.base/java.util.concurrent.ThreadPoolExecutor$Worker.run(Unknown Source)
[2026-03-14T01:58:50.011+0000] {subprocess.py:93} INFO - 	at java.base/java.lang.Thread.run(Unknown Source)
[2026-03-14T01:58:50.012+0000] {subprocess.py:93} INFO - 
[2026-03-14T01:58:50.096+0000] {subprocess.py:93} INFO - 26/03/14 01:58:50 WARN TaskSetManager: Lost task 0.1 in stage 11.0 (TID 21) (172.19.0.3 executor 0): java.io.IOException: Mkdirs failed to create file:/opt/data/output/processed_parquet/_temporary/0/_temporary/attempt_202603140158491365238519006842032_0011_m_000000_21 (exists=false, cwd=file:/opt/spark/work/app-20260314015835-0002/0)
[2026-03-14T01:58:50.099+0000] {subprocess.py:93} INFO - 	at org.apache.hadoop.fs.ChecksumFileSystem.create(ChecksumFileSystem.java:515)
[2026-03-14T01:58:50.101+0000] {subprocess.py:93} INFO - 	at org.apache.hadoop.fs.ChecksumFileSystem.create(ChecksumFileSystem.java:500)
[2026-03-14T01:58:50.103+0000] {subprocess.py:93} INFO - 	at org.apache.hadoop.fs.FileSystem.create(FileSystem.java:1195)
[2026-03-14T01:58:50.104+0000] {subprocess.py:93} INFO - 	at org.apache.hadoop.fs.FileSystem.create(FileSystem.java:1175)
[2026-03-14T01:58:50.105+0000] {subprocess.py:93} INFO - 	at org.apache.parquet.hadoop.util.HadoopOutputFile.create(HadoopOutputFile.java:74)
[2026-03-14T01:58:50.106+0000] {subprocess.py:93} INFO - 	at org.apache.parquet.hadoop.ParquetFileWriter.<init>(ParquetFileWriter.java:347)
[2026-03-14T01:58:50.107+0000] {subprocess.py:93} INFO - 	at org.apache.parquet.hadoop.ParquetFileWriter.<init>(ParquetFileWriter.java:314)
[2026-03-14T01:58:50.107+0000] {subprocess.py:93} INFO - 	at org.apache.parquet.hadoop.ParquetOutputFormat.getRecordWriter(ParquetOutputFormat.java:484)
[2026-03-14T01:58:50.108+0000] {subprocess.py:93} INFO - 	at org.apache.parquet.hadoop.ParquetOutputFormat.getRecordWriter(ParquetOutputFormat.java:422)
[2026-03-14T01:58:50.109+0000] {subprocess.py:93} INFO - 	at org.apache.parquet.hadoop.ParquetOutputFormat.getRecordWriter(ParquetOutputFormat.java:411)
[2026-03-14T01:58:50.110+0000] {subprocess.py:93} INFO - 	at org.apache.spark.sql.execution.datasources.parquet.ParquetOutputWriter.<init>(ParquetOutputWriter.scala:36)
[2026-03-14T01:58:50.111+0000] {subprocess.py:93} INFO - 	at org.apache.spark.sql.execution.datasources.parquet.ParquetUtils$$anon$1.newInstance(ParquetUtils.scala:490)
[2026-03-14T01:58:50.112+0000] {subprocess.py:93} INFO - 	at org.apache.spark.sql.execution.datasources.SingleDirectoryDataWriter.newOutputWriter(FileFormatDataWriter.scala:161)
[2026-03-14T01:58:50.113+0000] {subprocess.py:93} INFO - 	at org.apache.spark.sql.execution.datasources.SingleDirectoryDataWriter.<init>(FileFormatDataWriter.scala:146)
[2026-03-14T01:58:50.114+0000] {subprocess.py:93} INFO - 	at org.apache.spark.sql.execution.datasources.FileFormatWriter$.executeTask(FileFormatWriter.scala:389)
[2026-03-14T01:58:50.115+0000] {subprocess.py:93} INFO - 	at org.apache.spark.sql.execution.datasources.WriteFilesExec.$anonfun$doExecuteWrite$1(WriteFiles.scala:100)
[2026-03-14T01:58:50.117+0000] {subprocess.py:93} INFO - 	at org.apache.spark.rdd.RDD.$anonfun$mapPartitionsInternal$2(RDD.scala:893)
[2026-03-14T01:58:50.118+0000] {subprocess.py:93} INFO - 	at org.apache.spark.rdd.RDD.$anonfun$mapPartitionsInternal$2$adapted(RDD.scala:893)
[2026-03-14T01:58:50.119+0000] {subprocess.py:93} INFO - 	at org.apache.spark.rdd.MapPartitionsRDD.compute(MapPartitionsRDD.scala:52)
[2026-03-14T01:58:50.120+0000] {subprocess.py:93} INFO - 	at org.apache.spark.rdd.RDD.computeOrReadCheckpoint(RDD.scala:367)
[2026-03-14T01:58:50.120+0000] {subprocess.py:93} INFO - 	at org.apache.spark.rdd.RDD.iterator(RDD.scala:331)
[2026-03-14T01:58:50.121+0000] {subprocess.py:93} INFO - 	at org.apache.spark.scheduler.ResultTask.runTask(ResultTask.scala:93)
[2026-03-14T01:58:50.122+0000] {subprocess.py:93} INFO - 	at org.apache.spark.TaskContext.runTaskWithListeners(TaskContext.scala:166)
[2026-03-14T01:58:50.123+0000] {subprocess.py:93} INFO - 	at org.apache.spark.scheduler.Task.run(Task.scala:141)
[2026-03-14T01:58:50.124+0000] {subprocess.py:93} INFO - 	at org.apache.spark.executor.Executor$TaskRunner.$anonfun$run$4(Executor.scala:620)
[2026-03-14T01:58:50.125+0000] {subprocess.py:93} INFO - 	at org.apache.spark.util.SparkErrorUtils.tryWithSafeFinally(SparkErrorUtils.scala:64)
[2026-03-14T01:58:50.126+0000] {subprocess.py:93} INFO - 	at org.apache.spark.util.SparkErrorUtils.tryWithSafeFinally$(SparkErrorUtils.scala:61)
[2026-03-14T01:58:50.132+0000] {subprocess.py:93} INFO - 	at org.apache.spark.util.Utils$.tryWithSafeFinally(Utils.scala:94)
[2026-03-14T01:58:50.133+0000] {subprocess.py:93} INFO - 	at org.apache.spark.executor.Executor$TaskRunner.run(Executor.scala:623)
[2026-03-14T01:58:50.135+0000] {subprocess.py:93} INFO - 	at java.base/java.util.concurrent.ThreadPoolExecutor.runWorker(Unknown Source)
[2026-03-14T01:58:50.136+0000] {subprocess.py:93} INFO - 	at java.base/java.util.concurrent.ThreadPoolExecutor$Worker.run(Unknown Source)
[2026-03-14T01:58:50.139+0000] {subprocess.py:93} INFO - 	at java.base/java.lang.Thread.run(Unknown Source)
[2026-03-14T01:58:50.140+0000] {subprocess.py:93} INFO - 
[2026-03-14T01:58:50.210+0000] {subprocess.py:93} INFO - 26/03/14 01:58:50 WARN TaskSetManager: Lost task 0.2 in stage 11.0 (TID 22) (172.19.0.3 executor 0): java.io.IOException: Mkdirs failed to create file:/opt/data/output/processed_parquet/_temporary/0/_temporary/attempt_202603140158491365238519006842032_0011_m_000000_22 (exists=false, cwd=file:/opt/spark/work/app-20260314015835-0002/0)
[2026-03-14T01:58:50.211+0000] {subprocess.py:93} INFO - 	at org.apache.hadoop.fs.ChecksumFileSystem.create(ChecksumFileSystem.java:515)
[2026-03-14T01:58:50.212+0000] {subprocess.py:93} INFO - 	at org.apache.hadoop.fs.ChecksumFileSystem.create(ChecksumFileSystem.java:500)
[2026-03-14T01:58:50.213+0000] {subprocess.py:93} INFO - 	at org.apache.hadoop.fs.FileSystem.create(FileSystem.java:1195)
[2026-03-14T01:58:50.215+0000] {subprocess.py:93} INFO - 	at org.apache.hadoop.fs.FileSystem.create(FileSystem.java:1175)
[2026-03-14T01:58:50.215+0000] {subprocess.py:93} INFO - 	at org.apache.parquet.hadoop.util.HadoopOutputFile.create(HadoopOutputFile.java:74)
[2026-03-14T01:58:50.217+0000] {subprocess.py:93} INFO - 	at org.apache.parquet.hadoop.ParquetFileWriter.<init>(ParquetFileWriter.java:347)
[2026-03-14T01:58:50.217+0000] {subprocess.py:93} INFO - 	at org.apache.parquet.hadoop.ParquetFileWriter.<init>(ParquetFileWriter.java:314)
[2026-03-14T01:58:50.218+0000] {subprocess.py:93} INFO - 	at org.apache.parquet.hadoop.ParquetOutputFormat.getRecordWriter(ParquetOutputFormat.java:484)
[2026-03-14T01:58:50.219+0000] {subprocess.py:93} INFO - 	at org.apache.parquet.hadoop.ParquetOutputFormat.getRecordWriter(ParquetOutputFormat.java:422)
[2026-03-14T01:58:50.220+0000] {subprocess.py:93} INFO - 	at org.apache.parquet.hadoop.ParquetOutputFormat.getRecordWriter(ParquetOutputFormat.java:411)
[2026-03-14T01:58:50.221+0000] {subprocess.py:93} INFO - 	at org.apache.spark.sql.execution.datasources.parquet.ParquetOutputWriter.<init>(ParquetOutputWriter.scala:36)
[2026-03-14T01:58:50.222+0000] {subprocess.py:93} INFO - 	at org.apache.spark.sql.execution.datasources.parquet.ParquetUtils$$anon$1.newInstance(ParquetUtils.scala:490)
[2026-03-14T01:58:50.223+0000] {subprocess.py:93} INFO - 	at org.apache.spark.sql.execution.datasources.SingleDirectoryDataWriter.newOutputWriter(FileFormatDataWriter.scala:161)
[2026-03-14T01:58:50.224+0000] {subprocess.py:93} INFO - 	at org.apache.spark.sql.execution.datasources.SingleDirectoryDataWriter.<init>(FileFormatDataWriter.scala:146)
[2026-03-14T01:58:50.227+0000] {subprocess.py:93} INFO - 	at org.apache.spark.sql.execution.datasources.FileFormatWriter$.executeTask(FileFormatWriter.scala:389)
[2026-03-14T01:58:50.229+0000] {subprocess.py:93} INFO - 	at org.apache.spark.sql.execution.datasources.WriteFilesExec.$anonfun$doExecuteWrite$1(WriteFiles.scala:100)
[2026-03-14T01:58:50.230+0000] {subprocess.py:93} INFO - 	at org.apache.spark.rdd.RDD.$anonfun$mapPartitionsInternal$2(RDD.scala:893)
[2026-03-14T01:58:50.231+0000] {subprocess.py:93} INFO - 	at org.apache.spark.rdd.RDD.$anonfun$mapPartitionsInternal$2$adapted(RDD.scala:893)
[2026-03-14T01:58:50.231+0000] {subprocess.py:93} INFO - 	at org.apache.spark.rdd.MapPartitionsRDD.compute(MapPartitionsRDD.scala:52)
[2026-03-14T01:58:50.232+0000] {subprocess.py:93} INFO - 	at org.apache.spark.rdd.RDD.computeOrReadCheckpoint(RDD.scala:367)
[2026-03-14T01:58:50.233+0000] {subprocess.py:93} INFO - 	at org.apache.spark.rdd.RDD.iterator(RDD.scala:331)
[2026-03-14T01:58:50.235+0000] {subprocess.py:93} INFO - 	at org.apache.spark.scheduler.ResultTask.runTask(ResultTask.scala:93)
[2026-03-14T01:58:50.239+0000] {subprocess.py:93} INFO - 	at org.apache.spark.TaskContext.runTaskWithListeners(TaskContext.scala:166)
[2026-03-14T01:58:50.240+0000] {subprocess.py:93} INFO - 	at org.apache.spark.scheduler.Task.run(Task.scala:141)
[2026-03-14T01:58:50.241+0000] {subprocess.py:93} INFO - 	at org.apache.spark.executor.Executor$TaskRunner.$anonfun$run$4(Executor.scala:620)
[2026-03-14T01:58:50.243+0000] {subprocess.py:93} INFO - 	at org.apache.spark.util.SparkErrorUtils.tryWithSafeFinally(SparkErrorUtils.scala:64)
[2026-03-14T01:58:50.243+0000] {subprocess.py:93} INFO - 	at org.apache.spark.util.SparkErrorUtils.tryWithSafeFinally$(SparkErrorUtils.scala:61)
[2026-03-14T01:58:50.245+0000] {subprocess.py:93} INFO - 	at org.apache.spark.util.Utils$.tryWithSafeFinally(Utils.scala:94)
[2026-03-14T01:58:50.246+0000] {subprocess.py:93} INFO - 	at org.apache.spark.executor.Executor$TaskRunner.run(Executor.scala:623)
[2026-03-14T01:58:50.247+0000] {subprocess.py:93} INFO - 	at java.base/java.util.concurrent.ThreadPoolExecutor.runWorker(Unknown Source)
[2026-03-14T01:58:50.249+0000] {subprocess.py:93} INFO - 	at java.base/java.util.concurrent.ThreadPoolExecutor$Worker.run(Unknown Source)
[2026-03-14T01:58:50.250+0000] {subprocess.py:93} INFO - 	at java.base/java.lang.Thread.run(Unknown Source)
[2026-03-14T01:58:50.251+0000] {subprocess.py:93} INFO - 
[2026-03-14T01:58:50.343+0000] {subprocess.py:93} INFO - 26/03/14 01:58:50 WARN TaskSetManager: Lost task 0.3 in stage 11.0 (TID 23) (172.19.0.3 executor 0): java.io.IOException: Mkdirs failed to create file:/opt/data/output/processed_parquet/_temporary/0/_temporary/attempt_202603140158491365238519006842032_0011_m_000000_23 (exists=false, cwd=file:/opt/spark/work/app-20260314015835-0002/0)
[2026-03-14T01:58:50.345+0000] {subprocess.py:93} INFO - 	at org.apache.hadoop.fs.ChecksumFileSystem.create(ChecksumFileSystem.java:515)
[2026-03-14T01:58:50.346+0000] {subprocess.py:93} INFO - 	at org.apache.hadoop.fs.ChecksumFileSystem.create(ChecksumFileSystem.java:500)
[2026-03-14T01:58:50.347+0000] {subprocess.py:93} INFO - 	at org.apache.hadoop.fs.FileSystem.create(FileSystem.java:1195)
[2026-03-14T01:58:50.348+0000] {subprocess.py:93} INFO - 	at org.apache.hadoop.fs.FileSystem.create(FileSystem.java:1175)
[2026-03-14T01:58:50.348+0000] {subprocess.py:93} INFO - 	at org.apache.parquet.hadoop.util.HadoopOutputFile.create(HadoopOutputFile.java:74)
[2026-03-14T01:58:50.352+0000] {subprocess.py:93} INFO - 	at org.apache.parquet.hadoop.ParquetFileWriter.<init>(ParquetFileWriter.java:347)
[2026-03-14T01:58:50.353+0000] {subprocess.py:93} INFO - 	at org.apache.parquet.hadoop.ParquetFileWriter.<init>(ParquetFileWriter.java:314)
[2026-03-14T01:58:50.355+0000] {subprocess.py:93} INFO - 	at org.apache.parquet.hadoop.ParquetOutputFormat.getRecordWriter(ParquetOutputFormat.java:484)
[2026-03-14T01:58:50.356+0000] {subprocess.py:93} INFO - 	at org.apache.parquet.hadoop.ParquetOutputFormat.getRecordWriter(ParquetOutputFormat.java:422)
[2026-03-14T01:58:50.358+0000] {subprocess.py:93} INFO - 	at org.apache.parquet.hadoop.ParquetOutputFormat.getRecordWriter(ParquetOutputFormat.java:411)
[2026-03-14T01:58:50.359+0000] {subprocess.py:93} INFO - 	at org.apache.spark.sql.execution.datasources.parquet.ParquetOutputWriter.<init>(ParquetOutputWriter.scala:36)
[2026-03-14T01:58:50.360+0000] {subprocess.py:93} INFO - 	at org.apache.spark.sql.execution.datasources.parquet.ParquetUtils$$anon$1.newInstance(ParquetUtils.scala:490)
[2026-03-14T01:58:50.361+0000] {subprocess.py:93} INFO - 	at org.apache.spark.sql.execution.datasources.SingleDirectoryDataWriter.newOutputWriter(FileFormatDataWriter.scala:161)
[2026-03-14T01:58:50.361+0000] {subprocess.py:93} INFO - 	at org.apache.spark.sql.execution.datasources.SingleDirectoryDataWriter.<init>(FileFormatDataWriter.scala:146)
[2026-03-14T01:58:50.362+0000] {subprocess.py:93} INFO - 	at org.apache.spark.sql.execution.datasources.FileFormatWriter$.executeTask(FileFormatWriter.scala:389)
[2026-03-14T01:58:50.363+0000] {subprocess.py:93} INFO - 	at org.apache.spark.sql.execution.datasources.WriteFilesExec.$anonfun$doExecuteWrite$1(WriteFiles.scala:100)
[2026-03-14T01:58:50.364+0000] {subprocess.py:93} INFO - 	at org.apache.spark.rdd.RDD.$anonfun$mapPartitionsInternal$2(RDD.scala:893)
[2026-03-14T01:58:50.364+0000] {subprocess.py:93} INFO - 	at org.apache.spark.rdd.RDD.$anonfun$mapPartitionsInternal$2$adapted(RDD.scala:893)
[2026-03-14T01:58:50.365+0000] {subprocess.py:93} INFO - 	at org.apache.spark.rdd.MapPartitionsRDD.compute(MapPartitionsRDD.scala:52)
[2026-03-14T01:58:50.366+0000] {subprocess.py:93} INFO - 	at org.apache.spark.rdd.RDD.computeOrReadCheckpoint(RDD.scala:367)
[2026-03-14T01:58:50.367+0000] {subprocess.py:93} INFO - 	at org.apache.spark.rdd.RDD.iterator(RDD.scala:331)
[2026-03-14T01:58:50.367+0000] {subprocess.py:93} INFO - 	at org.apache.spark.scheduler.ResultTask.runTask(ResultTask.scala:93)
[2026-03-14T01:58:50.368+0000] {subprocess.py:93} INFO - 	at org.apache.spark.TaskContext.runTaskWithListeners(TaskContext.scala:166)
[2026-03-14T01:58:50.368+0000] {subprocess.py:93} INFO - 	at org.apache.spark.scheduler.Task.run(Task.scala:141)
[2026-03-14T01:58:50.369+0000] {subprocess.py:93} INFO - 	at org.apache.spark.executor.Executor$TaskRunner.$anonfun$run$4(Executor.scala:620)
[2026-03-14T01:58:50.371+0000] {subprocess.py:93} INFO - 	at org.apache.spark.util.SparkErrorUtils.tryWithSafeFinally(SparkErrorUtils.scala:64)
[2026-03-14T01:58:50.372+0000] {subprocess.py:93} INFO - 	at org.apache.spark.util.SparkErrorUtils.tryWithSafeFinally$(SparkErrorUtils.scala:61)
[2026-03-14T01:58:50.374+0000] {subprocess.py:93} INFO - 	at org.apache.spark.util.Utils$.tryWithSafeFinally(Utils.scala:94)
[2026-03-14T01:58:50.377+0000] {subprocess.py:93} INFO - 	at org.apache.spark.executor.Executor$TaskRunner.run(Executor.scala:623)
[2026-03-14T01:58:50.381+0000] {subprocess.py:93} INFO - 	at java.base/java.util.concurrent.ThreadPoolExecutor.runWorker(Unknown Source)
[2026-03-14T01:58:50.382+0000] {subprocess.py:93} INFO - 	at java.base/java.util.concurrent.ThreadPoolExecutor$Worker.run(Unknown Source)
[2026-03-14T01:58:50.383+0000] {subprocess.py:93} INFO - 	at java.base/java.lang.Thread.run(Unknown Source)
[2026-03-14T01:58:50.384+0000] {subprocess.py:93} INFO - 
[2026-03-14T01:58:50.387+0000] {subprocess.py:93} INFO - 26/03/14 01:58:50 ERROR TaskSetManager: Task 0 in stage 11.0 failed 4 times; aborting job
[2026-03-14T01:58:50.390+0000] {subprocess.py:93} INFO - 26/03/14 01:58:50 ERROR FileFormatWriter: Aborting job 278675d4-434b-4c8c-8378-f911af46901f.
[2026-03-14T01:58:50.392+0000] {subprocess.py:93} INFO - org.apache.spark.SparkException: Job aborted due to stage failure: Task 0 in stage 11.0 failed 4 times, most recent failure: Lost task 0.3 in stage 11.0 (TID 23) (172.19.0.3 executor 0): java.io.IOException: Mkdirs failed to create file:/opt/data/output/processed_parquet/_temporary/0/_temporary/attempt_202603140158491365238519006842032_0011_m_000000_23 (exists=false, cwd=file:/opt/spark/work/app-20260314015835-0002/0)
[2026-03-14T01:58:50.393+0000] {subprocess.py:93} INFO - 	at org.apache.hadoop.fs.ChecksumFileSystem.create(ChecksumFileSystem.java:515)
[2026-03-14T01:58:50.397+0000] {subprocess.py:93} INFO - 	at org.apache.hadoop.fs.ChecksumFileSystem.create(ChecksumFileSystem.java:500)
[2026-03-14T01:58:50.399+0000] {subprocess.py:93} INFO - 	at org.apache.hadoop.fs.FileSystem.create(FileSystem.java:1195)
[2026-03-14T01:58:50.400+0000] {subprocess.py:93} INFO - 	at org.apache.hadoop.fs.FileSystem.create(FileSystem.java:1175)
[2026-03-14T01:58:50.401+0000] {subprocess.py:93} INFO - 	at org.apache.parquet.hadoop.util.HadoopOutputFile.create(HadoopOutputFile.java:74)
[2026-03-14T01:58:50.402+0000] {subprocess.py:93} INFO - 	at org.apache.parquet.hadoop.ParquetFileWriter.<init>(ParquetFileWriter.java:347)
[2026-03-14T01:58:50.405+0000] {subprocess.py:93} INFO - 	at org.apache.parquet.hadoop.ParquetFileWriter.<init>(ParquetFileWriter.java:314)
[2026-03-14T01:58:50.408+0000] {subprocess.py:93} INFO - 	at org.apache.parquet.hadoop.ParquetOutputFormat.getRecordWriter(ParquetOutputFormat.java:484)
[2026-03-14T01:58:50.410+0000] {subprocess.py:93} INFO - 	at org.apache.parquet.hadoop.ParquetOutputFormat.getRecordWriter(ParquetOutputFormat.java:422)
[2026-03-14T01:58:50.412+0000] {subprocess.py:93} INFO - 	at org.apache.parquet.hadoop.ParquetOutputFormat.getRecordWriter(ParquetOutputFormat.java:411)
[2026-03-14T01:58:50.413+0000] {subprocess.py:93} INFO - 	at org.apache.spark.sql.execution.datasources.parquet.ParquetOutputWriter.<init>(ParquetOutputWriter.scala:36)
[2026-03-14T01:58:50.414+0000] {subprocess.py:93} INFO - 	at org.apache.spark.sql.execution.datasources.parquet.ParquetUtils$$anon$1.newInstance(ParquetUtils.scala:490)
[2026-03-14T01:58:50.415+0000] {subprocess.py:93} INFO - 	at org.apache.spark.sql.execution.datasources.SingleDirectoryDataWriter.newOutputWriter(FileFormatDataWriter.scala:161)
[2026-03-14T01:58:50.417+0000] {subprocess.py:93} INFO - 	at org.apache.spark.sql.execution.datasources.SingleDirectoryDataWriter.<init>(FileFormatDataWriter.scala:146)
[2026-03-14T01:58:50.418+0000] {subprocess.py:93} INFO - 	at org.apache.spark.sql.execution.datasources.FileFormatWriter$.executeTask(FileFormatWriter.scala:389)
[2026-03-14T01:58:50.419+0000] {subprocess.py:93} INFO - 	at org.apache.spark.sql.execution.datasources.WriteFilesExec.$anonfun$doExecuteWrite$1(WriteFiles.scala:100)
[2026-03-14T01:58:50.420+0000] {subprocess.py:93} INFO - 	at org.apache.spark.rdd.RDD.$anonfun$mapPartitionsInternal$2(RDD.scala:893)
[2026-03-14T01:58:50.421+0000] {subprocess.py:93} INFO - 	at org.apache.spark.rdd.RDD.$anonfun$mapPartitionsInternal$2$adapted(RDD.scala:893)
[2026-03-14T01:58:50.422+0000] {subprocess.py:93} INFO - 	at org.apache.spark.rdd.MapPartitionsRDD.compute(MapPartitionsRDD.scala:52)
[2026-03-14T01:58:50.422+0000] {subprocess.py:93} INFO - 	at org.apache.spark.rdd.RDD.computeOrReadCheckpoint(RDD.scala:367)
[2026-03-14T01:58:50.423+0000] {subprocess.py:93} INFO - 	at org.apache.spark.rdd.RDD.iterator(RDD.scala:331)
[2026-03-14T01:58:50.424+0000] {subprocess.py:93} INFO - 	at org.apache.spark.scheduler.ResultTask.runTask(ResultTask.scala:93)
[2026-03-14T01:58:50.425+0000] {subprocess.py:93} INFO - 	at org.apache.spark.TaskContext.runTaskWithListeners(TaskContext.scala:166)
[2026-03-14T01:58:50.426+0000] {subprocess.py:93} INFO - 	at org.apache.spark.scheduler.Task.run(Task.scala:141)
[2026-03-14T01:58:50.427+0000] {subprocess.py:93} INFO - 	at org.apache.spark.executor.Executor$TaskRunner.$anonfun$run$4(Executor.scala:620)
[2026-03-14T01:58:50.428+0000] {subprocess.py:93} INFO - 	at org.apache.spark.util.SparkErrorUtils.tryWithSafeFinally(SparkErrorUtils.scala:64)
[2026-03-14T01:58:50.429+0000] {subprocess.py:93} INFO - 	at org.apache.spark.util.SparkErrorUtils.tryWithSafeFinally$(SparkErrorUtils.scala:61)
[2026-03-14T01:58:50.429+0000] {subprocess.py:93} INFO - 	at org.apache.spark.util.Utils$.tryWithSafeFinally(Utils.scala:94)
[2026-03-14T01:58:50.430+0000] {subprocess.py:93} INFO - 	at org.apache.spark.executor.Executor$TaskRunner.run(Executor.scala:623)
[2026-03-14T01:58:50.431+0000] {subprocess.py:93} INFO - 	at java.base/java.util.concurrent.ThreadPoolExecutor.runWorker(Unknown Source)
[2026-03-14T01:58:50.432+0000] {subprocess.py:93} INFO - 	at java.base/java.util.concurrent.ThreadPoolExecutor$Worker.run(Unknown Source)
[2026-03-14T01:58:50.433+0000] {subprocess.py:93} INFO - 	at java.base/java.lang.Thread.run(Unknown Source)
[2026-03-14T01:58:50.434+0000] {subprocess.py:93} INFO - 
[2026-03-14T01:58:50.435+0000] {subprocess.py:93} INFO - Driver stacktrace:
[2026-03-14T01:58:50.437+0000] {subprocess.py:93} INFO - 	at org.apache.spark.scheduler.DAGScheduler.failJobAndIndependentStages(DAGScheduler.scala:2856)
[2026-03-14T01:58:50.438+0000] {subprocess.py:93} INFO - 	at org.apache.spark.scheduler.DAGScheduler.$anonfun$abortStage$2(DAGScheduler.scala:2792)
[2026-03-14T01:58:50.439+0000] {subprocess.py:93} INFO - 	at org.apache.spark.scheduler.DAGScheduler.$anonfun$abortStage$2$adapted(DAGScheduler.scala:2791)
[2026-03-14T01:58:50.440+0000] {subprocess.py:93} INFO - 	at scala.collection.mutable.ResizableArray.foreach(ResizableArray.scala:62)
[2026-03-14T01:58:50.441+0000] {subprocess.py:93} INFO - 	at scala.collection.mutable.ResizableArray.foreach$(ResizableArray.scala:55)
[2026-03-14T01:58:50.442+0000] {subprocess.py:93} INFO - 	at scala.collection.mutable.ArrayBuffer.foreach(ArrayBuffer.scala:49)
[2026-03-14T01:58:50.443+0000] {subprocess.py:93} INFO - 	at org.apache.spark.scheduler.DAGScheduler.abortStage(DAGScheduler.scala:2791)
[2026-03-14T01:58:50.443+0000] {subprocess.py:93} INFO - 	at org.apache.spark.scheduler.DAGScheduler.$anonfun$handleTaskSetFailed$1(DAGScheduler.scala:1247)
[2026-03-14T01:58:50.444+0000] {subprocess.py:93} INFO - 	at org.apache.spark.scheduler.DAGScheduler.$anonfun$handleTaskSetFailed$1$adapted(DAGScheduler.scala:1247)
[2026-03-14T01:58:50.445+0000] {subprocess.py:93} INFO - 	at scala.Option.foreach(Option.scala:407)
[2026-03-14T01:58:50.446+0000] {subprocess.py:93} INFO - 	at org.apache.spark.scheduler.DAGScheduler.handleTaskSetFailed(DAGScheduler.scala:1247)
[2026-03-14T01:58:50.447+0000] {subprocess.py:93} INFO - 	at org.apache.spark.scheduler.DAGSchedulerEventProcessLoop.doOnReceive(DAGScheduler.scala:3060)
[2026-03-14T01:58:50.447+0000] {subprocess.py:93} INFO - 	at org.apache.spark.scheduler.DAGSchedulerEventProcessLoop.onReceive(DAGScheduler.scala:2994)
[2026-03-14T01:58:50.449+0000] {subprocess.py:93} INFO - 	at org.apache.spark.scheduler.DAGSchedulerEventProcessLoop.onReceive(DAGScheduler.scala:2983)
[2026-03-14T01:58:50.450+0000] {subprocess.py:93} INFO - 	at org.apache.spark.util.EventLoop$$anon$1.run(EventLoop.scala:49)
[2026-03-14T01:58:50.450+0000] {subprocess.py:93} INFO - 	at org.apache.spark.scheduler.DAGScheduler.runJob(DAGScheduler.scala:989)
[2026-03-14T01:58:50.451+0000] {subprocess.py:93} INFO - 	at org.apache.spark.SparkContext.runJob(SparkContext.scala:2398)
[2026-03-14T01:58:50.452+0000] {subprocess.py:93} INFO - 	at org.apache.spark.sql.execution.datasources.FileFormatWriter$.$anonfun$executeWrite$4(FileFormatWriter.scala:307)
[2026-03-14T01:58:50.454+0000] {subprocess.py:93} INFO - 	at org.apache.spark.sql.execution.datasources.FileFormatWriter$.writeAndCommit(FileFormatWriter.scala:271)
[2026-03-14T01:58:50.455+0000] {subprocess.py:93} INFO - 	at org.apache.spark.sql.execution.datasources.FileFormatWriter$.executeWrite(FileFormatWriter.scala:304)
[2026-03-14T01:58:50.457+0000] {subprocess.py:93} INFO - 	at org.apache.spark.sql.execution.datasources.FileFormatWriter$.write(FileFormatWriter.scala:190)
[2026-03-14T01:58:50.458+0000] {subprocess.py:93} INFO - 	at org.apache.spark.sql.execution.datasources.InsertIntoHadoopFsRelationCommand.run(InsertIntoHadoopFsRelationCommand.scala:190)
[2026-03-14T01:58:50.459+0000] {subprocess.py:93} INFO - 	at org.apache.spark.sql.execution.command.DataWritingCommandExec.sideEffectResult$lzycompute(commands.scala:113)
[2026-03-14T01:58:50.460+0000] {subprocess.py:93} INFO - 	at org.apache.spark.sql.execution.command.DataWritingCommandExec.sideEffectResult(commands.scala:111)
[2026-03-14T01:58:50.460+0000] {subprocess.py:93} INFO - 	at org.apache.spark.sql.execution.command.DataWritingCommandExec.executeCollect(commands.scala:125)
[2026-03-14T01:58:50.462+0000] {subprocess.py:93} INFO - 	at org.apache.spark.sql.execution.adaptive.AdaptiveSparkPlanExec.$anonfun$executeCollect$1(AdaptiveSparkPlanExec.scala:390)
[2026-03-14T01:58:50.463+0000] {subprocess.py:93} INFO - 	at org.apache.spark.sql.execution.adaptive.AdaptiveSparkPlanExec.withFinalPlanUpdate(AdaptiveSparkPlanExec.scala:418)
[2026-03-14T01:58:50.464+0000] {subprocess.py:93} INFO - 	at org.apache.spark.sql.execution.adaptive.AdaptiveSparkPlanExec.executeCollect(AdaptiveSparkPlanExec.scala:390)
[2026-03-14T01:58:50.465+0000] {subprocess.py:93} INFO - 	at org.apache.spark.sql.execution.QueryExecution$$anonfun$eagerlyExecuteCommands$1.$anonfun$applyOrElse$1(QueryExecution.scala:107)
[2026-03-14T01:58:50.466+0000] {subprocess.py:93} INFO - 	at org.apache.spark.sql.execution.SQLExecution$.$anonfun$withNewExecutionId$6(SQLExecution.scala:125)
[2026-03-14T01:58:50.470+0000] {subprocess.py:93} INFO - 	at org.apache.spark.sql.execution.SQLExecution$.withSQLConfPropagated(SQLExecution.scala:201)
[2026-03-14T01:58:50.471+0000] {subprocess.py:93} INFO - 	at org.apache.spark.sql.execution.SQLExecution$.$anonfun$withNewExecutionId$1(SQLExecution.scala:108)
[2026-03-14T01:58:50.472+0000] {subprocess.py:93} INFO - 	at org.apache.spark.sql.SparkSession.withActive(SparkSession.scala:900)
[2026-03-14T01:58:50.473+0000] {subprocess.py:93} INFO - 	at org.apache.spark.sql.execution.SQLExecution$.withNewExecutionId(SQLExecution.scala:66)
[2026-03-14T01:58:50.474+0000] {subprocess.py:93} INFO - 	at org.apache.spark.sql.execution.QueryExecution$$anonfun$eagerlyExecuteCommands$1.applyOrElse(QueryExecution.scala:107)
[2026-03-14T01:58:50.475+0000] {subprocess.py:93} INFO - 	at org.apache.spark.sql.execution.QueryExecution$$anonfun$eagerlyExecuteCommands$1.applyOrElse(QueryExecution.scala:98)
[2026-03-14T01:58:50.476+0000] {subprocess.py:93} INFO - 	at org.apache.spark.sql.catalyst.trees.TreeNode.$anonfun$transformDownWithPruning$1(TreeNode.scala:461)
[2026-03-14T01:58:50.477+0000] {subprocess.py:93} INFO - 	at org.apache.spark.sql.catalyst.trees.CurrentOrigin$.withOrigin(origin.scala:76)
[2026-03-14T01:58:50.477+0000] {subprocess.py:93} INFO - 	at org.apache.spark.sql.catalyst.trees.TreeNode.transformDownWithPruning(TreeNode.scala:461)
[2026-03-14T01:58:50.478+0000] {subprocess.py:93} INFO - 	at org.apache.spark.sql.catalyst.plans.logical.LogicalPlan.org$apache$spark$sql$catalyst$plans$logical$AnalysisHelper$$super$transformDownWithPruning(LogicalPlan.scala:32)
[2026-03-14T01:58:50.479+0000] {subprocess.py:93} INFO - 	at org.apache.spark.sql.catalyst.plans.logical.AnalysisHelper.transformDownWithPruning(AnalysisHelper.scala:267)
[2026-03-14T01:58:50.479+0000] {subprocess.py:93} INFO - 	at org.apache.spark.sql.catalyst.plans.logical.AnalysisHelper.transformDownWithPruning$(AnalysisHelper.scala:263)
[2026-03-14T01:58:50.480+0000] {subprocess.py:93} INFO - 	at org.apache.spark.sql.catalyst.plans.logical.LogicalPlan.transformDownWithPruning(LogicalPlan.scala:32)
[2026-03-14T01:58:50.481+0000] {subprocess.py:93} INFO - 	at org.apache.spark.sql.catalyst.plans.logical.LogicalPlan.transformDownWithPruning(LogicalPlan.scala:32)
[2026-03-14T01:58:50.482+0000] {subprocess.py:93} INFO - 	at org.apache.spark.sql.catalyst.trees.TreeNode.transformDown(TreeNode.scala:437)
[2026-03-14T01:58:50.483+0000] {subprocess.py:93} INFO - 	at org.apache.spark.sql.execution.QueryExecution.eagerlyExecuteCommands(QueryExecution.scala:98)
[2026-03-14T01:58:50.484+0000] {subprocess.py:93} INFO - 	at org.apache.spark.sql.execution.QueryExecution.commandExecuted$lzycompute(QueryExecution.scala:85)
[2026-03-14T01:58:50.485+0000] {subprocess.py:93} INFO - 	at org.apache.spark.sql.execution.QueryExecution.commandExecuted(QueryExecution.scala:83)
[2026-03-14T01:58:50.485+0000] {subprocess.py:93} INFO - 	at org.apache.spark.sql.execution.QueryExecution.assertCommandExecuted(QueryExecution.scala:142)
[2026-03-14T01:58:50.487+0000] {subprocess.py:93} INFO - 	at org.apache.spark.sql.DataFrameWriter.runCommand(DataFrameWriter.scala:859)
[2026-03-14T01:58:50.488+0000] {subprocess.py:93} INFO - 	at org.apache.spark.sql.DataFrameWriter.saveToV1Source(DataFrameWriter.scala:388)
[2026-03-14T01:58:50.490+0000] {subprocess.py:93} INFO - 	at org.apache.spark.sql.DataFrameWriter.saveInternal(DataFrameWriter.scala:361)
[2026-03-14T01:58:50.491+0000] {subprocess.py:93} INFO - 	at org.apache.spark.sql.DataFrameWriter.save(DataFrameWriter.scala:240)
[2026-03-14T01:58:50.492+0000] {subprocess.py:93} INFO - 	at org.apache.spark.sql.DataFrameWriter.parquet(DataFrameWriter.scala:792)
[2026-03-14T01:58:50.493+0000] {subprocess.py:93} INFO - 	at java.base/jdk.internal.reflect.NativeMethodAccessorImpl.invoke0(Native Method)
[2026-03-14T01:58:50.493+0000] {subprocess.py:93} INFO - 	at java.base/jdk.internal.reflect.NativeMethodAccessorImpl.invoke(NativeMethodAccessorImpl.java:77)
[2026-03-14T01:58:50.494+0000] {subprocess.py:93} INFO - 	at java.base/jdk.internal.reflect.DelegatingMethodAccessorImpl.invoke(DelegatingMethodAccessorImpl.java:43)
[2026-03-14T01:58:50.495+0000] {subprocess.py:93} INFO - 	at java.base/java.lang.reflect.Method.invoke(Method.java:569)
[2026-03-14T01:58:50.496+0000] {subprocess.py:93} INFO - 	at py4j.reflection.MethodInvoker.invoke(MethodInvoker.java:244)
[2026-03-14T01:58:50.497+0000] {subprocess.py:93} INFO - 	at py4j.reflection.ReflectionEngine.invoke(ReflectionEngine.java:374)
[2026-03-14T01:58:50.498+0000] {subprocess.py:93} INFO - 	at py4j.Gateway.invoke(Gateway.java:282)
[2026-03-14T01:58:50.499+0000] {subprocess.py:93} INFO - 	at py4j.commands.AbstractCommand.invokeMethod(AbstractCommand.java:132)
[2026-03-14T01:58:50.499+0000] {subprocess.py:93} INFO - 	at py4j.commands.CallCommand.execute(CallCommand.java:79)
[2026-03-14T01:58:50.500+0000] {subprocess.py:93} INFO - 	at py4j.ClientServerConnection.waitForCommands(ClientServerConnection.java:182)
[2026-03-14T01:58:50.501+0000] {subprocess.py:93} INFO - 	at py4j.ClientServerConnection.run(ClientServerConnection.java:106)
[2026-03-14T01:58:50.502+0000] {subprocess.py:93} INFO - 	at java.base/java.lang.Thread.run(Thread.java:840)
[2026-03-14T01:58:50.504+0000] {subprocess.py:93} INFO - Caused by: java.io.IOException: Mkdirs failed to create file:/opt/data/output/processed_parquet/_temporary/0/_temporary/attempt_202603140158491365238519006842032_0011_m_000000_23 (exists=false, cwd=file:/opt/spark/work/app-20260314015835-0002/0)
[2026-03-14T01:58:50.505+0000] {subprocess.py:93} INFO - 	at org.apache.hadoop.fs.ChecksumFileSystem.create(ChecksumFileSystem.java:515)
[2026-03-14T01:58:50.506+0000] {subprocess.py:93} INFO - 	at org.apache.hadoop.fs.ChecksumFileSystem.create(ChecksumFileSystem.java:500)
[2026-03-14T01:58:50.507+0000] {subprocess.py:93} INFO - 	at org.apache.hadoop.fs.FileSystem.create(FileSystem.java:1195)
[2026-03-14T01:58:50.508+0000] {subprocess.py:93} INFO - 	at org.apache.hadoop.fs.FileSystem.create(FileSystem.java:1175)
[2026-03-14T01:58:50.510+0000] {subprocess.py:93} INFO - 	at org.apache.parquet.hadoop.util.HadoopOutputFile.create(HadoopOutputFile.java:74)
[2026-03-14T01:58:50.511+0000] {subprocess.py:93} INFO - 	at org.apache.parquet.hadoop.ParquetFileWriter.<init>(ParquetFileWriter.java:347)
[2026-03-14T01:58:50.512+0000] {subprocess.py:93} INFO - 	at org.apache.parquet.hadoop.ParquetFileWriter.<init>(ParquetFileWriter.java:314)
[2026-03-14T01:58:50.513+0000] {subprocess.py:93} INFO - 	at org.apache.parquet.hadoop.ParquetOutputFormat.getRecordWriter(ParquetOutputFormat.java:484)
[2026-03-14T01:58:50.514+0000] {subprocess.py:93} INFO - 	at org.apache.parquet.hadoop.ParquetOutputFormat.getRecordWriter(ParquetOutputFormat.java:422)
[2026-03-14T01:58:50.514+0000] {subprocess.py:93} INFO - 	at org.apache.parquet.hadoop.ParquetOutputFormat.getRecordWriter(ParquetOutputFormat.java:411)
[2026-03-14T01:58:50.515+0000] {subprocess.py:93} INFO - 	at org.apache.spark.sql.execution.datasources.parquet.ParquetOutputWriter.<init>(ParquetOutputWriter.scala:36)
[2026-03-14T01:58:50.516+0000] {subprocess.py:93} INFO - 	at org.apache.spark.sql.execution.datasources.parquet.ParquetUtils$$anon$1.newInstance(ParquetUtils.scala:490)
[2026-03-14T01:58:50.517+0000] {subprocess.py:93} INFO - 	at org.apache.spark.sql.execution.datasources.SingleDirectoryDataWriter.newOutputWriter(FileFormatDataWriter.scala:161)
[2026-03-14T01:58:50.518+0000] {subprocess.py:93} INFO - 	at org.apache.spark.sql.execution.datasources.SingleDirectoryDataWriter.<init>(FileFormatDataWriter.scala:146)
[2026-03-14T01:58:50.520+0000] {subprocess.py:93} INFO - 	at org.apache.spark.sql.execution.datasources.FileFormatWriter$.executeTask(FileFormatWriter.scala:389)
[2026-03-14T01:58:50.521+0000] {subprocess.py:93} INFO - 	at org.apache.spark.sql.execution.datasources.WriteFilesExec.$anonfun$doExecuteWrite$1(WriteFiles.scala:100)
[2026-03-14T01:58:50.522+0000] {subprocess.py:93} INFO - 	at org.apache.spark.rdd.RDD.$anonfun$mapPartitionsInternal$2(RDD.scala:893)
[2026-03-14T01:58:50.524+0000] {subprocess.py:93} INFO - 	at org.apache.spark.rdd.RDD.$anonfun$mapPartitionsInternal$2$adapted(RDD.scala:893)
[2026-03-14T01:58:50.525+0000] {subprocess.py:93} INFO - 	at org.apache.spark.rdd.MapPartitionsRDD.compute(MapPartitionsRDD.scala:52)
[2026-03-14T01:58:50.526+0000] {subprocess.py:93} INFO - 	at org.apache.spark.rdd.RDD.computeOrReadCheckpoint(RDD.scala:367)
[2026-03-14T01:58:50.527+0000] {subprocess.py:93} INFO - 	at org.apache.spark.rdd.RDD.iterator(RDD.scala:331)
[2026-03-14T01:58:50.528+0000] {subprocess.py:93} INFO - 	at org.apache.spark.scheduler.ResultTask.runTask(ResultTask.scala:93)
[2026-03-14T01:58:50.529+0000] {subprocess.py:93} INFO - 	at org.apache.spark.TaskContext.runTaskWithListeners(TaskContext.scala:166)
[2026-03-14T01:58:50.530+0000] {subprocess.py:93} INFO - 	at org.apache.spark.scheduler.Task.run(Task.scala:141)
[2026-03-14T01:58:50.532+0000] {subprocess.py:93} INFO - 	at org.apache.spark.executor.Executor$TaskRunner.$anonfun$run$4(Executor.scala:620)
[2026-03-14T01:58:50.533+0000] {subprocess.py:93} INFO - 	at org.apache.spark.util.SparkErrorUtils.tryWithSafeFinally(SparkErrorUtils.scala:64)
[2026-03-14T01:58:50.534+0000] {subprocess.py:93} INFO - 	at org.apache.spark.util.SparkErrorUtils.tryWithSafeFinally$(SparkErrorUtils.scala:61)
[2026-03-14T01:58:50.534+0000] {subprocess.py:93} INFO - 	at org.apache.spark.util.Utils$.tryWithSafeFinally(Utils.scala:94)
[2026-03-14T01:58:50.536+0000] {subprocess.py:93} INFO - 	at org.apache.spark.executor.Executor$TaskRunner.run(Executor.scala:623)
[2026-03-14T01:58:50.538+0000] {subprocess.py:93} INFO - 	at java.base/java.util.concurrent.ThreadPoolExecutor.runWorker(Unknown Source)
[2026-03-14T01:58:50.541+0000] {subprocess.py:93} INFO - 	at java.base/java.util.concurrent.ThreadPoolExecutor$Worker.run(Unknown Source)
[2026-03-14T01:58:50.543+0000] {subprocess.py:93} INFO - 	at java.base/java.lang.Thread.run(Unknown Source)
[2026-03-14T01:58:51.320+0000] {subprocess.py:93} INFO - Traceback (most recent call last):
[2026-03-14T01:58:51.321+0000] {subprocess.py:93} INFO -   File "/opt/airflow/spark_jobs/process_data.py", line 219, in <module>
[2026-03-14T01:58:51.326+0000] {subprocess.py:93} INFO -     main()
[2026-03-14T01:58:51.326+0000] {subprocess.py:93} INFO -   File "/opt/airflow/spark_jobs/process_data.py", line 205, in main
[2026-03-14T01:58:51.331+0000] {subprocess.py:93} INFO -     write_output_data(df_final, output_path)
[2026-03-14T01:58:51.334+0000] {subprocess.py:93} INFO -   File "/opt/airflow/spark_jobs/process_data.py", line 150, in write_output_data
[2026-03-14T01:58:51.340+0000] {subprocess.py:93} INFO -     df.write.mode("overwrite").parquet(parquet_path)
[2026-03-14T01:58:51.341+0000] {subprocess.py:93} INFO -   File "/home/airflow/.local/lib/python3.12/site-packages/pyspark/python/lib/pyspark.zip/pyspark/sql/readwriter.py", line 1721, in parquet
[2026-03-14T01:58:51.343+0000] {subprocess.py:93} INFO -   File "/home/airflow/.local/lib/python3.12/site-packages/pyspark/python/lib/py4j-0.10.9.7-src.zip/py4j/java_gateway.py", line 1322, in __call__
[2026-03-14T01:58:51.344+0000] {subprocess.py:93} INFO -   File "/home/airflow/.local/lib/python3.12/site-packages/pyspark/python/lib/pyspark.zip/pyspark/errors/exceptions/captured.py", line 179, in deco
[2026-03-14T01:58:51.345+0000] {subprocess.py:93} INFO -   File "/home/airflow/.local/lib/python3.12/site-packages/pyspark/python/lib/py4j-0.10.9.7-src.zip/py4j/protocol.py", line 326, in get_return_value
[2026-03-14T01:58:51.391+0000] {subprocess.py:93} INFO - py4j.protocol.Py4JJavaError: An error occurred while calling o51.parquet.
[2026-03-14T01:58:51.392+0000] {subprocess.py:93} INFO - : org.apache.spark.SparkException: Job aborted due to stage failure: Task 0 in stage 11.0 failed 4 times, most recent failure: Lost task 0.3 in stage 11.0 (TID 23) (172.19.0.3 executor 0): java.io.IOException: Mkdirs failed to create file:/opt/data/output/processed_parquet/_temporary/0/_temporary/attempt_202603140158491365238519006842032_0011_m_000000_23 (exists=false, cwd=file:/opt/spark/work/app-20260314015835-0002/0)
[2026-03-14T01:58:51.393+0000] {subprocess.py:93} INFO - 	at org.apache.hadoop.fs.ChecksumFileSystem.create(ChecksumFileSystem.java:515)
[2026-03-14T01:58:51.394+0000] {subprocess.py:93} INFO - 	at org.apache.hadoop.fs.ChecksumFileSystem.create(ChecksumFileSystem.java:500)
[2026-03-14T01:58:51.394+0000] {subprocess.py:93} INFO - 	at org.apache.hadoop.fs.FileSystem.create(FileSystem.java:1195)
[2026-03-14T01:58:51.395+0000] {subprocess.py:93} INFO - 	at org.apache.hadoop.fs.FileSystem.create(FileSystem.java:1175)
[2026-03-14T01:58:51.395+0000] {subprocess.py:93} INFO - 	at org.apache.parquet.hadoop.util.HadoopOutputFile.create(HadoopOutputFile.java:74)
[2026-03-14T01:58:51.396+0000] {subprocess.py:93} INFO - 	at org.apache.parquet.hadoop.ParquetFileWriter.<init>(ParquetFileWriter.java:347)
[2026-03-14T01:58:51.396+0000] {subprocess.py:93} INFO - 	at org.apache.parquet.hadoop.ParquetFileWriter.<init>(ParquetFileWriter.java:314)
[2026-03-14T01:58:51.397+0000] {subprocess.py:93} INFO - 	at org.apache.parquet.hadoop.ParquetOutputFormat.getRecordWriter(ParquetOutputFormat.java:484)
[2026-03-14T01:58:51.397+0000] {subprocess.py:93} INFO - 	at org.apache.parquet.hadoop.ParquetOutputFormat.getRecordWriter(ParquetOutputFormat.java:422)
[2026-03-14T01:58:51.398+0000] {subprocess.py:93} INFO - 	at org.apache.parquet.hadoop.ParquetOutputFormat.getRecordWriter(ParquetOutputFormat.java:411)
[2026-03-14T01:58:51.399+0000] {subprocess.py:93} INFO - 	at org.apache.spark.sql.execution.datasources.parquet.ParquetOutputWriter.<init>(ParquetOutputWriter.scala:36)
[2026-03-14T01:58:51.400+0000] {subprocess.py:93} INFO - 	at org.apache.spark.sql.execution.datasources.parquet.ParquetUtils$$anon$1.newInstance(ParquetUtils.scala:490)
[2026-03-14T01:58:51.401+0000] {subprocess.py:93} INFO - 	at org.apache.spark.sql.execution.datasources.SingleDirectoryDataWriter.newOutputWriter(FileFormatDataWriter.scala:161)
[2026-03-14T01:58:51.402+0000] {subprocess.py:93} INFO - 	at org.apache.spark.sql.execution.datasources.SingleDirectoryDataWriter.<init>(FileFormatDataWriter.scala:146)
[2026-03-14T01:58:51.402+0000] {subprocess.py:93} INFO - 	at org.apache.spark.sql.execution.datasources.FileFormatWriter$.executeTask(FileFormatWriter.scala:389)
[2026-03-14T01:58:51.403+0000] {subprocess.py:93} INFO - 	at org.apache.spark.sql.execution.datasources.WriteFilesExec.$anonfun$doExecuteWrite$1(WriteFiles.scala:100)
[2026-03-14T01:58:51.404+0000] {subprocess.py:93} INFO - 	at org.apache.spark.rdd.RDD.$anonfun$mapPartitionsInternal$2(RDD.scala:893)
[2026-03-14T01:58:51.405+0000] {subprocess.py:93} INFO - 	at org.apache.spark.rdd.RDD.$anonfun$mapPartitionsInternal$2$adapted(RDD.scala:893)
[2026-03-14T01:58:51.406+0000] {subprocess.py:93} INFO - 	at org.apache.spark.rdd.MapPartitionsRDD.compute(MapPartitionsRDD.scala:52)
[2026-03-14T01:58:51.407+0000] {subprocess.py:93} INFO - 	at org.apache.spark.rdd.RDD.computeOrReadCheckpoint(RDD.scala:367)
[2026-03-14T01:58:51.408+0000] {subprocess.py:93} INFO - 	at org.apache.spark.rdd.RDD.iterator(RDD.scala:331)
[2026-03-14T01:58:51.408+0000] {subprocess.py:93} INFO - 	at org.apache.spark.scheduler.ResultTask.runTask(ResultTask.scala:93)
[2026-03-14T01:58:51.409+0000] {subprocess.py:93} INFO - 	at org.apache.spark.TaskContext.runTaskWithListeners(TaskContext.scala:166)
[2026-03-14T01:58:51.410+0000] {subprocess.py:93} INFO - 	at org.apache.spark.scheduler.Task.run(Task.scala:141)
[2026-03-14T01:58:51.410+0000] {subprocess.py:93} INFO - 	at org.apache.spark.executor.Executor$TaskRunner.$anonfun$run$4(Executor.scala:620)
[2026-03-14T01:58:51.411+0000] {subprocess.py:93} INFO - 	at org.apache.spark.util.SparkErrorUtils.tryWithSafeFinally(SparkErrorUtils.scala:64)
[2026-03-14T01:58:51.411+0000] {subprocess.py:93} INFO - 	at org.apache.spark.util.SparkErrorUtils.tryWithSafeFinally$(SparkErrorUtils.scala:61)
[2026-03-14T01:58:51.412+0000] {subprocess.py:93} INFO - 	at org.apache.spark.util.Utils$.tryWithSafeFinally(Utils.scala:94)
[2026-03-14T01:58:51.413+0000] {subprocess.py:93} INFO - 	at org.apache.spark.executor.Executor$TaskRunner.run(Executor.scala:623)
[2026-03-14T01:58:51.414+0000] {subprocess.py:93} INFO - 	at java.base/java.util.concurrent.ThreadPoolExecutor.runWorker(Unknown Source)
[2026-03-14T01:58:51.415+0000] {subprocess.py:93} INFO - 	at java.base/java.util.concurrent.ThreadPoolExecutor$Worker.run(Unknown Source)
[2026-03-14T01:58:51.416+0000] {subprocess.py:93} INFO - 	at java.base/java.lang.Thread.run(Unknown Source)
[2026-03-14T01:58:51.417+0000] {subprocess.py:93} INFO - 
[2026-03-14T01:58:51.418+0000] {subprocess.py:93} INFO - Driver stacktrace:
[2026-03-14T01:58:51.419+0000] {subprocess.py:93} INFO - 	at org.apache.spark.scheduler.DAGScheduler.failJobAndIndependentStages(DAGScheduler.scala:2856)
[2026-03-14T01:58:51.420+0000] {subprocess.py:93} INFO - 	at org.apache.spark.scheduler.DAGScheduler.$anonfun$abortStage$2(DAGScheduler.scala:2792)
[2026-03-14T01:58:51.421+0000] {subprocess.py:93} INFO - 	at org.apache.spark.scheduler.DAGScheduler.$anonfun$abortStage$2$adapted(DAGScheduler.scala:2791)
[2026-03-14T01:58:51.422+0000] {subprocess.py:93} INFO - 	at scala.collection.mutable.ResizableArray.foreach(ResizableArray.scala:62)
[2026-03-14T01:58:51.423+0000] {subprocess.py:93} INFO - 	at scala.collection.mutable.ResizableArray.foreach$(ResizableArray.scala:55)
[2026-03-14T01:58:51.424+0000] {subprocess.py:93} INFO - 	at scala.collection.mutable.ArrayBuffer.foreach(ArrayBuffer.scala:49)
[2026-03-14T01:58:51.425+0000] {subprocess.py:93} INFO - 	at org.apache.spark.scheduler.DAGScheduler.abortStage(DAGScheduler.scala:2791)
[2026-03-14T01:58:51.425+0000] {subprocess.py:93} INFO - 	at org.apache.spark.scheduler.DAGScheduler.$anonfun$handleTaskSetFailed$1(DAGScheduler.scala:1247)
[2026-03-14T01:58:51.426+0000] {subprocess.py:93} INFO - 	at org.apache.spark.scheduler.DAGScheduler.$anonfun$handleTaskSetFailed$1$adapted(DAGScheduler.scala:1247)
[2026-03-14T01:58:51.426+0000] {subprocess.py:93} INFO - 	at scala.Option.foreach(Option.scala:407)
[2026-03-14T01:58:51.427+0000] {subprocess.py:93} INFO - 	at org.apache.spark.scheduler.DAGScheduler.handleTaskSetFailed(DAGScheduler.scala:1247)
[2026-03-14T01:58:51.428+0000] {subprocess.py:93} INFO - 	at org.apache.spark.scheduler.DAGSchedulerEventProcessLoop.doOnReceive(DAGScheduler.scala:3060)
[2026-03-14T01:58:51.429+0000] {subprocess.py:93} INFO - 	at org.apache.spark.scheduler.DAGSchedulerEventProcessLoop.onReceive(DAGScheduler.scala:2994)
[2026-03-14T01:58:51.429+0000] {subprocess.py:93} INFO - 	at org.apache.spark.scheduler.DAGSchedulerEventProcessLoop.onReceive(DAGScheduler.scala:2983)
[2026-03-14T01:58:51.430+0000] {subprocess.py:93} INFO - 	at org.apache.spark.util.EventLoop$$anon$1.run(EventLoop.scala:49)
[2026-03-14T01:58:51.430+0000] {subprocess.py:93} INFO - 	at org.apache.spark.scheduler.DAGScheduler.runJob(DAGScheduler.scala:989)
[2026-03-14T01:58:51.431+0000] {subprocess.py:93} INFO - 	at org.apache.spark.SparkContext.runJob(SparkContext.scala:2398)
[2026-03-14T01:58:51.432+0000] {subprocess.py:93} INFO - 	at org.apache.spark.sql.execution.datasources.FileFormatWriter$.$anonfun$executeWrite$4(FileFormatWriter.scala:307)
[2026-03-14T01:58:51.432+0000] {subprocess.py:93} INFO - 	at org.apache.spark.sql.execution.datasources.FileFormatWriter$.writeAndCommit(FileFormatWriter.scala:271)
[2026-03-14T01:58:51.433+0000] {subprocess.py:93} INFO - 	at org.apache.spark.sql.execution.datasources.FileFormatWriter$.executeWrite(FileFormatWriter.scala:304)
[2026-03-14T01:58:51.434+0000] {subprocess.py:93} INFO - 	at org.apache.spark.sql.execution.datasources.FileFormatWriter$.write(FileFormatWriter.scala:190)
[2026-03-14T01:58:51.435+0000] {subprocess.py:93} INFO - 	at org.apache.spark.sql.execution.datasources.InsertIntoHadoopFsRelationCommand.run(InsertIntoHadoopFsRelationCommand.scala:190)
[2026-03-14T01:58:51.436+0000] {subprocess.py:93} INFO - 	at org.apache.spark.sql.execution.command.DataWritingCommandExec.sideEffectResult$lzycompute(commands.scala:113)
[2026-03-14T01:58:51.436+0000] {subprocess.py:93} INFO - 	at org.apache.spark.sql.execution.command.DataWritingCommandExec.sideEffectResult(commands.scala:111)
[2026-03-14T01:58:51.437+0000] {subprocess.py:93} INFO - 	at org.apache.spark.sql.execution.command.DataWritingCommandExec.executeCollect(commands.scala:125)
[2026-03-14T01:58:51.438+0000] {subprocess.py:93} INFO - 	at org.apache.spark.sql.execution.adaptive.AdaptiveSparkPlanExec.$anonfun$executeCollect$1(AdaptiveSparkPlanExec.scala:390)
[2026-03-14T01:58:51.438+0000] {subprocess.py:93} INFO - 	at org.apache.spark.sql.execution.adaptive.AdaptiveSparkPlanExec.withFinalPlanUpdate(AdaptiveSparkPlanExec.scala:418)
[2026-03-14T01:58:51.439+0000] {subprocess.py:93} INFO - 	at org.apache.spark.sql.execution.adaptive.AdaptiveSparkPlanExec.executeCollect(AdaptiveSparkPlanExec.scala:390)
[2026-03-14T01:58:51.440+0000] {subprocess.py:93} INFO - 	at org.apache.spark.sql.execution.QueryExecution$$anonfun$eagerlyExecuteCommands$1.$anonfun$applyOrElse$1(QueryExecution.scala:107)
[2026-03-14T01:58:51.441+0000] {subprocess.py:93} INFO - 	at org.apache.spark.sql.execution.SQLExecution$.$anonfun$withNewExecutionId$6(SQLExecution.scala:125)
[2026-03-14T01:58:51.441+0000] {subprocess.py:93} INFO - 	at org.apache.spark.sql.execution.SQLExecution$.withSQLConfPropagated(SQLExecution.scala:201)
[2026-03-14T01:58:51.442+0000] {subprocess.py:93} INFO - 	at org.apache.spark.sql.execution.SQLExecution$.$anonfun$withNewExecutionId$1(SQLExecution.scala:108)
[2026-03-14T01:58:51.443+0000] {subprocess.py:93} INFO - 	at org.apache.spark.sql.SparkSession.withActive(SparkSession.scala:900)
[2026-03-14T01:58:51.444+0000] {subprocess.py:93} INFO - 	at org.apache.spark.sql.execution.SQLExecution$.withNewExecutionId(SQLExecution.scala:66)
[2026-03-14T01:58:51.444+0000] {subprocess.py:93} INFO - 	at org.apache.spark.sql.execution.QueryExecution$$anonfun$eagerlyExecuteCommands$1.applyOrElse(QueryExecution.scala:107)
[2026-03-14T01:58:51.445+0000] {subprocess.py:93} INFO - 	at org.apache.spark.sql.execution.QueryExecution$$anonfun$eagerlyExecuteCommands$1.applyOrElse(QueryExecution.scala:98)
[2026-03-14T01:58:51.446+0000] {subprocess.py:93} INFO - 	at org.apache.spark.sql.catalyst.trees.TreeNode.$anonfun$transformDownWithPruning$1(TreeNode.scala:461)
[2026-03-14T01:58:51.446+0000] {subprocess.py:93} INFO - 	at org.apache.spark.sql.catalyst.trees.CurrentOrigin$.withOrigin(origin.scala:76)
[2026-03-14T01:58:51.447+0000] {subprocess.py:93} INFO - 	at org.apache.spark.sql.catalyst.trees.TreeNode.transformDownWithPruning(TreeNode.scala:461)
[2026-03-14T01:58:51.448+0000] {subprocess.py:93} INFO - 	at org.apache.spark.sql.catalyst.plans.logical.LogicalPlan.org$apache$spark$sql$catalyst$plans$logical$AnalysisHelper$$super$transformDownWithPruning(LogicalPlan.scala:32)
[2026-03-14T01:58:51.449+0000] {subprocess.py:93} INFO - 	at org.apache.spark.sql.catalyst.plans.logical.AnalysisHelper.transformDownWithPruning(AnalysisHelper.scala:267)
[2026-03-14T01:58:51.450+0000] {subprocess.py:93} INFO - 	at org.apache.spark.sql.catalyst.plans.logical.AnalysisHelper.transformDownWithPruning$(AnalysisHelper.scala:263)
[2026-03-14T01:58:51.450+0000] {subprocess.py:93} INFO - 	at org.apache.spark.sql.catalyst.plans.logical.LogicalPlan.transformDownWithPruning(LogicalPlan.scala:32)
[2026-03-14T01:58:51.451+0000] {subprocess.py:93} INFO - 	at org.apache.spark.sql.catalyst.plans.logical.LogicalPlan.transformDownWithPruning(LogicalPlan.scala:32)
[2026-03-14T01:58:51.452+0000] {subprocess.py:93} INFO - 	at org.apache.spark.sql.catalyst.trees.TreeNode.transformDown(TreeNode.scala:437)
[2026-03-14T01:58:51.452+0000] {subprocess.py:93} INFO - 	at org.apache.spark.sql.execution.QueryExecution.eagerlyExecuteCommands(QueryExecution.scala:98)
[2026-03-14T01:58:51.453+0000] {subprocess.py:93} INFO - 	at org.apache.spark.sql.execution.QueryExecution.commandExecuted$lzycompute(QueryExecution.scala:85)
[2026-03-14T01:58:51.454+0000] {subprocess.py:93} INFO - 	at org.apache.spark.sql.execution.QueryExecution.commandExecuted(QueryExecution.scala:83)
[2026-03-14T01:58:51.454+0000] {subprocess.py:93} INFO - 	at org.apache.spark.sql.execution.QueryExecution.assertCommandExecuted(QueryExecution.scala:142)
[2026-03-14T01:58:51.455+0000] {subprocess.py:93} INFO - 	at org.apache.spark.sql.DataFrameWriter.runCommand(DataFrameWriter.scala:859)
[2026-03-14T01:58:51.456+0000] {subprocess.py:93} INFO - 	at org.apache.spark.sql.DataFrameWriter.saveToV1Source(DataFrameWriter.scala:388)
[2026-03-14T01:58:51.456+0000] {subprocess.py:93} INFO - 	at org.apache.spark.sql.DataFrameWriter.saveInternal(DataFrameWriter.scala:361)
[2026-03-14T01:58:51.457+0000] {subprocess.py:93} INFO - 	at org.apache.spark.sql.DataFrameWriter.save(DataFrameWriter.scala:240)
[2026-03-14T01:58:51.458+0000] {subprocess.py:93} INFO - 	at org.apache.spark.sql.DataFrameWriter.parquet(DataFrameWriter.scala:792)
[2026-03-14T01:58:51.458+0000] {subprocess.py:93} INFO - 	at java.base/jdk.internal.reflect.NativeMethodAccessorImpl.invoke0(Native Method)
[2026-03-14T01:58:51.458+0000] {subprocess.py:93} INFO - 	at java.base/jdk.internal.reflect.NativeMethodAccessorImpl.invoke(NativeMethodAccessorImpl.java:77)
[2026-03-14T01:58:51.459+0000] {subprocess.py:93} INFO - 	at java.base/jdk.internal.reflect.DelegatingMethodAccessorImpl.invoke(DelegatingMethodAccessorImpl.java:43)
[2026-03-14T01:58:51.459+0000] {subprocess.py:93} INFO - 	at java.base/java.lang.reflect.Method.invoke(Method.java:569)
[2026-03-14T01:58:51.460+0000] {subprocess.py:93} INFO - 	at py4j.reflection.MethodInvoker.invoke(MethodInvoker.java:244)
[2026-03-14T01:58:51.460+0000] {subprocess.py:93} INFO - 	at py4j.reflection.ReflectionEngine.invoke(ReflectionEngine.java:374)
[2026-03-14T01:58:51.461+0000] {subprocess.py:93} INFO - 	at py4j.Gateway.invoke(Gateway.java:282)
[2026-03-14T01:58:51.462+0000] {subprocess.py:93} INFO - 	at py4j.commands.AbstractCommand.invokeMethod(AbstractCommand.java:132)
[2026-03-14T01:58:51.463+0000] {subprocess.py:93} INFO - 	at py4j.commands.CallCommand.execute(CallCommand.java:79)
[2026-03-14T01:58:51.463+0000] {subprocess.py:93} INFO - 	at py4j.ClientServerConnection.waitForCommands(ClientServerConnection.java:182)
[2026-03-14T01:58:51.464+0000] {subprocess.py:93} INFO - 	at py4j.ClientServerConnection.run(ClientServerConnection.java:106)
[2026-03-14T01:58:51.464+0000] {subprocess.py:93} INFO - 	at java.base/java.lang.Thread.run(Thread.java:840)
[2026-03-14T01:58:51.465+0000] {subprocess.py:93} INFO - Caused by: java.io.IOException: Mkdirs failed to create file:/opt/data/output/processed_parquet/_temporary/0/_temporary/attempt_202603140158491365238519006842032_0011_m_000000_23 (exists=false, cwd=file:/opt/spark/work/app-20260314015835-0002/0)
[2026-03-14T01:58:51.466+0000] {subprocess.py:93} INFO - 	at org.apache.hadoop.fs.ChecksumFileSystem.create(ChecksumFileSystem.java:515)
[2026-03-14T01:58:51.467+0000] {subprocess.py:93} INFO - 	at org.apache.hadoop.fs.ChecksumFileSystem.create(ChecksumFileSystem.java:500)
[2026-03-14T01:58:51.468+0000] {subprocess.py:93} INFO - 	at org.apache.hadoop.fs.FileSystem.create(FileSystem.java:1195)
[2026-03-14T01:58:51.468+0000] {subprocess.py:93} INFO - 	at org.apache.hadoop.fs.FileSystem.create(FileSystem.java:1175)
[2026-03-14T01:58:51.469+0000] {subprocess.py:93} INFO - 	at org.apache.parquet.hadoop.util.HadoopOutputFile.create(HadoopOutputFile.java:74)
[2026-03-14T01:58:51.470+0000] {subprocess.py:93} INFO - 	at org.apache.parquet.hadoop.ParquetFileWriter.<init>(ParquetFileWriter.java:347)
[2026-03-14T01:58:51.471+0000] {subprocess.py:93} INFO - 	at org.apache.parquet.hadoop.ParquetFileWriter.<init>(ParquetFileWriter.java:314)
[2026-03-14T01:58:51.471+0000] {subprocess.py:93} INFO - 	at org.apache.parquet.hadoop.ParquetOutputFormat.getRecordWriter(ParquetOutputFormat.java:484)
[2026-03-14T01:58:51.472+0000] {subprocess.py:93} INFO - 	at org.apache.parquet.hadoop.ParquetOutputFormat.getRecordWriter(ParquetOutputFormat.java:422)
[2026-03-14T01:58:51.472+0000] {subprocess.py:93} INFO - 	at org.apache.parquet.hadoop.ParquetOutputFormat.getRecordWriter(ParquetOutputFormat.java:411)
[2026-03-14T01:58:51.473+0000] {subprocess.py:93} INFO - 	at org.apache.spark.sql.execution.datasources.parquet.ParquetOutputWriter.<init>(ParquetOutputWriter.scala:36)
[2026-03-14T01:58:51.474+0000] {subprocess.py:93} INFO - 	at org.apache.spark.sql.execution.datasources.parquet.ParquetUtils$$anon$1.newInstance(ParquetUtils.scala:490)
[2026-03-14T01:58:51.474+0000] {subprocess.py:93} INFO - 	at org.apache.spark.sql.execution.datasources.SingleDirectoryDataWriter.newOutputWriter(FileFormatDataWriter.scala:161)
[2026-03-14T01:58:51.475+0000] {subprocess.py:93} INFO - 	at org.apache.spark.sql.execution.datasources.SingleDirectoryDataWriter.<init>(FileFormatDataWriter.scala:146)
[2026-03-14T01:58:51.476+0000] {subprocess.py:93} INFO - 	at org.apache.spark.sql.execution.datasources.FileFormatWriter$.executeTask(FileFormatWriter.scala:389)
[2026-03-14T01:58:51.477+0000] {subprocess.py:93} INFO - 	at org.apache.spark.sql.execution.datasources.WriteFilesExec.$anonfun$doExecuteWrite$1(WriteFiles.scala:100)
[2026-03-14T01:58:51.478+0000] {subprocess.py:93} INFO - 	at org.apache.spark.rdd.RDD.$anonfun$mapPartitionsInternal$2(RDD.scala:893)
[2026-03-14T01:58:51.479+0000] {subprocess.py:93} INFO - 	at org.apache.spark.rdd.RDD.$anonfun$mapPartitionsInternal$2$adapted(RDD.scala:893)
[2026-03-14T01:58:51.479+0000] {subprocess.py:93} INFO - 	at org.apache.spark.rdd.MapPartitionsRDD.compute(MapPartitionsRDD.scala:52)
[2026-03-14T01:58:51.480+0000] {subprocess.py:93} INFO - 	at org.apache.spark.rdd.RDD.computeOrReadCheckpoint(RDD.scala:367)
[2026-03-14T01:58:51.481+0000] {subprocess.py:93} INFO - 	at org.apache.spark.rdd.RDD.iterator(RDD.scala:331)
[2026-03-14T01:58:51.481+0000] {subprocess.py:93} INFO - 	at org.apache.spark.scheduler.ResultTask.runTask(ResultTask.scala:93)
[2026-03-14T01:58:51.482+0000] {subprocess.py:93} INFO - 	at org.apache.spark.TaskContext.runTaskWithListeners(TaskContext.scala:166)
[2026-03-14T01:58:51.483+0000] {subprocess.py:93} INFO - 	at org.apache.spark.scheduler.Task.run(Task.scala:141)
[2026-03-14T01:58:51.484+0000] {subprocess.py:93} INFO - 	at org.apache.spark.executor.Executor$TaskRunner.$anonfun$run$4(Executor.scala:620)
[2026-03-14T01:58:51.484+0000] {subprocess.py:93} INFO - 	at org.apache.spark.util.SparkErrorUtils.tryWithSafeFinally(SparkErrorUtils.scala:64)
[2026-03-14T01:58:51.485+0000] {subprocess.py:93} INFO - 	at org.apache.spark.util.SparkErrorUtils.tryWithSafeFinally$(SparkErrorUtils.scala:61)
[2026-03-14T01:58:51.485+0000] {subprocess.py:93} INFO - 	at org.apache.spark.util.Utils$.tryWithSafeFinally(Utils.scala:94)
[2026-03-14T01:58:51.486+0000] {subprocess.py:93} INFO - 	at org.apache.spark.executor.Executor$TaskRunner.run(Executor.scala:623)
[2026-03-14T01:58:51.486+0000] {subprocess.py:93} INFO - 	at java.base/java.util.concurrent.ThreadPoolExecutor.runWorker(Unknown Source)
[2026-03-14T01:58:51.487+0000] {subprocess.py:93} INFO - 	at java.base/java.util.concurrent.ThreadPoolExecutor$Worker.run(Unknown Source)
[2026-03-14T01:58:51.487+0000] {subprocess.py:93} INFO - 	at java.base/java.lang.Thread.run(Unknown Source)
[2026-03-14T01:58:51.488+0000] {subprocess.py:93} INFO - 
[2026-03-14T01:58:51.547+0000] {subprocess.py:97} INFO - Command exited with return code 1
[2026-03-14T01:58:51.548+0000] {taskinstance.py:441} INFO - ::group::Post task execution logs
[2026-03-14T01:58:51.557+0000] {taskinstance.py:2905} ERROR - Task failed with exception
Traceback (most recent call last):
  File "/home/airflow/.local/lib/python3.12/site-packages/airflow/models/taskinstance.py", line 465, in _execute_task
    result = _execute_callable(context=context, **execute_callable_kwargs)
             ^^^^^^^^^^^^^^^^^^^^^^^^^^^^^^^^^^^^^^^^^^^^^^^^^^^^^^^^^^^^^
  File "/home/airflow/.local/lib/python3.12/site-packages/airflow/models/taskinstance.py", line 432, in _execute_callable
    return execute_callable(context=context, **execute_callable_kwargs)
           ^^^^^^^^^^^^^^^^^^^^^^^^^^^^^^^^^^^^^^^^^^^^^^^^^^^^^^^^^^^^
  File "/home/airflow/.local/lib/python3.12/site-packages/airflow/models/baseoperator.py", line 401, in wrapper
    return func(self, *args, **kwargs)
           ^^^^^^^^^^^^^^^^^^^^^^^^^^^
  File "/home/airflow/.local/lib/python3.12/site-packages/airflow/operators/bash.py", line 243, in execute
    raise AirflowException(
airflow.exceptions.AirflowException: Bash command failed. The command returned a non-zero exit code 1.
[2026-03-14T01:58:51.564+0000] {taskinstance.py:1206} INFO - Marking task as UP_FOR_RETRY. dag_id=daily_spark_pipeline, task_id=run_spark_job, run_id=manual__2026-03-14T01:58:23.443577+00:00, execution_date=20260314T015823, start_date=20260314T015829, end_date=20260314T015851
[2026-03-14T01:58:51.587+0000] {standard_task_runner.py:110} ERROR - Failed to execute job 24 for task run_spark_job (Bash command failed. The command returned a non-zero exit code 1.; 12157)
[2026-03-14T01:58:51.619+0000] {local_task_job_runner.py:243} INFO - Task exited with return code 1
[2026-03-14T01:58:51.629+0000] {taskinstance.py:3503} INFO - 0 downstream tasks scheduled from follow-on schedule check
[2026-03-14T01:58:51.630+0000] {local_task_job_runner.py:222} INFO - ::endgroup::
