[2026-03-14T04:37:50.657+0000] {local_task_job_runner.py:120} INFO - ::group::Pre task execution logs
[2026-03-14T04:37:50.681+0000] {taskinstance.py:2076} INFO - Dependencies all met for dep_context=non-requeueable deps ti=<TaskInstance: event_trigger_pipeline.run_spark_job manual__2026-03-14T04:37:46+00:00 [queued]>
[2026-03-14T04:37:50.689+0000] {taskinstance.py:2076} INFO - Dependencies all met for dep_context=requeueable deps ti=<TaskInstance: event_trigger_pipeline.run_spark_job manual__2026-03-14T04:37:46+00:00 [queued]>
[2026-03-14T04:37:50.690+0000] {taskinstance.py:2306} INFO - Starting attempt 1 of 2
[2026-03-14T04:37:50.720+0000] {taskinstance.py:2330} INFO - Executing <Task(BashOperator): run_spark_job> on 2026-03-14 04:37:46+00:00
[2026-03-14T04:37:50.726+0000] {standard_task_runner.py:64} INFO - Started process 20944 to run task
[2026-03-14T04:37:50.730+0000] {standard_task_runner.py:90} INFO - Running: ['airflow', 'tasks', 'run', 'event_trigger_pipeline', 'run_spark_job', 'manual__2026-03-14T04:37:46+00:00', '--job-id', '45', '--raw', '--subdir', 'DAGS_FOLDER/event_trigger_pipeline.py', '--cfg-path', '/tmp/tmpxut1t6xn']
[2026-03-14T04:37:50.732+0000] {standard_task_runner.py:91} INFO - Job 45: Subtask run_spark_job
[2026-03-14T04:37:50.826+0000] {task_command.py:426} INFO - Running <TaskInstance: event_trigger_pipeline.run_spark_job manual__2026-03-14T04:37:46+00:00 [running]> on host 670d40c6e2a9
[2026-03-14T04:37:50.921+0000] {taskinstance.py:2648} INFO - Exporting env vars: AIRFLOW_CTX_DAG_OWNER='airflow' AIRFLOW_CTX_DAG_ID='event_trigger_pipeline' AIRFLOW_CTX_TASK_ID='run_spark_job' AIRFLOW_CTX_EXECUTION_DATE='2026-03-14T04:37:46+00:00' AIRFLOW_CTX_TRY_NUMBER='1' AIRFLOW_CTX_DAG_RUN_ID='manual__2026-03-14T04:37:46+00:00'
[2026-03-14T04:37:50.923+0000] {taskinstance.py:430} INFO - ::endgroup::
[2026-03-14T04:37:50.939+0000] {subprocess.py:63} INFO - Tmp dir root location: /tmp
[2026-03-14T04:37:50.941+0000] {subprocess.py:75} INFO - Running command: ['/usr/bin/bash', '-c', 'spark-submit --master local[*] /opt/airflow/spark_jobs/process_data.py']
[2026-03-14T04:37:50.949+0000] {subprocess.py:86} INFO - Output:
[2026-03-14T04:37:51.020+0000] {subprocess.py:93} INFO - /home/airflow/.local/lib/python3.12/site-packages/pyspark/bin/load-spark-env.sh: line 68: ps: command not found
[2026-03-14T04:37:53.810+0000] {subprocess.py:93} INFO - 26/03/14 04:37:53 INFO SparkContext: Running Spark version 3.5.1
[2026-03-14T04:37:53.812+0000] {subprocess.py:93} INFO - 26/03/14 04:37:53 INFO SparkContext: OS info Linux, 6.6.87.2-microsoft-standard-WSL2, amd64
[2026-03-14T04:37:53.813+0000] {subprocess.py:93} INFO - 26/03/14 04:37:53 INFO SparkContext: Java version 17.0.18
[2026-03-14T04:37:53.863+0000] {subprocess.py:93} INFO - 26/03/14 04:37:53 WARN NativeCodeLoader: Unable to load native-hadoop library for your platform... using builtin-java classes where applicable
[2026-03-14T04:37:53.942+0000] {subprocess.py:93} INFO - 26/03/14 04:37:53 INFO ResourceUtils: ==============================================================
[2026-03-14T04:37:53.943+0000] {subprocess.py:93} INFO - 26/03/14 04:37:53 INFO ResourceUtils: No custom resources configured for spark.driver.
[2026-03-14T04:37:53.944+0000] {subprocess.py:93} INFO - 26/03/14 04:37:53 INFO ResourceUtils: ==============================================================
[2026-03-14T04:37:53.944+0000] {subprocess.py:93} INFO - 26/03/14 04:37:53 INFO SparkContext: Submitted application: ProcessAmazonOrders
[2026-03-14T04:37:53.958+0000] {subprocess.py:93} INFO - 26/03/14 04:37:53 INFO ResourceProfile: Default ResourceProfile created, executor resources: Map(cores -> name: cores, amount: 1, script: , vendor: , memory -> name: memory, amount: 1024, script: , vendor: , offHeap -> name: offHeap, amount: 0, script: , vendor: ), task resources: Map(cpus -> name: cpus, amount: 1.0)
[2026-03-14T04:37:53.964+0000] {subprocess.py:93} INFO - 26/03/14 04:37:53 INFO ResourceProfile: Limiting resource is cpu
[2026-03-14T04:37:53.965+0000] {subprocess.py:93} INFO - 26/03/14 04:37:53 INFO ResourceProfileManager: Added ResourceProfile id: 0
[2026-03-14T04:37:54.001+0000] {subprocess.py:93} INFO - 26/03/14 04:37:54 INFO SecurityManager: Changing view acls to: airflow
[2026-03-14T04:37:54.003+0000] {subprocess.py:93} INFO - 26/03/14 04:37:54 INFO SecurityManager: Changing modify acls to: airflow
[2026-03-14T04:37:54.003+0000] {subprocess.py:93} INFO - 26/03/14 04:37:54 INFO SecurityManager: Changing view acls groups to:
[2026-03-14T04:37:54.004+0000] {subprocess.py:93} INFO - 26/03/14 04:37:54 INFO SecurityManager: Changing modify acls groups to:
[2026-03-14T04:37:54.005+0000] {subprocess.py:93} INFO - 26/03/14 04:37:54 INFO SecurityManager: SecurityManager: authentication disabled; ui acls disabled; users with view permissions: airflow; groups with view permissions: EMPTY; users with modify permissions: airflow; groups with modify permissions: EMPTY
[2026-03-14T04:37:54.194+0000] {subprocess.py:93} INFO - 26/03/14 04:37:54 INFO Utils: Successfully started service 'sparkDriver' on port 33623.
[2026-03-14T04:37:54.220+0000] {subprocess.py:93} INFO - 26/03/14 04:37:54 INFO SparkEnv: Registering MapOutputTracker
[2026-03-14T04:37:54.252+0000] {subprocess.py:93} INFO - 26/03/14 04:37:54 INFO SparkEnv: Registering BlockManagerMaster
[2026-03-14T04:37:54.266+0000] {subprocess.py:93} INFO - 26/03/14 04:37:54 INFO BlockManagerMasterEndpoint: Using org.apache.spark.storage.DefaultTopologyMapper for getting topology information
[2026-03-14T04:37:54.267+0000] {subprocess.py:93} INFO - 26/03/14 04:37:54 INFO BlockManagerMasterEndpoint: BlockManagerMasterEndpoint up
[2026-03-14T04:37:54.273+0000] {subprocess.py:93} INFO - 26/03/14 04:37:54 INFO SparkEnv: Registering BlockManagerMasterHeartbeat
[2026-03-14T04:37:54.294+0000] {subprocess.py:93} INFO - 26/03/14 04:37:54 INFO DiskBlockManager: Created local directory at /tmp/blockmgr-adff9937-1b63-475a-9a57-2f17bf892904
[2026-03-14T04:37:54.309+0000] {subprocess.py:93} INFO - 26/03/14 04:37:54 INFO MemoryStore: MemoryStore started with capacity 434.4 MiB
[2026-03-14T04:37:54.332+0000] {subprocess.py:93} INFO - 26/03/14 04:37:54 INFO SparkEnv: Registering OutputCommitCoordinator
[2026-03-14T04:37:54.445+0000] {subprocess.py:93} INFO - 26/03/14 04:37:54 INFO JettyUtils: Start Jetty 0.0.0.0:4040 for SparkUI
[2026-03-14T04:37:54.506+0000] {subprocess.py:93} INFO - 26/03/14 04:37:54 INFO Utils: Successfully started service 'SparkUI' on port 4040.
[2026-03-14T04:37:54.617+0000] {subprocess.py:93} INFO - 26/03/14 04:37:54 INFO Executor: Starting executor ID driver on host 670d40c6e2a9
[2026-03-14T04:37:54.618+0000] {subprocess.py:93} INFO - 26/03/14 04:37:54 INFO Executor: OS info Linux, 6.6.87.2-microsoft-standard-WSL2, amd64
[2026-03-14T04:37:54.619+0000] {subprocess.py:93} INFO - 26/03/14 04:37:54 INFO Executor: Java version 17.0.18
[2026-03-14T04:37:54.631+0000] {subprocess.py:93} INFO - 26/03/14 04:37:54 INFO Executor: Starting executor with user classpath (userClassPathFirst = false): ''
[2026-03-14T04:37:54.632+0000] {subprocess.py:93} INFO - 26/03/14 04:37:54 INFO Executor: Created or updated repl class loader org.apache.spark.util.MutableURLClassLoader@35081789 for default.
[2026-03-14T04:37:54.653+0000] {subprocess.py:93} INFO - 26/03/14 04:37:54 INFO Utils: Successfully started service 'org.apache.spark.network.netty.NettyBlockTransferService' on port 44911.
[2026-03-14T04:37:54.654+0000] {subprocess.py:93} INFO - 26/03/14 04:37:54 INFO NettyBlockTransferService: Server created on 670d40c6e2a9:44911
[2026-03-14T04:37:54.655+0000] {subprocess.py:93} INFO - 26/03/14 04:37:54 INFO BlockManager: Using org.apache.spark.storage.RandomBlockReplicationPolicy for block replication policy
[2026-03-14T04:37:54.661+0000] {subprocess.py:93} INFO - 26/03/14 04:37:54 INFO BlockManagerMaster: Registering BlockManager BlockManagerId(driver, 670d40c6e2a9, 44911, None)
[2026-03-14T04:37:54.664+0000] {subprocess.py:93} INFO - 26/03/14 04:37:54 INFO BlockManagerMasterEndpoint: Registering block manager 670d40c6e2a9:44911 with 434.4 MiB RAM, BlockManagerId(driver, 670d40c6e2a9, 44911, None)
[2026-03-14T04:37:54.667+0000] {subprocess.py:93} INFO - 26/03/14 04:37:54 INFO BlockManagerMaster: Registered BlockManager BlockManagerId(driver, 670d40c6e2a9, 44911, None)
[2026-03-14T04:37:54.668+0000] {subprocess.py:93} INFO - 26/03/14 04:37:54 INFO BlockManager: Initialized BlockManager: BlockManagerId(driver, 670d40c6e2a9, 44911, None)
[2026-03-14T04:38:03.516+0000] {subprocess.py:93} INFO - 26/03/14 04:38:03 WARN SparkStringUtils: Truncated the string representation of a plan since it was too large. This behavior can be adjusted by setting 'spark.sql.debug.maxToStringFields'.
[2026-03-14T04:38:11.841+0000] {subprocess.py:93} INFO - Run ID: 20260314_043754
[2026-03-14T04:38:11.842+0000] {subprocess.py:93} INFO - Raw rows: 756
[2026-03-14T04:38:11.842+0000] {subprocess.py:93} INFO - Clean rows: 552
[2026-03-14T04:38:11.843+0000] {subprocess.py:93} INFO - Invalid rows: 168
[2026-03-14T04:38:11.843+0000] {subprocess.py:93} INFO - Duplicate rows: 72
[2026-03-14T04:38:11.844+0000] {subprocess.py:93} INFO - Processed CSV path: /opt/data/output/processed_csv
[2026-03-14T04:38:11.844+0000] {subprocess.py:93} INFO - Clean CSV path: /opt/data/clean_data_csv
[2026-03-14T04:38:11.845+0000] {subprocess.py:93} INFO - Reports path: /opt/data/output/reports
[2026-03-14T04:38:12.468+0000] {subprocess.py:97} INFO - Command exited with return code 0
[2026-03-14T04:38:12.469+0000] {taskinstance.py:441} INFO - ::group::Post task execution logs
[2026-03-14T04:38:12.504+0000] {taskinstance.py:1206} INFO - Marking task as SUCCESS. dag_id=event_trigger_pipeline, task_id=run_spark_job, run_id=manual__2026-03-14T04:37:46+00:00, execution_date=20260314T043746, start_date=20260314T043750, end_date=20260314T043812
[2026-03-14T04:38:12.543+0000] {local_task_job_runner.py:243} INFO - Task exited with return code 0
[2026-03-14T04:38:12.551+0000] {taskinstance.py:3503} INFO - 0 downstream tasks scheduled from follow-on schedule check
[2026-03-14T04:38:12.552+0000] {local_task_job_runner.py:222} INFO - ::endgroup::
