[2026-03-14T01:58:57.257+0000] {local_task_job_runner.py:120} INFO - ::group::Pre task execution logs
[2026-03-14T01:58:57.281+0000] {taskinstance.py:2076} INFO - Dependencies all met for dep_context=non-requeueable deps ti=<TaskInstance: event_trigger_pipeline.run_spark_job manual__2026-03-14T01:58:27.812469+00:00 [queued]>
[2026-03-14T01:58:57.287+0000] {taskinstance.py:2076} INFO - Dependencies all met for dep_context=requeueable deps ti=<TaskInstance: event_trigger_pipeline.run_spark_job manual__2026-03-14T01:58:27.812469+00:00 [queued]>
[2026-03-14T01:58:57.288+0000] {taskinstance.py:2306} INFO - Starting attempt 1 of 2
[2026-03-14T01:58:57.323+0000] {taskinstance.py:2330} INFO - Executing <Task(BashOperator): run_spark_job> on 2026-03-14 01:58:27.812469+00:00
[2026-03-14T01:58:57.330+0000] {standard_task_runner.py:64} INFO - Started process 12475 to run task
[2026-03-14T01:58:57.335+0000] {standard_task_runner.py:90} INFO - Running: ['airflow', 'tasks', 'run', 'event_trigger_pipeline', 'run_spark_job', 'manual__2026-03-14T01:58:27.812469+00:00', '--job-id', '25', '--raw', '--subdir', 'DAGS_FOLDER/event_trigger_pipeline.py', '--cfg-path', '/tmp/tmpl83ipahc']
[2026-03-14T01:58:57.338+0000] {standard_task_runner.py:91} INFO - Job 25: Subtask run_spark_job
[2026-03-14T01:58:57.423+0000] {task_command.py:426} INFO - Running <TaskInstance: event_trigger_pipeline.run_spark_job manual__2026-03-14T01:58:27.812469+00:00 [running]> on host 670d40c6e2a9
[2026-03-14T01:58:57.534+0000] {taskinstance.py:2648} INFO - Exporting env vars: AIRFLOW_CTX_DAG_OWNER='airflow' AIRFLOW_CTX_DAG_ID='event_trigger_pipeline' AIRFLOW_CTX_TASK_ID='run_spark_job' AIRFLOW_CTX_EXECUTION_DATE='2026-03-14T01:58:27.812469+00:00' AIRFLOW_CTX_TRY_NUMBER='1' AIRFLOW_CTX_DAG_RUN_ID='manual__2026-03-14T01:58:27.812469+00:00'
[2026-03-14T01:58:57.536+0000] {taskinstance.py:430} INFO - ::endgroup::
[2026-03-14T01:58:57.559+0000] {subprocess.py:63} INFO - Tmp dir root location: /tmp
[2026-03-14T01:58:57.561+0000] {subprocess.py:75} INFO - Running command: ['/usr/bin/bash', '-c', 'spark-submit --master local[*] /opt/airflow/spark_jobs/process_data.py']
[2026-03-14T01:58:57.571+0000] {subprocess.py:86} INFO - Output:
[2026-03-14T01:58:57.682+0000] {subprocess.py:93} INFO - /home/airflow/.local/lib/python3.12/site-packages/pyspark/bin/load-spark-env.sh: line 68: ps: command not found
[2026-03-14T01:59:01.747+0000] {subprocess.py:93} INFO - /opt/airflow/spark_jobs/process_data.py:168: DeprecationWarning: datetime.datetime.utcnow() is deprecated and scheduled for removal in a future version. Use timezone-aware objects to represent datetimes in UTC: datetime.datetime.now(datetime.UTC).
[2026-03-14T01:59:01.748+0000] {subprocess.py:93} INFO -   run_id = datetime.utcnow().strftime("%Y%m%d_%H%M%S")
[2026-03-14T01:59:01.833+0000] {subprocess.py:93} INFO - 26/03/14 01:59:01 INFO SparkContext: Running Spark version 3.5.1
[2026-03-14T01:59:01.836+0000] {subprocess.py:93} INFO - 26/03/14 01:59:01 INFO SparkContext: OS info Linux, 6.6.87.2-microsoft-standard-WSL2, amd64
[2026-03-14T01:59:01.837+0000] {subprocess.py:93} INFO - 26/03/14 01:59:01 INFO SparkContext: Java version 17.0.18
[2026-03-14T01:59:01.890+0000] {subprocess.py:93} INFO - 26/03/14 01:59:01 WARN NativeCodeLoader: Unable to load native-hadoop library for your platform... using builtin-java classes where applicable
[2026-03-14T01:59:02.002+0000] {subprocess.py:93} INFO - 26/03/14 01:59:02 INFO ResourceUtils: ==============================================================
[2026-03-14T01:59:02.004+0000] {subprocess.py:93} INFO - 26/03/14 01:59:02 INFO ResourceUtils: No custom resources configured for spark.driver.
[2026-03-14T01:59:02.004+0000] {subprocess.py:93} INFO - 26/03/14 01:59:02 INFO ResourceUtils: ==============================================================
[2026-03-14T01:59:02.005+0000] {subprocess.py:93} INFO - 26/03/14 01:59:02 INFO SparkContext: Submitted application: ProcessData
[2026-03-14T01:59:02.027+0000] {subprocess.py:93} INFO - 26/03/14 01:59:02 INFO ResourceProfile: Default ResourceProfile created, executor resources: Map(cores -> name: cores, amount: 1, script: , vendor: , memory -> name: memory, amount: 1024, script: , vendor: , offHeap -> name: offHeap, amount: 0, script: , vendor: ), task resources: Map(cpus -> name: cpus, amount: 1.0)
[2026-03-14T01:59:02.036+0000] {subprocess.py:93} INFO - 26/03/14 01:59:02 INFO ResourceProfile: Limiting resource is cpu
[2026-03-14T01:59:02.037+0000] {subprocess.py:93} INFO - 26/03/14 01:59:02 INFO ResourceProfileManager: Added ResourceProfile id: 0
[2026-03-14T01:59:02.088+0000] {subprocess.py:93} INFO - 26/03/14 01:59:02 INFO SecurityManager: Changing view acls to: airflow
[2026-03-14T01:59:02.088+0000] {subprocess.py:93} INFO - 26/03/14 01:59:02 INFO SecurityManager: Changing modify acls to: airflow
[2026-03-14T01:59:02.089+0000] {subprocess.py:93} INFO - 26/03/14 01:59:02 INFO SecurityManager: Changing view acls groups to:
[2026-03-14T01:59:02.090+0000] {subprocess.py:93} INFO - 26/03/14 01:59:02 INFO SecurityManager: Changing modify acls groups to:
[2026-03-14T01:59:02.091+0000] {subprocess.py:93} INFO - 26/03/14 01:59:02 INFO SecurityManager: SecurityManager: authentication disabled; ui acls disabled; users with view permissions: airflow; groups with view permissions: EMPTY; users with modify permissions: airflow; groups with modify permissions: EMPTY
[2026-03-14T01:59:02.489+0000] {subprocess.py:93} INFO - 26/03/14 01:59:02 INFO Utils: Successfully started service 'sparkDriver' on port 45757.
[2026-03-14T01:59:02.634+0000] {subprocess.py:93} INFO - 26/03/14 01:59:02 INFO SparkEnv: Registering MapOutputTracker
[2026-03-14T01:59:02.696+0000] {subprocess.py:93} INFO - 26/03/14 01:59:02 INFO SparkEnv: Registering BlockManagerMaster
[2026-03-14T01:59:02.716+0000] {subprocess.py:93} INFO - 26/03/14 01:59:02 INFO BlockManagerMasterEndpoint: Using org.apache.spark.storage.DefaultTopologyMapper for getting topology information
[2026-03-14T01:59:02.717+0000] {subprocess.py:93} INFO - 26/03/14 01:59:02 INFO BlockManagerMasterEndpoint: BlockManagerMasterEndpoint up
[2026-03-14T01:59:02.724+0000] {subprocess.py:93} INFO - 26/03/14 01:59:02 INFO SparkEnv: Registering BlockManagerMasterHeartbeat
[2026-03-14T01:59:02.752+0000] {subprocess.py:93} INFO - 26/03/14 01:59:02 INFO DiskBlockManager: Created local directory at /tmp/blockmgr-3c5c2b68-978a-4892-91cd-576b5639782a
[2026-03-14T01:59:02.771+0000] {subprocess.py:93} INFO - 26/03/14 01:59:02 INFO MemoryStore: MemoryStore started with capacity 434.4 MiB
[2026-03-14T01:59:02.794+0000] {subprocess.py:93} INFO - 26/03/14 01:59:02 INFO SparkEnv: Registering OutputCommitCoordinator
[2026-03-14T01:59:02.947+0000] {subprocess.py:93} INFO - 26/03/14 01:59:02 INFO JettyUtils: Start Jetty 0.0.0.0:4040 for SparkUI
[2026-03-14T01:59:03.031+0000] {subprocess.py:93} INFO - 26/03/14 01:59:03 INFO Utils: Successfully started service 'SparkUI' on port 4040.
[2026-03-14T01:59:03.221+0000] {subprocess.py:93} INFO - 26/03/14 01:59:03 INFO Executor: Starting executor ID driver on host 670d40c6e2a9
[2026-03-14T01:59:03.223+0000] {subprocess.py:93} INFO - 26/03/14 01:59:03 INFO Executor: OS info Linux, 6.6.87.2-microsoft-standard-WSL2, amd64
[2026-03-14T01:59:03.224+0000] {subprocess.py:93} INFO - 26/03/14 01:59:03 INFO Executor: Java version 17.0.18
[2026-03-14T01:59:03.237+0000] {subprocess.py:93} INFO - 26/03/14 01:59:03 INFO Executor: Starting executor with user classpath (userClassPathFirst = false): ''
[2026-03-14T01:59:03.239+0000] {subprocess.py:93} INFO - 26/03/14 01:59:03 INFO Executor: Created or updated repl class loader org.apache.spark.util.MutableURLClassLoader@531e9e53 for default.
[2026-03-14T01:59:03.266+0000] {subprocess.py:93} INFO - 26/03/14 01:59:03 INFO Utils: Successfully started service 'org.apache.spark.network.netty.NettyBlockTransferService' on port 43847.
[2026-03-14T01:59:03.267+0000] {subprocess.py:93} INFO - 26/03/14 01:59:03 INFO NettyBlockTransferService: Server created on 670d40c6e2a9:43847
[2026-03-14T01:59:03.268+0000] {subprocess.py:93} INFO - 26/03/14 01:59:03 INFO BlockManager: Using org.apache.spark.storage.RandomBlockReplicationPolicy for block replication policy
[2026-03-14T01:59:03.275+0000] {subprocess.py:93} INFO - 26/03/14 01:59:03 INFO BlockManagerMaster: Registering BlockManager BlockManagerId(driver, 670d40c6e2a9, 43847, None)
[2026-03-14T01:59:03.281+0000] {subprocess.py:93} INFO - 26/03/14 01:59:03 INFO BlockManagerMasterEndpoint: Registering block manager 670d40c6e2a9:43847 with 434.4 MiB RAM, BlockManagerId(driver, 670d40c6e2a9, 43847, None)
[2026-03-14T01:59:03.285+0000] {subprocess.py:93} INFO - 26/03/14 01:59:03 INFO BlockManagerMaster: Registered BlockManager BlockManagerId(driver, 670d40c6e2a9, 43847, None)
[2026-03-14T01:59:03.287+0000] {subprocess.py:93} INFO - 26/03/14 01:59:03 INFO BlockManager: Initialized BlockManager: BlockManagerId(driver, 670d40c6e2a9, 43847, None)
[2026-03-14T01:59:09.530+0000] {subprocess.py:93} INFO - === Raw Data Schema ===
[2026-03-14T01:59:09.533+0000] {subprocess.py:93} INFO - root
[2026-03-14T01:59:09.534+0000] {subprocess.py:93} INFO -  |-- id: integer (nullable = true)
[2026-03-14T01:59:09.535+0000] {subprocess.py:93} INFO -  |-- name: string (nullable = true)
[2026-03-14T01:59:09.536+0000] {subprocess.py:93} INFO -  |-- amount: integer (nullable = true)
[2026-03-14T01:59:09.538+0000] {subprocess.py:93} INFO - 
[2026-03-14T01:59:09.539+0000] {subprocess.py:93} INFO - === Sample Raw Data ===
[2026-03-14T01:59:09.803+0000] {subprocess.py:93} INFO - +---+-------+------+
[2026-03-14T01:59:09.804+0000] {subprocess.py:93} INFO - |id |name   |amount|
[2026-03-14T01:59:09.805+0000] {subprocess.py:93} INFO - +---+-------+------+
[2026-03-14T01:59:09.806+0000] {subprocess.py:93} INFO - |1  |Alice  |209   |
[2026-03-14T01:59:09.807+0000] {subprocess.py:93} INFO - |2  |Charlie|343   |
[2026-03-14T01:59:09.808+0000] {subprocess.py:93} INFO - |3  |Charlie|359   |
[2026-03-14T01:59:09.809+0000] {subprocess.py:93} INFO - |4  |Alice  |362   |
[2026-03-14T01:59:09.810+0000] {subprocess.py:93} INFO - |5  |Ivy    |150   |
[2026-03-14T01:59:09.811+0000] {subprocess.py:93} INFO - |6  |Grace  |558   |
[2026-03-14T01:59:09.812+0000] {subprocess.py:93} INFO - |7  |Nina   |112   |
[2026-03-14T01:59:09.813+0000] {subprocess.py:93} INFO - |8  |Jack   |589   |
[2026-03-14T01:59:09.814+0000] {subprocess.py:93} INFO - |9  |Bob    |323   |
[2026-03-14T01:59:09.815+0000] {subprocess.py:93} INFO - |10 |Owen   |515   |
[2026-03-14T01:59:09.816+0000] {subprocess.py:93} INFO - |11 |Ivy    |160   |
[2026-03-14T01:59:09.817+0000] {subprocess.py:93} INFO - |12 |Alice  |406   |
[2026-03-14T01:59:09.818+0000] {subprocess.py:93} INFO - |13 |Ivy    |505   |
[2026-03-14T01:59:09.819+0000] {subprocess.py:93} INFO - |14 |Liam   |297   |
[2026-03-14T01:59:09.821+0000] {subprocess.py:93} INFO - |15 |Nina   |431   |
[2026-03-14T01:59:09.822+0000] {subprocess.py:93} INFO - |16 |Alice  |515   |
[2026-03-14T01:59:09.823+0000] {subprocess.py:93} INFO - |17 |Frank  |512   |
[2026-03-14T01:59:09.824+0000] {subprocess.py:93} INFO - |18 |David  |153   |
[2026-03-14T01:59:09.825+0000] {subprocess.py:93} INFO - |19 |Karen  |267   |
[2026-03-14T01:59:09.825+0000] {subprocess.py:93} INFO - |20 |Owen   |317   |
[2026-03-14T01:59:09.826+0000] {subprocess.py:93} INFO - +---+-------+------+
[2026-03-14T01:59:09.827+0000] {subprocess.py:93} INFO - only showing top 20 rows
[2026-03-14T01:59:09.828+0000] {subprocess.py:93} INFO - 
[2026-03-14T01:59:09.897+0000] {subprocess.py:93} INFO - === Processed Data Schema ===
[2026-03-14T01:59:09.898+0000] {subprocess.py:93} INFO - root
[2026-03-14T01:59:09.898+0000] {subprocess.py:93} INFO -  |-- id: integer (nullable = true)
[2026-03-14T01:59:09.899+0000] {subprocess.py:93} INFO -  |-- name: string (nullable = false)
[2026-03-14T01:59:09.899+0000] {subprocess.py:93} INFO -  |-- amount: integer (nullable = true)
[2026-03-14T01:59:09.900+0000] {subprocess.py:93} INFO -  |-- processing_timestamp: timestamp (nullable = false)
[2026-03-14T01:59:09.900+0000] {subprocess.py:93} INFO - 
[2026-03-14T01:59:09.900+0000] {subprocess.py:93} INFO - === Sample Processed Data ===
[2026-03-14T01:59:10.726+0000] {subprocess.py:93} INFO - +---+-------+------+--------------------------+
[2026-03-14T01:59:10.727+0000] {subprocess.py:93} INFO - |id |name   |amount|processing_timestamp      |
[2026-03-14T01:59:10.728+0000] {subprocess.py:93} INFO - +---+-------+------+--------------------------+
[2026-03-14T01:59:10.729+0000] {subprocess.py:93} INFO - |7  |Nina   |112   |2026-03-14 01:59:09.915025|
[2026-03-14T01:59:10.730+0000] {subprocess.py:93} INFO - |4  |Alice  |362   |2026-03-14 01:59:09.915025|
[2026-03-14T01:59:10.732+0000] {subprocess.py:93} INFO - |2  |Charlie|343   |2026-03-14 01:59:09.915025|
[2026-03-14T01:59:10.733+0000] {subprocess.py:93} INFO - |24 |Eva    |267   |2026-03-14 01:59:09.915025|
[2026-03-14T01:59:10.734+0000] {subprocess.py:93} INFO - |25 |Mona   |461   |2026-03-14 01:59:09.915025|
[2026-03-14T01:59:10.735+0000] {subprocess.py:93} INFO - |1  |Alice  |209   |2026-03-14 01:59:09.915025|
[2026-03-14T01:59:10.736+0000] {subprocess.py:93} INFO - |23 |Grace  |112   |2026-03-14 01:59:09.915025|
[2026-03-14T01:59:10.737+0000] {subprocess.py:93} INFO - |12 |Alice  |406   |2026-03-14 01:59:09.915025|
[2026-03-14T01:59:10.738+0000] {subprocess.py:93} INFO - |9  |Bob    |323   |2026-03-14 01:59:09.915025|
[2026-03-14T01:59:10.739+0000] {subprocess.py:93} INFO - |15 |Nina   |431   |2026-03-14 01:59:09.915025|
[2026-03-14T01:59:10.741+0000] {subprocess.py:93} INFO - |3  |Charlie|359   |2026-03-14 01:59:09.915025|
[2026-03-14T01:59:10.743+0000] {subprocess.py:93} INFO - |22 |Bob    |416   |2026-03-14 01:59:09.915025|
[2026-03-14T01:59:10.743+0000] {subprocess.py:93} INFO - |10 |Owen   |515   |2026-03-14 01:59:09.915025|
[2026-03-14T01:59:10.744+0000] {subprocess.py:93} INFO - |20 |Owen   |317   |2026-03-14 01:59:09.915025|
[2026-03-14T01:59:10.745+0000] {subprocess.py:93} INFO - |11 |Ivy    |160   |2026-03-14 01:59:09.915025|
[2026-03-14T01:59:10.746+0000] {subprocess.py:93} INFO - |13 |Ivy    |505   |2026-03-14 01:59:09.915025|
[2026-03-14T01:59:10.746+0000] {subprocess.py:93} INFO - |21 |Frank  |141   |2026-03-14 01:59:09.915025|
[2026-03-14T01:59:10.747+0000] {subprocess.py:93} INFO - |18 |David  |153   |2026-03-14 01:59:09.915025|
[2026-03-14T01:59:10.748+0000] {subprocess.py:93} INFO - |17 |Frank  |512   |2026-03-14 01:59:09.915025|
[2026-03-14T01:59:10.749+0000] {subprocess.py:93} INFO - |8  |Jack   |589   |2026-03-14 01:59:09.915025|
[2026-03-14T01:59:10.750+0000] {subprocess.py:93} INFO - +---+-------+------+--------------------------+
[2026-03-14T01:59:10.750+0000] {subprocess.py:93} INFO - only showing top 20 rows
[2026-03-14T01:59:10.751+0000] {subprocess.py:93} INFO - 
[2026-03-14T01:59:16.583+0000] {subprocess.py:93} INFO - Wrote Parquet output to: /opt/data/output/processed_parquet/
[2026-03-14T01:59:16.584+0000] {subprocess.py:93} INFO - Wrote CSV output to: /opt/data/output/processed_csv/
[2026-03-14T01:59:16.586+0000] {subprocess.py:93} INFO - Wrote Clean CSV output to: /opt/data/clean_data_csv/
[2026-03-14T01:59:19.794+0000] {subprocess.py:93} INFO - Source input files retained in /opt/data/input (archiving disabled).
[2026-03-14T01:59:20.353+0000] {subprocess.py:97} INFO - Command exited with return code 0
[2026-03-14T01:59:20.354+0000] {taskinstance.py:441} INFO - ::group::Post task execution logs
[2026-03-14T01:59:20.390+0000] {taskinstance.py:1206} INFO - Marking task as SUCCESS. dag_id=event_trigger_pipeline, task_id=run_spark_job, run_id=manual__2026-03-14T01:58:27.812469+00:00, execution_date=20260314T015827, start_date=20260314T015857, end_date=20260314T015920
[2026-03-14T01:59:20.452+0000] {local_task_job_runner.py:243} INFO - Task exited with return code 0
[2026-03-14T01:59:20.462+0000] {taskinstance.py:3503} INFO - 0 downstream tasks scheduled from follow-on schedule check
[2026-03-14T01:59:20.464+0000] {local_task_job_runner.py:222} INFO - ::endgroup::
