[2026-03-13T17:11:14.465+0000] {local_task_job_runner.py:120} INFO - ::group::Pre task execution logs
[2026-03-13T17:11:14.484+0000] {taskinstance.py:2076} INFO - Dependencies all met for dep_context=non-requeueable deps ti=<TaskInstance: event_trigger_pipeline.wait_for_input manual__2026-03-13T17:11:04.178816+00:00 [queued]>
[2026-03-13T17:11:14.490+0000] {taskinstance.py:2076} INFO - Dependencies all met for dep_context=requeueable deps ti=<TaskInstance: event_trigger_pipeline.wait_for_input manual__2026-03-13T17:11:04.178816+00:00 [queued]>
[2026-03-13T17:11:14.491+0000] {taskinstance.py:2306} INFO - Starting attempt 1 of 2
[2026-03-13T17:11:14.519+0000] {taskinstance.py:2330} INFO - Executing <Task(FileSensor): wait_for_input> on 2026-03-13 17:11:04.178816+00:00
[2026-03-13T17:11:14.524+0000] {standard_task_runner.py:64} INFO - Started process 5423 to run task
[2026-03-13T17:11:14.526+0000] {standard_task_runner.py:90} INFO - Running: ['airflow', 'tasks', 'run', 'event_trigger_pipeline', 'wait_for_input', 'manual__2026-03-13T17:11:04.178816+00:00', '--job-id', '10', '--raw', '--subdir', 'DAGS_FOLDER/event_trigger_pipeline.py', '--cfg-path', '/tmp/tmpc469l3nd']
[2026-03-13T17:11:14.528+0000] {standard_task_runner.py:91} INFO - Job 10: Subtask wait_for_input
[2026-03-13T17:11:14.604+0000] {task_command.py:426} INFO - Running <TaskInstance: event_trigger_pipeline.wait_for_input manual__2026-03-13T17:11:04.178816+00:00 [running]> on host 670d40c6e2a9
[2026-03-13T17:11:14.723+0000] {taskinstance.py:2648} INFO - Exporting env vars: AIRFLOW_CTX_DAG_OWNER='airflow' AIRFLOW_CTX_DAG_ID='event_trigger_pipeline' AIRFLOW_CTX_TASK_ID='wait_for_input' AIRFLOW_CTX_EXECUTION_DATE='2026-03-13T17:11:04.178816+00:00' AIRFLOW_CTX_TRY_NUMBER='1' AIRFLOW_CTX_DAG_RUN_ID='manual__2026-03-13T17:11:04.178816+00:00'
[2026-03-13T17:11:14.724+0000] {taskinstance.py:430} INFO - ::endgroup::
[2026-03-13T17:11:14.737+0000] {baseoperator.py:400} WARNING - FileSensor.execute cannot be called outside TaskInstance!
[2026-03-13T17:11:14.739+0000] {base.py:84} INFO - Using connection ID 'fs_default' for task execution.
[2026-03-13T17:11:14.740+0000] {filesystem.py:85} INFO - Poking for file /opt/data/input/sample.csv
[2026-03-13T17:11:44.742+0000] {filesystem.py:85} INFO - Poking for file /opt/data/input/sample.csv
[2026-03-13T17:12:14.747+0000] {filesystem.py:85} INFO - Poking for file /opt/data/input/sample.csv
[2026-03-13T17:12:44.748+0000] {filesystem.py:85} INFO - Poking for file /opt/data/input/sample.csv
[2026-03-13T17:13:14.750+0000] {filesystem.py:85} INFO - Poking for file /opt/data/input/sample.csv
[2026-03-13T17:13:44.750+0000] {filesystem.py:85} INFO - Poking for file /opt/data/input/sample.csv
[2026-03-13T17:14:14.752+0000] {filesystem.py:85} INFO - Poking for file /opt/data/input/sample.csv
[2026-03-13T17:14:44.753+0000] {filesystem.py:85} INFO - Poking for file /opt/data/input/sample.csv
[2026-03-13T17:15:14.754+0000] {filesystem.py:85} INFO - Poking for file /opt/data/input/sample.csv
[2026-03-13T17:15:44.756+0000] {filesystem.py:85} INFO - Poking for file /opt/data/input/sample.csv
[2026-03-13T17:16:14.758+0000] {filesystem.py:85} INFO - Poking for file /opt/data/input/sample.csv
[2026-03-13T17:16:44.762+0000] {filesystem.py:85} INFO - Poking for file /opt/data/input/sample.csv
[2026-03-13T17:17:14.762+0000] {filesystem.py:85} INFO - Poking for file /opt/data/input/sample.csv
[2026-03-13T17:17:44.762+0000] {filesystem.py:85} INFO - Poking for file /opt/data/input/sample.csv
[2026-03-13T17:18:14.764+0000] {filesystem.py:85} INFO - Poking for file /opt/data/input/sample.csv
[2026-03-13T17:18:44.765+0000] {filesystem.py:85} INFO - Poking for file /opt/data/input/sample.csv
[2026-03-13T17:19:14.766+0000] {filesystem.py:85} INFO - Poking for file /opt/data/input/sample.csv
[2026-03-13T17:19:44.769+0000] {filesystem.py:85} INFO - Poking for file /opt/data/input/sample.csv
[2026-03-13T17:20:14.773+0000] {filesystem.py:85} INFO - Poking for file /opt/data/input/sample.csv
[2026-03-13T17:20:44.780+0000] {filesystem.py:85} INFO - Poking for file /opt/data/input/sample.csv
[2026-03-13T17:21:14.784+0000] {filesystem.py:85} INFO - Poking for file /opt/data/input/sample.csv
[2026-03-13T17:21:44.788+0000] {filesystem.py:85} INFO - Poking for file /opt/data/input/sample.csv
[2026-03-13T17:22:14.793+0000] {filesystem.py:85} INFO - Poking for file /opt/data/input/sample.csv
[2026-03-13T17:22:44.810+0000] {filesystem.py:85} INFO - Poking for file /opt/data/input/sample.csv
[2026-03-13T17:23:14.814+0000] {filesystem.py:85} INFO - Poking for file /opt/data/input/sample.csv
[2026-03-13T17:23:44.820+0000] {filesystem.py:85} INFO - Poking for file /opt/data/input/sample.csv
[2026-03-13T17:24:14.826+0000] {filesystem.py:85} INFO - Poking for file /opt/data/input/sample.csv
[2026-03-13T17:24:44.830+0000] {filesystem.py:85} INFO - Poking for file /opt/data/input/sample.csv
[2026-03-13T17:25:14.836+0000] {filesystem.py:85} INFO - Poking for file /opt/data/input/sample.csv
[2026-03-13T17:25:44.840+0000] {filesystem.py:85} INFO - Poking for file /opt/data/input/sample.csv
[2026-03-13T17:26:16.078+0000] {filesystem.py:85} INFO - Poking for file /opt/data/input/sample.csv
[2026-03-13T17:26:46.080+0000] {filesystem.py:85} INFO - Poking for file /opt/data/input/sample.csv
[2026-03-13T17:27:16.082+0000] {filesystem.py:85} INFO - Poking for file /opt/data/input/sample.csv
[2026-03-13T17:27:46.134+0000] {filesystem.py:85} INFO - Poking for file /opt/data/input/sample.csv
[2026-03-13T17:28:16.140+0000] {filesystem.py:85} INFO - Poking for file /opt/data/input/sample.csv
[2026-03-13T17:28:46.143+0000] {filesystem.py:85} INFO - Poking for file /opt/data/input/sample.csv
[2026-03-13T17:29:16.145+0000] {filesystem.py:85} INFO - Poking for file /opt/data/input/sample.csv
[2026-03-13T17:29:46.147+0000] {filesystem.py:85} INFO - Poking for file /opt/data/input/sample.csv
[2026-03-13T17:30:16.150+0000] {filesystem.py:85} INFO - Poking for file /opt/data/input/sample.csv
[2026-03-13T17:30:46.153+0000] {filesystem.py:85} INFO - Poking for file /opt/data/input/sample.csv
[2026-03-13T17:31:16.154+0000] {filesystem.py:85} INFO - Poking for file /opt/data/input/sample.csv
[2026-03-13T17:31:46.158+0000] {filesystem.py:85} INFO - Poking for file /opt/data/input/sample.csv
[2026-03-13T17:32:16.161+0000] {filesystem.py:85} INFO - Poking for file /opt/data/input/sample.csv
[2026-03-13T17:32:46.163+0000] {filesystem.py:85} INFO - Poking for file /opt/data/input/sample.csv
[2026-03-13T17:33:16.164+0000] {filesystem.py:85} INFO - Poking for file /opt/data/input/sample.csv
[2026-03-13T17:33:46.165+0000] {filesystem.py:85} INFO - Poking for file /opt/data/input/sample.csv
[2026-03-13T17:34:16.167+0000] {filesystem.py:85} INFO - Poking for file /opt/data/input/sample.csv
[2026-03-13T17:34:46.168+0000] {filesystem.py:85} INFO - Poking for file /opt/data/input/sample.csv
[2026-03-13T17:35:16.169+0000] {filesystem.py:85} INFO - Poking for file /opt/data/input/sample.csv
[2026-03-13T17:35:46.170+0000] {filesystem.py:85} INFO - Poking for file /opt/data/input/sample.csv
[2026-03-13T17:36:16.171+0000] {filesystem.py:85} INFO - Poking for file /opt/data/input/sample.csv
[2026-03-13T17:36:46.172+0000] {filesystem.py:85} INFO - Poking for file /opt/data/input/sample.csv
[2026-03-13T17:37:16.172+0000] {filesystem.py:85} INFO - Poking for file /opt/data/input/sample.csv
[2026-03-13T17:37:46.173+0000] {filesystem.py:85} INFO - Poking for file /opt/data/input/sample.csv
[2026-03-13T17:38:16.173+0000] {filesystem.py:85} INFO - Poking for file /opt/data/input/sample.csv
[2026-03-13T17:38:16.185+0000] {filesystem.py:89} INFO - Found File /opt/data/input/sample.csv last modified: 20260313173759
[2026-03-13T17:38:16.186+0000] {base.py:294} INFO - Success criteria met. Exiting.
[2026-03-13T17:38:16.186+0000] {filesystem.py:85} INFO - Poking for file /opt/data/input/sample.csv
[2026-03-13T17:38:16.190+0000] {filesystem.py:89} INFO - Found File /opt/data/input/sample.csv last modified: 20260313173759
[2026-03-13T17:38:16.194+0000] {taskinstance.py:441} INFO - ::group::Post task execution logs
[2026-03-13T17:38:16.232+0000] {taskinstance.py:1206} INFO - Marking task as SUCCESS. dag_id=event_trigger_pipeline, task_id=wait_for_input, run_id=manual__2026-03-13T17:11:04.178816+00:00, execution_date=20260313T171104, start_date=20260313T171114, end_date=20260313T173816
[2026-03-13T17:38:16.280+0000] {local_task_job_runner.py:243} INFO - Task exited with return code 0
[2026-03-13T17:38:16.318+0000] {taskinstance.py:3503} INFO - 1 downstream tasks scheduled from follow-on schedule check
[2026-03-13T17:38:16.338+0000] {local_task_job_runner.py:222} INFO - ::endgroup::
