[2026-03-13T17:38:28.820+0000] {local_task_job_runner.py:120} INFO - ::group::Pre task execution logs
[2026-03-13T17:38:28.844+0000] {taskinstance.py:2076} INFO - Dependencies all met for dep_context=non-requeueable deps ti=<TaskInstance: event_trigger_pipeline.run_spark_job manual__2026-03-13T17:11:04.178816+00:00 [queued]>
[2026-03-13T17:38:28.851+0000] {taskinstance.py:2076} INFO - Dependencies all met for dep_context=requeueable deps ti=<TaskInstance: event_trigger_pipeline.run_spark_job manual__2026-03-13T17:11:04.178816+00:00 [queued]>
[2026-03-13T17:38:28.853+0000] {taskinstance.py:2306} INFO - Starting attempt 1 of 2
[2026-03-13T17:38:28.882+0000] {taskinstance.py:2330} INFO - Executing <Task(BashOperator): run_spark_job> on 2026-03-13 17:11:04.178816+00:00
[2026-03-13T17:38:28.888+0000] {standard_task_runner.py:64} INFO - Started process 5931 to run task
[2026-03-13T17:38:28.891+0000] {standard_task_runner.py:90} INFO - Running: ['airflow', 'tasks', 'run', 'event_trigger_pipeline', 'run_spark_job', 'manual__2026-03-13T17:11:04.178816+00:00', '--job-id', '13', '--raw', '--subdir', 'DAGS_FOLDER/event_trigger_pipeline.py', '--cfg-path', '/tmp/tmphkjqiwll']
[2026-03-13T17:38:28.894+0000] {standard_task_runner.py:91} INFO - Job 13: Subtask run_spark_job
[2026-03-13T17:38:29.009+0000] {task_command.py:426} INFO - Running <TaskInstance: event_trigger_pipeline.run_spark_job manual__2026-03-13T17:11:04.178816+00:00 [running]> on host 670d40c6e2a9
[2026-03-13T17:38:29.098+0000] {taskinstance.py:2648} INFO - Exporting env vars: AIRFLOW_CTX_DAG_OWNER='airflow' AIRFLOW_CTX_DAG_ID='event_trigger_pipeline' AIRFLOW_CTX_TASK_ID='run_spark_job' AIRFLOW_CTX_EXECUTION_DATE='2026-03-13T17:11:04.178816+00:00' AIRFLOW_CTX_TRY_NUMBER='1' AIRFLOW_CTX_DAG_RUN_ID='manual__2026-03-13T17:11:04.178816+00:00'
[2026-03-13T17:38:29.100+0000] {taskinstance.py:430} INFO - ::endgroup::
[2026-03-13T17:38:29.117+0000] {subprocess.py:63} INFO - Tmp dir root location: /tmp
[2026-03-13T17:38:29.118+0000] {subprocess.py:75} INFO - Running command: ['/usr/bin/bash', '-c', 'spark-submit --master local[*] /opt/airflow/spark_jobs/process_data.py']
[2026-03-13T17:38:29.128+0000] {subprocess.py:86} INFO - Output:
[2026-03-13T17:38:29.224+0000] {subprocess.py:93} INFO - /home/airflow/.local/lib/python3.12/site-packages/pyspark/bin/load-spark-env.sh: line 68: ps: command not found
[2026-03-13T17:38:33.540+0000] {subprocess.py:93} INFO - /opt/airflow/spark_jobs/process_data.py:163: DeprecationWarning: datetime.datetime.utcnow() is deprecated and scheduled for removal in a future version. Use timezone-aware objects to represent datetimes in UTC: datetime.datetime.now(datetime.UTC).
[2026-03-13T17:38:33.542+0000] {subprocess.py:93} INFO -   run_id = datetime.utcnow().strftime("%Y%m%d_%H%M%S")
[2026-03-13T17:38:33.641+0000] {subprocess.py:93} INFO - 26/03/13 17:38:33 INFO SparkContext: Running Spark version 3.5.1
[2026-03-13T17:38:33.643+0000] {subprocess.py:93} INFO - 26/03/13 17:38:33 INFO SparkContext: OS info Linux, 6.6.87.2-microsoft-standard-WSL2, amd64
[2026-03-13T17:38:33.644+0000] {subprocess.py:93} INFO - 26/03/13 17:38:33 INFO SparkContext: Java version 17.0.18
[2026-03-13T17:38:33.727+0000] {subprocess.py:93} INFO - 26/03/13 17:38:33 WARN NativeCodeLoader: Unable to load native-hadoop library for your platform... using builtin-java classes where applicable
[2026-03-13T17:38:33.860+0000] {subprocess.py:93} INFO - 26/03/13 17:38:33 INFO ResourceUtils: ==============================================================
[2026-03-13T17:38:33.861+0000] {subprocess.py:93} INFO - 26/03/13 17:38:33 INFO ResourceUtils: No custom resources configured for spark.driver.
[2026-03-13T17:38:33.861+0000] {subprocess.py:93} INFO - 26/03/13 17:38:33 INFO ResourceUtils: ==============================================================
[2026-03-13T17:38:33.862+0000] {subprocess.py:93} INFO - 26/03/13 17:38:33 INFO SparkContext: Submitted application: ProcessData
[2026-03-13T17:38:33.887+0000] {subprocess.py:93} INFO - 26/03/13 17:38:33 INFO ResourceProfile: Default ResourceProfile created, executor resources: Map(cores -> name: cores, amount: 1, script: , vendor: , memory -> name: memory, amount: 1024, script: , vendor: , offHeap -> name: offHeap, amount: 0, script: , vendor: ), task resources: Map(cpus -> name: cpus, amount: 1.0)
[2026-03-13T17:38:33.894+0000] {subprocess.py:93} INFO - 26/03/13 17:38:33 INFO ResourceProfile: Limiting resource is cpu
[2026-03-13T17:38:33.895+0000] {subprocess.py:93} INFO - 26/03/13 17:38:33 INFO ResourceProfileManager: Added ResourceProfile id: 0
[2026-03-13T17:38:33.969+0000] {subprocess.py:93} INFO - 26/03/13 17:38:33 INFO SecurityManager: Changing view acls to: airflow
[2026-03-13T17:38:33.970+0000] {subprocess.py:93} INFO - 26/03/13 17:38:33 INFO SecurityManager: Changing modify acls to: airflow
[2026-03-13T17:38:33.970+0000] {subprocess.py:93} INFO - 26/03/13 17:38:33 INFO SecurityManager: Changing view acls groups to:
[2026-03-13T17:38:33.971+0000] {subprocess.py:93} INFO - 26/03/13 17:38:33 INFO SecurityManager: Changing modify acls groups to:
[2026-03-13T17:38:33.971+0000] {subprocess.py:93} INFO - 26/03/13 17:38:33 INFO SecurityManager: SecurityManager: authentication disabled; ui acls disabled; users with view permissions: airflow; groups with view permissions: EMPTY; users with modify permissions: airflow; groups with modify permissions: EMPTY
[2026-03-13T17:38:34.359+0000] {subprocess.py:93} INFO - 26/03/13 17:38:34 INFO Utils: Successfully started service 'sparkDriver' on port 46245.
[2026-03-13T17:38:34.416+0000] {subprocess.py:93} INFO - 26/03/13 17:38:34 INFO SparkEnv: Registering MapOutputTracker
[2026-03-13T17:38:34.470+0000] {subprocess.py:93} INFO - 26/03/13 17:38:34 INFO SparkEnv: Registering BlockManagerMaster
[2026-03-13T17:38:34.492+0000] {subprocess.py:93} INFO - 26/03/13 17:38:34 INFO BlockManagerMasterEndpoint: Using org.apache.spark.storage.DefaultTopologyMapper for getting topology information
[2026-03-13T17:38:34.493+0000] {subprocess.py:93} INFO - 26/03/13 17:38:34 INFO BlockManagerMasterEndpoint: BlockManagerMasterEndpoint up
[2026-03-13T17:38:34.497+0000] {subprocess.py:93} INFO - 26/03/13 17:38:34 INFO SparkEnv: Registering BlockManagerMasterHeartbeat
[2026-03-13T17:38:34.537+0000] {subprocess.py:93} INFO - 26/03/13 17:38:34 INFO DiskBlockManager: Created local directory at /tmp/blockmgr-819867e2-1c61-4313-a6a1-333ff1162c48
[2026-03-13T17:38:34.552+0000] {subprocess.py:93} INFO - 26/03/13 17:38:34 INFO MemoryStore: MemoryStore started with capacity 434.4 MiB
[2026-03-13T17:38:34.571+0000] {subprocess.py:93} INFO - 26/03/13 17:38:34 INFO SparkEnv: Registering OutputCommitCoordinator
[2026-03-13T17:38:34.735+0000] {subprocess.py:93} INFO - 26/03/13 17:38:34 INFO JettyUtils: Start Jetty 0.0.0.0:4040 for SparkUI
[2026-03-13T17:38:34.812+0000] {subprocess.py:93} INFO - 26/03/13 17:38:34 INFO Utils: Successfully started service 'SparkUI' on port 4040.
[2026-03-13T17:38:34.922+0000] {subprocess.py:93} INFO - 26/03/13 17:38:34 INFO Executor: Starting executor ID driver on host 670d40c6e2a9
[2026-03-13T17:38:34.923+0000] {subprocess.py:93} INFO - 26/03/13 17:38:34 INFO Executor: OS info Linux, 6.6.87.2-microsoft-standard-WSL2, amd64
[2026-03-13T17:38:34.924+0000] {subprocess.py:93} INFO - 26/03/13 17:38:34 INFO Executor: Java version 17.0.18
[2026-03-13T17:38:34.932+0000] {subprocess.py:93} INFO - 26/03/13 17:38:34 INFO Executor: Starting executor with user classpath (userClassPathFirst = false): ''
[2026-03-13T17:38:34.932+0000] {subprocess.py:93} INFO - 26/03/13 17:38:34 INFO Executor: Created or updated repl class loader org.apache.spark.util.MutableURLClassLoader@531e9e53 for default.
[2026-03-13T17:38:34.956+0000] {subprocess.py:93} INFO - 26/03/13 17:38:34 INFO Utils: Successfully started service 'org.apache.spark.network.netty.NettyBlockTransferService' on port 33907.
[2026-03-13T17:38:34.956+0000] {subprocess.py:93} INFO - 26/03/13 17:38:34 INFO NettyBlockTransferService: Server created on 670d40c6e2a9:33907
[2026-03-13T17:38:34.958+0000] {subprocess.py:93} INFO - 26/03/13 17:38:34 INFO BlockManager: Using org.apache.spark.storage.RandomBlockReplicationPolicy for block replication policy
[2026-03-13T17:38:34.965+0000] {subprocess.py:93} INFO - 26/03/13 17:38:34 INFO BlockManagerMaster: Registering BlockManager BlockManagerId(driver, 670d40c6e2a9, 33907, None)
[2026-03-13T17:38:34.968+0000] {subprocess.py:93} INFO - 26/03/13 17:38:34 INFO BlockManagerMasterEndpoint: Registering block manager 670d40c6e2a9:33907 with 434.4 MiB RAM, BlockManagerId(driver, 670d40c6e2a9, 33907, None)
[2026-03-13T17:38:34.971+0000] {subprocess.py:93} INFO - 26/03/13 17:38:34 INFO BlockManagerMaster: Registered BlockManager BlockManagerId(driver, 670d40c6e2a9, 33907, None)
[2026-03-13T17:38:34.972+0000] {subprocess.py:93} INFO - 26/03/13 17:38:34 INFO BlockManager: Initialized BlockManager: BlockManagerId(driver, 670d40c6e2a9, 33907, None)
[2026-03-13T17:38:41.274+0000] {subprocess.py:93} INFO - === Raw Data Schema ===
[2026-03-13T17:38:41.277+0000] {subprocess.py:93} INFO - root
[2026-03-13T17:38:41.278+0000] {subprocess.py:93} INFO -  |-- id: integer (nullable = true)
[2026-03-13T17:38:41.279+0000] {subprocess.py:93} INFO -  |-- name: string (nullable = true)
[2026-03-13T17:38:41.280+0000] {subprocess.py:93} INFO -  |-- amount: integer (nullable = true)
[2026-03-13T17:38:41.281+0000] {subprocess.py:93} INFO - 
[2026-03-13T17:38:41.282+0000] {subprocess.py:93} INFO - === Sample Raw Data ===
[2026-03-13T17:38:41.487+0000] {subprocess.py:93} INFO - +---+-------+------+
[2026-03-13T17:38:41.489+0000] {subprocess.py:93} INFO - |id |name   |amount|
[2026-03-13T17:38:41.489+0000] {subprocess.py:93} INFO - +---+-------+------+
[2026-03-13T17:38:41.490+0000] {subprocess.py:93} INFO - |1  |Alice  |209   |
[2026-03-13T17:38:41.491+0000] {subprocess.py:93} INFO - |2  |Charlie|343   |
[2026-03-13T17:38:41.492+0000] {subprocess.py:93} INFO - |3  |Charlie|359   |
[2026-03-13T17:38:41.492+0000] {subprocess.py:93} INFO - |4  |Alice  |362   |
[2026-03-13T17:38:41.493+0000] {subprocess.py:93} INFO - |5  |Ivy    |150   |
[2026-03-13T17:38:41.494+0000] {subprocess.py:93} INFO - |6  |Grace  |558   |
[2026-03-13T17:38:41.495+0000] {subprocess.py:93} INFO - |7  |Nina   |112   |
[2026-03-13T17:38:41.496+0000] {subprocess.py:93} INFO - |8  |Jack   |589   |
[2026-03-13T17:38:41.496+0000] {subprocess.py:93} INFO - |9  |Bob    |323   |
[2026-03-13T17:38:41.497+0000] {subprocess.py:93} INFO - |10 |Owen   |515   |
[2026-03-13T17:38:41.498+0000] {subprocess.py:93} INFO - |11 |Ivy    |160   |
[2026-03-13T17:38:41.499+0000] {subprocess.py:93} INFO - |12 |Alice  |406   |
[2026-03-13T17:38:41.499+0000] {subprocess.py:93} INFO - |13 |Ivy    |505   |
[2026-03-13T17:38:41.500+0000] {subprocess.py:93} INFO - |14 |Liam   |297   |
[2026-03-13T17:38:41.500+0000] {subprocess.py:93} INFO - |15 |Nina   |431   |
[2026-03-13T17:38:41.501+0000] {subprocess.py:93} INFO - |16 |Alice  |515   |
[2026-03-13T17:38:41.502+0000] {subprocess.py:93} INFO - |17 |Frank  |512   |
[2026-03-13T17:38:41.503+0000] {subprocess.py:93} INFO - |18 |David  |153   |
[2026-03-13T17:38:41.504+0000] {subprocess.py:93} INFO - |19 |Karen  |267   |
[2026-03-13T17:38:41.504+0000] {subprocess.py:93} INFO - |20 |Owen   |317   |
[2026-03-13T17:38:41.505+0000] {subprocess.py:93} INFO - +---+-------+------+
[2026-03-13T17:38:41.505+0000] {subprocess.py:93} INFO - only showing top 20 rows
[2026-03-13T17:38:41.506+0000] {subprocess.py:93} INFO - 
[2026-03-13T17:38:41.568+0000] {subprocess.py:93} INFO - === Processed Data Schema ===
[2026-03-13T17:38:41.568+0000] {subprocess.py:93} INFO - root
[2026-03-13T17:38:41.569+0000] {subprocess.py:93} INFO -  |-- id: integer (nullable = true)
[2026-03-13T17:38:41.570+0000] {subprocess.py:93} INFO -  |-- name: string (nullable = false)
[2026-03-13T17:38:41.570+0000] {subprocess.py:93} INFO -  |-- amount: integer (nullable = true)
[2026-03-13T17:38:41.571+0000] {subprocess.py:93} INFO -  |-- processing_timestamp: timestamp (nullable = false)
[2026-03-13T17:38:41.572+0000] {subprocess.py:93} INFO - 
[2026-03-13T17:38:41.572+0000] {subprocess.py:93} INFO - === Sample Processed Data ===
[2026-03-13T17:38:42.184+0000] {subprocess.py:93} INFO - +---+-------+------+--------------------------+
[2026-03-13T17:38:42.185+0000] {subprocess.py:93} INFO - |id |name   |amount|processing_timestamp      |
[2026-03-13T17:38:42.186+0000] {subprocess.py:93} INFO - +---+-------+------+--------------------------+
[2026-03-13T17:38:42.190+0000] {subprocess.py:93} INFO - |7  |Nina   |112   |2026-03-13 17:38:41.583379|
[2026-03-13T17:38:42.190+0000] {subprocess.py:93} INFO - |4  |Alice  |362   |2026-03-13 17:38:41.583379|
[2026-03-13T17:38:42.191+0000] {subprocess.py:93} INFO - |2  |Charlie|343   |2026-03-13 17:38:41.583379|
[2026-03-13T17:38:42.192+0000] {subprocess.py:93} INFO - |24 |Eva    |267   |2026-03-13 17:38:41.583379|
[2026-03-13T17:38:42.193+0000] {subprocess.py:93} INFO - |25 |Mona   |461   |2026-03-13 17:38:41.583379|
[2026-03-13T17:38:42.193+0000] {subprocess.py:93} INFO - |1  |Alice  |209   |2026-03-13 17:38:41.583379|
[2026-03-13T17:38:42.194+0000] {subprocess.py:93} INFO - |23 |Grace  |112   |2026-03-13 17:38:41.583379|
[2026-03-13T17:38:42.195+0000] {subprocess.py:93} INFO - |12 |Alice  |406   |2026-03-13 17:38:41.583379|
[2026-03-13T17:38:42.195+0000] {subprocess.py:93} INFO - |9  |Bob    |323   |2026-03-13 17:38:41.583379|
[2026-03-13T17:38:42.196+0000] {subprocess.py:93} INFO - |15 |Nina   |431   |2026-03-13 17:38:41.583379|
[2026-03-13T17:38:42.197+0000] {subprocess.py:93} INFO - |3  |Charlie|359   |2026-03-13 17:38:41.583379|
[2026-03-13T17:38:42.197+0000] {subprocess.py:93} INFO - |22 |Bob    |416   |2026-03-13 17:38:41.583379|
[2026-03-13T17:38:42.198+0000] {subprocess.py:93} INFO - |10 |Owen   |515   |2026-03-13 17:38:41.583379|
[2026-03-13T17:38:42.198+0000] {subprocess.py:93} INFO - |20 |Owen   |317   |2026-03-13 17:38:41.583379|
[2026-03-13T17:38:42.199+0000] {subprocess.py:93} INFO - |11 |Ivy    |160   |2026-03-13 17:38:41.583379|
[2026-03-13T17:38:42.200+0000] {subprocess.py:93} INFO - |13 |Ivy    |505   |2026-03-13 17:38:41.583379|
[2026-03-13T17:38:42.200+0000] {subprocess.py:93} INFO - |21 |Frank  |141   |2026-03-13 17:38:41.583379|
[2026-03-13T17:38:42.201+0000] {subprocess.py:93} INFO - |18 |David  |153   |2026-03-13 17:38:41.583379|
[2026-03-13T17:38:42.202+0000] {subprocess.py:93} INFO - |17 |Frank  |512   |2026-03-13 17:38:41.583379|
[2026-03-13T17:38:42.203+0000] {subprocess.py:93} INFO - |8  |Jack   |589   |2026-03-13 17:38:41.583379|
[2026-03-13T17:38:42.204+0000] {subprocess.py:93} INFO - +---+-------+------+--------------------------+
[2026-03-13T17:38:42.204+0000] {subprocess.py:93} INFO - only showing top 20 rows
[2026-03-13T17:38:42.205+0000] {subprocess.py:93} INFO - 
[2026-03-13T17:38:46.141+0000] {subprocess.py:93} INFO - Wrote Parquet output to: /opt/data/output/processed_parquet/
[2026-03-13T17:38:46.143+0000] {subprocess.py:93} INFO - Wrote CSV output to: /opt/data/output/processed_csv/
[2026-03-13T17:38:48.841+0000] {subprocess.py:93} INFO - Source input files retained in /opt/data/input (archiving disabled).
[2026-03-13T17:38:49.495+0000] {subprocess.py:97} INFO - Command exited with return code 0
[2026-03-13T17:38:49.497+0000] {taskinstance.py:441} INFO - ::group::Post task execution logs
[2026-03-13T17:38:49.671+0000] {taskinstance.py:1206} INFO - Marking task as SUCCESS. dag_id=event_trigger_pipeline, task_id=run_spark_job, run_id=manual__2026-03-13T17:11:04.178816+00:00, execution_date=20260313T171104, start_date=20260313T173828, end_date=20260313T173849
[2026-03-13T17:38:49.717+0000] {local_task_job_runner.py:243} INFO - Task exited with return code 0
[2026-03-13T17:38:49.727+0000] {taskinstance.py:3503} INFO - 0 downstream tasks scheduled from follow-on schedule check
[2026-03-13T17:38:49.728+0000] {local_task_job_runner.py:222} INFO - ::endgroup::
