[2026-03-13T18:22:27.568+0000] {local_task_job_runner.py:120} INFO - ::group::Pre task execution logs
[2026-03-13T18:22:27.612+0000] {taskinstance.py:2076} INFO - Dependencies all met for dep_context=non-requeueable deps ti=<TaskInstance: event_trigger_pipeline.run_spark_job manual__2026-03-13T18:22:21.609083+00:00 [queued]>
[2026-03-13T18:22:27.621+0000] {taskinstance.py:2076} INFO - Dependencies all met for dep_context=requeueable deps ti=<TaskInstance: event_trigger_pipeline.run_spark_job manual__2026-03-13T18:22:21.609083+00:00 [queued]>
[2026-03-13T18:22:27.622+0000] {taskinstance.py:2306} INFO - Starting attempt 1 of 2
[2026-03-13T18:22:27.653+0000] {taskinstance.py:2330} INFO - Executing <Task(BashOperator): run_spark_job> on 2026-03-13 18:22:21.609083+00:00
[2026-03-13T18:22:27.658+0000] {standard_task_runner.py:64} INFO - Started process 10009 to run task
[2026-03-13T18:22:27.662+0000] {standard_task_runner.py:90} INFO - Running: ['airflow', 'tasks', 'run', 'event_trigger_pipeline', 'run_spark_job', 'manual__2026-03-13T18:22:21.609083+00:00', '--job-id', '22', '--raw', '--subdir', 'DAGS_FOLDER/event_trigger_pipeline.py', '--cfg-path', '/tmp/tmp_00sm6um']
[2026-03-13T18:22:27.665+0000] {standard_task_runner.py:91} INFO - Job 22: Subtask run_spark_job
[2026-03-13T18:22:27.757+0000] {task_command.py:426} INFO - Running <TaskInstance: event_trigger_pipeline.run_spark_job manual__2026-03-13T18:22:21.609083+00:00 [running]> on host 670d40c6e2a9
[2026-03-13T18:22:27.868+0000] {taskinstance.py:2648} INFO - Exporting env vars: AIRFLOW_CTX_DAG_OWNER='airflow' AIRFLOW_CTX_DAG_ID='event_trigger_pipeline' AIRFLOW_CTX_TASK_ID='run_spark_job' AIRFLOW_CTX_EXECUTION_DATE='2026-03-13T18:22:21.609083+00:00' AIRFLOW_CTX_TRY_NUMBER='1' AIRFLOW_CTX_DAG_RUN_ID='manual__2026-03-13T18:22:21.609083+00:00'
[2026-03-13T18:22:27.869+0000] {taskinstance.py:430} INFO - ::endgroup::
[2026-03-13T18:22:27.893+0000] {subprocess.py:63} INFO - Tmp dir root location: /tmp
[2026-03-13T18:22:27.895+0000] {subprocess.py:75} INFO - Running command: ['/usr/bin/bash', '-c', 'spark-submit --master local[*] /opt/airflow/spark_jobs/process_data.py']
[2026-03-13T18:22:27.905+0000] {subprocess.py:86} INFO - Output:
[2026-03-13T18:22:27.984+0000] {subprocess.py:93} INFO - /home/airflow/.local/lib/python3.12/site-packages/pyspark/bin/load-spark-env.sh: line 68: ps: command not found
[2026-03-13T18:22:31.859+0000] {subprocess.py:93} INFO - /opt/airflow/spark_jobs/process_data.py:163: DeprecationWarning: datetime.datetime.utcnow() is deprecated and scheduled for removal in a future version. Use timezone-aware objects to represent datetimes in UTC: datetime.datetime.now(datetime.UTC).
[2026-03-13T18:22:31.861+0000] {subprocess.py:93} INFO -   run_id = datetime.utcnow().strftime("%Y%m%d_%H%M%S")
[2026-03-13T18:22:31.973+0000] {subprocess.py:93} INFO - 26/03/13 18:22:31 INFO SparkContext: Running Spark version 3.5.1
[2026-03-13T18:22:31.976+0000] {subprocess.py:93} INFO - 26/03/13 18:22:31 INFO SparkContext: OS info Linux, 6.6.87.2-microsoft-standard-WSL2, amd64
[2026-03-13T18:22:31.977+0000] {subprocess.py:93} INFO - 26/03/13 18:22:31 INFO SparkContext: Java version 17.0.18
[2026-03-13T18:22:32.085+0000] {subprocess.py:93} INFO - 26/03/13 18:22:32 WARN NativeCodeLoader: Unable to load native-hadoop library for your platform... using builtin-java classes where applicable
[2026-03-13T18:22:32.234+0000] {subprocess.py:93} INFO - 26/03/13 18:22:32 INFO ResourceUtils: ==============================================================
[2026-03-13T18:22:32.235+0000] {subprocess.py:93} INFO - 26/03/13 18:22:32 INFO ResourceUtils: No custom resources configured for spark.driver.
[2026-03-13T18:22:32.236+0000] {subprocess.py:93} INFO - 26/03/13 18:22:32 INFO ResourceUtils: ==============================================================
[2026-03-13T18:22:32.237+0000] {subprocess.py:93} INFO - 26/03/13 18:22:32 INFO SparkContext: Submitted application: ProcessData
[2026-03-13T18:22:32.259+0000] {subprocess.py:93} INFO - 26/03/13 18:22:32 INFO ResourceProfile: Default ResourceProfile created, executor resources: Map(cores -> name: cores, amount: 1, script: , vendor: , memory -> name: memory, amount: 1024, script: , vendor: , offHeap -> name: offHeap, amount: 0, script: , vendor: ), task resources: Map(cpus -> name: cpus, amount: 1.0)
[2026-03-13T18:22:32.265+0000] {subprocess.py:93} INFO - 26/03/13 18:22:32 INFO ResourceProfile: Limiting resource is cpu
[2026-03-13T18:22:32.267+0000] {subprocess.py:93} INFO - 26/03/13 18:22:32 INFO ResourceProfileManager: Added ResourceProfile id: 0
[2026-03-13T18:22:32.341+0000] {subprocess.py:93} INFO - 26/03/13 18:22:32 INFO SecurityManager: Changing view acls to: airflow
[2026-03-13T18:22:32.342+0000] {subprocess.py:93} INFO - 26/03/13 18:22:32 INFO SecurityManager: Changing modify acls to: airflow
[2026-03-13T18:22:32.343+0000] {subprocess.py:93} INFO - 26/03/13 18:22:32 INFO SecurityManager: Changing view acls groups to:
[2026-03-13T18:22:32.344+0000] {subprocess.py:93} INFO - 26/03/13 18:22:32 INFO SecurityManager: Changing modify acls groups to:
[2026-03-13T18:22:32.344+0000] {subprocess.py:93} INFO - 26/03/13 18:22:32 INFO SecurityManager: SecurityManager: authentication disabled; ui acls disabled; users with view permissions: airflow; groups with view permissions: EMPTY; users with modify permissions: airflow; groups with modify permissions: EMPTY
[2026-03-13T18:22:32.737+0000] {subprocess.py:93} INFO - 26/03/13 18:22:32 INFO Utils: Successfully started service 'sparkDriver' on port 41419.
[2026-03-13T18:22:32.804+0000] {subprocess.py:93} INFO - 26/03/13 18:22:32 INFO SparkEnv: Registering MapOutputTracker
[2026-03-13T18:22:32.850+0000] {subprocess.py:93} INFO - 26/03/13 18:22:32 INFO SparkEnv: Registering BlockManagerMaster
[2026-03-13T18:22:32.870+0000] {subprocess.py:93} INFO - 26/03/13 18:22:32 INFO BlockManagerMasterEndpoint: Using org.apache.spark.storage.DefaultTopologyMapper for getting topology information
[2026-03-13T18:22:32.871+0000] {subprocess.py:93} INFO - 26/03/13 18:22:32 INFO BlockManagerMasterEndpoint: BlockManagerMasterEndpoint up
[2026-03-13T18:22:32.876+0000] {subprocess.py:93} INFO - 26/03/13 18:22:32 INFO SparkEnv: Registering BlockManagerMasterHeartbeat
[2026-03-13T18:22:32.915+0000] {subprocess.py:93} INFO - 26/03/13 18:22:32 INFO DiskBlockManager: Created local directory at /tmp/blockmgr-fe332b26-8619-427e-be31-139cc4fa2fa5
[2026-03-13T18:22:32.932+0000] {subprocess.py:93} INFO - 26/03/13 18:22:32 INFO MemoryStore: MemoryStore started with capacity 434.4 MiB
[2026-03-13T18:22:32.952+0000] {subprocess.py:93} INFO - 26/03/13 18:22:32 INFO SparkEnv: Registering OutputCommitCoordinator
[2026-03-13T18:22:33.102+0000] {subprocess.py:93} INFO - 26/03/13 18:22:33 INFO JettyUtils: Start Jetty 0.0.0.0:4040 for SparkUI
[2026-03-13T18:22:33.175+0000] {subprocess.py:93} INFO - 26/03/13 18:22:33 INFO Utils: Successfully started service 'SparkUI' on port 4040.
[2026-03-13T18:22:33.272+0000] {subprocess.py:93} INFO - 26/03/13 18:22:33 INFO Executor: Starting executor ID driver on host 670d40c6e2a9
[2026-03-13T18:22:33.272+0000] {subprocess.py:93} INFO - 26/03/13 18:22:33 INFO Executor: OS info Linux, 6.6.87.2-microsoft-standard-WSL2, amd64
[2026-03-13T18:22:33.273+0000] {subprocess.py:93} INFO - 26/03/13 18:22:33 INFO Executor: Java version 17.0.18
[2026-03-13T18:22:33.281+0000] {subprocess.py:93} INFO - 26/03/13 18:22:33 INFO Executor: Starting executor with user classpath (userClassPathFirst = false): ''
[2026-03-13T18:22:33.281+0000] {subprocess.py:93} INFO - 26/03/13 18:22:33 INFO Executor: Created or updated repl class loader org.apache.spark.util.MutableURLClassLoader@531e9e53 for default.
[2026-03-13T18:22:33.301+0000] {subprocess.py:93} INFO - 26/03/13 18:22:33 INFO Utils: Successfully started service 'org.apache.spark.network.netty.NettyBlockTransferService' on port 33591.
[2026-03-13T18:22:33.302+0000] {subprocess.py:93} INFO - 26/03/13 18:22:33 INFO NettyBlockTransferService: Server created on 670d40c6e2a9:33591
[2026-03-13T18:22:33.303+0000] {subprocess.py:93} INFO - 26/03/13 18:22:33 INFO BlockManager: Using org.apache.spark.storage.RandomBlockReplicationPolicy for block replication policy
[2026-03-13T18:22:33.310+0000] {subprocess.py:93} INFO - 26/03/13 18:22:33 INFO BlockManagerMaster: Registering BlockManager BlockManagerId(driver, 670d40c6e2a9, 33591, None)
[2026-03-13T18:22:33.313+0000] {subprocess.py:93} INFO - 26/03/13 18:22:33 INFO BlockManagerMasterEndpoint: Registering block manager 670d40c6e2a9:33591 with 434.4 MiB RAM, BlockManagerId(driver, 670d40c6e2a9, 33591, None)
[2026-03-13T18:22:33.315+0000] {subprocess.py:93} INFO - 26/03/13 18:22:33 INFO BlockManagerMaster: Registered BlockManager BlockManagerId(driver, 670d40c6e2a9, 33591, None)
[2026-03-13T18:22:33.316+0000] {subprocess.py:93} INFO - 26/03/13 18:22:33 INFO BlockManager: Initialized BlockManager: BlockManagerId(driver, 670d40c6e2a9, 33591, None)
[2026-03-13T18:22:38.703+0000] {subprocess.py:93} INFO - === Raw Data Schema ===
[2026-03-13T18:22:38.706+0000] {subprocess.py:93} INFO - root
[2026-03-13T18:22:38.707+0000] {subprocess.py:93} INFO -  |-- id: integer (nullable = true)
[2026-03-13T18:22:38.707+0000] {subprocess.py:93} INFO -  |-- name: string (nullable = true)
[2026-03-13T18:22:38.708+0000] {subprocess.py:93} INFO -  |-- amount: integer (nullable = true)
[2026-03-13T18:22:38.709+0000] {subprocess.py:93} INFO - 
[2026-03-13T18:22:38.710+0000] {subprocess.py:93} INFO - === Sample Raw Data ===
[2026-03-13T18:22:38.946+0000] {subprocess.py:93} INFO - +---+-------+------+
[2026-03-13T18:22:38.948+0000] {subprocess.py:93} INFO - |id |name   |amount|
[2026-03-13T18:22:38.949+0000] {subprocess.py:93} INFO - +---+-------+------+
[2026-03-13T18:22:38.949+0000] {subprocess.py:93} INFO - |1  |Alice  |209   |
[2026-03-13T18:22:38.950+0000] {subprocess.py:93} INFO - |2  |Charlie|343   |
[2026-03-13T18:22:38.951+0000] {subprocess.py:93} INFO - |3  |Charlie|359   |
[2026-03-13T18:22:38.951+0000] {subprocess.py:93} INFO - |4  |Alice  |362   |
[2026-03-13T18:22:38.952+0000] {subprocess.py:93} INFO - |5  |Ivy    |150   |
[2026-03-13T18:22:38.953+0000] {subprocess.py:93} INFO - |6  |Grace  |558   |
[2026-03-13T18:22:38.953+0000] {subprocess.py:93} INFO - |7  |Nina   |112   |
[2026-03-13T18:22:38.954+0000] {subprocess.py:93} INFO - |8  |Jack   |589   |
[2026-03-13T18:22:38.955+0000] {subprocess.py:93} INFO - |9  |Bob    |323   |
[2026-03-13T18:22:38.955+0000] {subprocess.py:93} INFO - |10 |Owen   |515   |
[2026-03-13T18:22:38.956+0000] {subprocess.py:93} INFO - |11 |Ivy    |160   |
[2026-03-13T18:22:38.957+0000] {subprocess.py:93} INFO - |12 |Alice  |406   |
[2026-03-13T18:22:38.958+0000] {subprocess.py:93} INFO - |13 |Ivy    |505   |
[2026-03-13T18:22:38.958+0000] {subprocess.py:93} INFO - |14 |Liam   |297   |
[2026-03-13T18:22:38.959+0000] {subprocess.py:93} INFO - |15 |Nina   |431   |
[2026-03-13T18:22:38.960+0000] {subprocess.py:93} INFO - |16 |Alice  |515   |
[2026-03-13T18:22:38.961+0000] {subprocess.py:93} INFO - |17 |Frank  |512   |
[2026-03-13T18:22:38.961+0000] {subprocess.py:93} INFO - |18 |David  |153   |
[2026-03-13T18:22:38.962+0000] {subprocess.py:93} INFO - |19 |Karen  |267   |
[2026-03-13T18:22:38.963+0000] {subprocess.py:93} INFO - |20 |Owen   |317   |
[2026-03-13T18:22:38.963+0000] {subprocess.py:93} INFO - +---+-------+------+
[2026-03-13T18:22:38.964+0000] {subprocess.py:93} INFO - only showing top 20 rows
[2026-03-13T18:22:38.964+0000] {subprocess.py:93} INFO - 
[2026-03-13T18:22:39.035+0000] {subprocess.py:93} INFO - === Processed Data Schema ===
[2026-03-13T18:22:39.036+0000] {subprocess.py:93} INFO - root
[2026-03-13T18:22:39.036+0000] {subprocess.py:93} INFO -  |-- id: integer (nullable = true)
[2026-03-13T18:22:39.037+0000] {subprocess.py:93} INFO -  |-- name: string (nullable = false)
[2026-03-13T18:22:39.037+0000] {subprocess.py:93} INFO -  |-- amount: integer (nullable = true)
[2026-03-13T18:22:39.038+0000] {subprocess.py:93} INFO -  |-- processing_timestamp: timestamp (nullable = false)
[2026-03-13T18:22:39.038+0000] {subprocess.py:93} INFO - 
[2026-03-13T18:22:39.039+0000] {subprocess.py:93} INFO - === Sample Processed Data ===
[2026-03-13T18:22:39.714+0000] {subprocess.py:93} INFO - +---+-------+------+--------------------------+
[2026-03-13T18:22:39.715+0000] {subprocess.py:93} INFO - |id |name   |amount|processing_timestamp      |
[2026-03-13T18:22:39.717+0000] {subprocess.py:93} INFO - +---+-------+------+--------------------------+
[2026-03-13T18:22:39.718+0000] {subprocess.py:93} INFO - |7  |Nina   |112   |2026-03-13 18:22:39.054386|
[2026-03-13T18:22:39.719+0000] {subprocess.py:93} INFO - |4  |Alice  |362   |2026-03-13 18:22:39.054386|
[2026-03-13T18:22:39.719+0000] {subprocess.py:93} INFO - |2  |Charlie|343   |2026-03-13 18:22:39.054386|
[2026-03-13T18:22:39.720+0000] {subprocess.py:93} INFO - |24 |Eva    |267   |2026-03-13 18:22:39.054386|
[2026-03-13T18:22:39.720+0000] {subprocess.py:93} INFO - |25 |Mona   |461   |2026-03-13 18:22:39.054386|
[2026-03-13T18:22:39.721+0000] {subprocess.py:93} INFO - |1  |Alice  |209   |2026-03-13 18:22:39.054386|
[2026-03-13T18:22:39.722+0000] {subprocess.py:93} INFO - |23 |Grace  |112   |2026-03-13 18:22:39.054386|
[2026-03-13T18:22:39.722+0000] {subprocess.py:93} INFO - |12 |Alice  |406   |2026-03-13 18:22:39.054386|
[2026-03-13T18:22:39.723+0000] {subprocess.py:93} INFO - |9  |Bob    |323   |2026-03-13 18:22:39.054386|
[2026-03-13T18:22:39.723+0000] {subprocess.py:93} INFO - |15 |Nina   |431   |2026-03-13 18:22:39.054386|
[2026-03-13T18:22:39.724+0000] {subprocess.py:93} INFO - |3  |Charlie|359   |2026-03-13 18:22:39.054386|
[2026-03-13T18:22:39.724+0000] {subprocess.py:93} INFO - |22 |Bob    |416   |2026-03-13 18:22:39.054386|
[2026-03-13T18:22:39.725+0000] {subprocess.py:93} INFO - |10 |Owen   |515   |2026-03-13 18:22:39.054386|
[2026-03-13T18:22:39.725+0000] {subprocess.py:93} INFO - |20 |Owen   |317   |2026-03-13 18:22:39.054386|
[2026-03-13T18:22:39.726+0000] {subprocess.py:93} INFO - |11 |Ivy    |160   |2026-03-13 18:22:39.054386|
[2026-03-13T18:22:39.727+0000] {subprocess.py:93} INFO - |13 |Ivy    |505   |2026-03-13 18:22:39.054386|
[2026-03-13T18:22:39.727+0000] {subprocess.py:93} INFO - |21 |Frank  |141   |2026-03-13 18:22:39.054386|
[2026-03-13T18:22:39.728+0000] {subprocess.py:93} INFO - |18 |David  |153   |2026-03-13 18:22:39.054386|
[2026-03-13T18:22:39.728+0000] {subprocess.py:93} INFO - |17 |Frank  |512   |2026-03-13 18:22:39.054386|
[2026-03-13T18:22:39.729+0000] {subprocess.py:93} INFO - |8  |Jack   |589   |2026-03-13 18:22:39.054386|
[2026-03-13T18:22:39.729+0000] {subprocess.py:93} INFO - +---+-------+------+--------------------------+
[2026-03-13T18:22:39.729+0000] {subprocess.py:93} INFO - only showing top 20 rows
[2026-03-13T18:22:39.730+0000] {subprocess.py:93} INFO - 
[2026-03-13T18:22:43.493+0000] {subprocess.py:93} INFO - Wrote Parquet output to: /opt/data/output/processed_parquet/
[2026-03-13T18:22:43.494+0000] {subprocess.py:93} INFO - Wrote CSV output to: /opt/data/output/processed_csv/
[2026-03-13T18:22:45.953+0000] {subprocess.py:93} INFO - Source input files retained in /opt/data/input (archiving disabled).
[2026-03-13T18:22:46.647+0000] {subprocess.py:97} INFO - Command exited with return code 0
[2026-03-13T18:22:46.648+0000] {taskinstance.py:441} INFO - ::group::Post task execution logs
[2026-03-13T18:22:46.686+0000] {taskinstance.py:1206} INFO - Marking task as SUCCESS. dag_id=event_trigger_pipeline, task_id=run_spark_job, run_id=manual__2026-03-13T18:22:21.609083+00:00, execution_date=20260313T182221, start_date=20260313T182227, end_date=20260313T182246
[2026-03-13T18:22:46.720+0000] {local_task_job_runner.py:243} INFO - Task exited with return code 0
[2026-03-13T18:22:46.729+0000] {taskinstance.py:3503} INFO - 0 downstream tasks scheduled from follow-on schedule check
[2026-03-13T18:22:46.730+0000] {local_task_job_runner.py:222} INFO - ::endgroup::
