[2026-03-13T17:38:21.966+0000] {local_task_job_runner.py:120} INFO - ::group::Pre task execution logs
[2026-03-13T17:38:22.025+0000] {taskinstance.py:2076} INFO - Dependencies all met for dep_context=non-requeueable deps ti=<TaskInstance: event_trigger_pipeline.wait_for_input manual__2026-03-13T17:36:48+00:00 [queued]>
[2026-03-13T17:38:22.055+0000] {taskinstance.py:2076} INFO - Dependencies all met for dep_context=requeueable deps ti=<TaskInstance: event_trigger_pipeline.wait_for_input manual__2026-03-13T17:36:48+00:00 [queued]>
[2026-03-13T17:38:22.056+0000] {taskinstance.py:2306} INFO - Starting attempt 1 of 2
[2026-03-13T17:38:22.145+0000] {taskinstance.py:2330} INFO - Executing <Task(FileSensor): wait_for_input> on 2026-03-13 17:36:48+00:00
[2026-03-13T17:38:22.152+0000] {standard_task_runner.py:64} INFO - Started process 5905 to run task
[2026-03-13T17:38:22.156+0000] {standard_task_runner.py:90} INFO - Running: ['airflow', 'tasks', 'run', 'event_trigger_pipeline', 'wait_for_input', 'manual__2026-03-13T17:36:48+00:00', '--job-id', '11', '--raw', '--subdir', 'DAGS_FOLDER/event_trigger_pipeline.py', '--cfg-path', '/tmp/tmp1j2qfqy5']
[2026-03-13T17:38:22.159+0000] {standard_task_runner.py:91} INFO - Job 11: Subtask wait_for_input
[2026-03-13T17:38:22.246+0000] {task_command.py:426} INFO - Running <TaskInstance: event_trigger_pipeline.wait_for_input manual__2026-03-13T17:36:48+00:00 [running]> on host 670d40c6e2a9
[2026-03-13T17:38:22.353+0000] {taskinstance.py:2648} INFO - Exporting env vars: AIRFLOW_CTX_DAG_OWNER='airflow' AIRFLOW_CTX_DAG_ID='event_trigger_pipeline' AIRFLOW_CTX_TASK_ID='wait_for_input' AIRFLOW_CTX_EXECUTION_DATE='2026-03-13T17:36:48+00:00' AIRFLOW_CTX_TRY_NUMBER='1' AIRFLOW_CTX_DAG_RUN_ID='manual__2026-03-13T17:36:48+00:00'
[2026-03-13T17:38:22.354+0000] {taskinstance.py:430} INFO - ::endgroup::
[2026-03-13T17:38:22.385+0000] {baseoperator.py:400} WARNING - FileSensor.execute cannot be called outside TaskInstance!
[2026-03-13T17:38:22.387+0000] {base.py:84} INFO - Using connection ID 'fs_default' for task execution.
[2026-03-13T17:38:22.388+0000] {filesystem.py:85} INFO - Poking for file /opt/data/input/sample.csv
[2026-03-13T17:38:22.395+0000] {filesystem.py:89} INFO - Found File /opt/data/input/sample.csv last modified: 20260313173759
[2026-03-13T17:38:22.396+0000] {base.py:294} INFO - Success criteria met. Exiting.
[2026-03-13T17:38:22.397+0000] {filesystem.py:85} INFO - Poking for file /opt/data/input/sample.csv
[2026-03-13T17:38:22.410+0000] {filesystem.py:89} INFO - Found File /opt/data/input/sample.csv last modified: 20260313173759
[2026-03-13T17:38:22.411+0000] {taskinstance.py:441} INFO - ::group::Post task execution logs
[2026-03-13T17:38:22.418+0000] {taskinstance.py:1206} INFO - Marking task as SUCCESS. dag_id=event_trigger_pipeline, task_id=wait_for_input, run_id=manual__2026-03-13T17:36:48+00:00, execution_date=20260313T173648, start_date=20260313T173822, end_date=20260313T173822
[2026-03-13T17:38:22.451+0000] {local_task_job_runner.py:243} INFO - Task exited with return code 0
[2026-03-13T17:38:22.475+0000] {taskinstance.py:3503} INFO - 1 downstream tasks scheduled from follow-on schedule check
[2026-03-13T17:38:22.495+0000] {local_task_job_runner.py:222} INFO - ::endgroup::
