[2026-03-13T17:38:54.257+0000] {local_task_job_runner.py:120} INFO - ::group::Pre task execution logs
[2026-03-13T17:38:54.292+0000] {taskinstance.py:2076} INFO - Dependencies all met for dep_context=non-requeueable deps ti=<TaskInstance: daily_spark_pipeline.run_spark_job manual__2026-03-13T17:38:18.320937+00:00 [queued]>
[2026-03-13T17:38:54.305+0000] {taskinstance.py:2076} INFO - Dependencies all met for dep_context=requeueable deps ti=<TaskInstance: daily_spark_pipeline.run_spark_job manual__2026-03-13T17:38:18.320937+00:00 [queued]>
[2026-03-13T17:38:54.307+0000] {taskinstance.py:2306} INFO - Starting attempt 1 of 2
[2026-03-13T17:38:54.330+0000] {taskinstance.py:2330} INFO - Executing <Task(BashOperator): run_spark_job> on 2026-03-13 17:38:18.320937+00:00
[2026-03-13T17:38:54.335+0000] {standard_task_runner.py:64} INFO - Started process 6364 to run task
[2026-03-13T17:38:54.338+0000] {standard_task_runner.py:90} INFO - Running: ['airflow', 'tasks', 'run', 'daily_spark_pipeline', 'run_spark_job', 'manual__2026-03-13T17:38:18.320937+00:00', '--job-id', '14', '--raw', '--subdir', 'DAGS_FOLDER/daily_pipeline.py', '--cfg-path', '/tmp/tmprplg1t58']
[2026-03-13T17:38:54.340+0000] {standard_task_runner.py:91} INFO - Job 14: Subtask run_spark_job
[2026-03-13T17:38:54.438+0000] {task_command.py:426} INFO - Running <TaskInstance: daily_spark_pipeline.run_spark_job manual__2026-03-13T17:38:18.320937+00:00 [running]> on host 670d40c6e2a9
[2026-03-13T17:38:54.550+0000] {taskinstance.py:2648} INFO - Exporting env vars: AIRFLOW_CTX_DAG_OWNER='airflow' AIRFLOW_CTX_DAG_ID='daily_spark_pipeline' AIRFLOW_CTX_TASK_ID='run_spark_job' AIRFLOW_CTX_EXECUTION_DATE='2026-03-13T17:38:18.320937+00:00' AIRFLOW_CTX_TRY_NUMBER='1' AIRFLOW_CTX_DAG_RUN_ID='manual__2026-03-13T17:38:18.320937+00:00'
[2026-03-13T17:38:54.553+0000] {taskinstance.py:430} INFO - ::endgroup::
[2026-03-13T17:38:54.569+0000] {subprocess.py:63} INFO - Tmp dir root location: /tmp
[2026-03-13T17:38:54.571+0000] {subprocess.py:75} INFO - Running command: ['/usr/bin/bash', '-c', 'spark-submit --master local[*] /opt/airflow/spark_jobs/process_data.py']
[2026-03-13T17:38:54.587+0000] {subprocess.py:86} INFO - Output:
[2026-03-13T17:38:54.682+0000] {subprocess.py:93} INFO - /home/airflow/.local/lib/python3.12/site-packages/pyspark/bin/load-spark-env.sh: line 68: ps: command not found
[2026-03-13T17:38:57.565+0000] {subprocess.py:93} INFO - /opt/airflow/spark_jobs/process_data.py:163: DeprecationWarning: datetime.datetime.utcnow() is deprecated and scheduled for removal in a future version. Use timezone-aware objects to represent datetimes in UTC: datetime.datetime.now(datetime.UTC).
[2026-03-13T17:38:57.566+0000] {subprocess.py:93} INFO -   run_id = datetime.utcnow().strftime("%Y%m%d_%H%M%S")
[2026-03-13T17:38:57.666+0000] {subprocess.py:93} INFO - 26/03/13 17:38:57 INFO SparkContext: Running Spark version 3.5.1
[2026-03-13T17:38:57.670+0000] {subprocess.py:93} INFO - 26/03/13 17:38:57 INFO SparkContext: OS info Linux, 6.6.87.2-microsoft-standard-WSL2, amd64
[2026-03-13T17:38:57.671+0000] {subprocess.py:93} INFO - 26/03/13 17:38:57 INFO SparkContext: Java version 17.0.18
[2026-03-13T17:38:57.746+0000] {subprocess.py:93} INFO - 26/03/13 17:38:57 WARN NativeCodeLoader: Unable to load native-hadoop library for your platform... using builtin-java classes where applicable
[2026-03-13T17:38:57.869+0000] {subprocess.py:93} INFO - 26/03/13 17:38:57 INFO ResourceUtils: ==============================================================
[2026-03-13T17:38:57.871+0000] {subprocess.py:93} INFO - 26/03/13 17:38:57 INFO ResourceUtils: No custom resources configured for spark.driver.
[2026-03-13T17:38:57.871+0000] {subprocess.py:93} INFO - 26/03/13 17:38:57 INFO ResourceUtils: ==============================================================
[2026-03-13T17:38:57.872+0000] {subprocess.py:93} INFO - 26/03/13 17:38:57 INFO SparkContext: Submitted application: ProcessData
[2026-03-13T17:38:57.930+0000] {subprocess.py:93} INFO - 26/03/13 17:38:57 INFO ResourceProfile: Default ResourceProfile created, executor resources: Map(cores -> name: cores, amount: 1, script: , vendor: , memory -> name: memory, amount: 1024, script: , vendor: , offHeap -> name: offHeap, amount: 0, script: , vendor: ), task resources: Map(cpus -> name: cpus, amount: 1.0)
[2026-03-13T17:38:57.957+0000] {subprocess.py:93} INFO - 26/03/13 17:38:57 INFO ResourceProfile: Limiting resource is cpu
[2026-03-13T17:38:57.967+0000] {subprocess.py:93} INFO - 26/03/13 17:38:57 INFO ResourceProfileManager: Added ResourceProfile id: 0
[2026-03-13T17:38:58.071+0000] {subprocess.py:93} INFO - 26/03/13 17:38:58 INFO SecurityManager: Changing view acls to: airflow
[2026-03-13T17:38:58.073+0000] {subprocess.py:93} INFO - 26/03/13 17:38:58 INFO SecurityManager: Changing modify acls to: airflow
[2026-03-13T17:38:58.075+0000] {subprocess.py:93} INFO - 26/03/13 17:38:58 INFO SecurityManager: Changing view acls groups to:
[2026-03-13T17:38:58.078+0000] {subprocess.py:93} INFO - 26/03/13 17:38:58 INFO SecurityManager: Changing modify acls groups to:
[2026-03-13T17:38:58.079+0000] {subprocess.py:93} INFO - 26/03/13 17:38:58 INFO SecurityManager: SecurityManager: authentication disabled; ui acls disabled; users with view permissions: airflow; groups with view permissions: EMPTY; users with modify permissions: airflow; groups with modify permissions: EMPTY
[2026-03-13T17:38:58.473+0000] {subprocess.py:93} INFO - 26/03/13 17:38:58 INFO Utils: Successfully started service 'sparkDriver' on port 44411.
[2026-03-13T17:38:58.503+0000] {subprocess.py:93} INFO - 26/03/13 17:38:58 INFO SparkEnv: Registering MapOutputTracker
[2026-03-13T17:38:58.543+0000] {subprocess.py:93} INFO - 26/03/13 17:38:58 INFO SparkEnv: Registering BlockManagerMaster
[2026-03-13T17:38:58.561+0000] {subprocess.py:93} INFO - 26/03/13 17:38:58 INFO BlockManagerMasterEndpoint: Using org.apache.spark.storage.DefaultTopologyMapper for getting topology information
[2026-03-13T17:38:58.563+0000] {subprocess.py:93} INFO - 26/03/13 17:38:58 INFO BlockManagerMasterEndpoint: BlockManagerMasterEndpoint up
[2026-03-13T17:38:58.569+0000] {subprocess.py:93} INFO - 26/03/13 17:38:58 INFO SparkEnv: Registering BlockManagerMasterHeartbeat
[2026-03-13T17:38:58.600+0000] {subprocess.py:93} INFO - 26/03/13 17:38:58 INFO DiskBlockManager: Created local directory at /tmp/blockmgr-eb921248-e722-46c1-ae15-8819d00148a1
[2026-03-13T17:38:58.619+0000] {subprocess.py:93} INFO - 26/03/13 17:38:58 INFO MemoryStore: MemoryStore started with capacity 434.4 MiB
[2026-03-13T17:38:58.642+0000] {subprocess.py:93} INFO - 26/03/13 17:38:58 INFO SparkEnv: Registering OutputCommitCoordinator
[2026-03-13T17:38:58.768+0000] {subprocess.py:93} INFO - 26/03/13 17:38:58 INFO JettyUtils: Start Jetty 0.0.0.0:4040 for SparkUI
[2026-03-13T17:38:58.832+0000] {subprocess.py:93} INFO - 26/03/13 17:38:58 INFO Utils: Successfully started service 'SparkUI' on port 4040.
[2026-03-13T17:38:58.926+0000] {subprocess.py:93} INFO - 26/03/13 17:38:58 INFO Executor: Starting executor ID driver on host 670d40c6e2a9
[2026-03-13T17:38:58.927+0000] {subprocess.py:93} INFO - 26/03/13 17:38:58 INFO Executor: OS info Linux, 6.6.87.2-microsoft-standard-WSL2, amd64
[2026-03-13T17:38:58.927+0000] {subprocess.py:93} INFO - 26/03/13 17:38:58 INFO Executor: Java version 17.0.18
[2026-03-13T17:38:58.934+0000] {subprocess.py:93} INFO - 26/03/13 17:38:58 INFO Executor: Starting executor with user classpath (userClassPathFirst = false): ''
[2026-03-13T17:38:58.935+0000] {subprocess.py:93} INFO - 26/03/13 17:38:58 INFO Executor: Created or updated repl class loader org.apache.spark.util.MutableURLClassLoader@35081789 for default.
[2026-03-13T17:38:58.955+0000] {subprocess.py:93} INFO - 26/03/13 17:38:58 INFO Utils: Successfully started service 'org.apache.spark.network.netty.NettyBlockTransferService' on port 33293.
[2026-03-13T17:38:58.956+0000] {subprocess.py:93} INFO - 26/03/13 17:38:58 INFO NettyBlockTransferService: Server created on 670d40c6e2a9:33293
[2026-03-13T17:38:58.957+0000] {subprocess.py:93} INFO - 26/03/13 17:38:58 INFO BlockManager: Using org.apache.spark.storage.RandomBlockReplicationPolicy for block replication policy
[2026-03-13T17:38:58.962+0000] {subprocess.py:93} INFO - 26/03/13 17:38:58 INFO BlockManagerMaster: Registering BlockManager BlockManagerId(driver, 670d40c6e2a9, 33293, None)
[2026-03-13T17:38:58.966+0000] {subprocess.py:93} INFO - 26/03/13 17:38:58 INFO BlockManagerMasterEndpoint: Registering block manager 670d40c6e2a9:33293 with 434.4 MiB RAM, BlockManagerId(driver, 670d40c6e2a9, 33293, None)
[2026-03-13T17:38:58.968+0000] {subprocess.py:93} INFO - 26/03/13 17:38:58 INFO BlockManagerMaster: Registered BlockManager BlockManagerId(driver, 670d40c6e2a9, 33293, None)
[2026-03-13T17:38:58.970+0000] {subprocess.py:93} INFO - 26/03/13 17:38:58 INFO BlockManager: Initialized BlockManager: BlockManagerId(driver, 670d40c6e2a9, 33293, None)
[2026-03-13T17:39:03.852+0000] {subprocess.py:93} INFO - === Raw Data Schema ===
[2026-03-13T17:39:03.856+0000] {subprocess.py:93} INFO - root
[2026-03-13T17:39:03.857+0000] {subprocess.py:93} INFO -  |-- id: integer (nullable = true)
[2026-03-13T17:39:03.858+0000] {subprocess.py:93} INFO -  |-- name: string (nullable = true)
[2026-03-13T17:39:03.859+0000] {subprocess.py:93} INFO -  |-- amount: integer (nullable = true)
[2026-03-13T17:39:03.860+0000] {subprocess.py:93} INFO - 
[2026-03-13T17:39:03.861+0000] {subprocess.py:93} INFO - === Sample Raw Data ===
[2026-03-13T17:39:04.132+0000] {subprocess.py:93} INFO - +---+-------+------+
[2026-03-13T17:39:04.133+0000] {subprocess.py:93} INFO - |id |name   |amount|
[2026-03-13T17:39:04.134+0000] {subprocess.py:93} INFO - +---+-------+------+
[2026-03-13T17:39:04.135+0000] {subprocess.py:93} INFO - |1  |Alice  |209   |
[2026-03-13T17:39:04.135+0000] {subprocess.py:93} INFO - |2  |Charlie|343   |
[2026-03-13T17:39:04.136+0000] {subprocess.py:93} INFO - |3  |Charlie|359   |
[2026-03-13T17:39:04.136+0000] {subprocess.py:93} INFO - |4  |Alice  |362   |
[2026-03-13T17:39:04.137+0000] {subprocess.py:93} INFO - |5  |Ivy    |150   |
[2026-03-13T17:39:04.137+0000] {subprocess.py:93} INFO - |6  |Grace  |558   |
[2026-03-13T17:39:04.137+0000] {subprocess.py:93} INFO - |7  |Nina   |112   |
[2026-03-13T17:39:04.137+0000] {subprocess.py:93} INFO - |8  |Jack   |589   |
[2026-03-13T17:39:04.138+0000] {subprocess.py:93} INFO - |9  |Bob    |323   |
[2026-03-13T17:39:04.139+0000] {subprocess.py:93} INFO - |10 |Owen   |515   |
[2026-03-13T17:39:04.140+0000] {subprocess.py:93} INFO - |11 |Ivy    |160   |
[2026-03-13T17:39:04.141+0000] {subprocess.py:93} INFO - |12 |Alice  |406   |
[2026-03-13T17:39:04.141+0000] {subprocess.py:93} INFO - |13 |Ivy    |505   |
[2026-03-13T17:39:04.142+0000] {subprocess.py:93} INFO - |14 |Liam   |297   |
[2026-03-13T17:39:04.142+0000] {subprocess.py:93} INFO - |15 |Nina   |431   |
[2026-03-13T17:39:04.143+0000] {subprocess.py:93} INFO - |16 |Alice  |515   |
[2026-03-13T17:39:04.144+0000] {subprocess.py:93} INFO - |17 |Frank  |512   |
[2026-03-13T17:39:04.144+0000] {subprocess.py:93} INFO - |18 |David  |153   |
[2026-03-13T17:39:04.145+0000] {subprocess.py:93} INFO - |19 |Karen  |267   |
[2026-03-13T17:39:04.145+0000] {subprocess.py:93} INFO - |20 |Owen   |317   |
[2026-03-13T17:39:04.146+0000] {subprocess.py:93} INFO - +---+-------+------+
[2026-03-13T17:39:04.147+0000] {subprocess.py:93} INFO - only showing top 20 rows
[2026-03-13T17:39:04.148+0000] {subprocess.py:93} INFO - 
[2026-03-13T17:39:04.216+0000] {subprocess.py:93} INFO - === Processed Data Schema ===
[2026-03-13T17:39:04.217+0000] {subprocess.py:93} INFO - root
[2026-03-13T17:39:04.218+0000] {subprocess.py:93} INFO -  |-- id: integer (nullable = true)
[2026-03-13T17:39:04.218+0000] {subprocess.py:93} INFO -  |-- name: string (nullable = false)
[2026-03-13T17:39:04.219+0000] {subprocess.py:93} INFO -  |-- amount: integer (nullable = true)
[2026-03-13T17:39:04.219+0000] {subprocess.py:93} INFO -  |-- processing_timestamp: timestamp (nullable = false)
[2026-03-13T17:39:04.220+0000] {subprocess.py:93} INFO - 
[2026-03-13T17:39:04.220+0000] {subprocess.py:93} INFO - === Sample Processed Data ===
[2026-03-13T17:39:04.936+0000] {subprocess.py:93} INFO - +---+-------+------+--------------------------+
[2026-03-13T17:39:04.937+0000] {subprocess.py:93} INFO - |id |name   |amount|processing_timestamp      |
[2026-03-13T17:39:04.938+0000] {subprocess.py:93} INFO - +---+-------+------+--------------------------+
[2026-03-13T17:39:04.939+0000] {subprocess.py:93} INFO - |7  |Nina   |112   |2026-03-13 17:39:04.235967|
[2026-03-13T17:39:04.940+0000] {subprocess.py:93} INFO - |4  |Alice  |362   |2026-03-13 17:39:04.235967|
[2026-03-13T17:39:04.941+0000] {subprocess.py:93} INFO - |2  |Charlie|343   |2026-03-13 17:39:04.235967|
[2026-03-13T17:39:04.941+0000] {subprocess.py:93} INFO - |24 |Eva    |267   |2026-03-13 17:39:04.235967|
[2026-03-13T17:39:04.942+0000] {subprocess.py:93} INFO - |25 |Mona   |461   |2026-03-13 17:39:04.235967|
[2026-03-13T17:39:04.943+0000] {subprocess.py:93} INFO - |1  |Alice  |209   |2026-03-13 17:39:04.235967|
[2026-03-13T17:39:04.944+0000] {subprocess.py:93} INFO - |23 |Grace  |112   |2026-03-13 17:39:04.235967|
[2026-03-13T17:39:04.945+0000] {subprocess.py:93} INFO - |12 |Alice  |406   |2026-03-13 17:39:04.235967|
[2026-03-13T17:39:04.945+0000] {subprocess.py:93} INFO - |9  |Bob    |323   |2026-03-13 17:39:04.235967|
[2026-03-13T17:39:04.946+0000] {subprocess.py:93} INFO - |15 |Nina   |431   |2026-03-13 17:39:04.235967|
[2026-03-13T17:39:04.947+0000] {subprocess.py:93} INFO - |3  |Charlie|359   |2026-03-13 17:39:04.235967|
[2026-03-13T17:39:04.947+0000] {subprocess.py:93} INFO - |22 |Bob    |416   |2026-03-13 17:39:04.235967|
[2026-03-13T17:39:04.948+0000] {subprocess.py:93} INFO - |10 |Owen   |515   |2026-03-13 17:39:04.235967|
[2026-03-13T17:39:04.948+0000] {subprocess.py:93} INFO - |20 |Owen   |317   |2026-03-13 17:39:04.235967|
[2026-03-13T17:39:04.949+0000] {subprocess.py:93} INFO - |11 |Ivy    |160   |2026-03-13 17:39:04.235967|
[2026-03-13T17:39:04.950+0000] {subprocess.py:93} INFO - |13 |Ivy    |505   |2026-03-13 17:39:04.235967|
[2026-03-13T17:39:04.951+0000] {subprocess.py:93} INFO - |21 |Frank  |141   |2026-03-13 17:39:04.235967|
[2026-03-13T17:39:04.951+0000] {subprocess.py:93} INFO - |18 |David  |153   |2026-03-13 17:39:04.235967|
[2026-03-13T17:39:04.952+0000] {subprocess.py:93} INFO - |17 |Frank  |512   |2026-03-13 17:39:04.235967|
[2026-03-13T17:39:04.953+0000] {subprocess.py:93} INFO - |8  |Jack   |589   |2026-03-13 17:39:04.235967|
[2026-03-13T17:39:04.954+0000] {subprocess.py:93} INFO - +---+-------+------+--------------------------+
[2026-03-13T17:39:04.955+0000] {subprocess.py:93} INFO - only showing top 20 rows
[2026-03-13T17:39:04.955+0000] {subprocess.py:93} INFO - 
[2026-03-13T17:39:09.385+0000] {subprocess.py:93} INFO - Wrote Parquet output to: /opt/data/output/processed_parquet/
[2026-03-13T17:39:09.389+0000] {subprocess.py:93} INFO - Wrote CSV output to: /opt/data/output/processed_csv/
[2026-03-13T17:39:12.444+0000] {subprocess.py:93} INFO - Source input files retained in /opt/data/input (archiving disabled).
[2026-03-13T17:39:12.780+0000] {subprocess.py:97} INFO - Command exited with return code 0
[2026-03-13T17:39:12.782+0000] {taskinstance.py:441} INFO - ::group::Post task execution logs
[2026-03-13T17:39:12.814+0000] {taskinstance.py:1206} INFO - Marking task as SUCCESS. dag_id=daily_spark_pipeline, task_id=run_spark_job, run_id=manual__2026-03-13T17:38:18.320937+00:00, execution_date=20260313T173818, start_date=20260313T173854, end_date=20260313T173912
[2026-03-13T17:39:13.025+0000] {local_task_job_runner.py:243} INFO - Task exited with return code 0
[2026-03-13T17:39:13.034+0000] {taskinstance.py:3503} INFO - 0 downstream tasks scheduled from follow-on schedule check
[2026-03-13T17:39:13.035+0000] {local_task_job_runner.py:222} INFO - ::endgroup::
