[2026-03-14T05:01:56.540+0000] {local_task_job_runner.py:120} INFO - ::group::Pre task execution logs
[2026-03-14T05:01:56.572+0000] {taskinstance.py:2076} INFO - Dependencies all met for dep_context=non-requeueable deps ti=<TaskInstance: event_trigger_pipeline.run_spark_job manual__2026-03-14T05:01:52+00:00 [queued]>
[2026-03-14T05:01:56.582+0000] {taskinstance.py:2076} INFO - Dependencies all met for dep_context=requeueable deps ti=<TaskInstance: event_trigger_pipeline.run_spark_job manual__2026-03-14T05:01:52+00:00 [queued]>
[2026-03-14T05:01:56.584+0000] {taskinstance.py:2306} INFO - Starting attempt 1 of 2
[2026-03-14T05:01:56.622+0000] {taskinstance.py:2330} INFO - Executing <Task(BashOperator): run_spark_job> on 2026-03-14 05:01:52+00:00
[2026-03-14T05:01:56.628+0000] {standard_task_runner.py:64} INFO - Started process 29074 to run task
[2026-03-14T05:01:56.633+0000] {standard_task_runner.py:90} INFO - Running: ['airflow', 'tasks', 'run', 'event_trigger_pipeline', 'run_spark_job', 'manual__2026-03-14T05:01:52+00:00', '--job-id', '51', '--raw', '--subdir', 'DAGS_FOLDER/event_trigger_pipeline.py', '--cfg-path', '/tmp/tmppc9migcg']
[2026-03-14T05:01:56.637+0000] {standard_task_runner.py:91} INFO - Job 51: Subtask run_spark_job
[2026-03-14T05:01:56.818+0000] {task_command.py:426} INFO - Running <TaskInstance: event_trigger_pipeline.run_spark_job manual__2026-03-14T05:01:52+00:00 [running]> on host 670d40c6e2a9
[2026-03-14T05:01:56.918+0000] {taskinstance.py:2648} INFO - Exporting env vars: AIRFLOW_CTX_DAG_OWNER='airflow' AIRFLOW_CTX_DAG_ID='event_trigger_pipeline' AIRFLOW_CTX_TASK_ID='run_spark_job' AIRFLOW_CTX_EXECUTION_DATE='2026-03-14T05:01:52+00:00' AIRFLOW_CTX_TRY_NUMBER='1' AIRFLOW_CTX_DAG_RUN_ID='manual__2026-03-14T05:01:52+00:00'
[2026-03-14T05:01:56.920+0000] {taskinstance.py:430} INFO - ::endgroup::
[2026-03-14T05:01:56.935+0000] {subprocess.py:63} INFO - Tmp dir root location: /tmp
[2026-03-14T05:01:56.936+0000] {subprocess.py:75} INFO - Running command: ['/usr/bin/bash', '-c', 'spark-submit --master local[*] /opt/airflow/spark_jobs/process_data.py']
[2026-03-14T05:01:56.944+0000] {subprocess.py:86} INFO - Output:
[2026-03-14T05:01:57.042+0000] {subprocess.py:93} INFO - /home/airflow/.local/lib/python3.12/site-packages/pyspark/bin/load-spark-env.sh: line 68: ps: command not found
[2026-03-14T05:02:00.008+0000] {subprocess.py:93} INFO - 26/03/14 05:02:00 INFO SparkContext: Running Spark version 3.5.1
[2026-03-14T05:02:00.011+0000] {subprocess.py:93} INFO - 26/03/14 05:02:00 INFO SparkContext: OS info Linux, 6.6.87.2-microsoft-standard-WSL2, amd64
[2026-03-14T05:02:00.011+0000] {subprocess.py:93} INFO - 26/03/14 05:02:00 INFO SparkContext: Java version 17.0.18
[2026-03-14T05:02:00.073+0000] {subprocess.py:93} INFO - 26/03/14 05:02:00 WARN NativeCodeLoader: Unable to load native-hadoop library for your platform... using builtin-java classes where applicable
[2026-03-14T05:02:00.165+0000] {subprocess.py:93} INFO - 26/03/14 05:02:00 INFO ResourceUtils: ==============================================================
[2026-03-14T05:02:00.166+0000] {subprocess.py:93} INFO - 26/03/14 05:02:00 INFO ResourceUtils: No custom resources configured for spark.driver.
[2026-03-14T05:02:00.167+0000] {subprocess.py:93} INFO - 26/03/14 05:02:00 INFO ResourceUtils: ==============================================================
[2026-03-14T05:02:00.168+0000] {subprocess.py:93} INFO - 26/03/14 05:02:00 INFO SparkContext: Submitted application: ProcessAmazonOrders
[2026-03-14T05:02:00.188+0000] {subprocess.py:93} INFO - 26/03/14 05:02:00 INFO ResourceProfile: Default ResourceProfile created, executor resources: Map(cores -> name: cores, amount: 1, script: , vendor: , memory -> name: memory, amount: 1024, script: , vendor: , offHeap -> name: offHeap, amount: 0, script: , vendor: ), task resources: Map(cpus -> name: cpus, amount: 1.0)
[2026-03-14T05:02:00.198+0000] {subprocess.py:93} INFO - 26/03/14 05:02:00 INFO ResourceProfile: Limiting resource is cpu
[2026-03-14T05:02:00.199+0000] {subprocess.py:93} INFO - 26/03/14 05:02:00 INFO ResourceProfileManager: Added ResourceProfile id: 0
[2026-03-14T05:02:00.249+0000] {subprocess.py:93} INFO - 26/03/14 05:02:00 INFO SecurityManager: Changing view acls to: airflow
[2026-03-14T05:02:00.250+0000] {subprocess.py:93} INFO - 26/03/14 05:02:00 INFO SecurityManager: Changing modify acls to: airflow
[2026-03-14T05:02:00.253+0000] {subprocess.py:93} INFO - 26/03/14 05:02:00 INFO SecurityManager: Changing view acls groups to:
[2026-03-14T05:02:00.254+0000] {subprocess.py:93} INFO - 26/03/14 05:02:00 INFO SecurityManager: Changing modify acls groups to:
[2026-03-14T05:02:00.255+0000] {subprocess.py:93} INFO - 26/03/14 05:02:00 INFO SecurityManager: SecurityManager: authentication disabled; ui acls disabled; users with view permissions: airflow; groups with view permissions: EMPTY; users with modify permissions: airflow; groups with modify permissions: EMPTY
[2026-03-14T05:02:00.534+0000] {subprocess.py:93} INFO - 26/03/14 05:02:00 INFO Utils: Successfully started service 'sparkDriver' on port 36563.
[2026-03-14T05:02:00.574+0000] {subprocess.py:93} INFO - 26/03/14 05:02:00 INFO SparkEnv: Registering MapOutputTracker
[2026-03-14T05:02:00.620+0000] {subprocess.py:93} INFO - 26/03/14 05:02:00 INFO SparkEnv: Registering BlockManagerMaster
[2026-03-14T05:02:00.638+0000] {subprocess.py:93} INFO - 26/03/14 05:02:00 INFO BlockManagerMasterEndpoint: Using org.apache.spark.storage.DefaultTopologyMapper for getting topology information
[2026-03-14T05:02:00.649+0000] {subprocess.py:93} INFO - 26/03/14 05:02:00 INFO BlockManagerMasterEndpoint: BlockManagerMasterEndpoint up
[2026-03-14T05:02:00.656+0000] {subprocess.py:93} INFO - 26/03/14 05:02:00 INFO SparkEnv: Registering BlockManagerMasterHeartbeat
[2026-03-14T05:02:00.684+0000] {subprocess.py:93} INFO - 26/03/14 05:02:00 INFO DiskBlockManager: Created local directory at /tmp/blockmgr-53effd44-ed0a-422d-8fbe-69fa35fb3f87
[2026-03-14T05:02:00.702+0000] {subprocess.py:93} INFO - 26/03/14 05:02:00 INFO MemoryStore: MemoryStore started with capacity 434.4 MiB
[2026-03-14T05:02:00.727+0000] {subprocess.py:93} INFO - 26/03/14 05:02:00 INFO SparkEnv: Registering OutputCommitCoordinator
[2026-03-14T05:02:00.892+0000] {subprocess.py:93} INFO - 26/03/14 05:02:00 INFO JettyUtils: Start Jetty 0.0.0.0:4040 for SparkUI
[2026-03-14T05:02:00.994+0000] {subprocess.py:93} INFO - 26/03/14 05:02:00 INFO Utils: Successfully started service 'SparkUI' on port 4040.
[2026-03-14T05:02:01.148+0000] {subprocess.py:93} INFO - 26/03/14 05:02:01 INFO Executor: Starting executor ID driver on host 670d40c6e2a9
[2026-03-14T05:02:01.149+0000] {subprocess.py:93} INFO - 26/03/14 05:02:01 INFO Executor: OS info Linux, 6.6.87.2-microsoft-standard-WSL2, amd64
[2026-03-14T05:02:01.150+0000] {subprocess.py:93} INFO - 26/03/14 05:02:01 INFO Executor: Java version 17.0.18
[2026-03-14T05:02:01.160+0000] {subprocess.py:93} INFO - 26/03/14 05:02:01 INFO Executor: Starting executor with user classpath (userClassPathFirst = false): ''
[2026-03-14T05:02:01.162+0000] {subprocess.py:93} INFO - 26/03/14 05:02:01 INFO Executor: Created or updated repl class loader org.apache.spark.util.MutableURLClassLoader@35081789 for default.
[2026-03-14T05:02:01.186+0000] {subprocess.py:93} INFO - 26/03/14 05:02:01 INFO Utils: Successfully started service 'org.apache.spark.network.netty.NettyBlockTransferService' on port 33643.
[2026-03-14T05:02:01.187+0000] {subprocess.py:93} INFO - 26/03/14 05:02:01 INFO NettyBlockTransferService: Server created on 670d40c6e2a9:33643
[2026-03-14T05:02:01.190+0000] {subprocess.py:93} INFO - 26/03/14 05:02:01 INFO BlockManager: Using org.apache.spark.storage.RandomBlockReplicationPolicy for block replication policy
[2026-03-14T05:02:01.196+0000] {subprocess.py:93} INFO - 26/03/14 05:02:01 INFO BlockManagerMaster: Registering BlockManager BlockManagerId(driver, 670d40c6e2a9, 33643, None)
[2026-03-14T05:02:01.199+0000] {subprocess.py:93} INFO - 26/03/14 05:02:01 INFO BlockManagerMasterEndpoint: Registering block manager 670d40c6e2a9:33643 with 434.4 MiB RAM, BlockManagerId(driver, 670d40c6e2a9, 33643, None)
[2026-03-14T05:02:01.202+0000] {subprocess.py:93} INFO - 26/03/14 05:02:01 INFO BlockManagerMaster: Registered BlockManager BlockManagerId(driver, 670d40c6e2a9, 33643, None)
[2026-03-14T05:02:01.204+0000] {subprocess.py:93} INFO - 26/03/14 05:02:01 INFO BlockManager: Initialized BlockManager: BlockManagerId(driver, 670d40c6e2a9, 33643, None)
[2026-03-14T05:02:26.044+0000] {subprocess.py:93} INFO - 26/03/14 05:02:26 WARN SparkStringUtils: Truncated the string representation of a plan since it was too large. This behavior can be adjusted by setting 'spark.sql.debug.maxToStringFields'.
[2026-03-14T05:02:49.938+0000] {subprocess.py:93} INFO - Run ID: 20260314_050201
[2026-03-14T05:02:49.939+0000] {subprocess.py:93} INFO - Raw rows: 936
[2026-03-14T05:02:49.941+0000] {subprocess.py:93} INFO - Clean rows: 643
[2026-03-14T05:02:49.942+0000] {subprocess.py:93} INFO - Invalid rows: 214
[2026-03-14T05:02:49.944+0000] {subprocess.py:93} INFO - Duplicate rows: 154
[2026-03-14T05:02:49.945+0000] {subprocess.py:93} INFO - Processed CSV path: /opt/data/output/processed_csv
[2026-03-14T05:02:49.946+0000] {subprocess.py:93} INFO - Clean CSV path: /opt/data/clean_data_csv
[2026-03-14T05:02:49.947+0000] {subprocess.py:93} INFO - Reports path: /opt/data/output/reports
[2026-03-14T05:02:50.201+0000] {subprocess.py:97} INFO - Command exited with return code 0
[2026-03-14T05:02:50.203+0000] {taskinstance.py:441} INFO - ::group::Post task execution logs
[2026-03-14T05:02:50.244+0000] {taskinstance.py:1206} INFO - Marking task as SUCCESS. dag_id=event_trigger_pipeline, task_id=run_spark_job, run_id=manual__2026-03-14T05:01:52+00:00, execution_date=20260314T050152, start_date=20260314T050156, end_date=20260314T050250
[2026-03-14T05:02:50.283+0000] {local_task_job_runner.py:243} INFO - Task exited with return code 0
[2026-03-14T05:02:50.292+0000] {taskinstance.py:3503} INFO - 0 downstream tasks scheduled from follow-on schedule check
[2026-03-14T05:02:50.294+0000] {local_task_job_runner.py:222} INFO - ::endgroup::
