[2026-03-14T04:28:14.703+0000] {local_task_job_runner.py:120} INFO - ::group::Pre task execution logs
[2026-03-14T04:28:14.723+0000] {taskinstance.py:2076} INFO - Dependencies all met for dep_context=non-requeueable deps ti=<TaskInstance: daily_spark_pipeline.run_spark_job manual__2026-03-14T04:27:49.512918+00:00 [queued]>
[2026-03-14T04:28:14.728+0000] {taskinstance.py:2076} INFO - Dependencies all met for dep_context=requeueable deps ti=<TaskInstance: daily_spark_pipeline.run_spark_job manual__2026-03-14T04:27:49.512918+00:00 [queued]>
[2026-03-14T04:28:14.729+0000] {taskinstance.py:2306} INFO - Starting attempt 1 of 2
[2026-03-14T04:28:14.759+0000] {taskinstance.py:2330} INFO - Executing <Task(BashOperator): run_spark_job> on 2026-03-14 04:27:49.512918+00:00
[2026-03-14T04:28:14.764+0000] {standard_task_runner.py:64} INFO - Started process 19368 to run task
[2026-03-14T04:28:14.767+0000] {standard_task_runner.py:90} INFO - Running: ['airflow', 'tasks', 'run', 'daily_spark_pipeline', 'run_spark_job', 'manual__2026-03-14T04:27:49.512918+00:00', '--job-id', '43', '--raw', '--subdir', 'DAGS_FOLDER/daily_pipeline.py', '--cfg-path', '/tmp/tmp6048he88']
[2026-03-14T04:28:14.769+0000] {standard_task_runner.py:91} INFO - Job 43: Subtask run_spark_job
[2026-03-14T04:28:14.870+0000] {task_command.py:426} INFO - Running <TaskInstance: daily_spark_pipeline.run_spark_job manual__2026-03-14T04:27:49.512918+00:00 [running]> on host 670d40c6e2a9
[2026-03-14T04:28:14.959+0000] {taskinstance.py:2648} INFO - Exporting env vars: AIRFLOW_CTX_DAG_OWNER='airflow' AIRFLOW_CTX_DAG_ID='daily_spark_pipeline' AIRFLOW_CTX_TASK_ID='run_spark_job' AIRFLOW_CTX_EXECUTION_DATE='2026-03-14T04:27:49.512918+00:00' AIRFLOW_CTX_TRY_NUMBER='1' AIRFLOW_CTX_DAG_RUN_ID='manual__2026-03-14T04:27:49.512918+00:00'
[2026-03-14T04:28:14.961+0000] {taskinstance.py:430} INFO - ::endgroup::
[2026-03-14T04:28:14.974+0000] {subprocess.py:63} INFO - Tmp dir root location: /tmp
[2026-03-14T04:28:14.976+0000] {subprocess.py:75} INFO - Running command: ['/usr/bin/bash', '-c', 'spark-submit /opt/airflow/spark_jobs/process_data.py']
[2026-03-14T04:28:14.986+0000] {subprocess.py:86} INFO - Output:
[2026-03-14T04:28:15.053+0000] {subprocess.py:93} INFO - /home/airflow/.local/lib/python3.12/site-packages/pyspark/bin/load-spark-env.sh: line 68: ps: command not found
[2026-03-14T04:28:18.072+0000] {subprocess.py:93} INFO - /opt/airflow/spark_jobs/process_data.py:168: DeprecationWarning: datetime.datetime.utcnow() is deprecated and scheduled for removal in a future version. Use timezone-aware objects to represent datetimes in UTC: datetime.datetime.now(datetime.UTC).
[2026-03-14T04:28:18.072+0000] {subprocess.py:93} INFO -   run_id = datetime.utcnow().strftime("%Y%m%d_%H%M%S")
[2026-03-14T04:28:18.156+0000] {subprocess.py:93} INFO - 26/03/14 04:28:18 INFO SparkContext: Running Spark version 3.5.1
[2026-03-14T04:28:18.158+0000] {subprocess.py:93} INFO - 26/03/14 04:28:18 INFO SparkContext: OS info Linux, 6.6.87.2-microsoft-standard-WSL2, amd64
[2026-03-14T04:28:18.159+0000] {subprocess.py:93} INFO - 26/03/14 04:28:18 INFO SparkContext: Java version 17.0.18
[2026-03-14T04:28:18.214+0000] {subprocess.py:93} INFO - 26/03/14 04:28:18 WARN NativeCodeLoader: Unable to load native-hadoop library for your platform... using builtin-java classes where applicable
[2026-03-14T04:28:18.307+0000] {subprocess.py:93} INFO - 26/03/14 04:28:18 INFO ResourceUtils: ==============================================================
[2026-03-14T04:28:18.308+0000] {subprocess.py:93} INFO - 26/03/14 04:28:18 INFO ResourceUtils: No custom resources configured for spark.driver.
[2026-03-14T04:28:18.309+0000] {subprocess.py:93} INFO - 26/03/14 04:28:18 INFO ResourceUtils: ==============================================================
[2026-03-14T04:28:18.309+0000] {subprocess.py:93} INFO - 26/03/14 04:28:18 INFO SparkContext: Submitted application: ProcessData
[2026-03-14T04:28:18.330+0000] {subprocess.py:93} INFO - 26/03/14 04:28:18 INFO ResourceProfile: Default ResourceProfile created, executor resources: Map(cores -> name: cores, amount: 1, script: , vendor: , memory -> name: memory, amount: 1024, script: , vendor: , offHeap -> name: offHeap, amount: 0, script: , vendor: ), task resources: Map(cpus -> name: cpus, amount: 1.0)
[2026-03-14T04:28:18.338+0000] {subprocess.py:93} INFO - 26/03/14 04:28:18 INFO ResourceProfile: Limiting resource is cpu
[2026-03-14T04:28:18.339+0000] {subprocess.py:93} INFO - 26/03/14 04:28:18 INFO ResourceProfileManager: Added ResourceProfile id: 0
[2026-03-14T04:28:18.401+0000] {subprocess.py:93} INFO - 26/03/14 04:28:18 INFO SecurityManager: Changing view acls to: airflow
[2026-03-14T04:28:18.402+0000] {subprocess.py:93} INFO - 26/03/14 04:28:18 INFO SecurityManager: Changing modify acls to: airflow
[2026-03-14T04:28:18.403+0000] {subprocess.py:93} INFO - 26/03/14 04:28:18 INFO SecurityManager: Changing view acls groups to:
[2026-03-14T04:28:18.404+0000] {subprocess.py:93} INFO - 26/03/14 04:28:18 INFO SecurityManager: Changing modify acls groups to:
[2026-03-14T04:28:18.405+0000] {subprocess.py:93} INFO - 26/03/14 04:28:18 INFO SecurityManager: SecurityManager: authentication disabled; ui acls disabled; users with view permissions: airflow; groups with view permissions: EMPTY; users with modify permissions: airflow; groups with modify permissions: EMPTY
[2026-03-14T04:28:18.685+0000] {subprocess.py:93} INFO - 26/03/14 04:28:18 INFO Utils: Successfully started service 'sparkDriver' on port 33385.
[2026-03-14T04:28:18.721+0000] {subprocess.py:93} INFO - 26/03/14 04:28:18 INFO SparkEnv: Registering MapOutputTracker
[2026-03-14T04:28:18.762+0000] {subprocess.py:93} INFO - 26/03/14 04:28:18 INFO SparkEnv: Registering BlockManagerMaster
[2026-03-14T04:28:18.782+0000] {subprocess.py:93} INFO - 26/03/14 04:28:18 INFO BlockManagerMasterEndpoint: Using org.apache.spark.storage.DefaultTopologyMapper for getting topology information
[2026-03-14T04:28:18.784+0000] {subprocess.py:93} INFO - 26/03/14 04:28:18 INFO BlockManagerMasterEndpoint: BlockManagerMasterEndpoint up
[2026-03-14T04:28:18.790+0000] {subprocess.py:93} INFO - 26/03/14 04:28:18 INFO SparkEnv: Registering BlockManagerMasterHeartbeat
[2026-03-14T04:28:18.819+0000] {subprocess.py:93} INFO - 26/03/14 04:28:18 INFO DiskBlockManager: Created local directory at /tmp/blockmgr-9b90605c-bb9f-4d7d-a720-53e70f4ff079
[2026-03-14T04:28:18.834+0000] {subprocess.py:93} INFO - 26/03/14 04:28:18 INFO MemoryStore: MemoryStore started with capacity 434.4 MiB
[2026-03-14T04:28:18.855+0000] {subprocess.py:93} INFO - 26/03/14 04:28:18 INFO SparkEnv: Registering OutputCommitCoordinator
[2026-03-14T04:28:18.999+0000] {subprocess.py:93} INFO - 26/03/14 04:28:18 INFO JettyUtils: Start Jetty 0.0.0.0:4040 for SparkUI
[2026-03-14T04:28:19.072+0000] {subprocess.py:93} INFO - 26/03/14 04:28:19 INFO Utils: Successfully started service 'SparkUI' on port 4040.
[2026-03-14T04:28:19.217+0000] {subprocess.py:93} INFO - 26/03/14 04:28:19 INFO Executor: Starting executor ID driver on host 670d40c6e2a9
[2026-03-14T04:28:19.218+0000] {subprocess.py:93} INFO - 26/03/14 04:28:19 INFO Executor: OS info Linux, 6.6.87.2-microsoft-standard-WSL2, amd64
[2026-03-14T04:28:19.218+0000] {subprocess.py:93} INFO - 26/03/14 04:28:19 INFO Executor: Java version 17.0.18
[2026-03-14T04:28:19.227+0000] {subprocess.py:93} INFO - 26/03/14 04:28:19 INFO Executor: Starting executor with user classpath (userClassPathFirst = false): ''
[2026-03-14T04:28:19.228+0000] {subprocess.py:93} INFO - 26/03/14 04:28:19 INFO Executor: Created or updated repl class loader org.apache.spark.util.MutableURLClassLoader@35081789 for default.
[2026-03-14T04:28:19.271+0000] {subprocess.py:93} INFO - 26/03/14 04:28:19 INFO Utils: Successfully started service 'org.apache.spark.network.netty.NettyBlockTransferService' on port 35337.
[2026-03-14T04:28:19.272+0000] {subprocess.py:93} INFO - 26/03/14 04:28:19 INFO NettyBlockTransferService: Server created on 670d40c6e2a9:35337
[2026-03-14T04:28:19.278+0000] {subprocess.py:93} INFO - 26/03/14 04:28:19 INFO BlockManager: Using org.apache.spark.storage.RandomBlockReplicationPolicy for block replication policy
[2026-03-14T04:28:19.288+0000] {subprocess.py:93} INFO - 26/03/14 04:28:19 INFO BlockManagerMaster: Registering BlockManager BlockManagerId(driver, 670d40c6e2a9, 35337, None)
[2026-03-14T04:28:19.294+0000] {subprocess.py:93} INFO - 26/03/14 04:28:19 INFO BlockManagerMasterEndpoint: Registering block manager 670d40c6e2a9:35337 with 434.4 MiB RAM, BlockManagerId(driver, 670d40c6e2a9, 35337, None)
[2026-03-14T04:28:19.302+0000] {subprocess.py:93} INFO - 26/03/14 04:28:19 INFO BlockManagerMaster: Registered BlockManager BlockManagerId(driver, 670d40c6e2a9, 35337, None)
[2026-03-14T04:28:19.304+0000] {subprocess.py:93} INFO - 26/03/14 04:28:19 INFO BlockManager: Initialized BlockManager: BlockManagerId(driver, 670d40c6e2a9, 35337, None)
[2026-03-14T04:28:25.138+0000] {subprocess.py:93} INFO - === Raw Data Schema ===
[2026-03-14T04:28:25.140+0000] {subprocess.py:93} INFO - root
[2026-03-14T04:28:25.140+0000] {subprocess.py:93} INFO -  |-- id: integer (nullable = true)
[2026-03-14T04:28:25.144+0000] {subprocess.py:93} INFO -  |-- name: string (nullable = true)
[2026-03-14T04:28:25.145+0000] {subprocess.py:93} INFO -  |-- amount: integer (nullable = true)
[2026-03-14T04:28:25.146+0000] {subprocess.py:93} INFO - 
[2026-03-14T04:28:25.147+0000] {subprocess.py:93} INFO - === Sample Raw Data ===
[2026-03-14T04:28:25.360+0000] {subprocess.py:93} INFO - +---+-------+------+
[2026-03-14T04:28:25.361+0000] {subprocess.py:93} INFO - |id |name   |amount|
[2026-03-14T04:28:25.361+0000] {subprocess.py:93} INFO - +---+-------+------+
[2026-03-14T04:28:25.362+0000] {subprocess.py:93} INFO - |999|Trigger|1     |
[2026-03-14T04:28:25.363+0000] {subprocess.py:93} INFO - +---+-------+------+
[2026-03-14T04:28:25.364+0000] {subprocess.py:93} INFO - 
[2026-03-14T04:28:25.434+0000] {subprocess.py:93} INFO - === Processed Data Schema ===
[2026-03-14T04:28:25.435+0000] {subprocess.py:93} INFO - root
[2026-03-14T04:28:25.436+0000] {subprocess.py:93} INFO -  |-- id: integer (nullable = true)
[2026-03-14T04:28:25.436+0000] {subprocess.py:93} INFO -  |-- name: string (nullable = false)
[2026-03-14T04:28:25.437+0000] {subprocess.py:93} INFO -  |-- amount: integer (nullable = true)
[2026-03-14T04:28:25.437+0000] {subprocess.py:93} INFO -  |-- processing_timestamp: timestamp (nullable = false)
[2026-03-14T04:28:25.438+0000] {subprocess.py:93} INFO - 
[2026-03-14T04:28:25.438+0000] {subprocess.py:93} INFO - === Sample Processed Data ===
[2026-03-14T04:28:25.936+0000] {subprocess.py:93} INFO - +---+-------+------+--------------------------+
[2026-03-14T04:28:25.937+0000] {subprocess.py:93} INFO - |id |name   |amount|processing_timestamp      |
[2026-03-14T04:28:25.942+0000] {subprocess.py:93} INFO - +---+-------+------+--------------------------+
[2026-03-14T04:28:25.943+0000] {subprocess.py:93} INFO - |999|Trigger|1     |2026-03-14 04:28:25.450305|
[2026-03-14T04:28:25.944+0000] {subprocess.py:93} INFO - +---+-------+------+--------------------------+
[2026-03-14T04:28:25.945+0000] {subprocess.py:93} INFO - 
[2026-03-14T04:28:30.209+0000] {subprocess.py:93} INFO - Wrote Parquet output to: /opt/data/output/processed_parquet/
[2026-03-14T04:28:30.210+0000] {subprocess.py:93} INFO - Wrote CSV output to: /opt/data/output/processed_csv/
[2026-03-14T04:28:30.210+0000] {subprocess.py:93} INFO - Wrote Clean CSV output to: /opt/data/clean_data_csv/
[2026-03-14T04:28:32.537+0000] {subprocess.py:93} INFO - Source input files retained in /opt/data/input (archiving disabled).
[2026-03-14T04:28:33.221+0000] {subprocess.py:97} INFO - Command exited with return code 0
[2026-03-14T04:28:33.222+0000] {taskinstance.py:441} INFO - ::group::Post task execution logs
[2026-03-14T04:28:33.254+0000] {taskinstance.py:1206} INFO - Marking task as SUCCESS. dag_id=daily_spark_pipeline, task_id=run_spark_job, run_id=manual__2026-03-14T04:27:49.512918+00:00, execution_date=20260314T042749, start_date=20260314T042814, end_date=20260314T042833
[2026-03-14T04:28:33.443+0000] {local_task_job_runner.py:243} INFO - Task exited with return code 0
[2026-03-14T04:28:33.452+0000] {taskinstance.py:3503} INFO - 0 downstream tasks scheduled from follow-on schedule check
[2026-03-14T04:28:33.454+0000] {local_task_job_runner.py:222} INFO - ::endgroup::
