[2026-03-14T02:04:44.679+0000] {local_task_job_runner.py:120} INFO - ::group::Pre task execution logs
[2026-03-14T02:04:44.695+0000] {taskinstance.py:2076} INFO - Dependencies all met for dep_context=non-requeueable deps ti=<TaskInstance: daily_spark_pipeline.run_spark_job manual__2026-03-14T01:59:12.835669+00:00 [queued]>
[2026-03-14T02:04:44.701+0000] {taskinstance.py:2076} INFO - Dependencies all met for dep_context=requeueable deps ti=<TaskInstance: daily_spark_pipeline.run_spark_job manual__2026-03-14T01:59:12.835669+00:00 [queued]>
[2026-03-14T02:04:44.703+0000] {taskinstance.py:2306} INFO - Starting attempt 2 of 2
[2026-03-14T02:04:44.728+0000] {taskinstance.py:2330} INFO - Executing <Task(BashOperator): run_spark_job> on 2026-03-14 01:59:12.835669+00:00
[2026-03-14T02:04:44.732+0000] {standard_task_runner.py:64} INFO - Started process 13530 to run task
[2026-03-14T02:04:44.735+0000] {standard_task_runner.py:90} INFO - Running: ['airflow', 'tasks', 'run', 'daily_spark_pipeline', 'run_spark_job', 'manual__2026-03-14T01:59:12.835669+00:00', '--job-id', '28', '--raw', '--subdir', 'DAGS_FOLDER/daily_pipeline.py', '--cfg-path', '/tmp/tmpa9syrtkq']
[2026-03-14T02:04:44.737+0000] {standard_task_runner.py:91} INFO - Job 28: Subtask run_spark_job
[2026-03-14T02:04:44.832+0000] {task_command.py:426} INFO - Running <TaskInstance: daily_spark_pipeline.run_spark_job manual__2026-03-14T01:59:12.835669+00:00 [running]> on host 670d40c6e2a9
[2026-03-14T02:04:44.896+0000] {taskinstance.py:2648} INFO - Exporting env vars: AIRFLOW_CTX_DAG_OWNER='airflow' AIRFLOW_CTX_DAG_ID='daily_spark_pipeline' AIRFLOW_CTX_TASK_ID='run_spark_job' AIRFLOW_CTX_EXECUTION_DATE='2026-03-14T01:59:12.835669+00:00' AIRFLOW_CTX_TRY_NUMBER='2' AIRFLOW_CTX_DAG_RUN_ID='manual__2026-03-14T01:59:12.835669+00:00'
[2026-03-14T02:04:44.897+0000] {taskinstance.py:430} INFO - ::endgroup::
[2026-03-14T02:04:44.909+0000] {subprocess.py:63} INFO - Tmp dir root location: /tmp
[2026-03-14T02:04:44.911+0000] {subprocess.py:75} INFO - Running command: ['/usr/bin/bash', '-c', 'spark-submit --master spark://spark:7077 /opt/airflow/spark_jobs/process_data.py']
[2026-03-14T02:04:44.918+0000] {subprocess.py:86} INFO - Output:
[2026-03-14T02:04:44.977+0000] {subprocess.py:93} INFO - /home/airflow/.local/lib/python3.12/site-packages/pyspark/bin/load-spark-env.sh: line 68: ps: command not found
[2026-03-14T02:04:46.972+0000] {subprocess.py:93} INFO - /opt/airflow/spark_jobs/process_data.py:168: DeprecationWarning: datetime.datetime.utcnow() is deprecated and scheduled for removal in a future version. Use timezone-aware objects to represent datetimes in UTC: datetime.datetime.now(datetime.UTC).
[2026-03-14T02:04:46.972+0000] {subprocess.py:93} INFO -   run_id = datetime.utcnow().strftime("%Y%m%d_%H%M%S")
[2026-03-14T02:04:47.033+0000] {subprocess.py:93} INFO - 26/03/14 02:04:47 INFO SparkContext: Running Spark version 3.5.1
[2026-03-14T02:04:47.035+0000] {subprocess.py:93} INFO - 26/03/14 02:04:47 INFO SparkContext: OS info Linux, 6.6.87.2-microsoft-standard-WSL2, amd64
[2026-03-14T02:04:47.036+0000] {subprocess.py:93} INFO - 26/03/14 02:04:47 INFO SparkContext: Java version 17.0.18
[2026-03-14T02:04:47.069+0000] {subprocess.py:93} INFO - 26/03/14 02:04:47 WARN NativeCodeLoader: Unable to load native-hadoop library for your platform... using builtin-java classes where applicable
[2026-03-14T02:04:47.128+0000] {subprocess.py:93} INFO - 26/03/14 02:04:47 INFO ResourceUtils: ==============================================================
[2026-03-14T02:04:47.129+0000] {subprocess.py:93} INFO - 26/03/14 02:04:47 INFO ResourceUtils: No custom resources configured for spark.driver.
[2026-03-14T02:04:47.130+0000] {subprocess.py:93} INFO - 26/03/14 02:04:47 INFO ResourceUtils: ==============================================================
[2026-03-14T02:04:47.130+0000] {subprocess.py:93} INFO - 26/03/14 02:04:47 INFO SparkContext: Submitted application: ProcessData
[2026-03-14T02:04:47.145+0000] {subprocess.py:93} INFO - 26/03/14 02:04:47 INFO ResourceProfile: Default ResourceProfile created, executor resources: Map(memory -> name: memory, amount: 1024, script: , vendor: , offHeap -> name: offHeap, amount: 0, script: , vendor: ), task resources: Map(cpus -> name: cpus, amount: 1.0)
[2026-03-14T02:04:47.150+0000] {subprocess.py:93} INFO - 26/03/14 02:04:47 INFO ResourceProfile: Limiting resource is cpu
[2026-03-14T02:04:47.151+0000] {subprocess.py:93} INFO - 26/03/14 02:04:47 INFO ResourceProfileManager: Added ResourceProfile id: 0
[2026-03-14T02:04:47.185+0000] {subprocess.py:93} INFO - 26/03/14 02:04:47 INFO SecurityManager: Changing view acls to: airflow
[2026-03-14T02:04:47.186+0000] {subprocess.py:93} INFO - 26/03/14 02:04:47 INFO SecurityManager: Changing modify acls to: airflow
[2026-03-14T02:04:47.187+0000] {subprocess.py:93} INFO - 26/03/14 02:04:47 INFO SecurityManager: Changing view acls groups to:
[2026-03-14T02:04:47.188+0000] {subprocess.py:93} INFO - 26/03/14 02:04:47 INFO SecurityManager: Changing modify acls groups to:
[2026-03-14T02:04:47.189+0000] {subprocess.py:93} INFO - 26/03/14 02:04:47 INFO SecurityManager: SecurityManager: authentication disabled; ui acls disabled; users with view permissions: airflow; groups with view permissions: EMPTY; users with modify permissions: airflow; groups with modify permissions: EMPTY
[2026-03-14T02:04:47.358+0000] {subprocess.py:93} INFO - 26/03/14 02:04:47 INFO Utils: Successfully started service 'sparkDriver' on port 34525.
[2026-03-14T02:04:47.379+0000] {subprocess.py:93} INFO - 26/03/14 02:04:47 INFO SparkEnv: Registering MapOutputTracker
[2026-03-14T02:04:47.408+0000] {subprocess.py:93} INFO - 26/03/14 02:04:47 INFO SparkEnv: Registering BlockManagerMaster
[2026-03-14T02:04:47.419+0000] {subprocess.py:93} INFO - 26/03/14 02:04:47 INFO BlockManagerMasterEndpoint: Using org.apache.spark.storage.DefaultTopologyMapper for getting topology information
[2026-03-14T02:04:47.420+0000] {subprocess.py:93} INFO - 26/03/14 02:04:47 INFO BlockManagerMasterEndpoint: BlockManagerMasterEndpoint up
[2026-03-14T02:04:47.424+0000] {subprocess.py:93} INFO - 26/03/14 02:04:47 INFO SparkEnv: Registering BlockManagerMasterHeartbeat
[2026-03-14T02:04:47.439+0000] {subprocess.py:93} INFO - 26/03/14 02:04:47 INFO DiskBlockManager: Created local directory at /tmp/blockmgr-da4fb12d-6090-40ba-9f76-465884d254d8
[2026-03-14T02:04:47.448+0000] {subprocess.py:93} INFO - 26/03/14 02:04:47 INFO MemoryStore: MemoryStore started with capacity 434.4 MiB
[2026-03-14T02:04:47.460+0000] {subprocess.py:93} INFO - 26/03/14 02:04:47 INFO SparkEnv: Registering OutputCommitCoordinator
[2026-03-14T02:04:47.551+0000] {subprocess.py:93} INFO - 26/03/14 02:04:47 INFO JettyUtils: Start Jetty 0.0.0.0:4040 for SparkUI
[2026-03-14T02:04:47.592+0000] {subprocess.py:93} INFO - 26/03/14 02:04:47 INFO Utils: Successfully started service 'SparkUI' on port 4040.
[2026-03-14T02:04:47.677+0000] {subprocess.py:93} INFO - 26/03/14 02:04:47 INFO StandaloneAppClient$ClientEndpoint: Connecting to master spark://spark:7077...
[2026-03-14T02:04:47.710+0000] {subprocess.py:93} INFO - 26/03/14 02:04:47 INFO TransportClientFactory: Successfully created connection to spark/172.19.0.2:7077 after 18 ms (0 ms spent in bootstraps)
[2026-03-14T02:04:47.770+0000] {subprocess.py:93} INFO - 26/03/14 02:04:47 INFO StandaloneSchedulerBackend: Connected to Spark cluster with app ID app-20260314020447-0005
[2026-03-14T02:04:47.778+0000] {subprocess.py:93} INFO - 26/03/14 02:04:47 INFO StandaloneAppClient$ClientEndpoint: Executor added: app-20260314020447-0005/0 on worker-20260313155243-172.19.0.3-41339 (172.19.0.3:41339) with 12 core(s)
[2026-03-14T02:04:47.781+0000] {subprocess.py:93} INFO - 26/03/14 02:04:47 INFO Utils: Successfully started service 'org.apache.spark.network.netty.NettyBlockTransferService' on port 37171.
[2026-03-14T02:04:47.782+0000] {subprocess.py:93} INFO - 26/03/14 02:04:47 INFO NettyBlockTransferService: Server created on 670d40c6e2a9:37171
[2026-03-14T02:04:47.782+0000] {subprocess.py:93} INFO - 26/03/14 02:04:47 INFO StandaloneSchedulerBackend: Granted executor ID app-20260314020447-0005/0 on hostPort 172.19.0.3:41339 with 12 core(s), 1024.0 MiB RAM
[2026-03-14T02:04:47.783+0000] {subprocess.py:93} INFO - 26/03/14 02:04:47 INFO BlockManager: Using org.apache.spark.storage.RandomBlockReplicationPolicy for block replication policy
[2026-03-14T02:04:47.786+0000] {subprocess.py:93} INFO - 26/03/14 02:04:47 INFO BlockManagerMaster: Registering BlockManager BlockManagerId(driver, 670d40c6e2a9, 37171, None)
[2026-03-14T02:04:47.789+0000] {subprocess.py:93} INFO - 26/03/14 02:04:47 INFO BlockManagerMasterEndpoint: Registering block manager 670d40c6e2a9:37171 with 434.4 MiB RAM, BlockManagerId(driver, 670d40c6e2a9, 37171, None)
[2026-03-14T02:04:47.791+0000] {subprocess.py:93} INFO - 26/03/14 02:04:47 INFO BlockManagerMaster: Registered BlockManager BlockManagerId(driver, 670d40c6e2a9, 37171, None)
[2026-03-14T02:04:47.792+0000] {subprocess.py:93} INFO - 26/03/14 02:04:47 INFO BlockManager: Initialized BlockManager: BlockManagerId(driver, 670d40c6e2a9, 37171, None)
[2026-03-14T02:04:47.861+0000] {subprocess.py:93} INFO - 26/03/14 02:04:47 INFO StandaloneAppClient$ClientEndpoint: Executor updated: app-20260314020447-0005/0 is now RUNNING
[2026-03-14T02:04:47.996+0000] {subprocess.py:93} INFO - 26/03/14 02:04:47 INFO StandaloneSchedulerBackend: SchedulerBackend is ready for scheduling beginning after reached minRegisteredResourcesRatio: 0.0
[2026-03-14T02:04:54.400+0000] {subprocess.py:93} INFO - === Raw Data Schema ===
[2026-03-14T02:04:54.401+0000] {subprocess.py:93} INFO - root
[2026-03-14T02:04:54.402+0000] {subprocess.py:93} INFO -  |-- id: integer (nullable = true)
[2026-03-14T02:04:54.402+0000] {subprocess.py:93} INFO -  |-- name: string (nullable = true)
[2026-03-14T02:04:54.403+0000] {subprocess.py:93} INFO -  |-- amount: integer (nullable = true)
[2026-03-14T02:04:54.403+0000] {subprocess.py:93} INFO - 
[2026-03-14T02:04:54.404+0000] {subprocess.py:93} INFO - === Sample Raw Data ===
[2026-03-14T02:04:54.671+0000] {subprocess.py:93} INFO - +---+-------+------+
[2026-03-14T02:04:54.672+0000] {subprocess.py:93} INFO - |id |name   |amount|
[2026-03-14T02:04:54.673+0000] {subprocess.py:93} INFO - +---+-------+------+
[2026-03-14T02:04:54.673+0000] {subprocess.py:93} INFO - |1  |Alice  |209   |
[2026-03-14T02:04:54.674+0000] {subprocess.py:93} INFO - |2  |Charlie|343   |
[2026-03-14T02:04:54.674+0000] {subprocess.py:93} INFO - |3  |Charlie|359   |
[2026-03-14T02:04:54.675+0000] {subprocess.py:93} INFO - |4  |Alice  |362   |
[2026-03-14T02:04:54.675+0000] {subprocess.py:93} INFO - |5  |Ivy    |150   |
[2026-03-14T02:04:54.676+0000] {subprocess.py:93} INFO - |6  |Grace  |558   |
[2026-03-14T02:04:54.677+0000] {subprocess.py:93} INFO - |7  |Nina   |112   |
[2026-03-14T02:04:54.677+0000] {subprocess.py:93} INFO - |8  |Jack   |589   |
[2026-03-14T02:04:54.678+0000] {subprocess.py:93} INFO - |9  |Bob    |323   |
[2026-03-14T02:04:54.678+0000] {subprocess.py:93} INFO - |10 |Owen   |515   |
[2026-03-14T02:04:54.679+0000] {subprocess.py:93} INFO - |11 |Ivy    |160   |
[2026-03-14T02:04:54.679+0000] {subprocess.py:93} INFO - |12 |Alice  |406   |
[2026-03-14T02:04:54.680+0000] {subprocess.py:93} INFO - |13 |Ivy    |505   |
[2026-03-14T02:04:54.681+0000] {subprocess.py:93} INFO - |14 |Liam   |297   |
[2026-03-14T02:04:54.681+0000] {subprocess.py:93} INFO - |15 |Nina   |431   |
[2026-03-14T02:04:54.682+0000] {subprocess.py:93} INFO - |16 |Alice  |515   |
[2026-03-14T02:04:54.682+0000] {subprocess.py:93} INFO - |17 |Frank  |512   |
[2026-03-14T02:04:54.683+0000] {subprocess.py:93} INFO - |18 |David  |153   |
[2026-03-14T02:04:54.683+0000] {subprocess.py:93} INFO - |19 |Karen  |267   |
[2026-03-14T02:04:54.684+0000] {subprocess.py:93} INFO - |20 |Owen   |317   |
[2026-03-14T02:04:54.684+0000] {subprocess.py:93} INFO - +---+-------+------+
[2026-03-14T02:04:54.685+0000] {subprocess.py:93} INFO - only showing top 20 rows
[2026-03-14T02:04:54.685+0000] {subprocess.py:93} INFO - 
[2026-03-14T02:04:54.731+0000] {subprocess.py:93} INFO - === Processed Data Schema ===
[2026-03-14T02:04:54.732+0000] {subprocess.py:93} INFO - root
[2026-03-14T02:04:54.733+0000] {subprocess.py:93} INFO -  |-- id: integer (nullable = true)
[2026-03-14T02:04:54.734+0000] {subprocess.py:93} INFO -  |-- name: string (nullable = false)
[2026-03-14T02:04:54.734+0000] {subprocess.py:93} INFO -  |-- amount: integer (nullable = true)
[2026-03-14T02:04:54.735+0000] {subprocess.py:93} INFO -  |-- processing_timestamp: timestamp (nullable = false)
[2026-03-14T02:04:54.735+0000] {subprocess.py:93} INFO - 
[2026-03-14T02:04:54.736+0000] {subprocess.py:93} INFO - === Sample Processed Data ===
[2026-03-14T02:04:55.539+0000] {subprocess.py:93} INFO - +---+-------+------+--------------------------+
[2026-03-14T02:04:55.540+0000] {subprocess.py:93} INFO - |id |name   |amount|processing_timestamp      |
[2026-03-14T02:04:55.540+0000] {subprocess.py:93} INFO - +---+-------+------+--------------------------+
[2026-03-14T02:04:55.541+0000] {subprocess.py:93} INFO - |7  |Nina   |112   |2026-03-14 02:04:54.745184|
[2026-03-14T02:04:55.542+0000] {subprocess.py:93} INFO - |4  |Alice  |362   |2026-03-14 02:04:54.745184|
[2026-03-14T02:04:55.543+0000] {subprocess.py:93} INFO - |2  |Charlie|343   |2026-03-14 02:04:54.745184|
[2026-03-14T02:04:55.544+0000] {subprocess.py:93} INFO - |24 |Eva    |267   |2026-03-14 02:04:54.745184|
[2026-03-14T02:04:55.545+0000] {subprocess.py:93} INFO - |25 |Mona   |461   |2026-03-14 02:04:54.745184|
[2026-03-14T02:04:55.546+0000] {subprocess.py:93} INFO - |1  |Alice  |209   |2026-03-14 02:04:54.745184|
[2026-03-14T02:04:55.547+0000] {subprocess.py:93} INFO - |23 |Grace  |112   |2026-03-14 02:04:54.745184|
[2026-03-14T02:04:55.547+0000] {subprocess.py:93} INFO - |12 |Alice  |406   |2026-03-14 02:04:54.745184|
[2026-03-14T02:04:55.549+0000] {subprocess.py:93} INFO - |9  |Bob    |323   |2026-03-14 02:04:54.745184|
[2026-03-14T02:04:55.552+0000] {subprocess.py:93} INFO - |15 |Nina   |431   |2026-03-14 02:04:54.745184|
[2026-03-14T02:04:55.553+0000] {subprocess.py:93} INFO - |3  |Charlie|359   |2026-03-14 02:04:54.745184|
[2026-03-14T02:04:55.554+0000] {subprocess.py:93} INFO - |22 |Bob    |416   |2026-03-14 02:04:54.745184|
[2026-03-14T02:04:55.555+0000] {subprocess.py:93} INFO - |10 |Owen   |515   |2026-03-14 02:04:54.745184|
[2026-03-14T02:04:55.556+0000] {subprocess.py:93} INFO - |20 |Owen   |317   |2026-03-14 02:04:54.745184|
[2026-03-14T02:04:55.557+0000] {subprocess.py:93} INFO - |11 |Ivy    |160   |2026-03-14 02:04:54.745184|
[2026-03-14T02:04:55.557+0000] {subprocess.py:93} INFO - |13 |Ivy    |505   |2026-03-14 02:04:54.745184|
[2026-03-14T02:04:55.558+0000] {subprocess.py:93} INFO - |21 |Frank  |141   |2026-03-14 02:04:54.745184|
[2026-03-14T02:04:55.559+0000] {subprocess.py:93} INFO - |18 |David  |153   |2026-03-14 02:04:54.745184|
[2026-03-14T02:04:55.560+0000] {subprocess.py:93} INFO - |17 |Frank  |512   |2026-03-14 02:04:54.745184|
[2026-03-14T02:04:55.560+0000] {subprocess.py:93} INFO - |8  |Jack   |589   |2026-03-14 02:04:54.745184|
[2026-03-14T02:04:55.561+0000] {subprocess.py:93} INFO - +---+-------+------+--------------------------+
[2026-03-14T02:04:55.562+0000] {subprocess.py:93} INFO - only showing top 20 rows
[2026-03-14T02:04:55.563+0000] {subprocess.py:93} INFO - 
[2026-03-14T02:04:56.377+0000] {subprocess.py:93} INFO - 26/03/14 02:04:56 WARN TaskSetManager: Lost task 0.0 in stage 11.0 (TID 20) (172.19.0.3 executor 0): java.io.IOException: Mkdirs failed to create file:/opt/data/output/processed_parquet/_temporary/0/_temporary/attempt_202603140204565537469862549140864_0011_m_000000_20 (exists=false, cwd=file:/opt/spark/work/app-20260314020447-0005/0)
[2026-03-14T02:04:56.378+0000] {subprocess.py:93} INFO - 	at org.apache.hadoop.fs.ChecksumFileSystem.create(ChecksumFileSystem.java:515)
[2026-03-14T02:04:56.379+0000] {subprocess.py:93} INFO - 	at org.apache.hadoop.fs.ChecksumFileSystem.create(ChecksumFileSystem.java:500)
[2026-03-14T02:04:56.380+0000] {subprocess.py:93} INFO - 	at org.apache.hadoop.fs.FileSystem.create(FileSystem.java:1195)
[2026-03-14T02:04:56.381+0000] {subprocess.py:93} INFO - 	at org.apache.hadoop.fs.FileSystem.create(FileSystem.java:1175)
[2026-03-14T02:04:56.381+0000] {subprocess.py:93} INFO - 	at org.apache.parquet.hadoop.util.HadoopOutputFile.create(HadoopOutputFile.java:74)
[2026-03-14T02:04:56.382+0000] {subprocess.py:93} INFO - 	at org.apache.parquet.hadoop.ParquetFileWriter.<init>(ParquetFileWriter.java:347)
[2026-03-14T02:04:56.383+0000] {subprocess.py:93} INFO - 	at org.apache.parquet.hadoop.ParquetFileWriter.<init>(ParquetFileWriter.java:314)
[2026-03-14T02:04:56.384+0000] {subprocess.py:93} INFO - 	at org.apache.parquet.hadoop.ParquetOutputFormat.getRecordWriter(ParquetOutputFormat.java:484)
[2026-03-14T02:04:56.384+0000] {subprocess.py:93} INFO - 	at org.apache.parquet.hadoop.ParquetOutputFormat.getRecordWriter(ParquetOutputFormat.java:422)
[2026-03-14T02:04:56.385+0000] {subprocess.py:93} INFO - 	at org.apache.parquet.hadoop.ParquetOutputFormat.getRecordWriter(ParquetOutputFormat.java:411)
[2026-03-14T02:04:56.385+0000] {subprocess.py:93} INFO - 	at org.apache.spark.sql.execution.datasources.parquet.ParquetOutputWriter.<init>(ParquetOutputWriter.scala:36)
[2026-03-14T02:04:56.386+0000] {subprocess.py:93} INFO - 	at org.apache.spark.sql.execution.datasources.parquet.ParquetUtils$$anon$1.newInstance(ParquetUtils.scala:490)
[2026-03-14T02:04:56.387+0000] {subprocess.py:93} INFO - 	at org.apache.spark.sql.execution.datasources.SingleDirectoryDataWriter.newOutputWriter(FileFormatDataWriter.scala:161)
[2026-03-14T02:04:56.387+0000] {subprocess.py:93} INFO - 	at org.apache.spark.sql.execution.datasources.SingleDirectoryDataWriter.<init>(FileFormatDataWriter.scala:146)
[2026-03-14T02:04:56.388+0000] {subprocess.py:93} INFO - 	at org.apache.spark.sql.execution.datasources.FileFormatWriter$.executeTask(FileFormatWriter.scala:389)
[2026-03-14T02:04:56.388+0000] {subprocess.py:93} INFO - 	at org.apache.spark.sql.execution.datasources.WriteFilesExec.$anonfun$doExecuteWrite$1(WriteFiles.scala:100)
[2026-03-14T02:04:56.388+0000] {subprocess.py:93} INFO - 	at org.apache.spark.rdd.RDD.$anonfun$mapPartitionsInternal$2(RDD.scala:893)
[2026-03-14T02:04:56.389+0000] {subprocess.py:93} INFO - 	at org.apache.spark.rdd.RDD.$anonfun$mapPartitionsInternal$2$adapted(RDD.scala:893)
[2026-03-14T02:04:56.390+0000] {subprocess.py:93} INFO - 	at org.apache.spark.rdd.MapPartitionsRDD.compute(MapPartitionsRDD.scala:52)
[2026-03-14T02:04:56.390+0000] {subprocess.py:93} INFO - 	at org.apache.spark.rdd.RDD.computeOrReadCheckpoint(RDD.scala:367)
[2026-03-14T02:04:56.391+0000] {subprocess.py:93} INFO - 	at org.apache.spark.rdd.RDD.iterator(RDD.scala:331)
[2026-03-14T02:04:56.392+0000] {subprocess.py:93} INFO - 	at org.apache.spark.scheduler.ResultTask.runTask(ResultTask.scala:93)
[2026-03-14T02:04:56.397+0000] {subprocess.py:93} INFO - 	at org.apache.spark.TaskContext.runTaskWithListeners(TaskContext.scala:166)
[2026-03-14T02:04:56.398+0000] {subprocess.py:93} INFO - 	at org.apache.spark.scheduler.Task.run(Task.scala:141)
[2026-03-14T02:04:56.399+0000] {subprocess.py:93} INFO - 	at org.apache.spark.executor.Executor$TaskRunner.$anonfun$run$4(Executor.scala:620)
[2026-03-14T02:04:56.400+0000] {subprocess.py:93} INFO - 	at org.apache.spark.util.SparkErrorUtils.tryWithSafeFinally(SparkErrorUtils.scala:64)
[2026-03-14T02:04:56.400+0000] {subprocess.py:93} INFO - 	at org.apache.spark.util.SparkErrorUtils.tryWithSafeFinally$(SparkErrorUtils.scala:61)
[2026-03-14T02:04:56.401+0000] {subprocess.py:93} INFO - 	at org.apache.spark.util.Utils$.tryWithSafeFinally(Utils.scala:94)
[2026-03-14T02:04:56.402+0000] {subprocess.py:93} INFO - 	at org.apache.spark.executor.Executor$TaskRunner.run(Executor.scala:623)
[2026-03-14T02:04:56.402+0000] {subprocess.py:93} INFO - 	at java.base/java.util.concurrent.ThreadPoolExecutor.runWorker(Unknown Source)
[2026-03-14T02:04:56.403+0000] {subprocess.py:93} INFO - 	at java.base/java.util.concurrent.ThreadPoolExecutor$Worker.run(Unknown Source)
[2026-03-14T02:04:56.404+0000] {subprocess.py:93} INFO - 	at java.base/java.lang.Thread.run(Unknown Source)
[2026-03-14T02:04:56.404+0000] {subprocess.py:93} INFO - 
[2026-03-14T02:04:56.483+0000] {subprocess.py:93} INFO - 26/03/14 02:04:56 WARN TaskSetManager: Lost task 0.1 in stage 11.0 (TID 21) (172.19.0.3 executor 0): java.io.IOException: Mkdirs failed to create file:/opt/data/output/processed_parquet/_temporary/0/_temporary/attempt_202603140204565537469862549140864_0011_m_000000_21 (exists=false, cwd=file:/opt/spark/work/app-20260314020447-0005/0)
[2026-03-14T02:04:56.484+0000] {subprocess.py:93} INFO - 	at org.apache.hadoop.fs.ChecksumFileSystem.create(ChecksumFileSystem.java:515)
[2026-03-14T02:04:56.485+0000] {subprocess.py:93} INFO - 	at org.apache.hadoop.fs.ChecksumFileSystem.create(ChecksumFileSystem.java:500)
[2026-03-14T02:04:56.486+0000] {subprocess.py:93} INFO - 	at org.apache.hadoop.fs.FileSystem.create(FileSystem.java:1195)
[2026-03-14T02:04:56.487+0000] {subprocess.py:93} INFO - 	at org.apache.hadoop.fs.FileSystem.create(FileSystem.java:1175)
[2026-03-14T02:04:56.488+0000] {subprocess.py:93} INFO - 	at org.apache.parquet.hadoop.util.HadoopOutputFile.create(HadoopOutputFile.java:74)
[2026-03-14T02:04:56.489+0000] {subprocess.py:93} INFO - 	at org.apache.parquet.hadoop.ParquetFileWriter.<init>(ParquetFileWriter.java:347)
[2026-03-14T02:04:56.490+0000] {subprocess.py:93} INFO - 	at org.apache.parquet.hadoop.ParquetFileWriter.<init>(ParquetFileWriter.java:314)
[2026-03-14T02:04:56.490+0000] {subprocess.py:93} INFO - 	at org.apache.parquet.hadoop.ParquetOutputFormat.getRecordWriter(ParquetOutputFormat.java:484)
[2026-03-14T02:04:56.491+0000] {subprocess.py:93} INFO - 	at org.apache.parquet.hadoop.ParquetOutputFormat.getRecordWriter(ParquetOutputFormat.java:422)
[2026-03-14T02:04:56.492+0000] {subprocess.py:93} INFO - 	at org.apache.parquet.hadoop.ParquetOutputFormat.getRecordWriter(ParquetOutputFormat.java:411)
[2026-03-14T02:04:56.493+0000] {subprocess.py:93} INFO - 	at org.apache.spark.sql.execution.datasources.parquet.ParquetOutputWriter.<init>(ParquetOutputWriter.scala:36)
[2026-03-14T02:04:56.493+0000] {subprocess.py:93} INFO - 	at org.apache.spark.sql.execution.datasources.parquet.ParquetUtils$$anon$1.newInstance(ParquetUtils.scala:490)
[2026-03-14T02:04:56.494+0000] {subprocess.py:93} INFO - 	at org.apache.spark.sql.execution.datasources.SingleDirectoryDataWriter.newOutputWriter(FileFormatDataWriter.scala:161)
[2026-03-14T02:04:56.495+0000] {subprocess.py:93} INFO - 	at org.apache.spark.sql.execution.datasources.SingleDirectoryDataWriter.<init>(FileFormatDataWriter.scala:146)
[2026-03-14T02:04:56.495+0000] {subprocess.py:93} INFO - 	at org.apache.spark.sql.execution.datasources.FileFormatWriter$.executeTask(FileFormatWriter.scala:389)
[2026-03-14T02:04:56.496+0000] {subprocess.py:93} INFO - 	at org.apache.spark.sql.execution.datasources.WriteFilesExec.$anonfun$doExecuteWrite$1(WriteFiles.scala:100)
[2026-03-14T02:04:56.497+0000] {subprocess.py:93} INFO - 	at org.apache.spark.rdd.RDD.$anonfun$mapPartitionsInternal$2(RDD.scala:893)
[2026-03-14T02:04:56.497+0000] {subprocess.py:93} INFO - 	at org.apache.spark.rdd.RDD.$anonfun$mapPartitionsInternal$2$adapted(RDD.scala:893)
[2026-03-14T02:04:56.498+0000] {subprocess.py:93} INFO - 	at org.apache.spark.rdd.MapPartitionsRDD.compute(MapPartitionsRDD.scala:52)
[2026-03-14T02:04:56.499+0000] {subprocess.py:93} INFO - 	at org.apache.spark.rdd.RDD.computeOrReadCheckpoint(RDD.scala:367)
[2026-03-14T02:04:56.499+0000] {subprocess.py:93} INFO - 	at org.apache.spark.rdd.RDD.iterator(RDD.scala:331)
[2026-03-14T02:04:56.500+0000] {subprocess.py:93} INFO - 	at org.apache.spark.scheduler.ResultTask.runTask(ResultTask.scala:93)
[2026-03-14T02:04:56.501+0000] {subprocess.py:93} INFO - 	at org.apache.spark.TaskContext.runTaskWithListeners(TaskContext.scala:166)
[2026-03-14T02:04:56.501+0000] {subprocess.py:93} INFO - 	at org.apache.spark.scheduler.Task.run(Task.scala:141)
[2026-03-14T02:04:56.502+0000] {subprocess.py:93} INFO - 	at org.apache.spark.executor.Executor$TaskRunner.$anonfun$run$4(Executor.scala:620)
[2026-03-14T02:04:56.503+0000] {subprocess.py:93} INFO - 	at org.apache.spark.util.SparkErrorUtils.tryWithSafeFinally(SparkErrorUtils.scala:64)
[2026-03-14T02:04:56.503+0000] {subprocess.py:93} INFO - 	at org.apache.spark.util.SparkErrorUtils.tryWithSafeFinally$(SparkErrorUtils.scala:61)
[2026-03-14T02:04:56.504+0000] {subprocess.py:93} INFO - 	at org.apache.spark.util.Utils$.tryWithSafeFinally(Utils.scala:94)
[2026-03-14T02:04:56.504+0000] {subprocess.py:93} INFO - 	at org.apache.spark.executor.Executor$TaskRunner.run(Executor.scala:623)
[2026-03-14T02:04:56.505+0000] {subprocess.py:93} INFO - 	at java.base/java.util.concurrent.ThreadPoolExecutor.runWorker(Unknown Source)
[2026-03-14T02:04:56.506+0000] {subprocess.py:93} INFO - 	at java.base/java.util.concurrent.ThreadPoolExecutor$Worker.run(Unknown Source)
[2026-03-14T02:04:56.507+0000] {subprocess.py:93} INFO - 	at java.base/java.lang.Thread.run(Unknown Source)
[2026-03-14T02:04:56.507+0000] {subprocess.py:93} INFO - 
[2026-03-14T02:04:56.564+0000] {subprocess.py:93} INFO - 26/03/14 02:04:56 WARN TaskSetManager: Lost task 0.2 in stage 11.0 (TID 22) (172.19.0.3 executor 0): java.io.IOException: Mkdirs failed to create file:/opt/data/output/processed_parquet/_temporary/0/_temporary/attempt_202603140204565537469862549140864_0011_m_000000_22 (exists=false, cwd=file:/opt/spark/work/app-20260314020447-0005/0)
[2026-03-14T02:04:56.565+0000] {subprocess.py:93} INFO - 	at org.apache.hadoop.fs.ChecksumFileSystem.create(ChecksumFileSystem.java:515)
[2026-03-14T02:04:56.566+0000] {subprocess.py:93} INFO - 	at org.apache.hadoop.fs.ChecksumFileSystem.create(ChecksumFileSystem.java:500)
[2026-03-14T02:04:56.568+0000] {subprocess.py:93} INFO - 	at org.apache.hadoop.fs.FileSystem.create(FileSystem.java:1195)
[2026-03-14T02:04:56.569+0000] {subprocess.py:93} INFO - 	at org.apache.hadoop.fs.FileSystem.create(FileSystem.java:1175)
[2026-03-14T02:04:56.570+0000] {subprocess.py:93} INFO - 	at org.apache.parquet.hadoop.util.HadoopOutputFile.create(HadoopOutputFile.java:74)
[2026-03-14T02:04:56.570+0000] {subprocess.py:93} INFO - 	at org.apache.parquet.hadoop.ParquetFileWriter.<init>(ParquetFileWriter.java:347)
[2026-03-14T02:04:56.571+0000] {subprocess.py:93} INFO - 	at org.apache.parquet.hadoop.ParquetFileWriter.<init>(ParquetFileWriter.java:314)
[2026-03-14T02:04:56.572+0000] {subprocess.py:93} INFO - 	at org.apache.parquet.hadoop.ParquetOutputFormat.getRecordWriter(ParquetOutputFormat.java:484)
[2026-03-14T02:04:56.572+0000] {subprocess.py:93} INFO - 	at org.apache.parquet.hadoop.ParquetOutputFormat.getRecordWriter(ParquetOutputFormat.java:422)
[2026-03-14T02:04:56.573+0000] {subprocess.py:93} INFO - 	at org.apache.parquet.hadoop.ParquetOutputFormat.getRecordWriter(ParquetOutputFormat.java:411)
[2026-03-14T02:04:56.573+0000] {subprocess.py:93} INFO - 	at org.apache.spark.sql.execution.datasources.parquet.ParquetOutputWriter.<init>(ParquetOutputWriter.scala:36)
[2026-03-14T02:04:56.574+0000] {subprocess.py:93} INFO - 	at org.apache.spark.sql.execution.datasources.parquet.ParquetUtils$$anon$1.newInstance(ParquetUtils.scala:490)
[2026-03-14T02:04:56.575+0000] {subprocess.py:93} INFO - 	at org.apache.spark.sql.execution.datasources.SingleDirectoryDataWriter.newOutputWriter(FileFormatDataWriter.scala:161)
[2026-03-14T02:04:56.576+0000] {subprocess.py:93} INFO - 	at org.apache.spark.sql.execution.datasources.SingleDirectoryDataWriter.<init>(FileFormatDataWriter.scala:146)
[2026-03-14T02:04:56.576+0000] {subprocess.py:93} INFO - 	at org.apache.spark.sql.execution.datasources.FileFormatWriter$.executeTask(FileFormatWriter.scala:389)
[2026-03-14T02:04:56.577+0000] {subprocess.py:93} INFO - 	at org.apache.spark.sql.execution.datasources.WriteFilesExec.$anonfun$doExecuteWrite$1(WriteFiles.scala:100)
[2026-03-14T02:04:56.577+0000] {subprocess.py:93} INFO - 	at org.apache.spark.rdd.RDD.$anonfun$mapPartitionsInternal$2(RDD.scala:893)
[2026-03-14T02:04:56.578+0000] {subprocess.py:93} INFO - 	at org.apache.spark.rdd.RDD.$anonfun$mapPartitionsInternal$2$adapted(RDD.scala:893)
[2026-03-14T02:04:56.578+0000] {subprocess.py:93} INFO - 	at org.apache.spark.rdd.MapPartitionsRDD.compute(MapPartitionsRDD.scala:52)
[2026-03-14T02:04:56.579+0000] {subprocess.py:93} INFO - 	at org.apache.spark.rdd.RDD.computeOrReadCheckpoint(RDD.scala:367)
[2026-03-14T02:04:56.579+0000] {subprocess.py:93} INFO - 	at org.apache.spark.rdd.RDD.iterator(RDD.scala:331)
[2026-03-14T02:04:56.580+0000] {subprocess.py:93} INFO - 	at org.apache.spark.scheduler.ResultTask.runTask(ResultTask.scala:93)
[2026-03-14T02:04:56.581+0000] {subprocess.py:93} INFO - 	at org.apache.spark.TaskContext.runTaskWithListeners(TaskContext.scala:166)
[2026-03-14T02:04:56.581+0000] {subprocess.py:93} INFO - 	at org.apache.spark.scheduler.Task.run(Task.scala:141)
[2026-03-14T02:04:56.582+0000] {subprocess.py:93} INFO - 	at org.apache.spark.executor.Executor$TaskRunner.$anonfun$run$4(Executor.scala:620)
[2026-03-14T02:04:56.582+0000] {subprocess.py:93} INFO - 	at org.apache.spark.util.SparkErrorUtils.tryWithSafeFinally(SparkErrorUtils.scala:64)
[2026-03-14T02:04:56.583+0000] {subprocess.py:93} INFO - 	at org.apache.spark.util.SparkErrorUtils.tryWithSafeFinally$(SparkErrorUtils.scala:61)
[2026-03-14T02:04:56.583+0000] {subprocess.py:93} INFO - 	at org.apache.spark.util.Utils$.tryWithSafeFinally(Utils.scala:94)
[2026-03-14T02:04:56.584+0000] {subprocess.py:93} INFO - 	at org.apache.spark.executor.Executor$TaskRunner.run(Executor.scala:623)
[2026-03-14T02:04:56.584+0000] {subprocess.py:93} INFO - 	at java.base/java.util.concurrent.ThreadPoolExecutor.runWorker(Unknown Source)
[2026-03-14T02:04:56.585+0000] {subprocess.py:93} INFO - 	at java.base/java.util.concurrent.ThreadPoolExecutor$Worker.run(Unknown Source)
[2026-03-14T02:04:56.585+0000] {subprocess.py:93} INFO - 	at java.base/java.lang.Thread.run(Unknown Source)
[2026-03-14T02:04:56.585+0000] {subprocess.py:93} INFO - 
[2026-03-14T02:04:56.626+0000] {subprocess.py:93} INFO - 26/03/14 02:04:56 WARN TaskSetManager: Lost task 0.3 in stage 11.0 (TID 23) (172.19.0.3 executor 0): java.io.IOException: Mkdirs failed to create file:/opt/data/output/processed_parquet/_temporary/0/_temporary/attempt_202603140204565537469862549140864_0011_m_000000_23 (exists=false, cwd=file:/opt/spark/work/app-20260314020447-0005/0)
[2026-03-14T02:04:56.627+0000] {subprocess.py:93} INFO - 	at org.apache.hadoop.fs.ChecksumFileSystem.create(ChecksumFileSystem.java:515)
[2026-03-14T02:04:56.631+0000] {subprocess.py:93} INFO - 	at org.apache.hadoop.fs.ChecksumFileSystem.create(ChecksumFileSystem.java:500)
[2026-03-14T02:04:56.632+0000] {subprocess.py:93} INFO - 	at org.apache.hadoop.fs.FileSystem.create(FileSystem.java:1195)
[2026-03-14T02:04:56.633+0000] {subprocess.py:93} INFO - 	at org.apache.hadoop.fs.FileSystem.create(FileSystem.java:1175)
[2026-03-14T02:04:56.633+0000] {subprocess.py:93} INFO - 	at org.apache.parquet.hadoop.util.HadoopOutputFile.create(HadoopOutputFile.java:74)
[2026-03-14T02:04:56.634+0000] {subprocess.py:93} INFO - 	at org.apache.parquet.hadoop.ParquetFileWriter.<init>(ParquetFileWriter.java:347)
[2026-03-14T02:04:56.634+0000] {subprocess.py:93} INFO - 	at org.apache.parquet.hadoop.ParquetFileWriter.<init>(ParquetFileWriter.java:314)
[2026-03-14T02:04:56.635+0000] {subprocess.py:93} INFO - 	at org.apache.parquet.hadoop.ParquetOutputFormat.getRecordWriter(ParquetOutputFormat.java:484)
[2026-03-14T02:04:56.635+0000] {subprocess.py:93} INFO - 	at org.apache.parquet.hadoop.ParquetOutputFormat.getRecordWriter(ParquetOutputFormat.java:422)
[2026-03-14T02:04:56.636+0000] {subprocess.py:93} INFO - 	at org.apache.parquet.hadoop.ParquetOutputFormat.getRecordWriter(ParquetOutputFormat.java:411)
[2026-03-14T02:04:56.636+0000] {subprocess.py:93} INFO - 	at org.apache.spark.sql.execution.datasources.parquet.ParquetOutputWriter.<init>(ParquetOutputWriter.scala:36)
[2026-03-14T02:04:56.637+0000] {subprocess.py:93} INFO - 	at org.apache.spark.sql.execution.datasources.parquet.ParquetUtils$$anon$1.newInstance(ParquetUtils.scala:490)
[2026-03-14T02:04:56.637+0000] {subprocess.py:93} INFO - 	at org.apache.spark.sql.execution.datasources.SingleDirectoryDataWriter.newOutputWriter(FileFormatDataWriter.scala:161)
[2026-03-14T02:04:56.638+0000] {subprocess.py:93} INFO - 	at org.apache.spark.sql.execution.datasources.SingleDirectoryDataWriter.<init>(FileFormatDataWriter.scala:146)
[2026-03-14T02:04:56.638+0000] {subprocess.py:93} INFO - 	at org.apache.spark.sql.execution.datasources.FileFormatWriter$.executeTask(FileFormatWriter.scala:389)
[2026-03-14T02:04:56.639+0000] {subprocess.py:93} INFO - 	at org.apache.spark.sql.execution.datasources.WriteFilesExec.$anonfun$doExecuteWrite$1(WriteFiles.scala:100)
[2026-03-14T02:04:56.639+0000] {subprocess.py:93} INFO - 	at org.apache.spark.rdd.RDD.$anonfun$mapPartitionsInternal$2(RDD.scala:893)
[2026-03-14T02:04:56.640+0000] {subprocess.py:93} INFO - 	at org.apache.spark.rdd.RDD.$anonfun$mapPartitionsInternal$2$adapted(RDD.scala:893)
[2026-03-14T02:04:56.640+0000] {subprocess.py:93} INFO - 	at org.apache.spark.rdd.MapPartitionsRDD.compute(MapPartitionsRDD.scala:52)
[2026-03-14T02:04:56.641+0000] {subprocess.py:93} INFO - 	at org.apache.spark.rdd.RDD.computeOrReadCheckpoint(RDD.scala:367)
[2026-03-14T02:04:56.641+0000] {subprocess.py:93} INFO - 	at org.apache.spark.rdd.RDD.iterator(RDD.scala:331)
[2026-03-14T02:04:56.642+0000] {subprocess.py:93} INFO - 	at org.apache.spark.scheduler.ResultTask.runTask(ResultTask.scala:93)
[2026-03-14T02:04:56.642+0000] {subprocess.py:93} INFO - 	at org.apache.spark.TaskContext.runTaskWithListeners(TaskContext.scala:166)
[2026-03-14T02:04:56.643+0000] {subprocess.py:93} INFO - 	at org.apache.spark.scheduler.Task.run(Task.scala:141)
[2026-03-14T02:04:56.643+0000] {subprocess.py:93} INFO - 	at org.apache.spark.executor.Executor$TaskRunner.$anonfun$run$4(Executor.scala:620)
[2026-03-14T02:04:56.644+0000] {subprocess.py:93} INFO - 	at org.apache.spark.util.SparkErrorUtils.tryWithSafeFinally(SparkErrorUtils.scala:64)
[2026-03-14T02:04:56.644+0000] {subprocess.py:93} INFO - 	at org.apache.spark.util.SparkErrorUtils.tryWithSafeFinally$(SparkErrorUtils.scala:61)
[2026-03-14T02:04:56.644+0000] {subprocess.py:93} INFO - 	at org.apache.spark.util.Utils$.tryWithSafeFinally(Utils.scala:94)
[2026-03-14T02:04:56.645+0000] {subprocess.py:93} INFO - 	at org.apache.spark.executor.Executor$TaskRunner.run(Executor.scala:623)
[2026-03-14T02:04:56.646+0000] {subprocess.py:93} INFO - 	at java.base/java.util.concurrent.ThreadPoolExecutor.runWorker(Unknown Source)
[2026-03-14T02:04:56.646+0000] {subprocess.py:93} INFO - 	at java.base/java.util.concurrent.ThreadPoolExecutor$Worker.run(Unknown Source)
[2026-03-14T02:04:56.647+0000] {subprocess.py:93} INFO - 	at java.base/java.lang.Thread.run(Unknown Source)
[2026-03-14T02:04:56.647+0000] {subprocess.py:93} INFO - 
[2026-03-14T02:04:56.648+0000] {subprocess.py:93} INFO - 26/03/14 02:04:56 ERROR TaskSetManager: Task 0 in stage 11.0 failed 4 times; aborting job
[2026-03-14T02:04:56.648+0000] {subprocess.py:93} INFO - 26/03/14 02:04:56 ERROR FileFormatWriter: Aborting job c6c32683-7fd2-41e1-a386-74a1814b6f25.
[2026-03-14T02:04:56.649+0000] {subprocess.py:93} INFO - org.apache.spark.SparkException: Job aborted due to stage failure: Task 0 in stage 11.0 failed 4 times, most recent failure: Lost task 0.3 in stage 11.0 (TID 23) (172.19.0.3 executor 0): java.io.IOException: Mkdirs failed to create file:/opt/data/output/processed_parquet/_temporary/0/_temporary/attempt_202603140204565537469862549140864_0011_m_000000_23 (exists=false, cwd=file:/opt/spark/work/app-20260314020447-0005/0)
[2026-03-14T02:04:56.649+0000] {subprocess.py:93} INFO - 	at org.apache.hadoop.fs.ChecksumFileSystem.create(ChecksumFileSystem.java:515)
[2026-03-14T02:04:56.649+0000] {subprocess.py:93} INFO - 	at org.apache.hadoop.fs.ChecksumFileSystem.create(ChecksumFileSystem.java:500)
[2026-03-14T02:04:56.650+0000] {subprocess.py:93} INFO - 	at org.apache.hadoop.fs.FileSystem.create(FileSystem.java:1195)
[2026-03-14T02:04:56.650+0000] {subprocess.py:93} INFO - 	at org.apache.hadoop.fs.FileSystem.create(FileSystem.java:1175)
[2026-03-14T02:04:56.651+0000] {subprocess.py:93} INFO - 	at org.apache.parquet.hadoop.util.HadoopOutputFile.create(HadoopOutputFile.java:74)
[2026-03-14T02:04:56.651+0000] {subprocess.py:93} INFO - 	at org.apache.parquet.hadoop.ParquetFileWriter.<init>(ParquetFileWriter.java:347)
[2026-03-14T02:04:56.651+0000] {subprocess.py:93} INFO - 	at org.apache.parquet.hadoop.ParquetFileWriter.<init>(ParquetFileWriter.java:314)
[2026-03-14T02:04:56.652+0000] {subprocess.py:93} INFO - 	at org.apache.parquet.hadoop.ParquetOutputFormat.getRecordWriter(ParquetOutputFormat.java:484)
[2026-03-14T02:04:56.652+0000] {subprocess.py:93} INFO - 	at org.apache.parquet.hadoop.ParquetOutputFormat.getRecordWriter(ParquetOutputFormat.java:422)
[2026-03-14T02:04:56.653+0000] {subprocess.py:93} INFO - 	at org.apache.parquet.hadoop.ParquetOutputFormat.getRecordWriter(ParquetOutputFormat.java:411)
[2026-03-14T02:04:56.653+0000] {subprocess.py:93} INFO - 	at org.apache.spark.sql.execution.datasources.parquet.ParquetOutputWriter.<init>(ParquetOutputWriter.scala:36)
[2026-03-14T02:04:56.653+0000] {subprocess.py:93} INFO - 	at org.apache.spark.sql.execution.datasources.parquet.ParquetUtils$$anon$1.newInstance(ParquetUtils.scala:490)
[2026-03-14T02:04:56.654+0000] {subprocess.py:93} INFO - 	at org.apache.spark.sql.execution.datasources.SingleDirectoryDataWriter.newOutputWriter(FileFormatDataWriter.scala:161)
[2026-03-14T02:04:56.654+0000] {subprocess.py:93} INFO - 	at org.apache.spark.sql.execution.datasources.SingleDirectoryDataWriter.<init>(FileFormatDataWriter.scala:146)
[2026-03-14T02:04:56.655+0000] {subprocess.py:93} INFO - 	at org.apache.spark.sql.execution.datasources.FileFormatWriter$.executeTask(FileFormatWriter.scala:389)
[2026-03-14T02:04:56.655+0000] {subprocess.py:93} INFO - 	at org.apache.spark.sql.execution.datasources.WriteFilesExec.$anonfun$doExecuteWrite$1(WriteFiles.scala:100)
[2026-03-14T02:04:56.656+0000] {subprocess.py:93} INFO - 	at org.apache.spark.rdd.RDD.$anonfun$mapPartitionsInternal$2(RDD.scala:893)
[2026-03-14T02:04:56.656+0000] {subprocess.py:93} INFO - 	at org.apache.spark.rdd.RDD.$anonfun$mapPartitionsInternal$2$adapted(RDD.scala:893)
[2026-03-14T02:04:56.657+0000] {subprocess.py:93} INFO - 	at org.apache.spark.rdd.MapPartitionsRDD.compute(MapPartitionsRDD.scala:52)
[2026-03-14T02:04:56.657+0000] {subprocess.py:93} INFO - 	at org.apache.spark.rdd.RDD.computeOrReadCheckpoint(RDD.scala:367)
[2026-03-14T02:04:56.657+0000] {subprocess.py:93} INFO - 	at org.apache.spark.rdd.RDD.iterator(RDD.scala:331)
[2026-03-14T02:04:56.658+0000] {subprocess.py:93} INFO - 	at org.apache.spark.scheduler.ResultTask.runTask(ResultTask.scala:93)
[2026-03-14T02:04:56.658+0000] {subprocess.py:93} INFO - 	at org.apache.spark.TaskContext.runTaskWithListeners(TaskContext.scala:166)
[2026-03-14T02:04:56.659+0000] {subprocess.py:93} INFO - 	at org.apache.spark.scheduler.Task.run(Task.scala:141)
[2026-03-14T02:04:56.659+0000] {subprocess.py:93} INFO - 	at org.apache.spark.executor.Executor$TaskRunner.$anonfun$run$4(Executor.scala:620)
[2026-03-14T02:04:56.659+0000] {subprocess.py:93} INFO - 	at org.apache.spark.util.SparkErrorUtils.tryWithSafeFinally(SparkErrorUtils.scala:64)
[2026-03-14T02:04:56.660+0000] {subprocess.py:93} INFO - 	at org.apache.spark.util.SparkErrorUtils.tryWithSafeFinally$(SparkErrorUtils.scala:61)
[2026-03-14T02:04:56.660+0000] {subprocess.py:93} INFO - 	at org.apache.spark.util.Utils$.tryWithSafeFinally(Utils.scala:94)
[2026-03-14T02:04:56.661+0000] {subprocess.py:93} INFO - 	at org.apache.spark.executor.Executor$TaskRunner.run(Executor.scala:623)
[2026-03-14T02:04:56.661+0000] {subprocess.py:93} INFO - 	at java.base/java.util.concurrent.ThreadPoolExecutor.runWorker(Unknown Source)
[2026-03-14T02:04:56.662+0000] {subprocess.py:93} INFO - 	at java.base/java.util.concurrent.ThreadPoolExecutor$Worker.run(Unknown Source)
[2026-03-14T02:04:56.662+0000] {subprocess.py:93} INFO - 	at java.base/java.lang.Thread.run(Unknown Source)
[2026-03-14T02:04:56.662+0000] {subprocess.py:93} INFO - 
[2026-03-14T02:04:56.663+0000] {subprocess.py:93} INFO - Driver stacktrace:
[2026-03-14T02:04:56.663+0000] {subprocess.py:93} INFO - 	at org.apache.spark.scheduler.DAGScheduler.failJobAndIndependentStages(DAGScheduler.scala:2856)
[2026-03-14T02:04:56.664+0000] {subprocess.py:93} INFO - 	at org.apache.spark.scheduler.DAGScheduler.$anonfun$abortStage$2(DAGScheduler.scala:2792)
[2026-03-14T02:04:56.664+0000] {subprocess.py:93} INFO - 	at org.apache.spark.scheduler.DAGScheduler.$anonfun$abortStage$2$adapted(DAGScheduler.scala:2791)
[2026-03-14T02:04:56.664+0000] {subprocess.py:93} INFO - 	at scala.collection.mutable.ResizableArray.foreach(ResizableArray.scala:62)
[2026-03-14T02:04:56.665+0000] {subprocess.py:93} INFO - 	at scala.collection.mutable.ResizableArray.foreach$(ResizableArray.scala:55)
[2026-03-14T02:04:56.665+0000] {subprocess.py:93} INFO - 	at scala.collection.mutable.ArrayBuffer.foreach(ArrayBuffer.scala:49)
[2026-03-14T02:04:56.666+0000] {subprocess.py:93} INFO - 	at org.apache.spark.scheduler.DAGScheduler.abortStage(DAGScheduler.scala:2791)
[2026-03-14T02:04:56.666+0000] {subprocess.py:93} INFO - 	at org.apache.spark.scheduler.DAGScheduler.$anonfun$handleTaskSetFailed$1(DAGScheduler.scala:1247)
[2026-03-14T02:04:56.667+0000] {subprocess.py:93} INFO - 	at org.apache.spark.scheduler.DAGScheduler.$anonfun$handleTaskSetFailed$1$adapted(DAGScheduler.scala:1247)
[2026-03-14T02:04:56.667+0000] {subprocess.py:93} INFO - 	at scala.Option.foreach(Option.scala:407)
[2026-03-14T02:04:56.667+0000] {subprocess.py:93} INFO - 	at org.apache.spark.scheduler.DAGScheduler.handleTaskSetFailed(DAGScheduler.scala:1247)
[2026-03-14T02:04:56.668+0000] {subprocess.py:93} INFO - 	at org.apache.spark.scheduler.DAGSchedulerEventProcessLoop.doOnReceive(DAGScheduler.scala:3060)
[2026-03-14T02:04:56.668+0000] {subprocess.py:93} INFO - 	at org.apache.spark.scheduler.DAGSchedulerEventProcessLoop.onReceive(DAGScheduler.scala:2994)
[2026-03-14T02:04:56.669+0000] {subprocess.py:93} INFO - 	at org.apache.spark.scheduler.DAGSchedulerEventProcessLoop.onReceive(DAGScheduler.scala:2983)
[2026-03-14T02:04:56.669+0000] {subprocess.py:93} INFO - 	at org.apache.spark.util.EventLoop$$anon$1.run(EventLoop.scala:49)
[2026-03-14T02:04:56.669+0000] {subprocess.py:93} INFO - 	at org.apache.spark.scheduler.DAGScheduler.runJob(DAGScheduler.scala:989)
[2026-03-14T02:04:56.670+0000] {subprocess.py:93} INFO - 	at org.apache.spark.SparkContext.runJob(SparkContext.scala:2398)
[2026-03-14T02:04:56.671+0000] {subprocess.py:93} INFO - 	at org.apache.spark.sql.execution.datasources.FileFormatWriter$.$anonfun$executeWrite$4(FileFormatWriter.scala:307)
[2026-03-14T02:04:56.671+0000] {subprocess.py:93} INFO - 	at org.apache.spark.sql.execution.datasources.FileFormatWriter$.writeAndCommit(FileFormatWriter.scala:271)
[2026-03-14T02:04:56.672+0000] {subprocess.py:93} INFO - 	at org.apache.spark.sql.execution.datasources.FileFormatWriter$.executeWrite(FileFormatWriter.scala:304)
[2026-03-14T02:04:56.673+0000] {subprocess.py:93} INFO - 	at org.apache.spark.sql.execution.datasources.FileFormatWriter$.write(FileFormatWriter.scala:190)
[2026-03-14T02:04:56.673+0000] {subprocess.py:93} INFO - 	at org.apache.spark.sql.execution.datasources.InsertIntoHadoopFsRelationCommand.run(InsertIntoHadoopFsRelationCommand.scala:190)
[2026-03-14T02:04:56.674+0000] {subprocess.py:93} INFO - 	at org.apache.spark.sql.execution.command.DataWritingCommandExec.sideEffectResult$lzycompute(commands.scala:113)
[2026-03-14T02:04:56.674+0000] {subprocess.py:93} INFO - 	at org.apache.spark.sql.execution.command.DataWritingCommandExec.sideEffectResult(commands.scala:111)
[2026-03-14T02:04:56.675+0000] {subprocess.py:93} INFO - 	at org.apache.spark.sql.execution.command.DataWritingCommandExec.executeCollect(commands.scala:125)
[2026-03-14T02:04:56.675+0000] {subprocess.py:93} INFO - 	at org.apache.spark.sql.execution.adaptive.AdaptiveSparkPlanExec.$anonfun$executeCollect$1(AdaptiveSparkPlanExec.scala:390)
[2026-03-14T02:04:56.676+0000] {subprocess.py:93} INFO - 	at org.apache.spark.sql.execution.adaptive.AdaptiveSparkPlanExec.withFinalPlanUpdate(AdaptiveSparkPlanExec.scala:418)
[2026-03-14T02:04:56.676+0000] {subprocess.py:93} INFO - 	at org.apache.spark.sql.execution.adaptive.AdaptiveSparkPlanExec.executeCollect(AdaptiveSparkPlanExec.scala:390)
[2026-03-14T02:04:56.676+0000] {subprocess.py:93} INFO - 	at org.apache.spark.sql.execution.QueryExecution$$anonfun$eagerlyExecuteCommands$1.$anonfun$applyOrElse$1(QueryExecution.scala:107)
[2026-03-14T02:04:56.677+0000] {subprocess.py:93} INFO - 	at org.apache.spark.sql.execution.SQLExecution$.$anonfun$withNewExecutionId$6(SQLExecution.scala:125)
[2026-03-14T02:04:56.677+0000] {subprocess.py:93} INFO - 	at org.apache.spark.sql.execution.SQLExecution$.withSQLConfPropagated(SQLExecution.scala:201)
[2026-03-14T02:04:56.677+0000] {subprocess.py:93} INFO - 	at org.apache.spark.sql.execution.SQLExecution$.$anonfun$withNewExecutionId$1(SQLExecution.scala:108)
[2026-03-14T02:04:56.678+0000] {subprocess.py:93} INFO - 	at org.apache.spark.sql.SparkSession.withActive(SparkSession.scala:900)
[2026-03-14T02:04:56.678+0000] {subprocess.py:93} INFO - 	at org.apache.spark.sql.execution.SQLExecution$.withNewExecutionId(SQLExecution.scala:66)
[2026-03-14T02:04:56.679+0000] {subprocess.py:93} INFO - 	at org.apache.spark.sql.execution.QueryExecution$$anonfun$eagerlyExecuteCommands$1.applyOrElse(QueryExecution.scala:107)
[2026-03-14T02:04:56.679+0000] {subprocess.py:93} INFO - 	at org.apache.spark.sql.execution.QueryExecution$$anonfun$eagerlyExecuteCommands$1.applyOrElse(QueryExecution.scala:98)
[2026-03-14T02:04:56.680+0000] {subprocess.py:93} INFO - 	at org.apache.spark.sql.catalyst.trees.TreeNode.$anonfun$transformDownWithPruning$1(TreeNode.scala:461)
[2026-03-14T02:04:56.680+0000] {subprocess.py:93} INFO - 	at org.apache.spark.sql.catalyst.trees.CurrentOrigin$.withOrigin(origin.scala:76)
[2026-03-14T02:04:56.680+0000] {subprocess.py:93} INFO - 	at org.apache.spark.sql.catalyst.trees.TreeNode.transformDownWithPruning(TreeNode.scala:461)
[2026-03-14T02:04:56.681+0000] {subprocess.py:93} INFO - 	at org.apache.spark.sql.catalyst.plans.logical.LogicalPlan.org$apache$spark$sql$catalyst$plans$logical$AnalysisHelper$$super$transformDownWithPruning(LogicalPlan.scala:32)
[2026-03-14T02:04:56.681+0000] {subprocess.py:93} INFO - 	at org.apache.spark.sql.catalyst.plans.logical.AnalysisHelper.transformDownWithPruning(AnalysisHelper.scala:267)
[2026-03-14T02:04:56.682+0000] {subprocess.py:93} INFO - 	at org.apache.spark.sql.catalyst.plans.logical.AnalysisHelper.transformDownWithPruning$(AnalysisHelper.scala:263)
[2026-03-14T02:04:56.682+0000] {subprocess.py:93} INFO - 	at org.apache.spark.sql.catalyst.plans.logical.LogicalPlan.transformDownWithPruning(LogicalPlan.scala:32)
[2026-03-14T02:04:56.683+0000] {subprocess.py:93} INFO - 	at org.apache.spark.sql.catalyst.plans.logical.LogicalPlan.transformDownWithPruning(LogicalPlan.scala:32)
[2026-03-14T02:04:56.683+0000] {subprocess.py:93} INFO - 	at org.apache.spark.sql.catalyst.trees.TreeNode.transformDown(TreeNode.scala:437)
[2026-03-14T02:04:56.683+0000] {subprocess.py:93} INFO - 	at org.apache.spark.sql.execution.QueryExecution.eagerlyExecuteCommands(QueryExecution.scala:98)
[2026-03-14T02:04:56.684+0000] {subprocess.py:93} INFO - 	at org.apache.spark.sql.execution.QueryExecution.commandExecuted$lzycompute(QueryExecution.scala:85)
[2026-03-14T02:04:56.684+0000] {subprocess.py:93} INFO - 	at org.apache.spark.sql.execution.QueryExecution.commandExecuted(QueryExecution.scala:83)
[2026-03-14T02:04:56.684+0000] {subprocess.py:93} INFO - 	at org.apache.spark.sql.execution.QueryExecution.assertCommandExecuted(QueryExecution.scala:142)
[2026-03-14T02:04:56.685+0000] {subprocess.py:93} INFO - 	at org.apache.spark.sql.DataFrameWriter.runCommand(DataFrameWriter.scala:859)
[2026-03-14T02:04:56.685+0000] {subprocess.py:93} INFO - 	at org.apache.spark.sql.DataFrameWriter.saveToV1Source(DataFrameWriter.scala:388)
[2026-03-14T02:04:56.686+0000] {subprocess.py:93} INFO - 	at org.apache.spark.sql.DataFrameWriter.saveInternal(DataFrameWriter.scala:361)
[2026-03-14T02:04:56.686+0000] {subprocess.py:93} INFO - 	at org.apache.spark.sql.DataFrameWriter.save(DataFrameWriter.scala:240)
[2026-03-14T02:04:56.687+0000] {subprocess.py:93} INFO - 	at org.apache.spark.sql.DataFrameWriter.parquet(DataFrameWriter.scala:792)
[2026-03-14T02:04:56.687+0000] {subprocess.py:93} INFO - 	at java.base/jdk.internal.reflect.NativeMethodAccessorImpl.invoke0(Native Method)
[2026-03-14T02:04:56.688+0000] {subprocess.py:93} INFO - 	at java.base/jdk.internal.reflect.NativeMethodAccessorImpl.invoke(NativeMethodAccessorImpl.java:77)
[2026-03-14T02:04:56.688+0000] {subprocess.py:93} INFO - 	at java.base/jdk.internal.reflect.DelegatingMethodAccessorImpl.invoke(DelegatingMethodAccessorImpl.java:43)
[2026-03-14T02:04:56.688+0000] {subprocess.py:93} INFO - 	at java.base/java.lang.reflect.Method.invoke(Method.java:569)
[2026-03-14T02:04:56.689+0000] {subprocess.py:93} INFO - 	at py4j.reflection.MethodInvoker.invoke(MethodInvoker.java:244)
[2026-03-14T02:04:56.689+0000] {subprocess.py:93} INFO - 	at py4j.reflection.ReflectionEngine.invoke(ReflectionEngine.java:374)
[2026-03-14T02:04:56.689+0000] {subprocess.py:93} INFO - 	at py4j.Gateway.invoke(Gateway.java:282)
[2026-03-14T02:04:56.690+0000] {subprocess.py:93} INFO - 	at py4j.commands.AbstractCommand.invokeMethod(AbstractCommand.java:132)
[2026-03-14T02:04:56.690+0000] {subprocess.py:93} INFO - 	at py4j.commands.CallCommand.execute(CallCommand.java:79)
[2026-03-14T02:04:56.691+0000] {subprocess.py:93} INFO - 	at py4j.ClientServerConnection.waitForCommands(ClientServerConnection.java:182)
[2026-03-14T02:04:56.691+0000] {subprocess.py:93} INFO - 	at py4j.ClientServerConnection.run(ClientServerConnection.java:106)
[2026-03-14T02:04:56.692+0000] {subprocess.py:93} INFO - 	at java.base/java.lang.Thread.run(Thread.java:840)
[2026-03-14T02:04:56.692+0000] {subprocess.py:93} INFO - Caused by: java.io.IOException: Mkdirs failed to create file:/opt/data/output/processed_parquet/_temporary/0/_temporary/attempt_202603140204565537469862549140864_0011_m_000000_23 (exists=false, cwd=file:/opt/spark/work/app-20260314020447-0005/0)
[2026-03-14T02:04:56.693+0000] {subprocess.py:93} INFO - 	at org.apache.hadoop.fs.ChecksumFileSystem.create(ChecksumFileSystem.java:515)
[2026-03-14T02:04:56.693+0000] {subprocess.py:93} INFO - 	at org.apache.hadoop.fs.ChecksumFileSystem.create(ChecksumFileSystem.java:500)
[2026-03-14T02:04:56.693+0000] {subprocess.py:93} INFO - 	at org.apache.hadoop.fs.FileSystem.create(FileSystem.java:1195)
[2026-03-14T02:04:56.694+0000] {subprocess.py:93} INFO - 	at org.apache.hadoop.fs.FileSystem.create(FileSystem.java:1175)
[2026-03-14T02:04:56.694+0000] {subprocess.py:93} INFO - 	at org.apache.parquet.hadoop.util.HadoopOutputFile.create(HadoopOutputFile.java:74)
[2026-03-14T02:04:56.695+0000] {subprocess.py:93} INFO - 	at org.apache.parquet.hadoop.ParquetFileWriter.<init>(ParquetFileWriter.java:347)
[2026-03-14T02:04:56.695+0000] {subprocess.py:93} INFO - 	at org.apache.parquet.hadoop.ParquetFileWriter.<init>(ParquetFileWriter.java:314)
[2026-03-14T02:04:56.695+0000] {subprocess.py:93} INFO - 	at org.apache.parquet.hadoop.ParquetOutputFormat.getRecordWriter(ParquetOutputFormat.java:484)
[2026-03-14T02:04:56.696+0000] {subprocess.py:93} INFO - 	at org.apache.parquet.hadoop.ParquetOutputFormat.getRecordWriter(ParquetOutputFormat.java:422)
[2026-03-14T02:04:56.696+0000] {subprocess.py:93} INFO - 	at org.apache.parquet.hadoop.ParquetOutputFormat.getRecordWriter(ParquetOutputFormat.java:411)
[2026-03-14T02:04:56.696+0000] {subprocess.py:93} INFO - 	at org.apache.spark.sql.execution.datasources.parquet.ParquetOutputWriter.<init>(ParquetOutputWriter.scala:36)
[2026-03-14T02:04:56.697+0000] {subprocess.py:93} INFO - 	at org.apache.spark.sql.execution.datasources.parquet.ParquetUtils$$anon$1.newInstance(ParquetUtils.scala:490)
[2026-03-14T02:04:56.697+0000] {subprocess.py:93} INFO - 	at org.apache.spark.sql.execution.datasources.SingleDirectoryDataWriter.newOutputWriter(FileFormatDataWriter.scala:161)
[2026-03-14T02:04:56.698+0000] {subprocess.py:93} INFO - 	at org.apache.spark.sql.execution.datasources.SingleDirectoryDataWriter.<init>(FileFormatDataWriter.scala:146)
[2026-03-14T02:04:56.698+0000] {subprocess.py:93} INFO - 	at org.apache.spark.sql.execution.datasources.FileFormatWriter$.executeTask(FileFormatWriter.scala:389)
[2026-03-14T02:04:56.698+0000] {subprocess.py:93} INFO - 	at org.apache.spark.sql.execution.datasources.WriteFilesExec.$anonfun$doExecuteWrite$1(WriteFiles.scala:100)
[2026-03-14T02:04:56.699+0000] {subprocess.py:93} INFO - 	at org.apache.spark.rdd.RDD.$anonfun$mapPartitionsInternal$2(RDD.scala:893)
[2026-03-14T02:04:56.699+0000] {subprocess.py:93} INFO - 	at org.apache.spark.rdd.RDD.$anonfun$mapPartitionsInternal$2$adapted(RDD.scala:893)
[2026-03-14T02:04:56.700+0000] {subprocess.py:93} INFO - 	at org.apache.spark.rdd.MapPartitionsRDD.compute(MapPartitionsRDD.scala:52)
[2026-03-14T02:04:56.700+0000] {subprocess.py:93} INFO - 	at org.apache.spark.rdd.RDD.computeOrReadCheckpoint(RDD.scala:367)
[2026-03-14T02:04:56.701+0000] {subprocess.py:93} INFO - 	at org.apache.spark.rdd.RDD.iterator(RDD.scala:331)
[2026-03-14T02:04:56.701+0000] {subprocess.py:93} INFO - 	at org.apache.spark.scheduler.ResultTask.runTask(ResultTask.scala:93)
[2026-03-14T02:04:56.702+0000] {subprocess.py:93} INFO - 	at org.apache.spark.TaskContext.runTaskWithListeners(TaskContext.scala:166)
[2026-03-14T02:04:56.702+0000] {subprocess.py:93} INFO - 	at org.apache.spark.scheduler.Task.run(Task.scala:141)
[2026-03-14T02:04:56.703+0000] {subprocess.py:93} INFO - 	at org.apache.spark.executor.Executor$TaskRunner.$anonfun$run$4(Executor.scala:620)
[2026-03-14T02:04:56.703+0000] {subprocess.py:93} INFO - 	at org.apache.spark.util.SparkErrorUtils.tryWithSafeFinally(SparkErrorUtils.scala:64)
[2026-03-14T02:04:56.704+0000] {subprocess.py:93} INFO - 	at org.apache.spark.util.SparkErrorUtils.tryWithSafeFinally$(SparkErrorUtils.scala:61)
[2026-03-14T02:04:56.704+0000] {subprocess.py:93} INFO - 	at org.apache.spark.util.Utils$.tryWithSafeFinally(Utils.scala:94)
[2026-03-14T02:04:56.704+0000] {subprocess.py:93} INFO - 	at org.apache.spark.executor.Executor$TaskRunner.run(Executor.scala:623)
[2026-03-14T02:04:56.705+0000] {subprocess.py:93} INFO - 	at java.base/java.util.concurrent.ThreadPoolExecutor.runWorker(Unknown Source)
[2026-03-14T02:04:56.705+0000] {subprocess.py:93} INFO - 	at java.base/java.util.concurrent.ThreadPoolExecutor$Worker.run(Unknown Source)
[2026-03-14T02:04:56.706+0000] {subprocess.py:93} INFO - 	at java.base/java.lang.Thread.run(Unknown Source)
[2026-03-14T02:04:57.032+0000] {subprocess.py:93} INFO - Traceback (most recent call last):
[2026-03-14T02:04:57.032+0000] {subprocess.py:93} INFO -   File "/opt/airflow/spark_jobs/process_data.py", line 219, in <module>
[2026-03-14T02:04:57.037+0000] {subprocess.py:93} INFO -     main()
[2026-03-14T02:04:57.038+0000] {subprocess.py:93} INFO -   File "/opt/airflow/spark_jobs/process_data.py", line 205, in main
[2026-03-14T02:04:57.042+0000] {subprocess.py:93} INFO -     write_output_data(df_final, output_path)
[2026-03-14T02:04:57.043+0000] {subprocess.py:93} INFO -   File "/opt/airflow/spark_jobs/process_data.py", line 150, in write_output_data
[2026-03-14T02:04:57.047+0000] {subprocess.py:93} INFO -     df.write.mode("overwrite").parquet(parquet_path)
[2026-03-14T02:04:57.048+0000] {subprocess.py:93} INFO -   File "/home/airflow/.local/lib/python3.12/site-packages/pyspark/python/lib/pyspark.zip/pyspark/sql/readwriter.py", line 1721, in parquet
[2026-03-14T02:04:57.049+0000] {subprocess.py:93} INFO -   File "/home/airflow/.local/lib/python3.12/site-packages/pyspark/python/lib/py4j-0.10.9.7-src.zip/py4j/java_gateway.py", line 1322, in __call__
[2026-03-14T02:04:57.049+0000] {subprocess.py:93} INFO -   File "/home/airflow/.local/lib/python3.12/site-packages/pyspark/python/lib/pyspark.zip/pyspark/errors/exceptions/captured.py", line 179, in deco
[2026-03-14T02:04:57.050+0000] {subprocess.py:93} INFO -   File "/home/airflow/.local/lib/python3.12/site-packages/pyspark/python/lib/py4j-0.10.9.7-src.zip/py4j/protocol.py", line 326, in get_return_value
[2026-03-14T02:04:57.093+0000] {subprocess.py:93} INFO - py4j.protocol.Py4JJavaError: An error occurred while calling o51.parquet.
[2026-03-14T02:04:57.094+0000] {subprocess.py:93} INFO - : org.apache.spark.SparkException: Job aborted due to stage failure: Task 0 in stage 11.0 failed 4 times, most recent failure: Lost task 0.3 in stage 11.0 (TID 23) (172.19.0.3 executor 0): java.io.IOException: Mkdirs failed to create file:/opt/data/output/processed_parquet/_temporary/0/_temporary/attempt_202603140204565537469862549140864_0011_m_000000_23 (exists=false, cwd=file:/opt/spark/work/app-20260314020447-0005/0)
[2026-03-14T02:04:57.095+0000] {subprocess.py:93} INFO - 	at org.apache.hadoop.fs.ChecksumFileSystem.create(ChecksumFileSystem.java:515)
[2026-03-14T02:04:57.096+0000] {subprocess.py:93} INFO - 	at org.apache.hadoop.fs.ChecksumFileSystem.create(ChecksumFileSystem.java:500)
[2026-03-14T02:04:57.097+0000] {subprocess.py:93} INFO - 	at org.apache.hadoop.fs.FileSystem.create(FileSystem.java:1195)
[2026-03-14T02:04:57.097+0000] {subprocess.py:93} INFO - 	at org.apache.hadoop.fs.FileSystem.create(FileSystem.java:1175)
[2026-03-14T02:04:57.098+0000] {subprocess.py:93} INFO - 	at org.apache.parquet.hadoop.util.HadoopOutputFile.create(HadoopOutputFile.java:74)
[2026-03-14T02:04:57.098+0000] {subprocess.py:93} INFO - 	at org.apache.parquet.hadoop.ParquetFileWriter.<init>(ParquetFileWriter.java:347)
[2026-03-14T02:04:57.099+0000] {subprocess.py:93} INFO - 	at org.apache.parquet.hadoop.ParquetFileWriter.<init>(ParquetFileWriter.java:314)
[2026-03-14T02:04:57.100+0000] {subprocess.py:93} INFO - 	at org.apache.parquet.hadoop.ParquetOutputFormat.getRecordWriter(ParquetOutputFormat.java:484)
[2026-03-14T02:04:57.100+0000] {subprocess.py:93} INFO - 	at org.apache.parquet.hadoop.ParquetOutputFormat.getRecordWriter(ParquetOutputFormat.java:422)
[2026-03-14T02:04:57.101+0000] {subprocess.py:93} INFO - 	at org.apache.parquet.hadoop.ParquetOutputFormat.getRecordWriter(ParquetOutputFormat.java:411)
[2026-03-14T02:04:57.101+0000] {subprocess.py:93} INFO - 	at org.apache.spark.sql.execution.datasources.parquet.ParquetOutputWriter.<init>(ParquetOutputWriter.scala:36)
[2026-03-14T02:04:57.102+0000] {subprocess.py:93} INFO - 	at org.apache.spark.sql.execution.datasources.parquet.ParquetUtils$$anon$1.newInstance(ParquetUtils.scala:490)
[2026-03-14T02:04:57.102+0000] {subprocess.py:93} INFO - 	at org.apache.spark.sql.execution.datasources.SingleDirectoryDataWriter.newOutputWriter(FileFormatDataWriter.scala:161)
[2026-03-14T02:04:57.103+0000] {subprocess.py:93} INFO - 	at org.apache.spark.sql.execution.datasources.SingleDirectoryDataWriter.<init>(FileFormatDataWriter.scala:146)
[2026-03-14T02:04:57.103+0000] {subprocess.py:93} INFO - 	at org.apache.spark.sql.execution.datasources.FileFormatWriter$.executeTask(FileFormatWriter.scala:389)
[2026-03-14T02:04:57.104+0000] {subprocess.py:93} INFO - 	at org.apache.spark.sql.execution.datasources.WriteFilesExec.$anonfun$doExecuteWrite$1(WriteFiles.scala:100)
[2026-03-14T02:04:57.104+0000] {subprocess.py:93} INFO - 	at org.apache.spark.rdd.RDD.$anonfun$mapPartitionsInternal$2(RDD.scala:893)
[2026-03-14T02:04:57.104+0000] {subprocess.py:93} INFO - 	at org.apache.spark.rdd.RDD.$anonfun$mapPartitionsInternal$2$adapted(RDD.scala:893)
[2026-03-14T02:04:57.105+0000] {subprocess.py:93} INFO - 	at org.apache.spark.rdd.MapPartitionsRDD.compute(MapPartitionsRDD.scala:52)
[2026-03-14T02:04:57.106+0000] {subprocess.py:93} INFO - 	at org.apache.spark.rdd.RDD.computeOrReadCheckpoint(RDD.scala:367)
[2026-03-14T02:04:57.106+0000] {subprocess.py:93} INFO - 	at org.apache.spark.rdd.RDD.iterator(RDD.scala:331)
[2026-03-14T02:04:57.107+0000] {subprocess.py:93} INFO - 	at org.apache.spark.scheduler.ResultTask.runTask(ResultTask.scala:93)
[2026-03-14T02:04:57.108+0000] {subprocess.py:93} INFO - 	at org.apache.spark.TaskContext.runTaskWithListeners(TaskContext.scala:166)
[2026-03-14T02:04:57.108+0000] {subprocess.py:93} INFO - 	at org.apache.spark.scheduler.Task.run(Task.scala:141)
[2026-03-14T02:04:57.109+0000] {subprocess.py:93} INFO - 	at org.apache.spark.executor.Executor$TaskRunner.$anonfun$run$4(Executor.scala:620)
[2026-03-14T02:04:57.109+0000] {subprocess.py:93} INFO - 	at org.apache.spark.util.SparkErrorUtils.tryWithSafeFinally(SparkErrorUtils.scala:64)
[2026-03-14T02:04:57.110+0000] {subprocess.py:93} INFO - 	at org.apache.spark.util.SparkErrorUtils.tryWithSafeFinally$(SparkErrorUtils.scala:61)
[2026-03-14T02:04:57.111+0000] {subprocess.py:93} INFO - 	at org.apache.spark.util.Utils$.tryWithSafeFinally(Utils.scala:94)
[2026-03-14T02:04:57.111+0000] {subprocess.py:93} INFO - 	at org.apache.spark.executor.Executor$TaskRunner.run(Executor.scala:623)
[2026-03-14T02:04:57.112+0000] {subprocess.py:93} INFO - 	at java.base/java.util.concurrent.ThreadPoolExecutor.runWorker(Unknown Source)
[2026-03-14T02:04:57.112+0000] {subprocess.py:93} INFO - 	at java.base/java.util.concurrent.ThreadPoolExecutor$Worker.run(Unknown Source)
[2026-03-14T02:04:57.113+0000] {subprocess.py:93} INFO - 	at java.base/java.lang.Thread.run(Unknown Source)
[2026-03-14T02:04:57.113+0000] {subprocess.py:93} INFO - 
[2026-03-14T02:04:57.114+0000] {subprocess.py:93} INFO - Driver stacktrace:
[2026-03-14T02:04:57.114+0000] {subprocess.py:93} INFO - 	at org.apache.spark.scheduler.DAGScheduler.failJobAndIndependentStages(DAGScheduler.scala:2856)
[2026-03-14T02:04:57.115+0000] {subprocess.py:93} INFO - 	at org.apache.spark.scheduler.DAGScheduler.$anonfun$abortStage$2(DAGScheduler.scala:2792)
[2026-03-14T02:04:57.115+0000] {subprocess.py:93} INFO - 	at org.apache.spark.scheduler.DAGScheduler.$anonfun$abortStage$2$adapted(DAGScheduler.scala:2791)
[2026-03-14T02:04:57.116+0000] {subprocess.py:93} INFO - 	at scala.collection.mutable.ResizableArray.foreach(ResizableArray.scala:62)
[2026-03-14T02:04:57.116+0000] {subprocess.py:93} INFO - 	at scala.collection.mutable.ResizableArray.foreach$(ResizableArray.scala:55)
[2026-03-14T02:04:57.117+0000] {subprocess.py:93} INFO - 	at scala.collection.mutable.ArrayBuffer.foreach(ArrayBuffer.scala:49)
[2026-03-14T02:04:57.117+0000] {subprocess.py:93} INFO - 	at org.apache.spark.scheduler.DAGScheduler.abortStage(DAGScheduler.scala:2791)
[2026-03-14T02:04:57.117+0000] {subprocess.py:93} INFO - 	at org.apache.spark.scheduler.DAGScheduler.$anonfun$handleTaskSetFailed$1(DAGScheduler.scala:1247)
[2026-03-14T02:04:57.118+0000] {subprocess.py:93} INFO - 	at org.apache.spark.scheduler.DAGScheduler.$anonfun$handleTaskSetFailed$1$adapted(DAGScheduler.scala:1247)
[2026-03-14T02:04:57.118+0000] {subprocess.py:93} INFO - 	at scala.Option.foreach(Option.scala:407)
[2026-03-14T02:04:57.118+0000] {subprocess.py:93} INFO - 	at org.apache.spark.scheduler.DAGScheduler.handleTaskSetFailed(DAGScheduler.scala:1247)
[2026-03-14T02:04:57.119+0000] {subprocess.py:93} INFO - 	at org.apache.spark.scheduler.DAGSchedulerEventProcessLoop.doOnReceive(DAGScheduler.scala:3060)
[2026-03-14T02:04:57.119+0000] {subprocess.py:93} INFO - 	at org.apache.spark.scheduler.DAGSchedulerEventProcessLoop.onReceive(DAGScheduler.scala:2994)
[2026-03-14T02:04:57.119+0000] {subprocess.py:93} INFO - 	at org.apache.spark.scheduler.DAGSchedulerEventProcessLoop.onReceive(DAGScheduler.scala:2983)
[2026-03-14T02:04:57.119+0000] {subprocess.py:93} INFO - 	at org.apache.spark.util.EventLoop$$anon$1.run(EventLoop.scala:49)
[2026-03-14T02:04:57.120+0000] {subprocess.py:93} INFO - 	at org.apache.spark.scheduler.DAGScheduler.runJob(DAGScheduler.scala:989)
[2026-03-14T02:04:57.120+0000] {subprocess.py:93} INFO - 	at org.apache.spark.SparkContext.runJob(SparkContext.scala:2398)
[2026-03-14T02:04:57.120+0000] {subprocess.py:93} INFO - 	at org.apache.spark.sql.execution.datasources.FileFormatWriter$.$anonfun$executeWrite$4(FileFormatWriter.scala:307)
[2026-03-14T02:04:57.121+0000] {subprocess.py:93} INFO - 	at org.apache.spark.sql.execution.datasources.FileFormatWriter$.writeAndCommit(FileFormatWriter.scala:271)
[2026-03-14T02:04:57.122+0000] {subprocess.py:93} INFO - 	at org.apache.spark.sql.execution.datasources.FileFormatWriter$.executeWrite(FileFormatWriter.scala:304)
[2026-03-14T02:04:57.122+0000] {subprocess.py:93} INFO - 	at org.apache.spark.sql.execution.datasources.FileFormatWriter$.write(FileFormatWriter.scala:190)
[2026-03-14T02:04:57.122+0000] {subprocess.py:93} INFO - 	at org.apache.spark.sql.execution.datasources.InsertIntoHadoopFsRelationCommand.run(InsertIntoHadoopFsRelationCommand.scala:190)
[2026-03-14T02:04:57.123+0000] {subprocess.py:93} INFO - 	at org.apache.spark.sql.execution.command.DataWritingCommandExec.sideEffectResult$lzycompute(commands.scala:113)
[2026-03-14T02:04:57.123+0000] {subprocess.py:93} INFO - 	at org.apache.spark.sql.execution.command.DataWritingCommandExec.sideEffectResult(commands.scala:111)
[2026-03-14T02:04:57.124+0000] {subprocess.py:93} INFO - 	at org.apache.spark.sql.execution.command.DataWritingCommandExec.executeCollect(commands.scala:125)
[2026-03-14T02:04:57.124+0000] {subprocess.py:93} INFO - 	at org.apache.spark.sql.execution.adaptive.AdaptiveSparkPlanExec.$anonfun$executeCollect$1(AdaptiveSparkPlanExec.scala:390)
[2026-03-14T02:04:57.125+0000] {subprocess.py:93} INFO - 	at org.apache.spark.sql.execution.adaptive.AdaptiveSparkPlanExec.withFinalPlanUpdate(AdaptiveSparkPlanExec.scala:418)
[2026-03-14T02:04:57.125+0000] {subprocess.py:93} INFO - 	at org.apache.spark.sql.execution.adaptive.AdaptiveSparkPlanExec.executeCollect(AdaptiveSparkPlanExec.scala:390)
[2026-03-14T02:04:57.125+0000] {subprocess.py:93} INFO - 	at org.apache.spark.sql.execution.QueryExecution$$anonfun$eagerlyExecuteCommands$1.$anonfun$applyOrElse$1(QueryExecution.scala:107)
[2026-03-14T02:04:57.126+0000] {subprocess.py:93} INFO - 	at org.apache.spark.sql.execution.SQLExecution$.$anonfun$withNewExecutionId$6(SQLExecution.scala:125)
[2026-03-14T02:04:57.126+0000] {subprocess.py:93} INFO - 	at org.apache.spark.sql.execution.SQLExecution$.withSQLConfPropagated(SQLExecution.scala:201)
[2026-03-14T02:04:57.127+0000] {subprocess.py:93} INFO - 	at org.apache.spark.sql.execution.SQLExecution$.$anonfun$withNewExecutionId$1(SQLExecution.scala:108)
[2026-03-14T02:04:57.127+0000] {subprocess.py:93} INFO - 	at org.apache.spark.sql.SparkSession.withActive(SparkSession.scala:900)
[2026-03-14T02:04:57.128+0000] {subprocess.py:93} INFO - 	at org.apache.spark.sql.execution.SQLExecution$.withNewExecutionId(SQLExecution.scala:66)
[2026-03-14T02:04:57.128+0000] {subprocess.py:93} INFO - 	at org.apache.spark.sql.execution.QueryExecution$$anonfun$eagerlyExecuteCommands$1.applyOrElse(QueryExecution.scala:107)
[2026-03-14T02:04:57.129+0000] {subprocess.py:93} INFO - 	at org.apache.spark.sql.execution.QueryExecution$$anonfun$eagerlyExecuteCommands$1.applyOrElse(QueryExecution.scala:98)
[2026-03-14T02:04:57.129+0000] {subprocess.py:93} INFO - 	at org.apache.spark.sql.catalyst.trees.TreeNode.$anonfun$transformDownWithPruning$1(TreeNode.scala:461)
[2026-03-14T02:04:57.130+0000] {subprocess.py:93} INFO - 	at org.apache.spark.sql.catalyst.trees.CurrentOrigin$.withOrigin(origin.scala:76)
[2026-03-14T02:04:57.130+0000] {subprocess.py:93} INFO - 	at org.apache.spark.sql.catalyst.trees.TreeNode.transformDownWithPruning(TreeNode.scala:461)
[2026-03-14T02:04:57.131+0000] {subprocess.py:93} INFO - 	at org.apache.spark.sql.catalyst.plans.logical.LogicalPlan.org$apache$spark$sql$catalyst$plans$logical$AnalysisHelper$$super$transformDownWithPruning(LogicalPlan.scala:32)
[2026-03-14T02:04:57.131+0000] {subprocess.py:93} INFO - 	at org.apache.spark.sql.catalyst.plans.logical.AnalysisHelper.transformDownWithPruning(AnalysisHelper.scala:267)
[2026-03-14T02:04:57.132+0000] {subprocess.py:93} INFO - 	at org.apache.spark.sql.catalyst.plans.logical.AnalysisHelper.transformDownWithPruning$(AnalysisHelper.scala:263)
[2026-03-14T02:04:57.132+0000] {subprocess.py:93} INFO - 	at org.apache.spark.sql.catalyst.plans.logical.LogicalPlan.transformDownWithPruning(LogicalPlan.scala:32)
[2026-03-14T02:04:57.133+0000] {subprocess.py:93} INFO - 	at org.apache.spark.sql.catalyst.plans.logical.LogicalPlan.transformDownWithPruning(LogicalPlan.scala:32)
[2026-03-14T02:04:57.133+0000] {subprocess.py:93} INFO - 	at org.apache.spark.sql.catalyst.trees.TreeNode.transformDown(TreeNode.scala:437)
[2026-03-14T02:04:57.134+0000] {subprocess.py:93} INFO - 	at org.apache.spark.sql.execution.QueryExecution.eagerlyExecuteCommands(QueryExecution.scala:98)
[2026-03-14T02:04:57.135+0000] {subprocess.py:93} INFO - 	at org.apache.spark.sql.execution.QueryExecution.commandExecuted$lzycompute(QueryExecution.scala:85)
[2026-03-14T02:04:57.135+0000] {subprocess.py:93} INFO - 	at org.apache.spark.sql.execution.QueryExecution.commandExecuted(QueryExecution.scala:83)
[2026-03-14T02:04:57.136+0000] {subprocess.py:93} INFO - 	at org.apache.spark.sql.execution.QueryExecution.assertCommandExecuted(QueryExecution.scala:142)
[2026-03-14T02:04:57.137+0000] {subprocess.py:93} INFO - 	at org.apache.spark.sql.DataFrameWriter.runCommand(DataFrameWriter.scala:859)
[2026-03-14T02:04:57.137+0000] {subprocess.py:93} INFO - 	at org.apache.spark.sql.DataFrameWriter.saveToV1Source(DataFrameWriter.scala:388)
[2026-03-14T02:04:57.138+0000] {subprocess.py:93} INFO - 	at org.apache.spark.sql.DataFrameWriter.saveInternal(DataFrameWriter.scala:361)
[2026-03-14T02:04:57.139+0000] {subprocess.py:93} INFO - 	at org.apache.spark.sql.DataFrameWriter.save(DataFrameWriter.scala:240)
[2026-03-14T02:04:57.140+0000] {subprocess.py:93} INFO - 	at org.apache.spark.sql.DataFrameWriter.parquet(DataFrameWriter.scala:792)
[2026-03-14T02:04:57.141+0000] {subprocess.py:93} INFO - 	at java.base/jdk.internal.reflect.NativeMethodAccessorImpl.invoke0(Native Method)
[2026-03-14T02:04:57.141+0000] {subprocess.py:93} INFO - 	at java.base/jdk.internal.reflect.NativeMethodAccessorImpl.invoke(NativeMethodAccessorImpl.java:77)
[2026-03-14T02:04:57.142+0000] {subprocess.py:93} INFO - 	at java.base/jdk.internal.reflect.DelegatingMethodAccessorImpl.invoke(DelegatingMethodAccessorImpl.java:43)
[2026-03-14T02:04:57.142+0000] {subprocess.py:93} INFO - 	at java.base/java.lang.reflect.Method.invoke(Method.java:569)
[2026-03-14T02:04:57.143+0000] {subprocess.py:93} INFO - 	at py4j.reflection.MethodInvoker.invoke(MethodInvoker.java:244)
[2026-03-14T02:04:57.144+0000] {subprocess.py:93} INFO - 	at py4j.reflection.ReflectionEngine.invoke(ReflectionEngine.java:374)
[2026-03-14T02:04:57.144+0000] {subprocess.py:93} INFO - 	at py4j.Gateway.invoke(Gateway.java:282)
[2026-03-14T02:04:57.145+0000] {subprocess.py:93} INFO - 	at py4j.commands.AbstractCommand.invokeMethod(AbstractCommand.java:132)
[2026-03-14T02:04:57.146+0000] {subprocess.py:93} INFO - 	at py4j.commands.CallCommand.execute(CallCommand.java:79)
[2026-03-14T02:04:57.146+0000] {subprocess.py:93} INFO - 	at py4j.ClientServerConnection.waitForCommands(ClientServerConnection.java:182)
[2026-03-14T02:04:57.147+0000] {subprocess.py:93} INFO - 	at py4j.ClientServerConnection.run(ClientServerConnection.java:106)
[2026-03-14T02:04:57.147+0000] {subprocess.py:93} INFO - 	at java.base/java.lang.Thread.run(Thread.java:840)
[2026-03-14T02:04:57.148+0000] {subprocess.py:93} INFO - Caused by: java.io.IOException: Mkdirs failed to create file:/opt/data/output/processed_parquet/_temporary/0/_temporary/attempt_202603140204565537469862549140864_0011_m_000000_23 (exists=false, cwd=file:/opt/spark/work/app-20260314020447-0005/0)
[2026-03-14T02:04:57.148+0000] {subprocess.py:93} INFO - 	at org.apache.hadoop.fs.ChecksumFileSystem.create(ChecksumFileSystem.java:515)
[2026-03-14T02:04:57.149+0000] {subprocess.py:93} INFO - 	at org.apache.hadoop.fs.ChecksumFileSystem.create(ChecksumFileSystem.java:500)
[2026-03-14T02:04:57.149+0000] {subprocess.py:93} INFO - 	at org.apache.hadoop.fs.FileSystem.create(FileSystem.java:1195)
[2026-03-14T02:04:57.150+0000] {subprocess.py:93} INFO - 	at org.apache.hadoop.fs.FileSystem.create(FileSystem.java:1175)
[2026-03-14T02:04:57.150+0000] {subprocess.py:93} INFO - 	at org.apache.parquet.hadoop.util.HadoopOutputFile.create(HadoopOutputFile.java:74)
[2026-03-14T02:04:57.151+0000] {subprocess.py:93} INFO - 	at org.apache.parquet.hadoop.ParquetFileWriter.<init>(ParquetFileWriter.java:347)
[2026-03-14T02:04:57.151+0000] {subprocess.py:93} INFO - 	at org.apache.parquet.hadoop.ParquetFileWriter.<init>(ParquetFileWriter.java:314)
[2026-03-14T02:04:57.152+0000] {subprocess.py:93} INFO - 	at org.apache.parquet.hadoop.ParquetOutputFormat.getRecordWriter(ParquetOutputFormat.java:484)
[2026-03-14T02:04:57.154+0000] {subprocess.py:93} INFO - 	at org.apache.parquet.hadoop.ParquetOutputFormat.getRecordWriter(ParquetOutputFormat.java:422)
[2026-03-14T02:04:57.155+0000] {subprocess.py:93} INFO - 	at org.apache.parquet.hadoop.ParquetOutputFormat.getRecordWriter(ParquetOutputFormat.java:411)
[2026-03-14T02:04:57.156+0000] {subprocess.py:93} INFO - 	at org.apache.spark.sql.execution.datasources.parquet.ParquetOutputWriter.<init>(ParquetOutputWriter.scala:36)
[2026-03-14T02:04:57.157+0000] {subprocess.py:93} INFO - 	at org.apache.spark.sql.execution.datasources.parquet.ParquetUtils$$anon$1.newInstance(ParquetUtils.scala:490)
[2026-03-14T02:04:57.157+0000] {subprocess.py:93} INFO - 	at org.apache.spark.sql.execution.datasources.SingleDirectoryDataWriter.newOutputWriter(FileFormatDataWriter.scala:161)
[2026-03-14T02:04:57.158+0000] {subprocess.py:93} INFO - 	at org.apache.spark.sql.execution.datasources.SingleDirectoryDataWriter.<init>(FileFormatDataWriter.scala:146)
[2026-03-14T02:04:57.159+0000] {subprocess.py:93} INFO - 	at org.apache.spark.sql.execution.datasources.FileFormatWriter$.executeTask(FileFormatWriter.scala:389)
[2026-03-14T02:04:57.159+0000] {subprocess.py:93} INFO - 	at org.apache.spark.sql.execution.datasources.WriteFilesExec.$anonfun$doExecuteWrite$1(WriteFiles.scala:100)
[2026-03-14T02:04:57.160+0000] {subprocess.py:93} INFO - 	at org.apache.spark.rdd.RDD.$anonfun$mapPartitionsInternal$2(RDD.scala:893)
[2026-03-14T02:04:57.160+0000] {subprocess.py:93} INFO - 	at org.apache.spark.rdd.RDD.$anonfun$mapPartitionsInternal$2$adapted(RDD.scala:893)
[2026-03-14T02:04:57.161+0000] {subprocess.py:93} INFO - 	at org.apache.spark.rdd.MapPartitionsRDD.compute(MapPartitionsRDD.scala:52)
[2026-03-14T02:04:57.161+0000] {subprocess.py:93} INFO - 	at org.apache.spark.rdd.RDD.computeOrReadCheckpoint(RDD.scala:367)
[2026-03-14T02:04:57.162+0000] {subprocess.py:93} INFO - 	at org.apache.spark.rdd.RDD.iterator(RDD.scala:331)
[2026-03-14T02:04:57.162+0000] {subprocess.py:93} INFO - 	at org.apache.spark.scheduler.ResultTask.runTask(ResultTask.scala:93)
[2026-03-14T02:04:57.163+0000] {subprocess.py:93} INFO - 	at org.apache.spark.TaskContext.runTaskWithListeners(TaskContext.scala:166)
[2026-03-14T02:04:57.163+0000] {subprocess.py:93} INFO - 	at org.apache.spark.scheduler.Task.run(Task.scala:141)
[2026-03-14T02:04:57.164+0000] {subprocess.py:93} INFO - 	at org.apache.spark.executor.Executor$TaskRunner.$anonfun$run$4(Executor.scala:620)
[2026-03-14T02:04:57.164+0000] {subprocess.py:93} INFO - 	at org.apache.spark.util.SparkErrorUtils.tryWithSafeFinally(SparkErrorUtils.scala:64)
[2026-03-14T02:04:57.164+0000] {subprocess.py:93} INFO - 	at org.apache.spark.util.SparkErrorUtils.tryWithSafeFinally$(SparkErrorUtils.scala:61)
[2026-03-14T02:04:57.165+0000] {subprocess.py:93} INFO - 	at org.apache.spark.util.Utils$.tryWithSafeFinally(Utils.scala:94)
[2026-03-14T02:04:57.165+0000] {subprocess.py:93} INFO - 	at org.apache.spark.executor.Executor$TaskRunner.run(Executor.scala:623)
[2026-03-14T02:04:57.166+0000] {subprocess.py:93} INFO - 	at java.base/java.util.concurrent.ThreadPoolExecutor.runWorker(Unknown Source)
[2026-03-14T02:04:57.167+0000] {subprocess.py:93} INFO - 	at java.base/java.util.concurrent.ThreadPoolExecutor$Worker.run(Unknown Source)
[2026-03-14T02:04:57.167+0000] {subprocess.py:93} INFO - 	at java.base/java.lang.Thread.run(Unknown Source)
[2026-03-14T02:04:57.168+0000] {subprocess.py:93} INFO - 
[2026-03-14T02:04:57.192+0000] {subprocess.py:97} INFO - Command exited with return code 1
[2026-03-14T02:04:57.193+0000] {taskinstance.py:441} INFO - ::group::Post task execution logs
[2026-03-14T02:04:57.199+0000] {taskinstance.py:2905} ERROR - Task failed with exception
Traceback (most recent call last):
  File "/home/airflow/.local/lib/python3.12/site-packages/airflow/models/taskinstance.py", line 465, in _execute_task
    result = _execute_callable(context=context, **execute_callable_kwargs)
             ^^^^^^^^^^^^^^^^^^^^^^^^^^^^^^^^^^^^^^^^^^^^^^^^^^^^^^^^^^^^^
  File "/home/airflow/.local/lib/python3.12/site-packages/airflow/models/taskinstance.py", line 432, in _execute_callable
    return execute_callable(context=context, **execute_callable_kwargs)
           ^^^^^^^^^^^^^^^^^^^^^^^^^^^^^^^^^^^^^^^^^^^^^^^^^^^^^^^^^^^^
  File "/home/airflow/.local/lib/python3.12/site-packages/airflow/models/baseoperator.py", line 401, in wrapper
    return func(self, *args, **kwargs)
           ^^^^^^^^^^^^^^^^^^^^^^^^^^^
  File "/home/airflow/.local/lib/python3.12/site-packages/airflow/operators/bash.py", line 243, in execute
    raise AirflowException(
airflow.exceptions.AirflowException: Bash command failed. The command returned a non-zero exit code 1.
[2026-03-14T02:04:57.202+0000] {taskinstance.py:1206} INFO - Marking task as FAILED. dag_id=daily_spark_pipeline, task_id=run_spark_job, run_id=manual__2026-03-14T01:59:12.835669+00:00, execution_date=20260314T015912, start_date=20260314T020444, end_date=20260314T020457
[2026-03-14T02:04:57.324+0000] {standard_task_runner.py:110} ERROR - Failed to execute job 28 for task run_spark_job (Bash command failed. The command returned a non-zero exit code 1.; 13530)
[2026-03-14T02:04:57.371+0000] {local_task_job_runner.py:243} INFO - Task exited with return code 1
[2026-03-14T02:04:57.379+0000] {taskinstance.py:3503} INFO - 0 downstream tasks scheduled from follow-on schedule check
[2026-03-14T02:04:57.380+0000] {local_task_job_runner.py:222} INFO - ::endgroup::
