[2026-03-13T16:30:26.188+0000] {local_task_job_runner.py:120} INFO - ::group::Pre task execution logs
[2026-03-13T16:30:26.227+0000] {taskinstance.py:2076} INFO - Dependencies all met for dep_context=non-requeueable deps ti=<TaskInstance: daily_spark_pipeline.run_spark_job manual__2026-03-13T16:30:20.787025+00:00 [queued]>
[2026-03-13T16:30:26.232+0000] {taskinstance.py:2076} INFO - Dependencies all met for dep_context=requeueable deps ti=<TaskInstance: daily_spark_pipeline.run_spark_job manual__2026-03-13T16:30:20.787025+00:00 [queued]>
[2026-03-13T16:30:26.233+0000] {taskinstance.py:2306} INFO - Starting attempt 1 of 2
[2026-03-13T16:30:26.263+0000] {taskinstance.py:2330} INFO - Executing <Task(BashOperator): run_spark_job> on 2026-03-13 16:30:20.787025+00:00
[2026-03-13T16:30:26.268+0000] {standard_task_runner.py:64} INFO - Started process 3079 to run task
[2026-03-13T16:30:26.271+0000] {standard_task_runner.py:90} INFO - Running: ['airflow', 'tasks', 'run', 'daily_spark_pipeline', 'run_spark_job', 'manual__2026-03-13T16:30:20.787025+00:00', '--job-id', '8', '--raw', '--subdir', 'DAGS_FOLDER/daily_pipeline.py', '--cfg-path', '/tmp/tmp6q9n2lq5']
[2026-03-13T16:30:26.274+0000] {standard_task_runner.py:91} INFO - Job 8: Subtask run_spark_job
[2026-03-13T16:30:26.444+0000] {task_command.py:426} INFO - Running <TaskInstance: daily_spark_pipeline.run_spark_job manual__2026-03-13T16:30:20.787025+00:00 [running]> on host 670d40c6e2a9
[2026-03-13T16:30:26.538+0000] {taskinstance.py:2648} INFO - Exporting env vars: AIRFLOW_CTX_DAG_OWNER='airflow' AIRFLOW_CTX_DAG_ID='daily_spark_pipeline' AIRFLOW_CTX_TASK_ID='run_spark_job' AIRFLOW_CTX_EXECUTION_DATE='2026-03-13T16:30:20.787025+00:00' AIRFLOW_CTX_TRY_NUMBER='1' AIRFLOW_CTX_DAG_RUN_ID='manual__2026-03-13T16:30:20.787025+00:00'
[2026-03-13T16:30:26.540+0000] {taskinstance.py:430} INFO - ::endgroup::
[2026-03-13T16:30:26.565+0000] {subprocess.py:63} INFO - Tmp dir root location: /tmp
[2026-03-13T16:30:26.566+0000] {subprocess.py:75} INFO - Running command: ['/usr/bin/bash', '-c', 'spark-submit --master local[*] /opt/airflow/spark_jobs/process_data.py']
[2026-03-13T16:30:26.574+0000] {subprocess.py:86} INFO - Output:
[2026-03-13T16:30:26.641+0000] {subprocess.py:93} INFO - /home/airflow/.local/lib/python3.12/site-packages/pyspark/bin/load-spark-env.sh: line 68: ps: command not found
[2026-03-13T16:30:29.254+0000] {subprocess.py:93} INFO - 26/03/13 16:30:29 INFO SparkContext: Running Spark version 3.5.1
[2026-03-13T16:30:29.255+0000] {subprocess.py:93} INFO - 26/03/13 16:30:29 INFO SparkContext: OS info Linux, 6.6.87.2-microsoft-standard-WSL2, amd64
[2026-03-13T16:30:29.256+0000] {subprocess.py:93} INFO - 26/03/13 16:30:29 INFO SparkContext: Java version 17.0.18
[2026-03-13T16:30:29.308+0000] {subprocess.py:93} INFO - 26/03/13 16:30:29 WARN NativeCodeLoader: Unable to load native-hadoop library for your platform... using builtin-java classes where applicable
[2026-03-13T16:30:29.391+0000] {subprocess.py:93} INFO - 26/03/13 16:30:29 INFO ResourceUtils: ==============================================================
[2026-03-13T16:30:29.392+0000] {subprocess.py:93} INFO - 26/03/13 16:30:29 INFO ResourceUtils: No custom resources configured for spark.driver.
[2026-03-13T16:30:29.392+0000] {subprocess.py:93} INFO - 26/03/13 16:30:29 INFO ResourceUtils: ==============================================================
[2026-03-13T16:30:29.393+0000] {subprocess.py:93} INFO - 26/03/13 16:30:29 INFO SparkContext: Submitted application: ProcessData
[2026-03-13T16:30:29.408+0000] {subprocess.py:93} INFO - 26/03/13 16:30:29 INFO ResourceProfile: Default ResourceProfile created, executor resources: Map(cores -> name: cores, amount: 1, script: , vendor: , memory -> name: memory, amount: 1024, script: , vendor: , offHeap -> name: offHeap, amount: 0, script: , vendor: ), task resources: Map(cpus -> name: cpus, amount: 1.0)
[2026-03-13T16:30:29.414+0000] {subprocess.py:93} INFO - 26/03/13 16:30:29 INFO ResourceProfile: Limiting resource is cpu
[2026-03-13T16:30:29.415+0000] {subprocess.py:93} INFO - 26/03/13 16:30:29 INFO ResourceProfileManager: Added ResourceProfile id: 0
[2026-03-13T16:30:29.456+0000] {subprocess.py:93} INFO - 26/03/13 16:30:29 INFO SecurityManager: Changing view acls to: airflow
[2026-03-13T16:30:29.457+0000] {subprocess.py:93} INFO - 26/03/13 16:30:29 INFO SecurityManager: Changing modify acls to: airflow
[2026-03-13T16:30:29.458+0000] {subprocess.py:93} INFO - 26/03/13 16:30:29 INFO SecurityManager: Changing view acls groups to:
[2026-03-13T16:30:29.458+0000] {subprocess.py:93} INFO - 26/03/13 16:30:29 INFO SecurityManager: Changing modify acls groups to:
[2026-03-13T16:30:29.460+0000] {subprocess.py:93} INFO - 26/03/13 16:30:29 INFO SecurityManager: SecurityManager: authentication disabled; ui acls disabled; users with view permissions: airflow; groups with view permissions: EMPTY; users with modify permissions: airflow; groups with modify permissions: EMPTY
[2026-03-13T16:30:29.725+0000] {subprocess.py:93} INFO - 26/03/13 16:30:29 INFO Utils: Successfully started service 'sparkDriver' on port 33583.
[2026-03-13T16:30:29.757+0000] {subprocess.py:93} INFO - 26/03/13 16:30:29 INFO SparkEnv: Registering MapOutputTracker
[2026-03-13T16:30:29.796+0000] {subprocess.py:93} INFO - 26/03/13 16:30:29 INFO SparkEnv: Registering BlockManagerMaster
[2026-03-13T16:30:29.812+0000] {subprocess.py:93} INFO - 26/03/13 16:30:29 INFO BlockManagerMasterEndpoint: Using org.apache.spark.storage.DefaultTopologyMapper for getting topology information
[2026-03-13T16:30:29.814+0000] {subprocess.py:93} INFO - 26/03/13 16:30:29 INFO BlockManagerMasterEndpoint: BlockManagerMasterEndpoint up
[2026-03-13T16:30:29.818+0000] {subprocess.py:93} INFO - 26/03/13 16:30:29 INFO SparkEnv: Registering BlockManagerMasterHeartbeat
[2026-03-13T16:30:29.853+0000] {subprocess.py:93} INFO - 26/03/13 16:30:29 INFO DiskBlockManager: Created local directory at /tmp/blockmgr-f7cd6656-406d-4ec5-b0b2-d39eed56912a
[2026-03-13T16:30:29.880+0000] {subprocess.py:93} INFO - 26/03/13 16:30:29 INFO MemoryStore: MemoryStore started with capacity 434.4 MiB
[2026-03-13T16:30:29.910+0000] {subprocess.py:93} INFO - 26/03/13 16:30:29 INFO SparkEnv: Registering OutputCommitCoordinator
[2026-03-13T16:30:30.096+0000] {subprocess.py:93} INFO - 26/03/13 16:30:30 INFO JettyUtils: Start Jetty 0.0.0.0:4040 for SparkUI
[2026-03-13T16:30:30.193+0000] {subprocess.py:93} INFO - 26/03/13 16:30:30 INFO Utils: Successfully started service 'SparkUI' on port 4040.
[2026-03-13T16:30:30.399+0000] {subprocess.py:93} INFO - 26/03/13 16:30:30 INFO Executor: Starting executor ID driver on host 670d40c6e2a9
[2026-03-13T16:30:30.400+0000] {subprocess.py:93} INFO - 26/03/13 16:30:30 INFO Executor: OS info Linux, 6.6.87.2-microsoft-standard-WSL2, amd64
[2026-03-13T16:30:30.401+0000] {subprocess.py:93} INFO - 26/03/13 16:30:30 INFO Executor: Java version 17.0.18
[2026-03-13T16:30:30.414+0000] {subprocess.py:93} INFO - 26/03/13 16:30:30 INFO Executor: Starting executor with user classpath (userClassPathFirst = false): ''
[2026-03-13T16:30:30.416+0000] {subprocess.py:93} INFO - 26/03/13 16:30:30 INFO Executor: Created or updated repl class loader org.apache.spark.util.MutableURLClassLoader@35081789 for default.
[2026-03-13T16:30:30.478+0000] {subprocess.py:93} INFO - 26/03/13 16:30:30 INFO Utils: Successfully started service 'org.apache.spark.network.netty.NettyBlockTransferService' on port 46211.
[2026-03-13T16:30:30.479+0000] {subprocess.py:93} INFO - 26/03/13 16:30:30 INFO NettyBlockTransferService: Server created on 670d40c6e2a9:46211
[2026-03-13T16:30:30.483+0000] {subprocess.py:93} INFO - 26/03/13 16:30:30 INFO BlockManager: Using org.apache.spark.storage.RandomBlockReplicationPolicy for block replication policy
[2026-03-13T16:30:30.494+0000] {subprocess.py:93} INFO - 26/03/13 16:30:30 INFO BlockManagerMaster: Registering BlockManager BlockManagerId(driver, 670d40c6e2a9, 46211, None)
[2026-03-13T16:30:30.501+0000] {subprocess.py:93} INFO - 26/03/13 16:30:30 INFO BlockManagerMasterEndpoint: Registering block manager 670d40c6e2a9:46211 with 434.4 MiB RAM, BlockManagerId(driver, 670d40c6e2a9, 46211, None)
[2026-03-13T16:30:30.508+0000] {subprocess.py:93} INFO - 26/03/13 16:30:30 INFO BlockManagerMaster: Registered BlockManager BlockManagerId(driver, 670d40c6e2a9, 46211, None)
[2026-03-13T16:30:30.511+0000] {subprocess.py:93} INFO - 26/03/13 16:30:30 INFO BlockManager: Initialized BlockManager: BlockManagerId(driver, 670d40c6e2a9, 46211, None)
[2026-03-13T16:30:35.973+0000] {subprocess.py:93} INFO - === Raw Data Schema ===
[2026-03-13T16:30:35.975+0000] {subprocess.py:93} INFO - root
[2026-03-13T16:30:35.976+0000] {subprocess.py:93} INFO -  |-- id: integer (nullable = true)
[2026-03-13T16:30:35.977+0000] {subprocess.py:93} INFO -  |-- name: string (nullable = true)
[2026-03-13T16:30:35.978+0000] {subprocess.py:93} INFO -  |-- amount: integer (nullable = true)
[2026-03-13T16:30:35.979+0000] {subprocess.py:93} INFO - 
[2026-03-13T16:30:35.979+0000] {subprocess.py:93} INFO - === Sample Raw Data ===
[2026-03-13T16:30:36.249+0000] {subprocess.py:93} INFO - +---+-------+------+
[2026-03-13T16:30:36.250+0000] {subprocess.py:93} INFO - |id |name   |amount|
[2026-03-13T16:30:36.250+0000] {subprocess.py:93} INFO - +---+-------+------+
[2026-03-13T16:30:36.251+0000] {subprocess.py:93} INFO - |1  |Alice  |120   |
[2026-03-13T16:30:36.252+0000] {subprocess.py:93} INFO - |2  |Bob    |200   |
[2026-03-13T16:30:36.253+0000] {subprocess.py:93} INFO - |3  |Charlie|300   |
[2026-03-13T16:30:36.253+0000] {subprocess.py:93} INFO - |4  |David  |150   |
[2026-03-13T16:30:36.254+0000] {subprocess.py:93} INFO - |5  |Eva    |250   |
[2026-03-13T16:30:36.255+0000] {subprocess.py:93} INFO - |1  |Alice  |120   |
[2026-03-13T16:30:36.256+0000] {subprocess.py:93} INFO - |7  |Bob    |200   |
[2026-03-13T16:30:36.257+0000] {subprocess.py:93} INFO - |8  |Frank  |400   |
[2026-03-13T16:30:36.258+0000] {subprocess.py:93} INFO - |9  |Grace  |180   |
[2026-03-13T16:30:36.259+0000] {subprocess.py:93} INFO - |10 |Henry  |220   |
[2026-03-13T16:30:36.260+0000] {subprocess.py:93} INFO - |11 |Eva    |250   |
[2026-03-13T16:30:36.260+0000] {subprocess.py:93} INFO - |12 |Charlie|300   |
[2026-03-13T16:30:36.261+0000] {subprocess.py:93} INFO - |13 |Ivy    |500   |
[2026-03-13T16:30:36.262+0000] {subprocess.py:93} INFO - |14 |Jack   |320   |
[2026-03-13T16:30:36.263+0000] {subprocess.py:93} INFO - |15 |Alice  |120   |
[2026-03-13T16:30:36.264+0000] {subprocess.py:93} INFO - |16 |Grace  |180   |
[2026-03-13T16:30:36.265+0000] {subprocess.py:93} INFO - |17 |David  |150   |
[2026-03-13T16:30:36.266+0000] {subprocess.py:93} INFO - |18 |Karen  |275   |
[2026-03-13T16:30:36.266+0000] {subprocess.py:93} INFO - |19 |Liam   |310   |
[2026-03-13T16:30:36.267+0000] {subprocess.py:93} INFO - |20 |Bob    |NULL  |
[2026-03-13T16:30:36.268+0000] {subprocess.py:93} INFO - +---+-------+------+
[2026-03-13T16:30:36.269+0000] {subprocess.py:93} INFO - only showing top 20 rows
[2026-03-13T16:30:36.270+0000] {subprocess.py:93} INFO - 
[2026-03-13T16:30:36.340+0000] {subprocess.py:93} INFO - === Processed Data Schema ===
[2026-03-13T16:30:36.341+0000] {subprocess.py:93} INFO - root
[2026-03-13T16:30:36.342+0000] {subprocess.py:93} INFO -  |-- id: integer (nullable = true)
[2026-03-13T16:30:36.343+0000] {subprocess.py:93} INFO -  |-- name: string (nullable = false)
[2026-03-13T16:30:36.343+0000] {subprocess.py:93} INFO -  |-- amount: integer (nullable = true)
[2026-03-13T16:30:36.345+0000] {subprocess.py:93} INFO -  |-- processing_timestamp: timestamp (nullable = false)
[2026-03-13T16:30:36.346+0000] {subprocess.py:93} INFO - 
[2026-03-13T16:30:36.346+0000] {subprocess.py:93} INFO - === Sample Processed Data ===
[2026-03-13T16:30:37.141+0000] {subprocess.py:93} INFO - +---+-------+------+--------------------------+
[2026-03-13T16:30:37.142+0000] {subprocess.py:93} INFO - |id |name   |amount|processing_timestamp      |
[2026-03-13T16:30:37.143+0000] {subprocess.py:93} INFO - +---+-------+------+--------------------------+
[2026-03-13T16:30:37.144+0000] {subprocess.py:93} INFO - |11 |Eva    |250   |2026-03-13 16:30:36.372328|
[2026-03-13T16:30:37.145+0000] {subprocess.py:93} INFO - |4  |David  |150   |2026-03-13 16:30:36.372328|
[2026-03-13T16:30:37.146+0000] {subprocess.py:93} INFO - |19 |Liam   |310   |2026-03-13 16:30:36.372328|
[2026-03-13T16:30:37.147+0000] {subprocess.py:93} INFO - |1  |Alice  |120   |2026-03-13 16:30:36.372328|
[2026-03-13T16:30:37.148+0000] {subprocess.py:93} INFO - |14 |Jack   |320   |2026-03-13 16:30:36.372328|
[2026-03-13T16:30:37.148+0000] {subprocess.py:93} INFO - |15 |Alice  |120   |2026-03-13 16:30:36.372328|
[2026-03-13T16:30:37.149+0000] {subprocess.py:93} INFO - |10 |Henry  |220   |2026-03-13 16:30:36.372328|
[2026-03-13T16:30:37.150+0000] {subprocess.py:93} INFO - |12 |Charlie|300   |2026-03-13 16:30:36.372328|
[2026-03-13T16:30:37.151+0000] {subprocess.py:93} INFO - |13 |Ivy    |500   |2026-03-13 16:30:36.372328|
[2026-03-13T16:30:37.152+0000] {subprocess.py:93} INFO - |17 |David  |150   |2026-03-13 16:30:36.372328|
[2026-03-13T16:30:37.153+0000] {subprocess.py:93} INFO - |5  |Eva    |250   |2026-03-13 16:30:36.372328|
[2026-03-13T16:30:37.153+0000] {subprocess.py:93} INFO - |2  |Bob    |200   |2026-03-13 16:30:36.372328|
[2026-03-13T16:30:37.154+0000] {subprocess.py:93} INFO - |3  |Charlie|300   |2026-03-13 16:30:36.372328|
[2026-03-13T16:30:37.155+0000] {subprocess.py:93} INFO - |7  |Bob    |200   |2026-03-13 16:30:36.372328|
[2026-03-13T16:30:37.156+0000] {subprocess.py:93} INFO - |16 |Grace  |180   |2026-03-13 16:30:36.372328|
[2026-03-13T16:30:37.157+0000] {subprocess.py:93} INFO - |18 |Karen  |275   |2026-03-13 16:30:36.372328|
[2026-03-13T16:30:37.158+0000] {subprocess.py:93} INFO - |8  |Frank  |400   |2026-03-13 16:30:36.372328|
[2026-03-13T16:30:37.159+0000] {subprocess.py:93} INFO - |9  |Grace  |180   |2026-03-13 16:30:36.372328|
[2026-03-13T16:30:37.160+0000] {subprocess.py:93} INFO - |1  |Alice  |100   |2026-03-13 16:30:36.372328|
[2026-03-13T16:30:37.161+0000] {subprocess.py:93} INFO - |20 |Bob    |0     |2026-03-13 16:30:36.372328|
[2026-03-13T16:30:37.162+0000] {subprocess.py:93} INFO - +---+-------+------+--------------------------+
[2026-03-13T16:30:37.163+0000] {subprocess.py:93} INFO - 
[2026-03-13T16:30:40.811+0000] {subprocess.py:93} INFO - Wrote Parquet output to: /opt/data/output/processed_parquet/
[2026-03-13T16:30:40.812+0000] {subprocess.py:93} INFO - Wrote CSV output to: /opt/data/output/processed_csv/
[2026-03-13T16:30:41.479+0000] {subprocess.py:97} INFO - Command exited with return code 0
[2026-03-13T16:30:41.480+0000] {taskinstance.py:441} INFO - ::group::Post task execution logs
[2026-03-13T16:30:41.519+0000] {taskinstance.py:1206} INFO - Marking task as SUCCESS. dag_id=daily_spark_pipeline, task_id=run_spark_job, run_id=manual__2026-03-13T16:30:20.787025+00:00, execution_date=20260313T163020, start_date=20260313T163026, end_date=20260313T163041
[2026-03-13T16:30:41.675+0000] {local_task_job_runner.py:243} INFO - Task exited with return code 0
[2026-03-13T16:30:41.682+0000] {taskinstance.py:3503} INFO - 0 downstream tasks scheduled from follow-on schedule check
[2026-03-13T16:30:41.683+0000] {local_task_job_runner.py:222} INFO - ::endgroup::
