[2026-03-13T17:39:42.489+0000] {local_task_job_runner.py:120} INFO - ::group::Pre task execution logs
[2026-03-13T17:39:42.522+0000] {taskinstance.py:2076} INFO - Dependencies all met for dep_context=non-requeueable deps ti=<TaskInstance: event_trigger_pipeline.run_spark_job manual__2026-03-13T17:37:37.333334+00:00 [queued]>
[2026-03-13T17:39:42.532+0000] {taskinstance.py:2076} INFO - Dependencies all met for dep_context=requeueable deps ti=<TaskInstance: event_trigger_pipeline.run_spark_job manual__2026-03-13T17:37:37.333334+00:00 [queued]>
[2026-03-13T17:39:42.534+0000] {taskinstance.py:2306} INFO - Starting attempt 1 of 2
[2026-03-13T17:39:42.567+0000] {taskinstance.py:2330} INFO - Executing <Task(BashOperator): run_spark_job> on 2026-03-13 17:37:37.333334+00:00
[2026-03-13T17:39:42.573+0000] {standard_task_runner.py:64} INFO - Started process 7190 to run task
[2026-03-13T17:39:42.576+0000] {standard_task_runner.py:90} INFO - Running: ['airflow', 'tasks', 'run', 'event_trigger_pipeline', 'run_spark_job', 'manual__2026-03-13T17:37:37.333334+00:00', '--job-id', '17', '--raw', '--subdir', 'DAGS_FOLDER/event_trigger_pipeline.py', '--cfg-path', '/tmp/tmpeca0by3k']
[2026-03-13T17:39:42.579+0000] {standard_task_runner.py:91} INFO - Job 17: Subtask run_spark_job
[2026-03-13T17:39:42.672+0000] {task_command.py:426} INFO - Running <TaskInstance: event_trigger_pipeline.run_spark_job manual__2026-03-13T17:37:37.333334+00:00 [running]> on host 670d40c6e2a9
[2026-03-13T17:39:42.764+0000] {taskinstance.py:2648} INFO - Exporting env vars: AIRFLOW_CTX_DAG_OWNER='airflow' AIRFLOW_CTX_DAG_ID='event_trigger_pipeline' AIRFLOW_CTX_TASK_ID='run_spark_job' AIRFLOW_CTX_EXECUTION_DATE='2026-03-13T17:37:37.333334+00:00' AIRFLOW_CTX_TRY_NUMBER='1' AIRFLOW_CTX_DAG_RUN_ID='manual__2026-03-13T17:37:37.333334+00:00'
[2026-03-13T17:39:42.765+0000] {taskinstance.py:430} INFO - ::endgroup::
[2026-03-13T17:39:42.782+0000] {subprocess.py:63} INFO - Tmp dir root location: /tmp
[2026-03-13T17:39:42.784+0000] {subprocess.py:75} INFO - Running command: ['/usr/bin/bash', '-c', 'spark-submit --master local[*] /opt/airflow/spark_jobs/process_data.py']
[2026-03-13T17:39:42.796+0000] {subprocess.py:86} INFO - Output:
[2026-03-13T17:39:42.877+0000] {subprocess.py:93} INFO - /home/airflow/.local/lib/python3.12/site-packages/pyspark/bin/load-spark-env.sh: line 68: ps: command not found
[2026-03-13T17:39:45.703+0000] {subprocess.py:93} INFO - /opt/airflow/spark_jobs/process_data.py:163: DeprecationWarning: datetime.datetime.utcnow() is deprecated and scheduled for removal in a future version. Use timezone-aware objects to represent datetimes in UTC: datetime.datetime.now(datetime.UTC).
[2026-03-13T17:39:45.704+0000] {subprocess.py:93} INFO -   run_id = datetime.utcnow().strftime("%Y%m%d_%H%M%S")
[2026-03-13T17:39:45.789+0000] {subprocess.py:93} INFO - 26/03/13 17:39:45 INFO SparkContext: Running Spark version 3.5.1
[2026-03-13T17:39:45.792+0000] {subprocess.py:93} INFO - 26/03/13 17:39:45 INFO SparkContext: OS info Linux, 6.6.87.2-microsoft-standard-WSL2, amd64
[2026-03-13T17:39:45.792+0000] {subprocess.py:93} INFO - 26/03/13 17:39:45 INFO SparkContext: Java version 17.0.18
[2026-03-13T17:39:45.853+0000] {subprocess.py:93} INFO - 26/03/13 17:39:45 WARN NativeCodeLoader: Unable to load native-hadoop library for your platform... using builtin-java classes where applicable
[2026-03-13T17:39:45.940+0000] {subprocess.py:93} INFO - 26/03/13 17:39:45 INFO ResourceUtils: ==============================================================
[2026-03-13T17:39:45.941+0000] {subprocess.py:93} INFO - 26/03/13 17:39:45 INFO ResourceUtils: No custom resources configured for spark.driver.
[2026-03-13T17:39:45.942+0000] {subprocess.py:93} INFO - 26/03/13 17:39:45 INFO ResourceUtils: ==============================================================
[2026-03-13T17:39:45.942+0000] {subprocess.py:93} INFO - 26/03/13 17:39:45 INFO SparkContext: Submitted application: ProcessData
[2026-03-13T17:39:45.959+0000] {subprocess.py:93} INFO - 26/03/13 17:39:45 INFO ResourceProfile: Default ResourceProfile created, executor resources: Map(cores -> name: cores, amount: 1, script: , vendor: , memory -> name: memory, amount: 1024, script: , vendor: , offHeap -> name: offHeap, amount: 0, script: , vendor: ), task resources: Map(cpus -> name: cpus, amount: 1.0)
[2026-03-13T17:39:45.966+0000] {subprocess.py:93} INFO - 26/03/13 17:39:45 INFO ResourceProfile: Limiting resource is cpu
[2026-03-13T17:39:45.967+0000] {subprocess.py:93} INFO - 26/03/13 17:39:45 INFO ResourceProfileManager: Added ResourceProfile id: 0
[2026-03-13T17:39:46.105+0000] {subprocess.py:93} INFO - 26/03/13 17:39:46 INFO SecurityManager: Changing view acls to: airflow
[2026-03-13T17:39:46.106+0000] {subprocess.py:93} INFO - 26/03/13 17:39:46 INFO SecurityManager: Changing modify acls to: airflow
[2026-03-13T17:39:46.107+0000] {subprocess.py:93} INFO - 26/03/13 17:39:46 INFO SecurityManager: Changing view acls groups to:
[2026-03-13T17:39:46.108+0000] {subprocess.py:93} INFO - 26/03/13 17:39:46 INFO SecurityManager: Changing modify acls groups to:
[2026-03-13T17:39:46.109+0000] {subprocess.py:93} INFO - 26/03/13 17:39:46 INFO SecurityManager: SecurityManager: authentication disabled; ui acls disabled; users with view permissions: airflow; groups with view permissions: EMPTY; users with modify permissions: airflow; groups with modify permissions: EMPTY
[2026-03-13T17:39:46.367+0000] {subprocess.py:93} INFO - 26/03/13 17:39:46 INFO Utils: Successfully started service 'sparkDriver' on port 36617.
[2026-03-13T17:39:46.395+0000] {subprocess.py:93} INFO - 26/03/13 17:39:46 INFO SparkEnv: Registering MapOutputTracker
[2026-03-13T17:39:46.431+0000] {subprocess.py:93} INFO - 26/03/13 17:39:46 INFO SparkEnv: Registering BlockManagerMaster
[2026-03-13T17:39:46.450+0000] {subprocess.py:93} INFO - 26/03/13 17:39:46 INFO BlockManagerMasterEndpoint: Using org.apache.spark.storage.DefaultTopologyMapper for getting topology information
[2026-03-13T17:39:46.451+0000] {subprocess.py:93} INFO - 26/03/13 17:39:46 INFO BlockManagerMasterEndpoint: BlockManagerMasterEndpoint up
[2026-03-13T17:39:46.457+0000] {subprocess.py:93} INFO - 26/03/13 17:39:46 INFO SparkEnv: Registering BlockManagerMasterHeartbeat
[2026-03-13T17:39:46.485+0000] {subprocess.py:93} INFO - 26/03/13 17:39:46 INFO DiskBlockManager: Created local directory at /tmp/blockmgr-7641909b-5767-454a-9762-ee87c6977685
[2026-03-13T17:39:46.509+0000] {subprocess.py:93} INFO - 26/03/13 17:39:46 INFO MemoryStore: MemoryStore started with capacity 434.4 MiB
[2026-03-13T17:39:46.538+0000] {subprocess.py:93} INFO - 26/03/13 17:39:46 INFO SparkEnv: Registering OutputCommitCoordinator
[2026-03-13T17:39:46.664+0000] {subprocess.py:93} INFO - 26/03/13 17:39:46 INFO JettyUtils: Start Jetty 0.0.0.0:4040 for SparkUI
[2026-03-13T17:39:46.729+0000] {subprocess.py:93} INFO - 26/03/13 17:39:46 INFO Utils: Successfully started service 'SparkUI' on port 4040.
[2026-03-13T17:39:46.828+0000] {subprocess.py:93} INFO - 26/03/13 17:39:46 INFO Executor: Starting executor ID driver on host 670d40c6e2a9
[2026-03-13T17:39:46.829+0000] {subprocess.py:93} INFO - 26/03/13 17:39:46 INFO Executor: OS info Linux, 6.6.87.2-microsoft-standard-WSL2, amd64
[2026-03-13T17:39:46.830+0000] {subprocess.py:93} INFO - 26/03/13 17:39:46 INFO Executor: Java version 17.0.18
[2026-03-13T17:39:46.838+0000] {subprocess.py:93} INFO - 26/03/13 17:39:46 INFO Executor: Starting executor with user classpath (userClassPathFirst = false): ''
[2026-03-13T17:39:46.839+0000] {subprocess.py:93} INFO - 26/03/13 17:39:46 INFO Executor: Created or updated repl class loader org.apache.spark.util.MutableURLClassLoader@35081789 for default.
[2026-03-13T17:39:46.859+0000] {subprocess.py:93} INFO - 26/03/13 17:39:46 INFO Utils: Successfully started service 'org.apache.spark.network.netty.NettyBlockTransferService' on port 35655.
[2026-03-13T17:39:46.860+0000] {subprocess.py:93} INFO - 26/03/13 17:39:46 INFO NettyBlockTransferService: Server created on 670d40c6e2a9:35655
[2026-03-13T17:39:46.861+0000] {subprocess.py:93} INFO - 26/03/13 17:39:46 INFO BlockManager: Using org.apache.spark.storage.RandomBlockReplicationPolicy for block replication policy
[2026-03-13T17:39:46.866+0000] {subprocess.py:93} INFO - 26/03/13 17:39:46 INFO BlockManagerMaster: Registering BlockManager BlockManagerId(driver, 670d40c6e2a9, 35655, None)
[2026-03-13T17:39:46.869+0000] {subprocess.py:93} INFO - 26/03/13 17:39:46 INFO BlockManagerMasterEndpoint: Registering block manager 670d40c6e2a9:35655 with 434.4 MiB RAM, BlockManagerId(driver, 670d40c6e2a9, 35655, None)
[2026-03-13T17:39:46.872+0000] {subprocess.py:93} INFO - 26/03/13 17:39:46 INFO BlockManagerMaster: Registered BlockManager BlockManagerId(driver, 670d40c6e2a9, 35655, None)
[2026-03-13T17:39:46.873+0000] {subprocess.py:93} INFO - 26/03/13 17:39:46 INFO BlockManager: Initialized BlockManager: BlockManagerId(driver, 670d40c6e2a9, 35655, None)
[2026-03-13T17:39:52.627+0000] {subprocess.py:93} INFO - === Raw Data Schema ===
[2026-03-13T17:39:52.631+0000] {subprocess.py:93} INFO - root
[2026-03-13T17:39:52.634+0000] {subprocess.py:93} INFO -  |-- id: integer (nullable = true)
[2026-03-13T17:39:52.635+0000] {subprocess.py:93} INFO -  |-- name: string (nullable = true)
[2026-03-13T17:39:52.636+0000] {subprocess.py:93} INFO -  |-- amount: integer (nullable = true)
[2026-03-13T17:39:52.637+0000] {subprocess.py:93} INFO - 
[2026-03-13T17:39:52.639+0000] {subprocess.py:93} INFO - === Sample Raw Data ===
[2026-03-13T17:39:52.947+0000] {subprocess.py:93} INFO - +---+-------+------+
[2026-03-13T17:39:52.947+0000] {subprocess.py:93} INFO - |id |name   |amount|
[2026-03-13T17:39:52.951+0000] {subprocess.py:93} INFO - +---+-------+------+
[2026-03-13T17:39:52.952+0000] {subprocess.py:93} INFO - |1  |Alice  |209   |
[2026-03-13T17:39:52.953+0000] {subprocess.py:93} INFO - |2  |Charlie|343   |
[2026-03-13T17:39:52.954+0000] {subprocess.py:93} INFO - |3  |Charlie|359   |
[2026-03-13T17:39:52.954+0000] {subprocess.py:93} INFO - |4  |Alice  |362   |
[2026-03-13T17:39:52.955+0000] {subprocess.py:93} INFO - |5  |Ivy    |150   |
[2026-03-13T17:39:52.956+0000] {subprocess.py:93} INFO - |6  |Grace  |558   |
[2026-03-13T17:39:52.957+0000] {subprocess.py:93} INFO - |7  |Nina   |112   |
[2026-03-13T17:39:52.958+0000] {subprocess.py:93} INFO - |8  |Jack   |589   |
[2026-03-13T17:39:52.958+0000] {subprocess.py:93} INFO - |9  |Bob    |323   |
[2026-03-13T17:39:52.959+0000] {subprocess.py:93} INFO - |10 |Owen   |515   |
[2026-03-13T17:39:52.959+0000] {subprocess.py:93} INFO - |11 |Ivy    |160   |
[2026-03-13T17:39:52.960+0000] {subprocess.py:93} INFO - |12 |Alice  |406   |
[2026-03-13T17:39:52.961+0000] {subprocess.py:93} INFO - |13 |Ivy    |505   |
[2026-03-13T17:39:52.961+0000] {subprocess.py:93} INFO - |14 |Liam   |297   |
[2026-03-13T17:39:52.962+0000] {subprocess.py:93} INFO - |15 |Nina   |431   |
[2026-03-13T17:39:52.962+0000] {subprocess.py:93} INFO - |16 |Alice  |515   |
[2026-03-13T17:39:52.963+0000] {subprocess.py:93} INFO - |17 |Frank  |512   |
[2026-03-13T17:39:52.964+0000] {subprocess.py:93} INFO - |18 |David  |153   |
[2026-03-13T17:39:52.965+0000] {subprocess.py:93} INFO - |19 |Karen  |267   |
[2026-03-13T17:39:52.966+0000] {subprocess.py:93} INFO - |20 |Owen   |317   |
[2026-03-13T17:39:52.966+0000] {subprocess.py:93} INFO - +---+-------+------+
[2026-03-13T17:39:52.967+0000] {subprocess.py:93} INFO - only showing top 20 rows
[2026-03-13T17:39:52.967+0000] {subprocess.py:93} INFO - 
[2026-03-13T17:39:53.062+0000] {subprocess.py:93} INFO - === Processed Data Schema ===
[2026-03-13T17:39:53.063+0000] {subprocess.py:93} INFO - root
[2026-03-13T17:39:53.066+0000] {subprocess.py:93} INFO -  |-- id: integer (nullable = true)
[2026-03-13T17:39:53.067+0000] {subprocess.py:93} INFO -  |-- name: string (nullable = false)
[2026-03-13T17:39:53.068+0000] {subprocess.py:93} INFO -  |-- amount: integer (nullable = true)
[2026-03-13T17:39:53.069+0000] {subprocess.py:93} INFO -  |-- processing_timestamp: timestamp (nullable = false)
[2026-03-13T17:39:53.070+0000] {subprocess.py:93} INFO - 
[2026-03-13T17:39:53.071+0000] {subprocess.py:93} INFO - === Sample Processed Data ===
[2026-03-13T17:39:53.694+0000] {subprocess.py:93} INFO - +---+-------+------+--------------------------+
[2026-03-13T17:39:53.695+0000] {subprocess.py:93} INFO - |id |name   |amount|processing_timestamp      |
[2026-03-13T17:39:53.696+0000] {subprocess.py:93} INFO - +---+-------+------+--------------------------+
[2026-03-13T17:39:53.697+0000] {subprocess.py:93} INFO - |7  |Nina   |112   |2026-03-13 17:39:53.099788|
[2026-03-13T17:39:53.699+0000] {subprocess.py:93} INFO - |4  |Alice  |362   |2026-03-13 17:39:53.099788|
[2026-03-13T17:39:53.700+0000] {subprocess.py:93} INFO - |2  |Charlie|343   |2026-03-13 17:39:53.099788|
[2026-03-13T17:39:53.701+0000] {subprocess.py:93} INFO - |24 |Eva    |267   |2026-03-13 17:39:53.099788|
[2026-03-13T17:39:53.702+0000] {subprocess.py:93} INFO - |25 |Mona   |461   |2026-03-13 17:39:53.099788|
[2026-03-13T17:39:53.702+0000] {subprocess.py:93} INFO - |1  |Alice  |209   |2026-03-13 17:39:53.099788|
[2026-03-13T17:39:53.703+0000] {subprocess.py:93} INFO - |23 |Grace  |112   |2026-03-13 17:39:53.099788|
[2026-03-13T17:39:53.704+0000] {subprocess.py:93} INFO - |12 |Alice  |406   |2026-03-13 17:39:53.099788|
[2026-03-13T17:39:53.705+0000] {subprocess.py:93} INFO - |9  |Bob    |323   |2026-03-13 17:39:53.099788|
[2026-03-13T17:39:53.706+0000] {subprocess.py:93} INFO - |15 |Nina   |431   |2026-03-13 17:39:53.099788|
[2026-03-13T17:39:53.706+0000] {subprocess.py:93} INFO - |3  |Charlie|359   |2026-03-13 17:39:53.099788|
[2026-03-13T17:39:53.707+0000] {subprocess.py:93} INFO - |22 |Bob    |416   |2026-03-13 17:39:53.099788|
[2026-03-13T17:39:53.708+0000] {subprocess.py:93} INFO - |10 |Owen   |515   |2026-03-13 17:39:53.099788|
[2026-03-13T17:39:53.709+0000] {subprocess.py:93} INFO - |20 |Owen   |317   |2026-03-13 17:39:53.099788|
[2026-03-13T17:39:53.710+0000] {subprocess.py:93} INFO - |11 |Ivy    |160   |2026-03-13 17:39:53.099788|
[2026-03-13T17:39:53.711+0000] {subprocess.py:93} INFO - |13 |Ivy    |505   |2026-03-13 17:39:53.099788|
[2026-03-13T17:39:53.712+0000] {subprocess.py:93} INFO - |21 |Frank  |141   |2026-03-13 17:39:53.099788|
[2026-03-13T17:39:53.713+0000] {subprocess.py:93} INFO - |18 |David  |153   |2026-03-13 17:39:53.099788|
[2026-03-13T17:39:53.714+0000] {subprocess.py:93} INFO - |17 |Frank  |512   |2026-03-13 17:39:53.099788|
[2026-03-13T17:39:53.715+0000] {subprocess.py:93} INFO - |8  |Jack   |589   |2026-03-13 17:39:53.099788|
[2026-03-13T17:39:53.716+0000] {subprocess.py:93} INFO - +---+-------+------+--------------------------+
[2026-03-13T17:39:53.717+0000] {subprocess.py:93} INFO - only showing top 20 rows
[2026-03-13T17:39:53.718+0000] {subprocess.py:93} INFO - 
[2026-03-13T17:39:57.555+0000] {subprocess.py:93} INFO - Wrote Parquet output to: /opt/data/output/processed_parquet/
[2026-03-13T17:39:57.556+0000] {subprocess.py:93} INFO - Wrote CSV output to: /opt/data/output/processed_csv/
[2026-03-13T17:40:00.451+0000] {subprocess.py:93} INFO - Source input files retained in /opt/data/input (archiving disabled).
[2026-03-13T17:40:00.750+0000] {subprocess.py:97} INFO - Command exited with return code 0
[2026-03-13T17:40:00.751+0000] {taskinstance.py:441} INFO - ::group::Post task execution logs
[2026-03-13T17:40:00.912+0000] {taskinstance.py:1206} INFO - Marking task as SUCCESS. dag_id=event_trigger_pipeline, task_id=run_spark_job, run_id=manual__2026-03-13T17:37:37.333334+00:00, execution_date=20260313T173737, start_date=20260313T173942, end_date=20260313T174000
[2026-03-13T17:40:00.983+0000] {local_task_job_runner.py:243} INFO - Task exited with return code 0
[2026-03-13T17:40:00.991+0000] {taskinstance.py:3503} INFO - 0 downstream tasks scheduled from follow-on schedule check
[2026-03-13T17:40:00.992+0000] {local_task_job_runner.py:222} INFO - ::endgroup::
