[2026-03-14T04:46:52.861+0000] {local_task_job_runner.py:120} INFO - ::group::Pre task execution logs
[2026-03-14T04:46:52.880+0000] {taskinstance.py:2076} INFO - Dependencies all met for dep_context=non-requeueable deps ti=<TaskInstance: event_trigger_pipeline.run_spark_job manual__2026-03-14T04:46:49+00:00 [queued]>
[2026-03-14T04:46:52.886+0000] {taskinstance.py:2076} INFO - Dependencies all met for dep_context=requeueable deps ti=<TaskInstance: event_trigger_pipeline.run_spark_job manual__2026-03-14T04:46:49+00:00 [queued]>
[2026-03-14T04:46:52.887+0000] {taskinstance.py:2306} INFO - Starting attempt 1 of 2
[2026-03-14T04:46:52.913+0000] {taskinstance.py:2330} INFO - Executing <Task(BashOperator): run_spark_job> on 2026-03-14 04:46:49+00:00
[2026-03-14T04:46:52.917+0000] {standard_task_runner.py:64} INFO - Started process 25190 to run task
[2026-03-14T04:46:52.920+0000] {standard_task_runner.py:90} INFO - Running: ['airflow', 'tasks', 'run', 'event_trigger_pipeline', 'run_spark_job', 'manual__2026-03-14T04:46:49+00:00', '--job-id', '48', '--raw', '--subdir', 'DAGS_FOLDER/event_trigger_pipeline.py', '--cfg-path', '/tmp/tmp_4a0o_9y']
[2026-03-14T04:46:52.922+0000] {standard_task_runner.py:91} INFO - Job 48: Subtask run_spark_job
[2026-03-14T04:46:53.014+0000] {task_command.py:426} INFO - Running <TaskInstance: event_trigger_pipeline.run_spark_job manual__2026-03-14T04:46:49+00:00 [running]> on host 670d40c6e2a9
[2026-03-14T04:46:53.103+0000] {taskinstance.py:2648} INFO - Exporting env vars: AIRFLOW_CTX_DAG_OWNER='airflow' AIRFLOW_CTX_DAG_ID='event_trigger_pipeline' AIRFLOW_CTX_TASK_ID='run_spark_job' AIRFLOW_CTX_EXECUTION_DATE='2026-03-14T04:46:49+00:00' AIRFLOW_CTX_TRY_NUMBER='1' AIRFLOW_CTX_DAG_RUN_ID='manual__2026-03-14T04:46:49+00:00'
[2026-03-14T04:46:53.104+0000] {taskinstance.py:430} INFO - ::endgroup::
[2026-03-14T04:46:53.115+0000] {subprocess.py:63} INFO - Tmp dir root location: /tmp
[2026-03-14T04:46:53.118+0000] {subprocess.py:75} INFO - Running command: ['/usr/bin/bash', '-c', 'spark-submit --master local[*] /opt/airflow/spark_jobs/process_data.py']
[2026-03-14T04:46:53.124+0000] {subprocess.py:86} INFO - Output:
[2026-03-14T04:46:53.198+0000] {subprocess.py:93} INFO - /home/airflow/.local/lib/python3.12/site-packages/pyspark/bin/load-spark-env.sh: line 68: ps: command not found
[2026-03-14T04:46:56.110+0000] {subprocess.py:93} INFO - 26/03/14 04:46:56 INFO SparkContext: Running Spark version 3.5.1
[2026-03-14T04:46:56.112+0000] {subprocess.py:93} INFO - 26/03/14 04:46:56 INFO SparkContext: OS info Linux, 6.6.87.2-microsoft-standard-WSL2, amd64
[2026-03-14T04:46:56.113+0000] {subprocess.py:93} INFO - 26/03/14 04:46:56 INFO SparkContext: Java version 17.0.18
[2026-03-14T04:46:56.176+0000] {subprocess.py:93} INFO - 26/03/14 04:46:56 WARN NativeCodeLoader: Unable to load native-hadoop library for your platform... using builtin-java classes where applicable
[2026-03-14T04:46:56.268+0000] {subprocess.py:93} INFO - 26/03/14 04:46:56 INFO ResourceUtils: ==============================================================
[2026-03-14T04:46:56.269+0000] {subprocess.py:93} INFO - 26/03/14 04:46:56 INFO ResourceUtils: No custom resources configured for spark.driver.
[2026-03-14T04:46:56.269+0000] {subprocess.py:93} INFO - 26/03/14 04:46:56 INFO ResourceUtils: ==============================================================
[2026-03-14T04:46:56.270+0000] {subprocess.py:93} INFO - 26/03/14 04:46:56 INFO SparkContext: Submitted application: ProcessAmazonOrders
[2026-03-14T04:46:56.291+0000] {subprocess.py:93} INFO - 26/03/14 04:46:56 INFO ResourceProfile: Default ResourceProfile created, executor resources: Map(cores -> name: cores, amount: 1, script: , vendor: , memory -> name: memory, amount: 1024, script: , vendor: , offHeap -> name: offHeap, amount: 0, script: , vendor: ), task resources: Map(cpus -> name: cpus, amount: 1.0)
[2026-03-14T04:46:56.297+0000] {subprocess.py:93} INFO - 26/03/14 04:46:56 INFO ResourceProfile: Limiting resource is cpu
[2026-03-14T04:46:56.298+0000] {subprocess.py:93} INFO - 26/03/14 04:46:56 INFO ResourceProfileManager: Added ResourceProfile id: 0
[2026-03-14T04:46:56.342+0000] {subprocess.py:93} INFO - 26/03/14 04:46:56 INFO SecurityManager: Changing view acls to: airflow
[2026-03-14T04:46:56.344+0000] {subprocess.py:93} INFO - 26/03/14 04:46:56 INFO SecurityManager: Changing modify acls to: airflow
[2026-03-14T04:46:56.344+0000] {subprocess.py:93} INFO - 26/03/14 04:46:56 INFO SecurityManager: Changing view acls groups to:
[2026-03-14T04:46:56.346+0000] {subprocess.py:93} INFO - 26/03/14 04:46:56 INFO SecurityManager: Changing modify acls groups to:
[2026-03-14T04:46:56.346+0000] {subprocess.py:93} INFO - 26/03/14 04:46:56 INFO SecurityManager: SecurityManager: authentication disabled; ui acls disabled; users with view permissions: airflow; groups with view permissions: EMPTY; users with modify permissions: airflow; groups with modify permissions: EMPTY
[2026-03-14T04:46:56.583+0000] {subprocess.py:93} INFO - 26/03/14 04:46:56 INFO Utils: Successfully started service 'sparkDriver' on port 33971.
[2026-03-14T04:46:56.618+0000] {subprocess.py:93} INFO - 26/03/14 04:46:56 INFO SparkEnv: Registering MapOutputTracker
[2026-03-14T04:46:56.664+0000] {subprocess.py:93} INFO - 26/03/14 04:46:56 INFO SparkEnv: Registering BlockManagerMaster
[2026-03-14T04:46:56.685+0000] {subprocess.py:93} INFO - 26/03/14 04:46:56 INFO BlockManagerMasterEndpoint: Using org.apache.spark.storage.DefaultTopologyMapper for getting topology information
[2026-03-14T04:46:56.686+0000] {subprocess.py:93} INFO - 26/03/14 04:46:56 INFO BlockManagerMasterEndpoint: BlockManagerMasterEndpoint up
[2026-03-14T04:46:56.691+0000] {subprocess.py:93} INFO - 26/03/14 04:46:56 INFO SparkEnv: Registering BlockManagerMasterHeartbeat
[2026-03-14T04:46:56.716+0000] {subprocess.py:93} INFO - 26/03/14 04:46:56 INFO DiskBlockManager: Created local directory at /tmp/blockmgr-c992db77-7f2c-4dc9-af6b-61938721aee8
[2026-03-14T04:46:56.729+0000] {subprocess.py:93} INFO - 26/03/14 04:46:56 INFO MemoryStore: MemoryStore started with capacity 434.4 MiB
[2026-03-14T04:46:56.747+0000] {subprocess.py:93} INFO - 26/03/14 04:46:56 INFO SparkEnv: Registering OutputCommitCoordinator
[2026-03-14T04:46:56.973+0000] {subprocess.py:93} INFO - 26/03/14 04:46:56 INFO JettyUtils: Start Jetty 0.0.0.0:4040 for SparkUI
[2026-03-14T04:46:57.038+0000] {subprocess.py:93} INFO - 26/03/14 04:46:57 INFO Utils: Successfully started service 'SparkUI' on port 4040.
[2026-03-14T04:46:57.174+0000] {subprocess.py:93} INFO - 26/03/14 04:46:57 INFO Executor: Starting executor ID driver on host 670d40c6e2a9
[2026-03-14T04:46:57.175+0000] {subprocess.py:93} INFO - 26/03/14 04:46:57 INFO Executor: OS info Linux, 6.6.87.2-microsoft-standard-WSL2, amd64
[2026-03-14T04:46:57.176+0000] {subprocess.py:93} INFO - 26/03/14 04:46:57 INFO Executor: Java version 17.0.18
[2026-03-14T04:46:57.198+0000] {subprocess.py:93} INFO - 26/03/14 04:46:57 INFO Executor: Starting executor with user classpath (userClassPathFirst = false): ''
[2026-03-14T04:46:57.204+0000] {subprocess.py:93} INFO - 26/03/14 04:46:57 INFO Executor: Created or updated repl class loader org.apache.spark.util.MutableURLClassLoader@35081789 for default.
[2026-03-14T04:46:57.239+0000] {subprocess.py:93} INFO - 26/03/14 04:46:57 INFO Utils: Successfully started service 'org.apache.spark.network.netty.NettyBlockTransferService' on port 45269.
[2026-03-14T04:46:57.240+0000] {subprocess.py:93} INFO - 26/03/14 04:46:57 INFO NettyBlockTransferService: Server created on 670d40c6e2a9:45269
[2026-03-14T04:46:57.242+0000] {subprocess.py:93} INFO - 26/03/14 04:46:57 INFO BlockManager: Using org.apache.spark.storage.RandomBlockReplicationPolicy for block replication policy
[2026-03-14T04:46:57.249+0000] {subprocess.py:93} INFO - 26/03/14 04:46:57 INFO BlockManagerMaster: Registering BlockManager BlockManagerId(driver, 670d40c6e2a9, 45269, None)
[2026-03-14T04:46:57.256+0000] {subprocess.py:93} INFO - 26/03/14 04:46:57 INFO BlockManagerMasterEndpoint: Registering block manager 670d40c6e2a9:45269 with 434.4 MiB RAM, BlockManagerId(driver, 670d40c6e2a9, 45269, None)
[2026-03-14T04:46:57.258+0000] {subprocess.py:93} INFO - 26/03/14 04:46:57 INFO BlockManagerMaster: Registered BlockManager BlockManagerId(driver, 670d40c6e2a9, 45269, None)
[2026-03-14T04:46:57.260+0000] {subprocess.py:93} INFO - 26/03/14 04:46:57 INFO BlockManager: Initialized BlockManager: BlockManagerId(driver, 670d40c6e2a9, 45269, None)
[2026-03-14T04:47:20.168+0000] {subprocess.py:93} INFO - 26/03/14 04:47:20 WARN SparkStringUtils: Truncated the string representation of a plan since it was too large. This behavior can be adjusted by setting 'spark.sql.debug.maxToStringFields'.
[2026-03-14T04:47:44.388+0000] {subprocess.py:93} INFO - Run ID: 20260314_044657
[2026-03-14T04:47:44.389+0000] {subprocess.py:93} INFO - Raw rows: 759
[2026-03-14T04:47:44.390+0000] {subprocess.py:93} INFO - Clean rows: 552
[2026-03-14T04:47:44.391+0000] {subprocess.py:93} INFO - Invalid rows: 171
[2026-03-14T04:47:44.392+0000] {subprocess.py:93} INFO - Duplicate rows: 72
[2026-03-14T04:47:44.394+0000] {subprocess.py:93} INFO - Processed CSV path: /opt/data/output/processed_csv
[2026-03-14T04:47:44.395+0000] {subprocess.py:93} INFO - Clean CSV path: /opt/data/clean_data_csv
[2026-03-14T04:47:44.395+0000] {subprocess.py:93} INFO - Reports path: /opt/data/output/reports
[2026-03-14T04:47:44.809+0000] {subprocess.py:97} INFO - Command exited with return code 0
[2026-03-14T04:47:44.810+0000] {taskinstance.py:441} INFO - ::group::Post task execution logs
[2026-03-14T04:47:44.852+0000] {taskinstance.py:1206} INFO - Marking task as SUCCESS. dag_id=event_trigger_pipeline, task_id=run_spark_job, run_id=manual__2026-03-14T04:46:49+00:00, execution_date=20260314T044649, start_date=20260314T044652, end_date=20260314T044744
[2026-03-14T04:47:44.897+0000] {local_task_job_runner.py:243} INFO - Task exited with return code 0
[2026-03-14T04:47:44.911+0000] {taskinstance.py:3503} INFO - 0 downstream tasks scheduled from follow-on schedule check
[2026-03-14T04:47:44.913+0000] {local_task_job_runner.py:222} INFO - ::endgroup::
