[2026-03-14T04:24:24.012+0000] {local_task_job_runner.py:120} INFO - ::group::Pre task execution logs
[2026-03-14T04:24:24.033+0000] {taskinstance.py:2076} INFO - Dependencies all met for dep_context=non-requeueable deps ti=<TaskInstance: event_trigger_pipeline.run_spark_job manual__2026-03-14T04:24:16.106964+00:00 [queued]>
[2026-03-14T04:24:24.039+0000] {taskinstance.py:2076} INFO - Dependencies all met for dep_context=requeueable deps ti=<TaskInstance: event_trigger_pipeline.run_spark_job manual__2026-03-14T04:24:16.106964+00:00 [queued]>
[2026-03-14T04:24:24.041+0000] {taskinstance.py:2306} INFO - Starting attempt 1 of 2
[2026-03-14T04:24:24.069+0000] {taskinstance.py:2330} INFO - Executing <Task(BashOperator): run_spark_job> on 2026-03-14 04:24:16.106964+00:00
[2026-03-14T04:24:24.073+0000] {standard_task_runner.py:64} INFO - Started process 16829 to run task
[2026-03-14T04:24:24.076+0000] {standard_task_runner.py:90} INFO - Running: ['airflow', 'tasks', 'run', 'event_trigger_pipeline', 'run_spark_job', 'manual__2026-03-14T04:24:16.106964+00:00', '--job-id', '37', '--raw', '--subdir', 'DAGS_FOLDER/event_trigger_pipeline.py', '--cfg-path', '/tmp/tmpewnnuqt0']
[2026-03-14T04:24:24.078+0000] {standard_task_runner.py:91} INFO - Job 37: Subtask run_spark_job
[2026-03-14T04:24:24.163+0000] {task_command.py:426} INFO - Running <TaskInstance: event_trigger_pipeline.run_spark_job manual__2026-03-14T04:24:16.106964+00:00 [running]> on host 670d40c6e2a9
[2026-03-14T04:24:24.249+0000] {taskinstance.py:2648} INFO - Exporting env vars: AIRFLOW_CTX_DAG_OWNER='airflow' AIRFLOW_CTX_DAG_ID='event_trigger_pipeline' AIRFLOW_CTX_TASK_ID='run_spark_job' AIRFLOW_CTX_EXECUTION_DATE='2026-03-14T04:24:16.106964+00:00' AIRFLOW_CTX_TRY_NUMBER='1' AIRFLOW_CTX_DAG_RUN_ID='manual__2026-03-14T04:24:16.106964+00:00'
[2026-03-14T04:24:24.250+0000] {taskinstance.py:430} INFO - ::endgroup::
[2026-03-14T04:24:24.264+0000] {subprocess.py:63} INFO - Tmp dir root location: /tmp
[2026-03-14T04:24:24.266+0000] {subprocess.py:75} INFO - Running command: ['/usr/bin/bash', '-c', 'spark-submit /opt/spark_jobs/process_data.py']
[2026-03-14T04:24:24.274+0000] {subprocess.py:86} INFO - Output:
[2026-03-14T04:24:24.342+0000] {subprocess.py:93} INFO - /home/airflow/.local/lib/python3.12/site-packages/pyspark/bin/load-spark-env.sh: line 68: ps: command not found
[2026-03-14T04:24:25.760+0000] {subprocess.py:93} INFO - python3: can't open file '/opt/spark_jobs/process_data.py': [Errno 2] No such file or directory
[2026-03-14T04:24:25.772+0000] {subprocess.py:93} INFO - 26/03/14 04:24:25 INFO ShutdownHookManager: Shutdown hook called
[2026-03-14T04:24:25.774+0000] {subprocess.py:93} INFO - 26/03/14 04:24:25 INFO ShutdownHookManager: Deleting directory /tmp/spark-a28f3e77-f0f8-4ca7-9bb2-98f8ccdeb5a8
[2026-03-14T04:24:25.807+0000] {subprocess.py:97} INFO - Command exited with return code 2
[2026-03-14T04:24:25.809+0000] {taskinstance.py:441} INFO - ::group::Post task execution logs
[2026-03-14T04:24:25.911+0000] {taskinstance.py:2905} ERROR - Task failed with exception
Traceback (most recent call last):
  File "/home/airflow/.local/lib/python3.12/site-packages/airflow/models/taskinstance.py", line 465, in _execute_task
    result = _execute_callable(context=context, **execute_callable_kwargs)
             ^^^^^^^^^^^^^^^^^^^^^^^^^^^^^^^^^^^^^^^^^^^^^^^^^^^^^^^^^^^^^
  File "/home/airflow/.local/lib/python3.12/site-packages/airflow/models/taskinstance.py", line 432, in _execute_callable
    return execute_callable(context=context, **execute_callable_kwargs)
           ^^^^^^^^^^^^^^^^^^^^^^^^^^^^^^^^^^^^^^^^^^^^^^^^^^^^^^^^^^^^
  File "/home/airflow/.local/lib/python3.12/site-packages/airflow/models/baseoperator.py", line 401, in wrapper
    return func(self, *args, **kwargs)
           ^^^^^^^^^^^^^^^^^^^^^^^^^^^
  File "/home/airflow/.local/lib/python3.12/site-packages/airflow/operators/bash.py", line 243, in execute
    raise AirflowException(
airflow.exceptions.AirflowException: Bash command failed. The command returned a non-zero exit code 2.
[2026-03-14T04:24:25.915+0000] {taskinstance.py:1206} INFO - Marking task as UP_FOR_RETRY. dag_id=event_trigger_pipeline, task_id=run_spark_job, run_id=manual__2026-03-14T04:24:16.106964+00:00, execution_date=20260314T042416, start_date=20260314T042424, end_date=20260314T042425
[2026-03-14T04:24:25.948+0000] {standard_task_runner.py:110} ERROR - Failed to execute job 37 for task run_spark_job (Bash command failed. The command returned a non-zero exit code 2.; 16829)
[2026-03-14T04:24:25.979+0000] {local_task_job_runner.py:243} INFO - Task exited with return code 1
[2026-03-14T04:24:25.987+0000] {taskinstance.py:3503} INFO - 0 downstream tasks scheduled from follow-on schedule check
[2026-03-14T04:24:25.988+0000] {local_task_job_runner.py:222} INFO - ::endgroup::
