[2026-03-14T04:29:28.605+0000] {local_task_job_runner.py:120} INFO - ::group::Pre task execution logs
[2026-03-14T04:29:28.627+0000] {taskinstance.py:2076} INFO - Dependencies all met for dep_context=non-requeueable deps ti=<TaskInstance: event_trigger_pipeline.run_spark_job manual__2026-03-14T04:24:16.106964+00:00 [queued]>
[2026-03-14T04:29:28.634+0000] {taskinstance.py:2076} INFO - Dependencies all met for dep_context=requeueable deps ti=<TaskInstance: event_trigger_pipeline.run_spark_job manual__2026-03-14T04:24:16.106964+00:00 [queued]>
[2026-03-14T04:29:28.635+0000] {taskinstance.py:2306} INFO - Starting attempt 2 of 2
[2026-03-14T04:29:28.667+0000] {taskinstance.py:2330} INFO - Executing <Task(BashOperator): run_spark_job> on 2026-03-14 04:24:16.106964+00:00
[2026-03-14T04:29:28.671+0000] {standard_task_runner.py:64} INFO - Started process 19842 to run task
[2026-03-14T04:29:28.675+0000] {standard_task_runner.py:90} INFO - Running: ['airflow', 'tasks', 'run', 'event_trigger_pipeline', 'run_spark_job', 'manual__2026-03-14T04:24:16.106964+00:00', '--job-id', '44', '--raw', '--subdir', 'DAGS_FOLDER/event_trigger_pipeline.py', '--cfg-path', '/tmp/tmpdsnyslps']
[2026-03-14T04:29:28.678+0000] {standard_task_runner.py:91} INFO - Job 44: Subtask run_spark_job
[2026-03-14T04:29:28.763+0000] {task_command.py:426} INFO - Running <TaskInstance: event_trigger_pipeline.run_spark_job manual__2026-03-14T04:24:16.106964+00:00 [running]> on host 670d40c6e2a9
[2026-03-14T04:29:28.858+0000] {taskinstance.py:2648} INFO - Exporting env vars: AIRFLOW_CTX_DAG_OWNER='airflow' AIRFLOW_CTX_DAG_ID='event_trigger_pipeline' AIRFLOW_CTX_TASK_ID='run_spark_job' AIRFLOW_CTX_EXECUTION_DATE='2026-03-14T04:24:16.106964+00:00' AIRFLOW_CTX_TRY_NUMBER='2' AIRFLOW_CTX_DAG_RUN_ID='manual__2026-03-14T04:24:16.106964+00:00'
[2026-03-14T04:29:28.859+0000] {taskinstance.py:430} INFO - ::endgroup::
[2026-03-14T04:29:28.877+0000] {subprocess.py:63} INFO - Tmp dir root location: /tmp
[2026-03-14T04:29:28.878+0000] {subprocess.py:75} INFO - Running command: ['/usr/bin/bash', '-c', 'spark-submit --master local[*] /opt/airflow/spark_jobs/process_data.py']
[2026-03-14T04:29:28.888+0000] {subprocess.py:86} INFO - Output:
[2026-03-14T04:29:28.968+0000] {subprocess.py:93} INFO - /home/airflow/.local/lib/python3.12/site-packages/pyspark/bin/load-spark-env.sh: line 68: ps: command not found
[2026-03-14T04:29:31.896+0000] {subprocess.py:93} INFO - /opt/airflow/spark_jobs/process_data.py:168: DeprecationWarning: datetime.datetime.utcnow() is deprecated and scheduled for removal in a future version. Use timezone-aware objects to represent datetimes in UTC: datetime.datetime.now(datetime.UTC).
[2026-03-14T04:29:31.896+0000] {subprocess.py:93} INFO -   run_id = datetime.utcnow().strftime("%Y%m%d_%H%M%S")
[2026-03-14T04:29:32.034+0000] {subprocess.py:93} INFO - 26/03/14 04:29:32 INFO SparkContext: Running Spark version 3.5.1
[2026-03-14T04:29:32.037+0000] {subprocess.py:93} INFO - 26/03/14 04:29:32 INFO SparkContext: OS info Linux, 6.6.87.2-microsoft-standard-WSL2, amd64
[2026-03-14T04:29:32.038+0000] {subprocess.py:93} INFO - 26/03/14 04:29:32 INFO SparkContext: Java version 17.0.18
[2026-03-14T04:29:32.092+0000] {subprocess.py:93} INFO - 26/03/14 04:29:32 WARN NativeCodeLoader: Unable to load native-hadoop library for your platform... using builtin-java classes where applicable
[2026-03-14T04:29:32.177+0000] {subprocess.py:93} INFO - 26/03/14 04:29:32 INFO ResourceUtils: ==============================================================
[2026-03-14T04:29:32.178+0000] {subprocess.py:93} INFO - 26/03/14 04:29:32 INFO ResourceUtils: No custom resources configured for spark.driver.
[2026-03-14T04:29:32.178+0000] {subprocess.py:93} INFO - 26/03/14 04:29:32 INFO ResourceUtils: ==============================================================
[2026-03-14T04:29:32.179+0000] {subprocess.py:93} INFO - 26/03/14 04:29:32 INFO SparkContext: Submitted application: ProcessData
[2026-03-14T04:29:32.199+0000] {subprocess.py:93} INFO - 26/03/14 04:29:32 INFO ResourceProfile: Default ResourceProfile created, executor resources: Map(cores -> name: cores, amount: 1, script: , vendor: , memory -> name: memory, amount: 1024, script: , vendor: , offHeap -> name: offHeap, amount: 0, script: , vendor: ), task resources: Map(cpus -> name: cpus, amount: 1.0)
[2026-03-14T04:29:32.208+0000] {subprocess.py:93} INFO - 26/03/14 04:29:32 INFO ResourceProfile: Limiting resource is cpu
[2026-03-14T04:29:32.209+0000] {subprocess.py:93} INFO - 26/03/14 04:29:32 INFO ResourceProfileManager: Added ResourceProfile id: 0
[2026-03-14T04:29:32.257+0000] {subprocess.py:93} INFO - 26/03/14 04:29:32 INFO SecurityManager: Changing view acls to: airflow
[2026-03-14T04:29:32.258+0000] {subprocess.py:93} INFO - 26/03/14 04:29:32 INFO SecurityManager: Changing modify acls to: airflow
[2026-03-14T04:29:32.258+0000] {subprocess.py:93} INFO - 26/03/14 04:29:32 INFO SecurityManager: Changing view acls groups to:
[2026-03-14T04:29:32.259+0000] {subprocess.py:93} INFO - 26/03/14 04:29:32 INFO SecurityManager: Changing modify acls groups to:
[2026-03-14T04:29:32.261+0000] {subprocess.py:93} INFO - 26/03/14 04:29:32 INFO SecurityManager: SecurityManager: authentication disabled; ui acls disabled; users with view permissions: airflow; groups with view permissions: EMPTY; users with modify permissions: airflow; groups with modify permissions: EMPTY
[2026-03-14T04:29:32.582+0000] {subprocess.py:93} INFO - 26/03/14 04:29:32 INFO Utils: Successfully started service 'sparkDriver' on port 39767.
[2026-03-14T04:29:32.625+0000] {subprocess.py:93} INFO - 26/03/14 04:29:32 INFO SparkEnv: Registering MapOutputTracker
[2026-03-14T04:29:32.689+0000] {subprocess.py:93} INFO - 26/03/14 04:29:32 INFO SparkEnv: Registering BlockManagerMaster
[2026-03-14T04:29:32.735+0000] {subprocess.py:93} INFO - 26/03/14 04:29:32 INFO BlockManagerMasterEndpoint: Using org.apache.spark.storage.DefaultTopologyMapper for getting topology information
[2026-03-14T04:29:32.737+0000] {subprocess.py:93} INFO - 26/03/14 04:29:32 INFO BlockManagerMasterEndpoint: BlockManagerMasterEndpoint up
[2026-03-14T04:29:32.747+0000] {subprocess.py:93} INFO - 26/03/14 04:29:32 INFO SparkEnv: Registering BlockManagerMasterHeartbeat
[2026-03-14T04:29:32.792+0000] {subprocess.py:93} INFO - 26/03/14 04:29:32 INFO DiskBlockManager: Created local directory at /tmp/blockmgr-d4b2777d-079a-4664-9158-69b4ab71d514
[2026-03-14T04:29:32.819+0000] {subprocess.py:93} INFO - 26/03/14 04:29:32 INFO MemoryStore: MemoryStore started with capacity 434.4 MiB
[2026-03-14T04:29:32.845+0000] {subprocess.py:93} INFO - 26/03/14 04:29:32 INFO SparkEnv: Registering OutputCommitCoordinator
[2026-03-14T04:29:33.013+0000] {subprocess.py:93} INFO - 26/03/14 04:29:33 INFO JettyUtils: Start Jetty 0.0.0.0:4040 for SparkUI
[2026-03-14T04:29:33.089+0000] {subprocess.py:93} INFO - 26/03/14 04:29:33 INFO Utils: Successfully started service 'SparkUI' on port 4040.
[2026-03-14T04:29:33.192+0000] {subprocess.py:93} INFO - 26/03/14 04:29:33 INFO Executor: Starting executor ID driver on host 670d40c6e2a9
[2026-03-14T04:29:33.193+0000] {subprocess.py:93} INFO - 26/03/14 04:29:33 INFO Executor: OS info Linux, 6.6.87.2-microsoft-standard-WSL2, amd64
[2026-03-14T04:29:33.194+0000] {subprocess.py:93} INFO - 26/03/14 04:29:33 INFO Executor: Java version 17.0.18
[2026-03-14T04:29:33.206+0000] {subprocess.py:93} INFO - 26/03/14 04:29:33 INFO Executor: Starting executor with user classpath (userClassPathFirst = false): ''
[2026-03-14T04:29:33.207+0000] {subprocess.py:93} INFO - 26/03/14 04:29:33 INFO Executor: Created or updated repl class loader org.apache.spark.util.MutableURLClassLoader@531e9e53 for default.
[2026-03-14T04:29:33.236+0000] {subprocess.py:93} INFO - 26/03/14 04:29:33 INFO Utils: Successfully started service 'org.apache.spark.network.netty.NettyBlockTransferService' on port 33133.
[2026-03-14T04:29:33.237+0000] {subprocess.py:93} INFO - 26/03/14 04:29:33 INFO NettyBlockTransferService: Server created on 670d40c6e2a9:33133
[2026-03-14T04:29:33.240+0000] {subprocess.py:93} INFO - 26/03/14 04:29:33 INFO BlockManager: Using org.apache.spark.storage.RandomBlockReplicationPolicy for block replication policy
[2026-03-14T04:29:33.248+0000] {subprocess.py:93} INFO - 26/03/14 04:29:33 INFO BlockManagerMaster: Registering BlockManager BlockManagerId(driver, 670d40c6e2a9, 33133, None)
[2026-03-14T04:29:33.252+0000] {subprocess.py:93} INFO - 26/03/14 04:29:33 INFO BlockManagerMasterEndpoint: Registering block manager 670d40c6e2a9:33133 with 434.4 MiB RAM, BlockManagerId(driver, 670d40c6e2a9, 33133, None)
[2026-03-14T04:29:33.255+0000] {subprocess.py:93} INFO - 26/03/14 04:29:33 INFO BlockManagerMaster: Registered BlockManager BlockManagerId(driver, 670d40c6e2a9, 33133, None)
[2026-03-14T04:29:33.256+0000] {subprocess.py:93} INFO - 26/03/14 04:29:33 INFO BlockManager: Initialized BlockManager: BlockManagerId(driver, 670d40c6e2a9, 33133, None)
[2026-03-14T04:29:39.140+0000] {subprocess.py:93} INFO - === Raw Data Schema ===
[2026-03-14T04:29:39.143+0000] {subprocess.py:93} INFO - root
[2026-03-14T04:29:39.144+0000] {subprocess.py:93} INFO -  |-- id: integer (nullable = true)
[2026-03-14T04:29:39.145+0000] {subprocess.py:93} INFO -  |-- name: string (nullable = true)
[2026-03-14T04:29:39.146+0000] {subprocess.py:93} INFO -  |-- amount: integer (nullable = true)
[2026-03-14T04:29:39.147+0000] {subprocess.py:93} INFO - 
[2026-03-14T04:29:39.148+0000] {subprocess.py:93} INFO - === Sample Raw Data ===
[2026-03-14T04:29:39.445+0000] {subprocess.py:93} INFO - +---+-------+------+
[2026-03-14T04:29:39.446+0000] {subprocess.py:93} INFO - |id |name   |amount|
[2026-03-14T04:29:39.448+0000] {subprocess.py:93} INFO - +---+-------+------+
[2026-03-14T04:29:39.450+0000] {subprocess.py:93} INFO - |999|Trigger|1     |
[2026-03-14T04:29:39.451+0000] {subprocess.py:93} INFO - +---+-------+------+
[2026-03-14T04:29:39.452+0000] {subprocess.py:93} INFO - 
[2026-03-14T04:29:39.578+0000] {subprocess.py:93} INFO - === Processed Data Schema ===
[2026-03-14T04:29:39.579+0000] {subprocess.py:93} INFO - root
[2026-03-14T04:29:39.580+0000] {subprocess.py:93} INFO -  |-- id: integer (nullable = true)
[2026-03-14T04:29:39.581+0000] {subprocess.py:93} INFO -  |-- name: string (nullable = false)
[2026-03-14T04:29:39.582+0000] {subprocess.py:93} INFO -  |-- amount: integer (nullable = true)
[2026-03-14T04:29:39.583+0000] {subprocess.py:93} INFO -  |-- processing_timestamp: timestamp (nullable = false)
[2026-03-14T04:29:39.583+0000] {subprocess.py:93} INFO - 
[2026-03-14T04:29:39.584+0000] {subprocess.py:93} INFO - === Sample Processed Data ===
[2026-03-14T04:29:40.314+0000] {subprocess.py:93} INFO - +---+-------+------+--------------------------+
[2026-03-14T04:29:40.315+0000] {subprocess.py:93} INFO - |id |name   |amount|processing_timestamp      |
[2026-03-14T04:29:40.316+0000] {subprocess.py:93} INFO - +---+-------+------+--------------------------+
[2026-03-14T04:29:40.317+0000] {subprocess.py:93} INFO - |999|Trigger|1     |2026-03-14 04:29:39.603958|
[2026-03-14T04:29:40.318+0000] {subprocess.py:93} INFO - +---+-------+------+--------------------------+
[2026-03-14T04:29:40.319+0000] {subprocess.py:93} INFO - 
[2026-03-14T04:29:44.559+0000] {subprocess.py:93} INFO - Wrote Parquet output to: /opt/data/output/processed_parquet/
[2026-03-14T04:29:44.560+0000] {subprocess.py:93} INFO - Wrote CSV output to: /opt/data/output/processed_csv/
[2026-03-14T04:29:44.560+0000] {subprocess.py:93} INFO - Wrote Clean CSV output to: /opt/data/clean_data_csv/
[2026-03-14T04:29:46.922+0000] {subprocess.py:93} INFO - Source input files retained in /opt/data/input (archiving disabled).
[2026-03-14T04:29:47.600+0000] {subprocess.py:97} INFO - Command exited with return code 0
[2026-03-14T04:29:47.601+0000] {taskinstance.py:441} INFO - ::group::Post task execution logs
[2026-03-14T04:29:47.631+0000] {taskinstance.py:1206} INFO - Marking task as SUCCESS. dag_id=event_trigger_pipeline, task_id=run_spark_job, run_id=manual__2026-03-14T04:24:16.106964+00:00, execution_date=20260314T042416, start_date=20260314T042928, end_date=20260314T042947
[2026-03-14T04:29:47.793+0000] {local_task_job_runner.py:243} INFO - Task exited with return code 0
[2026-03-14T04:29:47.801+0000] {taskinstance.py:3503} INFO - 0 downstream tasks scheduled from follow-on schedule check
[2026-03-14T04:29:47.802+0000] {local_task_job_runner.py:222} INFO - ::endgroup::
