[2026-03-13T16:04:57.343+0000] {local_task_job_runner.py:120} INFO - ::group::Pre task execution logs
[2026-03-13T16:04:57.371+0000] {taskinstance.py:2076} INFO - Dependencies all met for dep_context=non-requeueable deps ti=<TaskInstance: daily_spark_pipeline.run_spark_job scheduled__2026-03-12T05:00:00+00:00 [queued]>
[2026-03-13T16:04:57.379+0000] {taskinstance.py:2076} INFO - Dependencies all met for dep_context=requeueable deps ti=<TaskInstance: daily_spark_pipeline.run_spark_job scheduled__2026-03-12T05:00:00+00:00 [queued]>
[2026-03-13T16:04:57.380+0000] {taskinstance.py:2306} INFO - Starting attempt 1 of 2
[2026-03-13T16:04:57.408+0000] {taskinstance.py:2330} INFO - Executing <Task(BashOperator): run_spark_job> on 2026-03-12 05:00:00+00:00
[2026-03-13T16:04:57.423+0000] {standard_task_runner.py:64} INFO - Started process 115 to run task
[2026-03-13T16:04:57.431+0000] {standard_task_runner.py:90} INFO - Running: ['airflow', 'tasks', 'run', 'daily_spark_pipeline', 'run_spark_job', 'scheduled__2026-03-12T05:00:00+00:00', '--job-id', '2', '--raw', '--subdir', 'DAGS_FOLDER/daily_pipeline.py', '--cfg-path', '/tmp/tmp0qwxy9sy']
[2026-03-13T16:04:57.435+0000] {standard_task_runner.py:91} INFO - Job 2: Subtask run_spark_job
[2026-03-13T16:04:57.736+0000] {task_command.py:426} INFO - Running <TaskInstance: daily_spark_pipeline.run_spark_job scheduled__2026-03-12T05:00:00+00:00 [running]> on host 670d40c6e2a9
[2026-03-13T16:04:57.836+0000] {taskinstance.py:2648} INFO - Exporting env vars: AIRFLOW_CTX_DAG_OWNER='airflow' AIRFLOW_CTX_DAG_ID='daily_spark_pipeline' AIRFLOW_CTX_TASK_ID='run_spark_job' AIRFLOW_CTX_EXECUTION_DATE='2026-03-12T05:00:00+00:00' AIRFLOW_CTX_TRY_NUMBER='1' AIRFLOW_CTX_DAG_RUN_ID='scheduled__2026-03-12T05:00:00+00:00'
[2026-03-13T16:04:57.838+0000] {taskinstance.py:430} INFO - ::endgroup::
[2026-03-13T16:04:57.878+0000] {subprocess.py:63} INFO - Tmp dir root location: /tmp
[2026-03-13T16:04:57.880+0000] {subprocess.py:75} INFO - Running command: ['/usr/bin/bash', '-c', 'spark-submit --master local[*] /opt/airflow/spark_jobs/process_data.py']
[2026-03-13T16:04:57.888+0000] {subprocess.py:86} INFO - Output:
[2026-03-13T16:04:57.963+0000] {subprocess.py:93} INFO - /home/airflow/.local/lib/python3.12/site-packages/pyspark/bin/load-spark-env.sh: line 68: ps: command not found
[2026-03-13T16:05:00.962+0000] {subprocess.py:93} INFO - 26/03/13 16:05:00 INFO SparkContext: Running Spark version 3.5.1
[2026-03-13T16:05:00.968+0000] {subprocess.py:93} INFO - 26/03/13 16:05:00 INFO SparkContext: OS info Linux, 6.6.87.2-microsoft-standard-WSL2, amd64
[2026-03-13T16:05:00.972+0000] {subprocess.py:93} INFO - 26/03/13 16:05:00 INFO SparkContext: Java version 17.0.18
[2026-03-13T16:05:01.103+0000] {subprocess.py:93} INFO - 26/03/13 16:05:01 WARN NativeCodeLoader: Unable to load native-hadoop library for your platform... using builtin-java classes where applicable
[2026-03-13T16:05:01.281+0000] {subprocess.py:93} INFO - 26/03/13 16:05:01 INFO ResourceUtils: ==============================================================
[2026-03-13T16:05:01.282+0000] {subprocess.py:93} INFO - 26/03/13 16:05:01 INFO ResourceUtils: No custom resources configured for spark.driver.
[2026-03-13T16:05:01.283+0000] {subprocess.py:93} INFO - 26/03/13 16:05:01 INFO ResourceUtils: ==============================================================
[2026-03-13T16:05:01.284+0000] {subprocess.py:93} INFO - 26/03/13 16:05:01 INFO SparkContext: Submitted application: ProcessData
[2026-03-13T16:05:01.309+0000] {subprocess.py:93} INFO - 26/03/13 16:05:01 INFO ResourceProfile: Default ResourceProfile created, executor resources: Map(cores -> name: cores, amount: 1, script: , vendor: , memory -> name: memory, amount: 1024, script: , vendor: , offHeap -> name: offHeap, amount: 0, script: , vendor: ), task resources: Map(cpus -> name: cpus, amount: 1.0)
[2026-03-13T16:05:01.321+0000] {subprocess.py:93} INFO - 26/03/13 16:05:01 INFO ResourceProfile: Limiting resource is cpu
[2026-03-13T16:05:01.322+0000] {subprocess.py:93} INFO - 26/03/13 16:05:01 INFO ResourceProfileManager: Added ResourceProfile id: 0
[2026-03-13T16:05:01.391+0000] {subprocess.py:93} INFO - 26/03/13 16:05:01 INFO SecurityManager: Changing view acls to: airflow
[2026-03-13T16:05:01.393+0000] {subprocess.py:93} INFO - 26/03/13 16:05:01 INFO SecurityManager: Changing modify acls to: airflow
[2026-03-13T16:05:01.394+0000] {subprocess.py:93} INFO - 26/03/13 16:05:01 INFO SecurityManager: Changing view acls groups to:
[2026-03-13T16:05:01.395+0000] {subprocess.py:93} INFO - 26/03/13 16:05:01 INFO SecurityManager: Changing modify acls groups to:
[2026-03-13T16:05:01.397+0000] {subprocess.py:93} INFO - 26/03/13 16:05:01 INFO SecurityManager: SecurityManager: authentication disabled; ui acls disabled; users with view permissions: airflow; groups with view permissions: EMPTY; users with modify permissions: airflow; groups with modify permissions: EMPTY
[2026-03-13T16:05:01.815+0000] {subprocess.py:93} INFO - 26/03/13 16:05:01 INFO Utils: Successfully started service 'sparkDriver' on port 32967.
[2026-03-13T16:05:01.867+0000] {subprocess.py:93} INFO - 26/03/13 16:05:01 INFO SparkEnv: Registering MapOutputTracker
[2026-03-13T16:05:01.918+0000] {subprocess.py:93} INFO - 26/03/13 16:05:01 INFO SparkEnv: Registering BlockManagerMaster
[2026-03-13T16:05:01.933+0000] {subprocess.py:93} INFO - 26/03/13 16:05:01 INFO BlockManagerMasterEndpoint: Using org.apache.spark.storage.DefaultTopologyMapper for getting topology information
[2026-03-13T16:05:01.934+0000] {subprocess.py:93} INFO - 26/03/13 16:05:01 INFO BlockManagerMasterEndpoint: BlockManagerMasterEndpoint up
[2026-03-13T16:05:01.939+0000] {subprocess.py:93} INFO - 26/03/13 16:05:01 INFO SparkEnv: Registering BlockManagerMasterHeartbeat
[2026-03-13T16:05:01.966+0000] {subprocess.py:93} INFO - 26/03/13 16:05:01 INFO DiskBlockManager: Created local directory at /tmp/blockmgr-563a98b0-b102-47cd-afbe-046f0573feeb
[2026-03-13T16:05:01.987+0000] {subprocess.py:93} INFO - 26/03/13 16:05:01 INFO MemoryStore: MemoryStore started with capacity 434.4 MiB
[2026-03-13T16:05:02.017+0000] {subprocess.py:93} INFO - 26/03/13 16:05:02 INFO SparkEnv: Registering OutputCommitCoordinator
[2026-03-13T16:05:02.166+0000] {subprocess.py:93} INFO - 26/03/13 16:05:02 INFO JettyUtils: Start Jetty 0.0.0.0:4040 for SparkUI
[2026-03-13T16:05:02.277+0000] {subprocess.py:93} INFO - 26/03/13 16:05:02 INFO Utils: Successfully started service 'SparkUI' on port 4040.
[2026-03-13T16:05:02.409+0000] {subprocess.py:93} INFO - 26/03/13 16:05:02 INFO Executor: Starting executor ID driver on host 670d40c6e2a9
[2026-03-13T16:05:02.409+0000] {subprocess.py:93} INFO - 26/03/13 16:05:02 INFO Executor: OS info Linux, 6.6.87.2-microsoft-standard-WSL2, amd64
[2026-03-13T16:05:02.410+0000] {subprocess.py:93} INFO - 26/03/13 16:05:02 INFO Executor: Java version 17.0.18
[2026-03-13T16:05:02.424+0000] {subprocess.py:93} INFO - 26/03/13 16:05:02 INFO Executor: Starting executor with user classpath (userClassPathFirst = false): ''
[2026-03-13T16:05:02.425+0000] {subprocess.py:93} INFO - 26/03/13 16:05:02 INFO Executor: Created or updated repl class loader org.apache.spark.util.MutableURLClassLoader@531e9e53 for default.
[2026-03-13T16:05:02.450+0000] {subprocess.py:93} INFO - 26/03/13 16:05:02 INFO Utils: Successfully started service 'org.apache.spark.network.netty.NettyBlockTransferService' on port 33091.
[2026-03-13T16:05:02.451+0000] {subprocess.py:93} INFO - 26/03/13 16:05:02 INFO NettyBlockTransferService: Server created on 670d40c6e2a9:33091
[2026-03-13T16:05:02.452+0000] {subprocess.py:93} INFO - 26/03/13 16:05:02 INFO BlockManager: Using org.apache.spark.storage.RandomBlockReplicationPolicy for block replication policy
[2026-03-13T16:05:02.457+0000] {subprocess.py:93} INFO - 26/03/13 16:05:02 INFO BlockManagerMaster: Registering BlockManager BlockManagerId(driver, 670d40c6e2a9, 33091, None)
[2026-03-13T16:05:02.461+0000] {subprocess.py:93} INFO - 26/03/13 16:05:02 INFO BlockManagerMasterEndpoint: Registering block manager 670d40c6e2a9:33091 with 434.4 MiB RAM, BlockManagerId(driver, 670d40c6e2a9, 33091, None)
[2026-03-13T16:05:02.464+0000] {subprocess.py:93} INFO - 26/03/13 16:05:02 INFO BlockManagerMaster: Registered BlockManager BlockManagerId(driver, 670d40c6e2a9, 33091, None)
[2026-03-13T16:05:02.465+0000] {subprocess.py:93} INFO - 26/03/13 16:05:02 INFO BlockManager: Initialized BlockManager: BlockManagerId(driver, 670d40c6e2a9, 33091, None)
[2026-03-13T16:05:07.746+0000] {subprocess.py:93} INFO - === Raw Data Schema ===
[2026-03-13T16:05:07.749+0000] {subprocess.py:93} INFO - root
[2026-03-13T16:05:07.750+0000] {subprocess.py:93} INFO -  |-- id: integer (nullable = true)
[2026-03-13T16:05:07.751+0000] {subprocess.py:93} INFO -  |-- name: string (nullable = true)
[2026-03-13T16:05:07.752+0000] {subprocess.py:93} INFO -  |-- amount: integer (nullable = true)
[2026-03-13T16:05:07.752+0000] {subprocess.py:93} INFO - 
[2026-03-13T16:05:07.754+0000] {subprocess.py:93} INFO - === Sample Raw Data ===
[2026-03-13T16:05:08.070+0000] {subprocess.py:93} INFO - +---+-------+------+
[2026-03-13T16:05:08.070+0000] {subprocess.py:93} INFO - |id |name   |amount|
[2026-03-13T16:05:08.071+0000] {subprocess.py:93} INFO - +---+-------+------+
[2026-03-13T16:05:08.072+0000] {subprocess.py:93} INFO - |1  |Alice  |100   |
[2026-03-13T16:05:08.073+0000] {subprocess.py:93} INFO - |2  |Bob    |200   |
[2026-03-13T16:05:08.074+0000] {subprocess.py:93} INFO - |3  |Charlie|300   |
[2026-03-13T16:05:08.075+0000] {subprocess.py:93} INFO - +---+-------+------+
[2026-03-13T16:05:08.075+0000] {subprocess.py:93} INFO - 
[2026-03-13T16:05:08.183+0000] {subprocess.py:93} INFO - === Processed Data Schema ===
[2026-03-13T16:05:08.184+0000] {subprocess.py:93} INFO - root
[2026-03-13T16:05:08.185+0000] {subprocess.py:93} INFO -  |-- id: integer (nullable = true)
[2026-03-13T16:05:08.186+0000] {subprocess.py:93} INFO -  |-- name: string (nullable = false)
[2026-03-13T16:05:08.186+0000] {subprocess.py:93} INFO -  |-- amount: integer (nullable = true)
[2026-03-13T16:05:08.187+0000] {subprocess.py:93} INFO -  |-- processing_timestamp: timestamp (nullable = false)
[2026-03-13T16:05:08.187+0000] {subprocess.py:93} INFO - 
[2026-03-13T16:05:08.188+0000] {subprocess.py:93} INFO - === Sample Processed Data ===
[2026-03-13T16:05:09.076+0000] {subprocess.py:93} INFO - +---+-------+------+--------------------------+
[2026-03-13T16:05:09.077+0000] {subprocess.py:93} INFO - |id |name   |amount|processing_timestamp      |
[2026-03-13T16:05:09.078+0000] {subprocess.py:93} INFO - +---+-------+------+--------------------------+
[2026-03-13T16:05:09.079+0000] {subprocess.py:93} INFO - |1  |Alice  |100   |2026-03-13 16:05:08.209416|
[2026-03-13T16:05:09.080+0000] {subprocess.py:93} INFO - |2  |Bob    |200   |2026-03-13 16:05:08.209416|
[2026-03-13T16:05:09.081+0000] {subprocess.py:93} INFO - |3  |Charlie|300   |2026-03-13 16:05:08.209416|
[2026-03-13T16:05:09.081+0000] {subprocess.py:93} INFO - +---+-------+------+--------------------------+
[2026-03-13T16:05:09.082+0000] {subprocess.py:93} INFO - 
[2026-03-13T16:05:09.263+0000] {subprocess.py:93} INFO - Delta write unavailable (An error occurred while calling o50.save.
[2026-03-13T16:05:09.264+0000] {subprocess.py:93} INFO - : org.apache.spark.SparkClassNotFoundException: [DATA_SOURCE_NOT_FOUND] Failed to find the data source: delta. Please find packages at `https://spark.apache.org/third-party-projects.html`.
[2026-03-13T16:05:09.265+0000] {subprocess.py:93} INFO - 	at org.apache.spark.sql.errors.QueryExecutionErrors$.dataSourceNotFoundError(QueryExecutionErrors.scala:724)
[2026-03-13T16:05:09.266+0000] {subprocess.py:93} INFO - 	at org.apache.spark.sql.execution.datasources.DataSource$.lookupDataSource(DataSource.scala:647)
[2026-03-13T16:05:09.267+0000] {subprocess.py:93} INFO - 	at org.apache.spark.sql.execution.datasources.DataSource$.lookupDataSourceV2(DataSource.scala:697)
[2026-03-13T16:05:09.268+0000] {subprocess.py:93} INFO - 	at org.apache.spark.sql.DataFrameWriter.lookupV2Provider(DataFrameWriter.scala:863)
[2026-03-13T16:05:09.268+0000] {subprocess.py:93} INFO - 	at org.apache.spark.sql.DataFrameWriter.saveInternal(DataFrameWriter.scala:257)
[2026-03-13T16:05:09.269+0000] {subprocess.py:93} INFO - 	at org.apache.spark.sql.DataFrameWriter.save(DataFrameWriter.scala:240)
[2026-03-13T16:05:09.270+0000] {subprocess.py:93} INFO - 	at java.base/jdk.internal.reflect.NativeMethodAccessorImpl.invoke0(Native Method)
[2026-03-13T16:05:09.270+0000] {subprocess.py:93} INFO - 	at java.base/jdk.internal.reflect.NativeMethodAccessorImpl.invoke(NativeMethodAccessorImpl.java:77)
[2026-03-13T16:05:09.271+0000] {subprocess.py:93} INFO - 	at java.base/jdk.internal.reflect.DelegatingMethodAccessorImpl.invoke(DelegatingMethodAccessorImpl.java:43)
[2026-03-13T16:05:09.272+0000] {subprocess.py:93} INFO - 	at java.base/java.lang.reflect.Method.invoke(Method.java:569)
[2026-03-13T16:05:09.272+0000] {subprocess.py:93} INFO - 	at py4j.reflection.MethodInvoker.invoke(MethodInvoker.java:244)
[2026-03-13T16:05:09.273+0000] {subprocess.py:93} INFO - 	at py4j.reflection.ReflectionEngine.invoke(ReflectionEngine.java:374)
[2026-03-13T16:05:09.274+0000] {subprocess.py:93} INFO - 	at py4j.Gateway.invoke(Gateway.java:282)
[2026-03-13T16:05:09.274+0000] {subprocess.py:93} INFO - 	at py4j.commands.AbstractCommand.invokeMethod(AbstractCommand.java:132)
[2026-03-13T16:05:09.275+0000] {subprocess.py:93} INFO - 	at py4j.commands.CallCommand.execute(CallCommand.java:79)
[2026-03-13T16:05:09.275+0000] {subprocess.py:93} INFO - 	at py4j.ClientServerConnection.waitForCommands(ClientServerConnection.java:182)
[2026-03-13T16:05:09.276+0000] {subprocess.py:93} INFO - 	at py4j.ClientServerConnection.run(ClientServerConnection.java:106)
[2026-03-13T16:05:09.276+0000] {subprocess.py:93} INFO - 	at java.base/java.lang.Thread.run(Thread.java:840)
[2026-03-13T16:05:09.277+0000] {subprocess.py:93} INFO - Caused by: java.lang.ClassNotFoundException: delta.DefaultSource
[2026-03-13T16:05:09.277+0000] {subprocess.py:93} INFO - 	at java.base/java.net.URLClassLoader.findClass(URLClassLoader.java:445)
[2026-03-13T16:05:09.278+0000] {subprocess.py:93} INFO - 	at java.base/java.lang.ClassLoader.loadClass(ClassLoader.java:592)
[2026-03-13T16:05:09.278+0000] {subprocess.py:93} INFO - 	at java.base/java.lang.ClassLoader.loadClass(ClassLoader.java:525)
[2026-03-13T16:05:09.279+0000] {subprocess.py:93} INFO - 	at org.apache.spark.sql.execution.datasources.DataSource$.$anonfun$lookupDataSource$5(DataSource.scala:633)
[2026-03-13T16:05:09.280+0000] {subprocess.py:93} INFO - 	at scala.util.Try$.apply(Try.scala:213)
[2026-03-13T16:05:09.280+0000] {subprocess.py:93} INFO - 	at org.apache.spark.sql.execution.datasources.DataSource$.$anonfun$lookupDataSource$4(DataSource.scala:633)
[2026-03-13T16:05:09.281+0000] {subprocess.py:93} INFO - 	at scala.util.Failure.orElse(Try.scala:224)
[2026-03-13T16:05:09.281+0000] {subprocess.py:93} INFO - 	at org.apache.spark.sql.execution.datasources.DataSource$.lookupDataSource(DataSource.scala:633)
[2026-03-13T16:05:09.282+0000] {subprocess.py:93} INFO - 	... 16 more
[2026-03-13T16:05:09.282+0000] {subprocess.py:93} INFO - ). Writing Parquet to /opt/data/output/processed_parquet/
[2026-03-13T16:05:12.314+0000] {subprocess.py:97} INFO - Command exited with return code 0
[2026-03-13T16:05:12.315+0000] {taskinstance.py:441} INFO - ::group::Post task execution logs
[2026-03-13T16:05:12.344+0000] {taskinstance.py:1206} INFO - Marking task as SUCCESS. dag_id=daily_spark_pipeline, task_id=run_spark_job, run_id=scheduled__2026-03-12T05:00:00+00:00, execution_date=20260312T050000, start_date=20260313T160457, end_date=20260313T160512
[2026-03-13T16:05:12.407+0000] {local_task_job_runner.py:243} INFO - Task exited with return code 0
[2026-03-13T16:05:12.417+0000] {taskinstance.py:3503} INFO - 0 downstream tasks scheduled from follow-on schedule check
[2026-03-13T16:05:12.419+0000] {local_task_job_runner.py:222} INFO - ::endgroup::
