[2026-03-14T04:51:47.623+0000] {local_task_job_runner.py:120} INFO - ::group::Pre task execution logs
[2026-03-14T04:51:47.642+0000] {taskinstance.py:2076} INFO - Dependencies all met for dep_context=non-requeueable deps ti=<TaskInstance: event_trigger_pipeline.run_spark_job manual__2026-03-14T04:51:44+00:00 [queued]>
[2026-03-14T04:51:47.646+0000] {taskinstance.py:2076} INFO - Dependencies all met for dep_context=requeueable deps ti=<TaskInstance: event_trigger_pipeline.run_spark_job manual__2026-03-14T04:51:44+00:00 [queued]>
[2026-03-14T04:51:47.647+0000] {taskinstance.py:2306} INFO - Starting attempt 1 of 2
[2026-03-14T04:51:47.674+0000] {taskinstance.py:2330} INFO - Executing <Task(BashOperator): run_spark_job> on 2026-03-14 04:51:44+00:00
[2026-03-14T04:51:47.678+0000] {standard_task_runner.py:64} INFO - Started process 26752 to run task
[2026-03-14T04:51:47.681+0000] {standard_task_runner.py:90} INFO - Running: ['airflow', 'tasks', 'run', 'event_trigger_pipeline', 'run_spark_job', 'manual__2026-03-14T04:51:44+00:00', '--job-id', '49', '--raw', '--subdir', 'DAGS_FOLDER/event_trigger_pipeline.py', '--cfg-path', '/tmp/tmprtfgtcu8']
[2026-03-14T04:51:47.684+0000] {standard_task_runner.py:91} INFO - Job 49: Subtask run_spark_job
[2026-03-14T04:51:47.767+0000] {task_command.py:426} INFO - Running <TaskInstance: event_trigger_pipeline.run_spark_job manual__2026-03-14T04:51:44+00:00 [running]> on host 670d40c6e2a9
[2026-03-14T04:51:47.904+0000] {taskinstance.py:2648} INFO - Exporting env vars: AIRFLOW_CTX_DAG_OWNER='airflow' AIRFLOW_CTX_DAG_ID='event_trigger_pipeline' AIRFLOW_CTX_TASK_ID='run_spark_job' AIRFLOW_CTX_EXECUTION_DATE='2026-03-14T04:51:44+00:00' AIRFLOW_CTX_TRY_NUMBER='1' AIRFLOW_CTX_DAG_RUN_ID='manual__2026-03-14T04:51:44+00:00'
[2026-03-14T04:51:47.905+0000] {taskinstance.py:430} INFO - ::endgroup::
[2026-03-14T04:51:47.920+0000] {subprocess.py:63} INFO - Tmp dir root location: /tmp
[2026-03-14T04:51:47.922+0000] {subprocess.py:75} INFO - Running command: ['/usr/bin/bash', '-c', 'spark-submit --master local[*] /opt/airflow/spark_jobs/process_data.py']
[2026-03-14T04:51:47.929+0000] {subprocess.py:86} INFO - Output:
[2026-03-14T04:51:48.009+0000] {subprocess.py:93} INFO - /home/airflow/.local/lib/python3.12/site-packages/pyspark/bin/load-spark-env.sh: line 68: ps: command not found
[2026-03-14T04:51:50.590+0000] {subprocess.py:93} INFO - 26/03/14 04:51:50 INFO SparkContext: Running Spark version 3.5.1
[2026-03-14T04:51:50.592+0000] {subprocess.py:93} INFO - 26/03/14 04:51:50 INFO SparkContext: OS info Linux, 6.6.87.2-microsoft-standard-WSL2, amd64
[2026-03-14T04:51:50.593+0000] {subprocess.py:93} INFO - 26/03/14 04:51:50 INFO SparkContext: Java version 17.0.18
[2026-03-14T04:51:50.638+0000] {subprocess.py:93} INFO - 26/03/14 04:51:50 WARN NativeCodeLoader: Unable to load native-hadoop library for your platform... using builtin-java classes where applicable
[2026-03-14T04:51:50.725+0000] {subprocess.py:93} INFO - 26/03/14 04:51:50 INFO ResourceUtils: ==============================================================
[2026-03-14T04:51:50.726+0000] {subprocess.py:93} INFO - 26/03/14 04:51:50 INFO ResourceUtils: No custom resources configured for spark.driver.
[2026-03-14T04:51:50.726+0000] {subprocess.py:93} INFO - 26/03/14 04:51:50 INFO ResourceUtils: ==============================================================
[2026-03-14T04:51:50.727+0000] {subprocess.py:93} INFO - 26/03/14 04:51:50 INFO SparkContext: Submitted application: ProcessAmazonOrders
[2026-03-14T04:51:50.747+0000] {subprocess.py:93} INFO - 26/03/14 04:51:50 INFO ResourceProfile: Default ResourceProfile created, executor resources: Map(cores -> name: cores, amount: 1, script: , vendor: , memory -> name: memory, amount: 1024, script: , vendor: , offHeap -> name: offHeap, amount: 0, script: , vendor: ), task resources: Map(cpus -> name: cpus, amount: 1.0)
[2026-03-14T04:51:50.753+0000] {subprocess.py:93} INFO - 26/03/14 04:51:50 INFO ResourceProfile: Limiting resource is cpu
[2026-03-14T04:51:50.754+0000] {subprocess.py:93} INFO - 26/03/14 04:51:50 INFO ResourceProfileManager: Added ResourceProfile id: 0
[2026-03-14T04:51:50.801+0000] {subprocess.py:93} INFO - 26/03/14 04:51:50 INFO SecurityManager: Changing view acls to: airflow
[2026-03-14T04:51:50.802+0000] {subprocess.py:93} INFO - 26/03/14 04:51:50 INFO SecurityManager: Changing modify acls to: airflow
[2026-03-14T04:51:50.804+0000] {subprocess.py:93} INFO - 26/03/14 04:51:50 INFO SecurityManager: Changing view acls groups to:
[2026-03-14T04:51:50.805+0000] {subprocess.py:93} INFO - 26/03/14 04:51:50 INFO SecurityManager: Changing modify acls groups to:
[2026-03-14T04:51:50.806+0000] {subprocess.py:93} INFO - 26/03/14 04:51:50 INFO SecurityManager: SecurityManager: authentication disabled; ui acls disabled; users with view permissions: airflow; groups with view permissions: EMPTY; users with modify permissions: airflow; groups with modify permissions: EMPTY
[2026-03-14T04:51:51.060+0000] {subprocess.py:93} INFO - 26/03/14 04:51:51 INFO Utils: Successfully started service 'sparkDriver' on port 40613.
[2026-03-14T04:51:51.094+0000] {subprocess.py:93} INFO - 26/03/14 04:51:51 INFO SparkEnv: Registering MapOutputTracker
[2026-03-14T04:51:51.145+0000] {subprocess.py:93} INFO - 26/03/14 04:51:51 INFO SparkEnv: Registering BlockManagerMaster
[2026-03-14T04:51:51.174+0000] {subprocess.py:93} INFO - 26/03/14 04:51:51 INFO BlockManagerMasterEndpoint: Using org.apache.spark.storage.DefaultTopologyMapper for getting topology information
[2026-03-14T04:51:51.176+0000] {subprocess.py:93} INFO - 26/03/14 04:51:51 INFO BlockManagerMasterEndpoint: BlockManagerMasterEndpoint up
[2026-03-14T04:51:51.184+0000] {subprocess.py:93} INFO - 26/03/14 04:51:51 INFO SparkEnv: Registering BlockManagerMasterHeartbeat
[2026-03-14T04:51:51.217+0000] {subprocess.py:93} INFO - 26/03/14 04:51:51 INFO DiskBlockManager: Created local directory at /tmp/blockmgr-40498ddc-40da-4289-bf58-1d54bccc582e
[2026-03-14T04:51:51.240+0000] {subprocess.py:93} INFO - 26/03/14 04:51:51 INFO MemoryStore: MemoryStore started with capacity 434.4 MiB
[2026-03-14T04:51:51.274+0000] {subprocess.py:93} INFO - 26/03/14 04:51:51 INFO SparkEnv: Registering OutputCommitCoordinator
[2026-03-14T04:51:51.420+0000] {subprocess.py:93} INFO - 26/03/14 04:51:51 INFO JettyUtils: Start Jetty 0.0.0.0:4040 for SparkUI
[2026-03-14T04:51:51.488+0000] {subprocess.py:93} INFO - 26/03/14 04:51:51 INFO Utils: Successfully started service 'SparkUI' on port 4040.
[2026-03-14T04:51:51.602+0000] {subprocess.py:93} INFO - 26/03/14 04:51:51 INFO Executor: Starting executor ID driver on host 670d40c6e2a9
[2026-03-14T04:51:51.604+0000] {subprocess.py:93} INFO - 26/03/14 04:51:51 INFO Executor: OS info Linux, 6.6.87.2-microsoft-standard-WSL2, amd64
[2026-03-14T04:51:51.605+0000] {subprocess.py:93} INFO - 26/03/14 04:51:51 INFO Executor: Java version 17.0.18
[2026-03-14T04:51:51.613+0000] {subprocess.py:93} INFO - 26/03/14 04:51:51 INFO Executor: Starting executor with user classpath (userClassPathFirst = false): ''
[2026-03-14T04:51:51.614+0000] {subprocess.py:93} INFO - 26/03/14 04:51:51 INFO Executor: Created or updated repl class loader org.apache.spark.util.MutableURLClassLoader@35081789 for default.
[2026-03-14T04:51:51.639+0000] {subprocess.py:93} INFO - 26/03/14 04:51:51 INFO Utils: Successfully started service 'org.apache.spark.network.netty.NettyBlockTransferService' on port 39053.
[2026-03-14T04:51:51.640+0000] {subprocess.py:93} INFO - 26/03/14 04:51:51 INFO NettyBlockTransferService: Server created on 670d40c6e2a9:39053
[2026-03-14T04:51:51.642+0000] {subprocess.py:93} INFO - 26/03/14 04:51:51 INFO BlockManager: Using org.apache.spark.storage.RandomBlockReplicationPolicy for block replication policy
[2026-03-14T04:51:51.647+0000] {subprocess.py:93} INFO - 26/03/14 04:51:51 INFO BlockManagerMaster: Registering BlockManager BlockManagerId(driver, 670d40c6e2a9, 39053, None)
[2026-03-14T04:51:51.652+0000] {subprocess.py:93} INFO - 26/03/14 04:51:51 INFO BlockManagerMasterEndpoint: Registering block manager 670d40c6e2a9:39053 with 434.4 MiB RAM, BlockManagerId(driver, 670d40c6e2a9, 39053, None)
[2026-03-14T04:51:51.654+0000] {subprocess.py:93} INFO - 26/03/14 04:51:51 INFO BlockManagerMaster: Registered BlockManager BlockManagerId(driver, 670d40c6e2a9, 39053, None)
[2026-03-14T04:51:51.655+0000] {subprocess.py:93} INFO - 26/03/14 04:51:51 INFO BlockManager: Initialized BlockManager: BlockManagerId(driver, 670d40c6e2a9, 39053, None)
[2026-03-14T04:52:12.092+0000] {subprocess.py:93} INFO - 26/03/14 04:52:12 WARN SparkStringUtils: Truncated the string representation of a plan since it was too large. This behavior can be adjusted by setting 'spark.sql.debug.maxToStringFields'.
[2026-03-14T04:52:34.229+0000] {subprocess.py:93} INFO - Run ID: 20260314_045152
[2026-03-14T04:52:34.230+0000] {subprocess.py:93} INFO - Raw rows: 759
[2026-03-14T04:52:34.230+0000] {subprocess.py:93} INFO - Clean rows: 552
[2026-03-14T04:52:34.231+0000] {subprocess.py:93} INFO - Invalid rows: 171
[2026-03-14T04:52:34.231+0000] {subprocess.py:93} INFO - Duplicate rows: 72
[2026-03-14T04:52:34.232+0000] {subprocess.py:93} INFO - Processed CSV path: /opt/data/output/processed_csv
[2026-03-14T04:52:34.233+0000] {subprocess.py:93} INFO - Clean CSV path: /opt/data/clean_data_csv
[2026-03-14T04:52:34.233+0000] {subprocess.py:93} INFO - Reports path: /opt/data/output/reports
[2026-03-14T04:52:34.618+0000] {subprocess.py:97} INFO - Command exited with return code 0
[2026-03-14T04:52:34.619+0000] {taskinstance.py:441} INFO - ::group::Post task execution logs
[2026-03-14T04:52:34.661+0000] {taskinstance.py:1206} INFO - Marking task as SUCCESS. dag_id=event_trigger_pipeline, task_id=run_spark_job, run_id=manual__2026-03-14T04:51:44+00:00, execution_date=20260314T045144, start_date=20260314T045147, end_date=20260314T045234
[2026-03-14T04:52:34.722+0000] {local_task_job_runner.py:243} INFO - Task exited with return code 0
[2026-03-14T04:52:34.732+0000] {taskinstance.py:3503} INFO - 0 downstream tasks scheduled from follow-on schedule check
[2026-03-14T04:52:34.734+0000] {local_task_job_runner.py:222} INFO - ::endgroup::
