[2026-03-14T04:26:31.614+0000] {local_task_job_runner.py:120} INFO - ::group::Pre task execution logs
[2026-03-14T04:26:31.635+0000] {taskinstance.py:2076} INFO - Dependencies all met for dep_context=non-requeueable deps ti=<TaskInstance: event_trigger_pipeline.run_spark_job manual__2026-03-14T04:20:58.472172+00:00 [queued]>
[2026-03-14T04:26:31.641+0000] {taskinstance.py:2076} INFO - Dependencies all met for dep_context=requeueable deps ti=<TaskInstance: event_trigger_pipeline.run_spark_job manual__2026-03-14T04:20:58.472172+00:00 [queued]>
[2026-03-14T04:26:31.642+0000] {taskinstance.py:2306} INFO - Starting attempt 2 of 2
[2026-03-14T04:26:31.674+0000] {taskinstance.py:2330} INFO - Executing <Task(BashOperator): run_spark_job> on 2026-03-14 04:20:58.472172+00:00
[2026-03-14T04:26:31.679+0000] {standard_task_runner.py:64} INFO - Started process 17937 to run task
[2026-03-14T04:26:31.683+0000] {standard_task_runner.py:90} INFO - Running: ['airflow', 'tasks', 'run', 'event_trigger_pipeline', 'run_spark_job', 'manual__2026-03-14T04:20:58.472172+00:00', '--job-id', '40', '--raw', '--subdir', 'DAGS_FOLDER/event_trigger_pipeline.py', '--cfg-path', '/tmp/tmps7sihxus']
[2026-03-14T04:26:31.685+0000] {standard_task_runner.py:91} INFO - Job 40: Subtask run_spark_job
[2026-03-14T04:26:31.766+0000] {task_command.py:426} INFO - Running <TaskInstance: event_trigger_pipeline.run_spark_job manual__2026-03-14T04:20:58.472172+00:00 [running]> on host 670d40c6e2a9
[2026-03-14T04:26:31.864+0000] {taskinstance.py:2648} INFO - Exporting env vars: AIRFLOW_CTX_DAG_OWNER='airflow' AIRFLOW_CTX_DAG_ID='event_trigger_pipeline' AIRFLOW_CTX_TASK_ID='run_spark_job' AIRFLOW_CTX_EXECUTION_DATE='2026-03-14T04:20:58.472172+00:00' AIRFLOW_CTX_TRY_NUMBER='2' AIRFLOW_CTX_DAG_RUN_ID='manual__2026-03-14T04:20:58.472172+00:00'
[2026-03-14T04:26:31.865+0000] {taskinstance.py:430} INFO - ::endgroup::
[2026-03-14T04:26:31.883+0000] {subprocess.py:63} INFO - Tmp dir root location: /tmp
[2026-03-14T04:26:31.885+0000] {subprocess.py:75} INFO - Running command: ['/usr/bin/bash', '-c', 'spark-submit --master local[*] /opt/airflow/spark_jobs/process_data.py']
[2026-03-14T04:26:31.897+0000] {subprocess.py:86} INFO - Output:
[2026-03-14T04:26:32.067+0000] {subprocess.py:93} INFO - /home/airflow/.local/lib/python3.12/site-packages/pyspark/bin/load-spark-env.sh: line 68: ps: command not found
[2026-03-14T04:26:35.180+0000] {subprocess.py:93} INFO - /opt/airflow/spark_jobs/process_data.py:168: DeprecationWarning: datetime.datetime.utcnow() is deprecated and scheduled for removal in a future version. Use timezone-aware objects to represent datetimes in UTC: datetime.datetime.now(datetime.UTC).
[2026-03-14T04:26:35.181+0000] {subprocess.py:93} INFO -   run_id = datetime.utcnow().strftime("%Y%m%d_%H%M%S")
[2026-03-14T04:26:35.252+0000] {subprocess.py:93} INFO - 26/03/14 04:26:35 INFO SparkContext: Running Spark version 3.5.1
[2026-03-14T04:26:35.255+0000] {subprocess.py:93} INFO - 26/03/14 04:26:35 INFO SparkContext: OS info Linux, 6.6.87.2-microsoft-standard-WSL2, amd64
[2026-03-14T04:26:35.256+0000] {subprocess.py:93} INFO - 26/03/14 04:26:35 INFO SparkContext: Java version 17.0.18
[2026-03-14T04:26:35.301+0000] {subprocess.py:93} INFO - 26/03/14 04:26:35 WARN NativeCodeLoader: Unable to load native-hadoop library for your platform... using builtin-java classes where applicable
[2026-03-14T04:26:35.388+0000] {subprocess.py:93} INFO - 26/03/14 04:26:35 INFO ResourceUtils: ==============================================================
[2026-03-14T04:26:35.389+0000] {subprocess.py:93} INFO - 26/03/14 04:26:35 INFO ResourceUtils: No custom resources configured for spark.driver.
[2026-03-14T04:26:35.390+0000] {subprocess.py:93} INFO - 26/03/14 04:26:35 INFO ResourceUtils: ==============================================================
[2026-03-14T04:26:35.391+0000] {subprocess.py:93} INFO - 26/03/14 04:26:35 INFO SparkContext: Submitted application: ProcessData
[2026-03-14T04:26:35.410+0000] {subprocess.py:93} INFO - 26/03/14 04:26:35 INFO ResourceProfile: Default ResourceProfile created, executor resources: Map(cores -> name: cores, amount: 1, script: , vendor: , memory -> name: memory, amount: 1024, script: , vendor: , offHeap -> name: offHeap, amount: 0, script: , vendor: ), task resources: Map(cpus -> name: cpus, amount: 1.0)
[2026-03-14T04:26:35.419+0000] {subprocess.py:93} INFO - 26/03/14 04:26:35 INFO ResourceProfile: Limiting resource is cpu
[2026-03-14T04:26:35.421+0000] {subprocess.py:93} INFO - 26/03/14 04:26:35 INFO ResourceProfileManager: Added ResourceProfile id: 0
[2026-03-14T04:26:35.473+0000] {subprocess.py:93} INFO - 26/03/14 04:26:35 INFO SecurityManager: Changing view acls to: airflow
[2026-03-14T04:26:35.475+0000] {subprocess.py:93} INFO - 26/03/14 04:26:35 INFO SecurityManager: Changing modify acls to: airflow
[2026-03-14T04:26:35.476+0000] {subprocess.py:93} INFO - 26/03/14 04:26:35 INFO SecurityManager: Changing view acls groups to:
[2026-03-14T04:26:35.477+0000] {subprocess.py:93} INFO - 26/03/14 04:26:35 INFO SecurityManager: Changing modify acls groups to:
[2026-03-14T04:26:35.478+0000] {subprocess.py:93} INFO - 26/03/14 04:26:35 INFO SecurityManager: SecurityManager: authentication disabled; ui acls disabled; users with view permissions: airflow; groups with view permissions: EMPTY; users with modify permissions: airflow; groups with modify permissions: EMPTY
[2026-03-14T04:26:35.725+0000] {subprocess.py:93} INFO - 26/03/14 04:26:35 INFO Utils: Successfully started service 'sparkDriver' on port 36241.
[2026-03-14T04:26:35.758+0000] {subprocess.py:93} INFO - 26/03/14 04:26:35 INFO SparkEnv: Registering MapOutputTracker
[2026-03-14T04:26:35.792+0000] {subprocess.py:93} INFO - 26/03/14 04:26:35 INFO SparkEnv: Registering BlockManagerMaster
[2026-03-14T04:26:35.808+0000] {subprocess.py:93} INFO - 26/03/14 04:26:35 INFO BlockManagerMasterEndpoint: Using org.apache.spark.storage.DefaultTopologyMapper for getting topology information
[2026-03-14T04:26:35.809+0000] {subprocess.py:93} INFO - 26/03/14 04:26:35 INFO BlockManagerMasterEndpoint: BlockManagerMasterEndpoint up
[2026-03-14T04:26:35.814+0000] {subprocess.py:93} INFO - 26/03/14 04:26:35 INFO SparkEnv: Registering BlockManagerMasterHeartbeat
[2026-03-14T04:26:35.838+0000] {subprocess.py:93} INFO - 26/03/14 04:26:35 INFO DiskBlockManager: Created local directory at /tmp/blockmgr-f03412ba-5495-4acb-a841-e9d80002a726
[2026-03-14T04:26:35.852+0000] {subprocess.py:93} INFO - 26/03/14 04:26:35 INFO MemoryStore: MemoryStore started with capacity 434.4 MiB
[2026-03-14T04:26:35.888+0000] {subprocess.py:93} INFO - 26/03/14 04:26:35 INFO SparkEnv: Registering OutputCommitCoordinator
[2026-03-14T04:26:36.057+0000] {subprocess.py:93} INFO - 26/03/14 04:26:36 INFO JettyUtils: Start Jetty 0.0.0.0:4040 for SparkUI
[2026-03-14T04:26:36.111+0000] {subprocess.py:93} INFO - 26/03/14 04:26:36 INFO Utils: Successfully started service 'SparkUI' on port 4040.
[2026-03-14T04:26:36.249+0000] {subprocess.py:93} INFO - 26/03/14 04:26:36 INFO Executor: Starting executor ID driver on host 670d40c6e2a9
[2026-03-14T04:26:36.250+0000] {subprocess.py:93} INFO - 26/03/14 04:26:36 INFO Executor: OS info Linux, 6.6.87.2-microsoft-standard-WSL2, amd64
[2026-03-14T04:26:36.251+0000] {subprocess.py:93} INFO - 26/03/14 04:26:36 INFO Executor: Java version 17.0.18
[2026-03-14T04:26:36.257+0000] {subprocess.py:93} INFO - 26/03/14 04:26:36 INFO Executor: Starting executor with user classpath (userClassPathFirst = false): ''
[2026-03-14T04:26:36.258+0000] {subprocess.py:93} INFO - 26/03/14 04:26:36 INFO Executor: Created or updated repl class loader org.apache.spark.util.MutableURLClassLoader@3f0aea2c for default.
[2026-03-14T04:26:36.287+0000] {subprocess.py:93} INFO - 26/03/14 04:26:36 INFO Utils: Successfully started service 'org.apache.spark.network.netty.NettyBlockTransferService' on port 33391.
[2026-03-14T04:26:36.288+0000] {subprocess.py:93} INFO - 26/03/14 04:26:36 INFO NettyBlockTransferService: Server created on 670d40c6e2a9:33391
[2026-03-14T04:26:36.289+0000] {subprocess.py:93} INFO - 26/03/14 04:26:36 INFO BlockManager: Using org.apache.spark.storage.RandomBlockReplicationPolicy for block replication policy
[2026-03-14T04:26:36.293+0000] {subprocess.py:93} INFO - 26/03/14 04:26:36 INFO BlockManagerMaster: Registering BlockManager BlockManagerId(driver, 670d40c6e2a9, 33391, None)
[2026-03-14T04:26:36.296+0000] {subprocess.py:93} INFO - 26/03/14 04:26:36 INFO BlockManagerMasterEndpoint: Registering block manager 670d40c6e2a9:33391 with 434.4 MiB RAM, BlockManagerId(driver, 670d40c6e2a9, 33391, None)
[2026-03-14T04:26:36.298+0000] {subprocess.py:93} INFO - 26/03/14 04:26:36 INFO BlockManagerMaster: Registered BlockManager BlockManagerId(driver, 670d40c6e2a9, 33391, None)
[2026-03-14T04:26:36.299+0000] {subprocess.py:93} INFO - 26/03/14 04:26:36 INFO BlockManager: Initialized BlockManager: BlockManagerId(driver, 670d40c6e2a9, 33391, None)
[2026-03-14T04:26:40.992+0000] {subprocess.py:93} INFO - === Raw Data Schema ===
[2026-03-14T04:26:40.995+0000] {subprocess.py:93} INFO - root
[2026-03-14T04:26:40.996+0000] {subprocess.py:93} INFO -  |-- id: integer (nullable = true)
[2026-03-14T04:26:40.997+0000] {subprocess.py:93} INFO -  |-- name: string (nullable = true)
[2026-03-14T04:26:40.997+0000] {subprocess.py:93} INFO -  |-- amount: integer (nullable = true)
[2026-03-14T04:26:40.998+0000] {subprocess.py:93} INFO - 
[2026-03-14T04:26:40.999+0000] {subprocess.py:93} INFO - === Sample Raw Data ===
[2026-03-14T04:26:41.240+0000] {subprocess.py:93} INFO - +---+-------+------+
[2026-03-14T04:26:41.242+0000] {subprocess.py:93} INFO - |id |name   |amount|
[2026-03-14T04:26:41.243+0000] {subprocess.py:93} INFO - +---+-------+------+
[2026-03-14T04:26:41.244+0000] {subprocess.py:93} INFO - |999|Trigger|1     |
[2026-03-14T04:26:41.244+0000] {subprocess.py:93} INFO - +---+-------+------+
[2026-03-14T04:26:41.245+0000] {subprocess.py:93} INFO - 
[2026-03-14T04:26:41.327+0000] {subprocess.py:93} INFO - === Processed Data Schema ===
[2026-03-14T04:26:41.328+0000] {subprocess.py:93} INFO - root
[2026-03-14T04:26:41.329+0000] {subprocess.py:93} INFO -  |-- id: integer (nullable = true)
[2026-03-14T04:26:41.329+0000] {subprocess.py:93} INFO -  |-- name: string (nullable = false)
[2026-03-14T04:26:41.330+0000] {subprocess.py:93} INFO -  |-- amount: integer (nullable = true)
[2026-03-14T04:26:41.331+0000] {subprocess.py:93} INFO -  |-- processing_timestamp: timestamp (nullable = false)
[2026-03-14T04:26:41.332+0000] {subprocess.py:93} INFO - 
[2026-03-14T04:26:41.332+0000] {subprocess.py:93} INFO - === Sample Processed Data ===
[2026-03-14T04:26:41.850+0000] {subprocess.py:93} INFO - +---+-------+------+-------------------------+
[2026-03-14T04:26:41.852+0000] {subprocess.py:93} INFO - |id |name   |amount|processing_timestamp     |
[2026-03-14T04:26:41.853+0000] {subprocess.py:93} INFO - +---+-------+------+-------------------------+
[2026-03-14T04:26:41.854+0000] {subprocess.py:93} INFO - |999|Trigger|1     |2026-03-14 04:26:41.34763|
[2026-03-14T04:26:41.855+0000] {subprocess.py:93} INFO - +---+-------+------+-------------------------+
[2026-03-14T04:26:41.856+0000] {subprocess.py:93} INFO - 
[2026-03-14T04:26:46.211+0000] {subprocess.py:93} INFO - Wrote Parquet output to: /opt/data/output/processed_parquet/
[2026-03-14T04:26:46.212+0000] {subprocess.py:93} INFO - Wrote CSV output to: /opt/data/output/processed_csv/
[2026-03-14T04:26:46.213+0000] {subprocess.py:93} INFO - Wrote Clean CSV output to: /opt/data/clean_data_csv/
[2026-03-14T04:26:48.566+0000] {subprocess.py:93} INFO - Source input files retained in /opt/data/input (archiving disabled).
[2026-03-14T04:26:49.136+0000] {subprocess.py:97} INFO - Command exited with return code 0
[2026-03-14T04:26:49.138+0000] {taskinstance.py:441} INFO - ::group::Post task execution logs
[2026-03-14T04:26:49.177+0000] {taskinstance.py:1206} INFO - Marking task as SUCCESS. dag_id=event_trigger_pipeline, task_id=run_spark_job, run_id=manual__2026-03-14T04:20:58.472172+00:00, execution_date=20260314T042058, start_date=20260314T042631, end_date=20260314T042649
[2026-03-14T04:26:49.236+0000] {local_task_job_runner.py:243} INFO - Task exited with return code 0
[2026-03-14T04:26:49.246+0000] {taskinstance.py:3503} INFO - 0 downstream tasks scheduled from follow-on schedule check
[2026-03-14T04:26:49.247+0000] {local_task_job_runner.py:222} INFO - ::endgroup::
