[2026-03-14T04:21:08.189+0000] {local_task_job_runner.py:120} INFO - ::group::Pre task execution logs
[2026-03-14T04:21:08.211+0000] {taskinstance.py:2076} INFO - Dependencies all met for dep_context=non-requeueable deps ti=<TaskInstance: event_trigger_pipeline.run_spark_job manual__2026-03-14T04:20:58.472172+00:00 [queued]>
[2026-03-14T04:21:08.217+0000] {taskinstance.py:2076} INFO - Dependencies all met for dep_context=requeueable deps ti=<TaskInstance: event_trigger_pipeline.run_spark_job manual__2026-03-14T04:20:58.472172+00:00 [queued]>
[2026-03-14T04:21:08.218+0000] {taskinstance.py:2306} INFO - Starting attempt 1 of 2
[2026-03-14T04:21:08.249+0000] {taskinstance.py:2330} INFO - Executing <Task(BashOperator): run_spark_job> on 2026-03-14 04:20:58.472172+00:00
[2026-03-14T04:21:08.258+0000] {standard_task_runner.py:64} INFO - Started process 16250 to run task
[2026-03-14T04:21:08.261+0000] {standard_task_runner.py:90} INFO - Running: ['airflow', 'tasks', 'run', 'event_trigger_pipeline', 'run_spark_job', 'manual__2026-03-14T04:20:58.472172+00:00', '--job-id', '34', '--raw', '--subdir', 'DAGS_FOLDER/event_trigger_pipeline.py', '--cfg-path', '/tmp/tmpjpvodnc8']
[2026-03-14T04:21:08.263+0000] {standard_task_runner.py:91} INFO - Job 34: Subtask run_spark_job
[2026-03-14T04:21:08.346+0000] {task_command.py:426} INFO - Running <TaskInstance: event_trigger_pipeline.run_spark_job manual__2026-03-14T04:20:58.472172+00:00 [running]> on host 670d40c6e2a9
[2026-03-14T04:21:08.436+0000] {taskinstance.py:2648} INFO - Exporting env vars: AIRFLOW_CTX_DAG_OWNER='airflow' AIRFLOW_CTX_DAG_ID='event_trigger_pipeline' AIRFLOW_CTX_TASK_ID='run_spark_job' AIRFLOW_CTX_EXECUTION_DATE='2026-03-14T04:20:58.472172+00:00' AIRFLOW_CTX_TRY_NUMBER='1' AIRFLOW_CTX_DAG_RUN_ID='manual__2026-03-14T04:20:58.472172+00:00'
[2026-03-14T04:21:08.438+0000] {taskinstance.py:430} INFO - ::endgroup::
[2026-03-14T04:21:08.456+0000] {subprocess.py:63} INFO - Tmp dir root location: /tmp
[2026-03-14T04:21:08.457+0000] {subprocess.py:75} INFO - Running command: ['/usr/bin/bash', '-c', 'spark-submit /opt/spark_jobs/process_data.py']
[2026-03-14T04:21:08.468+0000] {subprocess.py:86} INFO - Output:
[2026-03-14T04:21:08.550+0000] {subprocess.py:93} INFO - /home/airflow/.local/lib/python3.12/site-packages/pyspark/bin/load-spark-env.sh: line 68: ps: command not found
[2026-03-14T04:21:11.155+0000] {subprocess.py:93} INFO - python3: can't open file '/opt/spark_jobs/process_data.py': [Errno 2] No such file or directory
[2026-03-14T04:21:11.167+0000] {subprocess.py:93} INFO - 26/03/14 04:21:11 INFO ShutdownHookManager: Shutdown hook called
[2026-03-14T04:21:11.169+0000] {subprocess.py:93} INFO - 26/03/14 04:21:11 INFO ShutdownHookManager: Deleting directory /tmp/spark-aa5cb748-1908-41da-a28b-cda906213626
[2026-03-14T04:21:11.205+0000] {subprocess.py:97} INFO - Command exited with return code 2
[2026-03-14T04:21:11.207+0000] {taskinstance.py:441} INFO - ::group::Post task execution logs
[2026-03-14T04:21:11.319+0000] {taskinstance.py:2905} ERROR - Task failed with exception
Traceback (most recent call last):
  File "/home/airflow/.local/lib/python3.12/site-packages/airflow/models/taskinstance.py", line 465, in _execute_task
    result = _execute_callable(context=context, **execute_callable_kwargs)
             ^^^^^^^^^^^^^^^^^^^^^^^^^^^^^^^^^^^^^^^^^^^^^^^^^^^^^^^^^^^^^
  File "/home/airflow/.local/lib/python3.12/site-packages/airflow/models/taskinstance.py", line 432, in _execute_callable
    return execute_callable(context=context, **execute_callable_kwargs)
           ^^^^^^^^^^^^^^^^^^^^^^^^^^^^^^^^^^^^^^^^^^^^^^^^^^^^^^^^^^^^
  File "/home/airflow/.local/lib/python3.12/site-packages/airflow/models/baseoperator.py", line 401, in wrapper
    return func(self, *args, **kwargs)
           ^^^^^^^^^^^^^^^^^^^^^^^^^^^
  File "/home/airflow/.local/lib/python3.12/site-packages/airflow/operators/bash.py", line 243, in execute
    raise AirflowException(
airflow.exceptions.AirflowException: Bash command failed. The command returned a non-zero exit code 2.
[2026-03-14T04:21:11.325+0000] {taskinstance.py:1206} INFO - Marking task as UP_FOR_RETRY. dag_id=event_trigger_pipeline, task_id=run_spark_job, run_id=manual__2026-03-14T04:20:58.472172+00:00, execution_date=20260314T042058, start_date=20260314T042108, end_date=20260314T042111
[2026-03-14T04:21:11.345+0000] {standard_task_runner.py:110} ERROR - Failed to execute job 34 for task run_spark_job (Bash command failed. The command returned a non-zero exit code 2.; 16250)
[2026-03-14T04:21:11.368+0000] {local_task_job_runner.py:243} INFO - Task exited with return code 1
[2026-03-14T04:21:11.376+0000] {taskinstance.py:3503} INFO - 0 downstream tasks scheduled from follow-on schedule check
[2026-03-14T04:21:11.378+0000] {local_task_job_runner.py:222} INFO - ::endgroup::
