[2026-03-13T17:41:13.380+0000] {local_task_job_runner.py:120} INFO - ::group::Pre task execution logs
[2026-03-13T17:41:13.400+0000] {taskinstance.py:2076} INFO - Dependencies all met for dep_context=non-requeueable deps ti=<TaskInstance: event_trigger_pipeline.run_spark_job manual__2026-03-13T17:41:09+00:00 [queued]>
[2026-03-13T17:41:13.407+0000] {taskinstance.py:2076} INFO - Dependencies all met for dep_context=requeueable deps ti=<TaskInstance: event_trigger_pipeline.run_spark_job manual__2026-03-13T17:41:09+00:00 [queued]>
[2026-03-13T17:41:13.409+0000] {taskinstance.py:2306} INFO - Starting attempt 1 of 2
[2026-03-13T17:41:13.436+0000] {taskinstance.py:2330} INFO - Executing <Task(BashOperator): run_spark_job> on 2026-03-13 17:41:09+00:00
[2026-03-13T17:41:13.440+0000] {standard_task_runner.py:64} INFO - Started process 8123 to run task
[2026-03-13T17:41:13.443+0000] {standard_task_runner.py:90} INFO - Running: ['airflow', 'tasks', 'run', 'event_trigger_pipeline', 'run_spark_job', 'manual__2026-03-13T17:41:09+00:00', '--job-id', '19', '--raw', '--subdir', 'DAGS_FOLDER/event_trigger_pipeline.py', '--cfg-path', '/tmp/tmp4ch8pxh0']
[2026-03-13T17:41:13.445+0000] {standard_task_runner.py:91} INFO - Job 19: Subtask run_spark_job
[2026-03-13T17:41:13.525+0000] {task_command.py:426} INFO - Running <TaskInstance: event_trigger_pipeline.run_spark_job manual__2026-03-13T17:41:09+00:00 [running]> on host 670d40c6e2a9
[2026-03-13T17:41:13.611+0000] {taskinstance.py:2648} INFO - Exporting env vars: AIRFLOW_CTX_DAG_OWNER='airflow' AIRFLOW_CTX_DAG_ID='event_trigger_pipeline' AIRFLOW_CTX_TASK_ID='run_spark_job' AIRFLOW_CTX_EXECUTION_DATE='2026-03-13T17:41:09+00:00' AIRFLOW_CTX_TRY_NUMBER='1' AIRFLOW_CTX_DAG_RUN_ID='manual__2026-03-13T17:41:09+00:00'
[2026-03-13T17:41:13.612+0000] {taskinstance.py:430} INFO - ::endgroup::
[2026-03-13T17:41:13.624+0000] {subprocess.py:63} INFO - Tmp dir root location: /tmp
[2026-03-13T17:41:13.625+0000] {subprocess.py:75} INFO - Running command: ['/usr/bin/bash', '-c', 'spark-submit --master local[*] /opt/airflow/spark_jobs/process_data.py']
[2026-03-13T17:41:13.631+0000] {subprocess.py:86} INFO - Output:
[2026-03-13T17:41:13.695+0000] {subprocess.py:93} INFO - /home/airflow/.local/lib/python3.12/site-packages/pyspark/bin/load-spark-env.sh: line 68: ps: command not found
[2026-03-13T17:41:15.968+0000] {subprocess.py:93} INFO - /opt/airflow/spark_jobs/process_data.py:163: DeprecationWarning: datetime.datetime.utcnow() is deprecated and scheduled for removal in a future version. Use timezone-aware objects to represent datetimes in UTC: datetime.datetime.now(datetime.UTC).
[2026-03-13T17:41:15.968+0000] {subprocess.py:93} INFO -   run_id = datetime.utcnow().strftime("%Y%m%d_%H%M%S")
[2026-03-13T17:41:16.065+0000] {subprocess.py:93} INFO - 26/03/13 17:41:16 INFO SparkContext: Running Spark version 3.5.1
[2026-03-13T17:41:16.067+0000] {subprocess.py:93} INFO - 26/03/13 17:41:16 INFO SparkContext: OS info Linux, 6.6.87.2-microsoft-standard-WSL2, amd64
[2026-03-13T17:41:16.067+0000] {subprocess.py:93} INFO - 26/03/13 17:41:16 INFO SparkContext: Java version 17.0.18
[2026-03-13T17:41:16.107+0000] {subprocess.py:93} INFO - 26/03/13 17:41:16 WARN NativeCodeLoader: Unable to load native-hadoop library for your platform... using builtin-java classes where applicable
[2026-03-13T17:41:16.172+0000] {subprocess.py:93} INFO - 26/03/13 17:41:16 INFO ResourceUtils: ==============================================================
[2026-03-13T17:41:16.173+0000] {subprocess.py:93} INFO - 26/03/13 17:41:16 INFO ResourceUtils: No custom resources configured for spark.driver.
[2026-03-13T17:41:16.174+0000] {subprocess.py:93} INFO - 26/03/13 17:41:16 INFO ResourceUtils: ==============================================================
[2026-03-13T17:41:16.174+0000] {subprocess.py:93} INFO - 26/03/13 17:41:16 INFO SparkContext: Submitted application: ProcessData
[2026-03-13T17:41:16.187+0000] {subprocess.py:93} INFO - 26/03/13 17:41:16 INFO ResourceProfile: Default ResourceProfile created, executor resources: Map(cores -> name: cores, amount: 1, script: , vendor: , memory -> name: memory, amount: 1024, script: , vendor: , offHeap -> name: offHeap, amount: 0, script: , vendor: ), task resources: Map(cpus -> name: cpus, amount: 1.0)
[2026-03-13T17:41:16.193+0000] {subprocess.py:93} INFO - 26/03/13 17:41:16 INFO ResourceProfile: Limiting resource is cpu
[2026-03-13T17:41:16.193+0000] {subprocess.py:93} INFO - 26/03/13 17:41:16 INFO ResourceProfileManager: Added ResourceProfile id: 0
[2026-03-13T17:41:16.229+0000] {subprocess.py:93} INFO - 26/03/13 17:41:16 INFO SecurityManager: Changing view acls to: airflow
[2026-03-13T17:41:16.230+0000] {subprocess.py:93} INFO - 26/03/13 17:41:16 INFO SecurityManager: Changing modify acls to: airflow
[2026-03-13T17:41:16.231+0000] {subprocess.py:93} INFO - 26/03/13 17:41:16 INFO SecurityManager: Changing view acls groups to:
[2026-03-13T17:41:16.231+0000] {subprocess.py:93} INFO - 26/03/13 17:41:16 INFO SecurityManager: Changing modify acls groups to:
[2026-03-13T17:41:16.232+0000] {subprocess.py:93} INFO - 26/03/13 17:41:16 INFO SecurityManager: SecurityManager: authentication disabled; ui acls disabled; users with view permissions: airflow; groups with view permissions: EMPTY; users with modify permissions: airflow; groups with modify permissions: EMPTY
[2026-03-13T17:41:16.428+0000] {subprocess.py:93} INFO - 26/03/13 17:41:16 INFO Utils: Successfully started service 'sparkDriver' on port 38775.
[2026-03-13T17:41:16.454+0000] {subprocess.py:93} INFO - 26/03/13 17:41:16 INFO SparkEnv: Registering MapOutputTracker
[2026-03-13T17:41:16.489+0000] {subprocess.py:93} INFO - 26/03/13 17:41:16 INFO SparkEnv: Registering BlockManagerMaster
[2026-03-13T17:41:16.508+0000] {subprocess.py:93} INFO - 26/03/13 17:41:16 INFO BlockManagerMasterEndpoint: Using org.apache.spark.storage.DefaultTopologyMapper for getting topology information
[2026-03-13T17:41:16.509+0000] {subprocess.py:93} INFO - 26/03/13 17:41:16 INFO BlockManagerMasterEndpoint: BlockManagerMasterEndpoint up
[2026-03-13T17:41:16.513+0000] {subprocess.py:93} INFO - 26/03/13 17:41:16 INFO SparkEnv: Registering BlockManagerMasterHeartbeat
[2026-03-13T17:41:16.528+0000] {subprocess.py:93} INFO - 26/03/13 17:41:16 INFO DiskBlockManager: Created local directory at /tmp/blockmgr-12be7e1e-039b-4cdd-b249-71edaba72432
[2026-03-13T17:41:16.539+0000] {subprocess.py:93} INFO - 26/03/13 17:41:16 INFO MemoryStore: MemoryStore started with capacity 434.4 MiB
[2026-03-13T17:41:16.555+0000] {subprocess.py:93} INFO - 26/03/13 17:41:16 INFO SparkEnv: Registering OutputCommitCoordinator
[2026-03-13T17:41:16.647+0000] {subprocess.py:93} INFO - 26/03/13 17:41:16 INFO JettyUtils: Start Jetty 0.0.0.0:4040 for SparkUI
[2026-03-13T17:41:16.705+0000] {subprocess.py:93} INFO - 26/03/13 17:41:16 INFO Utils: Successfully started service 'SparkUI' on port 4040.
[2026-03-13T17:41:16.786+0000] {subprocess.py:93} INFO - 26/03/13 17:41:16 INFO Executor: Starting executor ID driver on host 670d40c6e2a9
[2026-03-13T17:41:16.787+0000] {subprocess.py:93} INFO - 26/03/13 17:41:16 INFO Executor: OS info Linux, 6.6.87.2-microsoft-standard-WSL2, amd64
[2026-03-13T17:41:16.790+0000] {subprocess.py:93} INFO - 26/03/13 17:41:16 INFO Executor: Java version 17.0.18
[2026-03-13T17:41:16.796+0000] {subprocess.py:93} INFO - 26/03/13 17:41:16 INFO Executor: Starting executor with user classpath (userClassPathFirst = false): ''
[2026-03-13T17:41:16.797+0000] {subprocess.py:93} INFO - 26/03/13 17:41:16 INFO Executor: Created or updated repl class loader org.apache.spark.util.MutableURLClassLoader@531e9e53 for default.
[2026-03-13T17:41:16.814+0000] {subprocess.py:93} INFO - 26/03/13 17:41:16 INFO Utils: Successfully started service 'org.apache.spark.network.netty.NettyBlockTransferService' on port 34925.
[2026-03-13T17:41:16.815+0000] {subprocess.py:93} INFO - 26/03/13 17:41:16 INFO NettyBlockTransferService: Server created on 670d40c6e2a9:34925
[2026-03-13T17:41:16.816+0000] {subprocess.py:93} INFO - 26/03/13 17:41:16 INFO BlockManager: Using org.apache.spark.storage.RandomBlockReplicationPolicy for block replication policy
[2026-03-13T17:41:16.820+0000] {subprocess.py:93} INFO - 26/03/13 17:41:16 INFO BlockManagerMaster: Registering BlockManager BlockManagerId(driver, 670d40c6e2a9, 34925, None)
[2026-03-13T17:41:16.823+0000] {subprocess.py:93} INFO - 26/03/13 17:41:16 INFO BlockManagerMasterEndpoint: Registering block manager 670d40c6e2a9:34925 with 434.4 MiB RAM, BlockManagerId(driver, 670d40c6e2a9, 34925, None)
[2026-03-13T17:41:16.825+0000] {subprocess.py:93} INFO - 26/03/13 17:41:16 INFO BlockManagerMaster: Registered BlockManager BlockManagerId(driver, 670d40c6e2a9, 34925, None)
[2026-03-13T17:41:16.826+0000] {subprocess.py:93} INFO - 26/03/13 17:41:16 INFO BlockManager: Initialized BlockManager: BlockManagerId(driver, 670d40c6e2a9, 34925, None)
[2026-03-13T17:41:21.514+0000] {subprocess.py:93} INFO - === Raw Data Schema ===
[2026-03-13T17:41:21.518+0000] {subprocess.py:93} INFO - root
[2026-03-13T17:41:21.519+0000] {subprocess.py:93} INFO -  |-- id: integer (nullable = true)
[2026-03-13T17:41:21.519+0000] {subprocess.py:93} INFO -  |-- name: string (nullable = true)
[2026-03-13T17:41:21.520+0000] {subprocess.py:93} INFO -  |-- amount: integer (nullable = true)
[2026-03-13T17:41:21.521+0000] {subprocess.py:93} INFO - 
[2026-03-13T17:41:21.522+0000] {subprocess.py:93} INFO - === Sample Raw Data ===
[2026-03-13T17:41:22.054+0000] {subprocess.py:93} INFO - +---+-------+------+
[2026-03-13T17:41:22.055+0000] {subprocess.py:93} INFO - |id |name   |amount|
[2026-03-13T17:41:22.055+0000] {subprocess.py:93} INFO - +---+-------+------+
[2026-03-13T17:41:22.056+0000] {subprocess.py:93} INFO - |1  |Alice  |209   |
[2026-03-13T17:41:22.057+0000] {subprocess.py:93} INFO - |2  |Charlie|343   |
[2026-03-13T17:41:22.058+0000] {subprocess.py:93} INFO - |3  |Charlie|359   |
[2026-03-13T17:41:22.059+0000] {subprocess.py:93} INFO - |4  |Alice  |362   |
[2026-03-13T17:41:22.060+0000] {subprocess.py:93} INFO - |5  |Ivy    |150   |
[2026-03-13T17:41:22.060+0000] {subprocess.py:93} INFO - |6  |Grace  |558   |
[2026-03-13T17:41:22.061+0000] {subprocess.py:93} INFO - |7  |Nina   |112   |
[2026-03-13T17:41:22.062+0000] {subprocess.py:93} INFO - |8  |Jack   |589   |
[2026-03-13T17:41:22.062+0000] {subprocess.py:93} INFO - |9  |Bob    |323   |
[2026-03-13T17:41:22.063+0000] {subprocess.py:93} INFO - |10 |Owen   |515   |
[2026-03-13T17:41:22.064+0000] {subprocess.py:93} INFO - |11 |Ivy    |160   |
[2026-03-13T17:41:22.064+0000] {subprocess.py:93} INFO - |12 |Alice  |406   |
[2026-03-13T17:41:22.065+0000] {subprocess.py:93} INFO - |13 |Ivy    |505   |
[2026-03-13T17:41:22.066+0000] {subprocess.py:93} INFO - |14 |Liam   |297   |
[2026-03-13T17:41:22.066+0000] {subprocess.py:93} INFO - |15 |Nina   |431   |
[2026-03-13T17:41:22.067+0000] {subprocess.py:93} INFO - |16 |Alice  |515   |
[2026-03-13T17:41:22.068+0000] {subprocess.py:93} INFO - |17 |Frank  |512   |
[2026-03-13T17:41:22.068+0000] {subprocess.py:93} INFO - |18 |David  |153   |
[2026-03-13T17:41:22.069+0000] {subprocess.py:93} INFO - |19 |Karen  |267   |
[2026-03-13T17:41:22.069+0000] {subprocess.py:93} INFO - |20 |Owen   |317   |
[2026-03-13T17:41:22.070+0000] {subprocess.py:93} INFO - +---+-------+------+
[2026-03-13T17:41:22.071+0000] {subprocess.py:93} INFO - only showing top 20 rows
[2026-03-13T17:41:22.071+0000] {subprocess.py:93} INFO - 
[2026-03-13T17:41:22.192+0000] {subprocess.py:93} INFO - === Processed Data Schema ===
[2026-03-13T17:41:22.193+0000] {subprocess.py:93} INFO - root
[2026-03-13T17:41:22.194+0000] {subprocess.py:93} INFO -  |-- id: integer (nullable = true)
[2026-03-13T17:41:22.194+0000] {subprocess.py:93} INFO -  |-- name: string (nullable = false)
[2026-03-13T17:41:22.195+0000] {subprocess.py:93} INFO -  |-- amount: integer (nullable = true)
[2026-03-13T17:41:22.195+0000] {subprocess.py:93} INFO -  |-- processing_timestamp: timestamp (nullable = false)
[2026-03-13T17:41:22.196+0000] {subprocess.py:93} INFO - 
[2026-03-13T17:41:22.197+0000] {subprocess.py:93} INFO - === Sample Processed Data ===
[2026-03-13T17:41:23.023+0000] {subprocess.py:93} INFO - +---+-------+------+--------------------------+
[2026-03-13T17:41:23.024+0000] {subprocess.py:93} INFO - |id |name   |amount|processing_timestamp      |
[2026-03-13T17:41:23.025+0000] {subprocess.py:93} INFO - +---+-------+------+--------------------------+
[2026-03-13T17:41:23.025+0000] {subprocess.py:93} INFO - |7  |Nina   |112   |2026-03-13 17:41:22.223981|
[2026-03-13T17:41:23.026+0000] {subprocess.py:93} INFO - |4  |Alice  |362   |2026-03-13 17:41:22.223981|
[2026-03-13T17:41:23.027+0000] {subprocess.py:93} INFO - |2  |Charlie|343   |2026-03-13 17:41:22.223981|
[2026-03-13T17:41:23.028+0000] {subprocess.py:93} INFO - |24 |Eva    |267   |2026-03-13 17:41:22.223981|
[2026-03-13T17:41:23.029+0000] {subprocess.py:93} INFO - |25 |Mona   |461   |2026-03-13 17:41:22.223981|
[2026-03-13T17:41:23.030+0000] {subprocess.py:93} INFO - |1  |Alice  |209   |2026-03-13 17:41:22.223981|
[2026-03-13T17:41:23.031+0000] {subprocess.py:93} INFO - |23 |Grace  |112   |2026-03-13 17:41:22.223981|
[2026-03-13T17:41:23.032+0000] {subprocess.py:93} INFO - |12 |Alice  |406   |2026-03-13 17:41:22.223981|
[2026-03-13T17:41:23.033+0000] {subprocess.py:93} INFO - |9  |Bob    |323   |2026-03-13 17:41:22.223981|
[2026-03-13T17:41:23.034+0000] {subprocess.py:93} INFO - |15 |Nina   |431   |2026-03-13 17:41:22.223981|
[2026-03-13T17:41:23.035+0000] {subprocess.py:93} INFO - |3  |Charlie|359   |2026-03-13 17:41:22.223981|
[2026-03-13T17:41:23.036+0000] {subprocess.py:93} INFO - |22 |Bob    |416   |2026-03-13 17:41:22.223981|
[2026-03-13T17:41:23.037+0000] {subprocess.py:93} INFO - |10 |Owen   |515   |2026-03-13 17:41:22.223981|
[2026-03-13T17:41:23.038+0000] {subprocess.py:93} INFO - |20 |Owen   |317   |2026-03-13 17:41:22.223981|
[2026-03-13T17:41:23.039+0000] {subprocess.py:93} INFO - |11 |Ivy    |160   |2026-03-13 17:41:22.223981|
[2026-03-13T17:41:23.040+0000] {subprocess.py:93} INFO - |13 |Ivy    |505   |2026-03-13 17:41:22.223981|
[2026-03-13T17:41:23.041+0000] {subprocess.py:93} INFO - |21 |Frank  |141   |2026-03-13 17:41:22.223981|
[2026-03-13T17:41:23.041+0000] {subprocess.py:93} INFO - |18 |David  |153   |2026-03-13 17:41:22.223981|
[2026-03-13T17:41:23.042+0000] {subprocess.py:93} INFO - |17 |Frank  |512   |2026-03-13 17:41:22.223981|
[2026-03-13T17:41:23.043+0000] {subprocess.py:93} INFO - |8  |Jack   |589   |2026-03-13 17:41:22.223981|
[2026-03-13T17:41:23.044+0000] {subprocess.py:93} INFO - +---+-------+------+--------------------------+
[2026-03-13T17:41:23.045+0000] {subprocess.py:93} INFO - only showing top 20 rows
[2026-03-13T17:41:23.046+0000] {subprocess.py:93} INFO - 
[2026-03-13T17:41:26.251+0000] {subprocess.py:93} INFO - Wrote Parquet output to: /opt/data/output/processed_parquet/
[2026-03-13T17:41:26.253+0000] {subprocess.py:93} INFO - Wrote CSV output to: /opt/data/output/processed_csv/
[2026-03-13T17:41:28.577+0000] {subprocess.py:93} INFO - Source input files retained in /opt/data/input (archiving disabled).
[2026-03-13T17:41:29.121+0000] {subprocess.py:97} INFO - Command exited with return code 0
[2026-03-13T17:41:29.122+0000] {taskinstance.py:441} INFO - ::group::Post task execution logs
[2026-03-13T17:41:29.157+0000] {taskinstance.py:1206} INFO - Marking task as SUCCESS. dag_id=event_trigger_pipeline, task_id=run_spark_job, run_id=manual__2026-03-13T17:41:09+00:00, execution_date=20260313T174109, start_date=20260313T174113, end_date=20260313T174129
[2026-03-13T17:41:29.194+0000] {local_task_job_runner.py:243} INFO - Task exited with return code 0
[2026-03-13T17:41:29.205+0000] {taskinstance.py:3503} INFO - 0 downstream tasks scheduled from follow-on schedule check
[2026-03-13T17:41:29.206+0000] {local_task_job_runner.py:222} INFO - ::endgroup::
