[2026-03-13T17:44:30.237+0000] {local_task_job_runner.py:120} INFO - ::group::Pre task execution logs
[2026-03-13T17:44:30.257+0000] {taskinstance.py:2076} INFO - Dependencies all met for dep_context=non-requeueable deps ti=<TaskInstance: event_trigger_pipeline.run_spark_job manual__2026-03-13T17:44:26.027546+00:00 [queued]>
[2026-03-13T17:44:30.262+0000] {taskinstance.py:2076} INFO - Dependencies all met for dep_context=requeueable deps ti=<TaskInstance: event_trigger_pipeline.run_spark_job manual__2026-03-13T17:44:26.027546+00:00 [queued]>
[2026-03-13T17:44:30.263+0000] {taskinstance.py:2306} INFO - Starting attempt 1 of 2
[2026-03-13T17:44:30.289+0000] {taskinstance.py:2330} INFO - Executing <Task(BashOperator): run_spark_job> on 2026-03-13 17:44:26.027546+00:00
[2026-03-13T17:44:30.295+0000] {standard_task_runner.py:64} INFO - Started process 9028 to run task
[2026-03-13T17:44:30.296+0000] {standard_task_runner.py:90} INFO - Running: ['airflow', 'tasks', 'run', 'event_trigger_pipeline', 'run_spark_job', 'manual__2026-03-13T17:44:26.027546+00:00', '--job-id', '21', '--raw', '--subdir', 'DAGS_FOLDER/event_trigger_pipeline.py', '--cfg-path', '/tmp/tmp9trq4yta']
[2026-03-13T17:44:30.298+0000] {standard_task_runner.py:91} INFO - Job 21: Subtask run_spark_job
[2026-03-13T17:44:30.378+0000] {task_command.py:426} INFO - Running <TaskInstance: event_trigger_pipeline.run_spark_job manual__2026-03-13T17:44:26.027546+00:00 [running]> on host 670d40c6e2a9
[2026-03-13T17:44:30.491+0000] {taskinstance.py:2648} INFO - Exporting env vars: AIRFLOW_CTX_DAG_OWNER='airflow' AIRFLOW_CTX_DAG_ID='event_trigger_pipeline' AIRFLOW_CTX_TASK_ID='run_spark_job' AIRFLOW_CTX_EXECUTION_DATE='2026-03-13T17:44:26.027546+00:00' AIRFLOW_CTX_TRY_NUMBER='1' AIRFLOW_CTX_DAG_RUN_ID='manual__2026-03-13T17:44:26.027546+00:00'
[2026-03-13T17:44:30.493+0000] {taskinstance.py:430} INFO - ::endgroup::
[2026-03-13T17:44:30.511+0000] {subprocess.py:63} INFO - Tmp dir root location: /tmp
[2026-03-13T17:44:30.513+0000] {subprocess.py:75} INFO - Running command: ['/usr/bin/bash', '-c', 'spark-submit --master local[*] /opt/airflow/spark_jobs/process_data.py']
[2026-03-13T17:44:30.520+0000] {subprocess.py:86} INFO - Output:
[2026-03-13T17:44:30.587+0000] {subprocess.py:93} INFO - /home/airflow/.local/lib/python3.12/site-packages/pyspark/bin/load-spark-env.sh: line 68: ps: command not found
[2026-03-13T17:44:32.875+0000] {subprocess.py:93} INFO - /opt/airflow/spark_jobs/process_data.py:163: DeprecationWarning: datetime.datetime.utcnow() is deprecated and scheduled for removal in a future version. Use timezone-aware objects to represent datetimes in UTC: datetime.datetime.now(datetime.UTC).
[2026-03-13T17:44:32.876+0000] {subprocess.py:93} INFO -   run_id = datetime.utcnow().strftime("%Y%m%d_%H%M%S")
[2026-03-13T17:44:32.937+0000] {subprocess.py:93} INFO - 26/03/13 17:44:32 INFO SparkContext: Running Spark version 3.5.1
[2026-03-13T17:44:32.939+0000] {subprocess.py:93} INFO - 26/03/13 17:44:32 INFO SparkContext: OS info Linux, 6.6.87.2-microsoft-standard-WSL2, amd64
[2026-03-13T17:44:32.939+0000] {subprocess.py:93} INFO - 26/03/13 17:44:32 INFO SparkContext: Java version 17.0.18
[2026-03-13T17:44:32.978+0000] {subprocess.py:93} INFO - 26/03/13 17:44:32 WARN NativeCodeLoader: Unable to load native-hadoop library for your platform... using builtin-java classes where applicable
[2026-03-13T17:44:33.058+0000] {subprocess.py:93} INFO - 26/03/13 17:44:33 INFO ResourceUtils: ==============================================================
[2026-03-13T17:44:33.059+0000] {subprocess.py:93} INFO - 26/03/13 17:44:33 INFO ResourceUtils: No custom resources configured for spark.driver.
[2026-03-13T17:44:33.060+0000] {subprocess.py:93} INFO - 26/03/13 17:44:33 INFO ResourceUtils: ==============================================================
[2026-03-13T17:44:33.060+0000] {subprocess.py:93} INFO - 26/03/13 17:44:33 INFO SparkContext: Submitted application: ProcessData
[2026-03-13T17:44:33.074+0000] {subprocess.py:93} INFO - 26/03/13 17:44:33 INFO ResourceProfile: Default ResourceProfile created, executor resources: Map(cores -> name: cores, amount: 1, script: , vendor: , memory -> name: memory, amount: 1024, script: , vendor: , offHeap -> name: offHeap, amount: 0, script: , vendor: ), task resources: Map(cpus -> name: cpus, amount: 1.0)
[2026-03-13T17:44:33.081+0000] {subprocess.py:93} INFO - 26/03/13 17:44:33 INFO ResourceProfile: Limiting resource is cpu
[2026-03-13T17:44:33.081+0000] {subprocess.py:93} INFO - 26/03/13 17:44:33 INFO ResourceProfileManager: Added ResourceProfile id: 0
[2026-03-13T17:44:33.130+0000] {subprocess.py:93} INFO - 26/03/13 17:44:33 INFO SecurityManager: Changing view acls to: airflow
[2026-03-13T17:44:33.131+0000] {subprocess.py:93} INFO - 26/03/13 17:44:33 INFO SecurityManager: Changing modify acls to: airflow
[2026-03-13T17:44:33.131+0000] {subprocess.py:93} INFO - 26/03/13 17:44:33 INFO SecurityManager: Changing view acls groups to:
[2026-03-13T17:44:33.132+0000] {subprocess.py:93} INFO - 26/03/13 17:44:33 INFO SecurityManager: Changing modify acls groups to:
[2026-03-13T17:44:33.133+0000] {subprocess.py:93} INFO - 26/03/13 17:44:33 INFO SecurityManager: SecurityManager: authentication disabled; ui acls disabled; users with view permissions: airflow; groups with view permissions: EMPTY; users with modify permissions: airflow; groups with modify permissions: EMPTY
[2026-03-13T17:44:33.361+0000] {subprocess.py:93} INFO - 26/03/13 17:44:33 INFO Utils: Successfully started service 'sparkDriver' on port 46303.
[2026-03-13T17:44:33.387+0000] {subprocess.py:93} INFO - 26/03/13 17:44:33 INFO SparkEnv: Registering MapOutputTracker
[2026-03-13T17:44:33.419+0000] {subprocess.py:93} INFO - 26/03/13 17:44:33 INFO SparkEnv: Registering BlockManagerMaster
[2026-03-13T17:44:33.435+0000] {subprocess.py:93} INFO - 26/03/13 17:44:33 INFO BlockManagerMasterEndpoint: Using org.apache.spark.storage.DefaultTopologyMapper for getting topology information
[2026-03-13T17:44:33.436+0000] {subprocess.py:93} INFO - 26/03/13 17:44:33 INFO BlockManagerMasterEndpoint: BlockManagerMasterEndpoint up
[2026-03-13T17:44:33.441+0000] {subprocess.py:93} INFO - 26/03/13 17:44:33 INFO SparkEnv: Registering BlockManagerMasterHeartbeat
[2026-03-13T17:44:33.456+0000] {subprocess.py:93} INFO - 26/03/13 17:44:33 INFO DiskBlockManager: Created local directory at /tmp/blockmgr-d24c8668-f96e-4472-bc06-5595ca2236a5
[2026-03-13T17:44:33.468+0000] {subprocess.py:93} INFO - 26/03/13 17:44:33 INFO MemoryStore: MemoryStore started with capacity 434.4 MiB
[2026-03-13T17:44:33.482+0000] {subprocess.py:93} INFO - 26/03/13 17:44:33 INFO SparkEnv: Registering OutputCommitCoordinator
[2026-03-13T17:44:33.609+0000] {subprocess.py:93} INFO - 26/03/13 17:44:33 INFO JettyUtils: Start Jetty 0.0.0.0:4040 for SparkUI
[2026-03-13T17:44:33.668+0000] {subprocess.py:93} INFO - 26/03/13 17:44:33 INFO Utils: Successfully started service 'SparkUI' on port 4040.
[2026-03-13T17:44:33.745+0000] {subprocess.py:93} INFO - 26/03/13 17:44:33 INFO Executor: Starting executor ID driver on host 670d40c6e2a9
[2026-03-13T17:44:33.746+0000] {subprocess.py:93} INFO - 26/03/13 17:44:33 INFO Executor: OS info Linux, 6.6.87.2-microsoft-standard-WSL2, amd64
[2026-03-13T17:44:33.748+0000] {subprocess.py:93} INFO - 26/03/13 17:44:33 INFO Executor: Java version 17.0.18
[2026-03-13T17:44:33.753+0000] {subprocess.py:93} INFO - 26/03/13 17:44:33 INFO Executor: Starting executor with user classpath (userClassPathFirst = false): ''
[2026-03-13T17:44:33.755+0000] {subprocess.py:93} INFO - 26/03/13 17:44:33 INFO Executor: Created or updated repl class loader org.apache.spark.util.MutableURLClassLoader@35081789 for default.
[2026-03-13T17:44:33.770+0000] {subprocess.py:93} INFO - 26/03/13 17:44:33 INFO Utils: Successfully started service 'org.apache.spark.network.netty.NettyBlockTransferService' on port 38213.
[2026-03-13T17:44:33.771+0000] {subprocess.py:93} INFO - 26/03/13 17:44:33 INFO NettyBlockTransferService: Server created on 670d40c6e2a9:38213
[2026-03-13T17:44:33.772+0000] {subprocess.py:93} INFO - 26/03/13 17:44:33 INFO BlockManager: Using org.apache.spark.storage.RandomBlockReplicationPolicy for block replication policy
[2026-03-13T17:44:33.776+0000] {subprocess.py:93} INFO - 26/03/13 17:44:33 INFO BlockManagerMaster: Registering BlockManager BlockManagerId(driver, 670d40c6e2a9, 38213, None)
[2026-03-13T17:44:33.780+0000] {subprocess.py:93} INFO - 26/03/13 17:44:33 INFO BlockManagerMasterEndpoint: Registering block manager 670d40c6e2a9:38213 with 434.4 MiB RAM, BlockManagerId(driver, 670d40c6e2a9, 38213, None)
[2026-03-13T17:44:33.782+0000] {subprocess.py:93} INFO - 26/03/13 17:44:33 INFO BlockManagerMaster: Registered BlockManager BlockManagerId(driver, 670d40c6e2a9, 38213, None)
[2026-03-13T17:44:33.783+0000] {subprocess.py:93} INFO - 26/03/13 17:44:33 INFO BlockManager: Initialized BlockManager: BlockManagerId(driver, 670d40c6e2a9, 38213, None)
[2026-03-13T17:44:38.807+0000] {subprocess.py:93} INFO - === Raw Data Schema ===
[2026-03-13T17:44:38.811+0000] {subprocess.py:93} INFO - root
[2026-03-13T17:44:38.812+0000] {subprocess.py:93} INFO -  |-- id: integer (nullable = true)
[2026-03-13T17:44:38.813+0000] {subprocess.py:93} INFO -  |-- name: string (nullable = true)
[2026-03-13T17:44:38.814+0000] {subprocess.py:93} INFO -  |-- amount: integer (nullable = true)
[2026-03-13T17:44:38.815+0000] {subprocess.py:93} INFO - 
[2026-03-13T17:44:38.816+0000] {subprocess.py:93} INFO - === Sample Raw Data ===
[2026-03-13T17:44:39.090+0000] {subprocess.py:93} INFO - +---+-------+------+
[2026-03-13T17:44:39.091+0000] {subprocess.py:93} INFO - |id |name   |amount|
[2026-03-13T17:44:39.094+0000] {subprocess.py:93} INFO - +---+-------+------+
[2026-03-13T17:44:39.094+0000] {subprocess.py:93} INFO - |1  |Alice  |209   |
[2026-03-13T17:44:39.096+0000] {subprocess.py:93} INFO - |2  |Charlie|343   |
[2026-03-13T17:44:39.097+0000] {subprocess.py:93} INFO - |3  |Charlie|359   |
[2026-03-13T17:44:39.097+0000] {subprocess.py:93} INFO - |4  |Alice  |362   |
[2026-03-13T17:44:39.098+0000] {subprocess.py:93} INFO - |5  |Ivy    |150   |
[2026-03-13T17:44:39.099+0000] {subprocess.py:93} INFO - |6  |Grace  |558   |
[2026-03-13T17:44:39.100+0000] {subprocess.py:93} INFO - |7  |Nina   |112   |
[2026-03-13T17:44:39.101+0000] {subprocess.py:93} INFO - |8  |Jack   |589   |
[2026-03-13T17:44:39.102+0000] {subprocess.py:93} INFO - |9  |Bob    |323   |
[2026-03-13T17:44:39.103+0000] {subprocess.py:93} INFO - |10 |Owen   |515   |
[2026-03-13T17:44:39.104+0000] {subprocess.py:93} INFO - |11 |Ivy    |160   |
[2026-03-13T17:44:39.105+0000] {subprocess.py:93} INFO - |12 |Alice  |406   |
[2026-03-13T17:44:39.105+0000] {subprocess.py:93} INFO - |13 |Ivy    |505   |
[2026-03-13T17:44:39.106+0000] {subprocess.py:93} INFO - |14 |Liam   |297   |
[2026-03-13T17:44:39.107+0000] {subprocess.py:93} INFO - |15 |Nina   |431   |
[2026-03-13T17:44:39.108+0000] {subprocess.py:93} INFO - |16 |Alice  |515   |
[2026-03-13T17:44:39.108+0000] {subprocess.py:93} INFO - |17 |Frank  |512   |
[2026-03-13T17:44:39.109+0000] {subprocess.py:93} INFO - |18 |David  |153   |
[2026-03-13T17:44:39.110+0000] {subprocess.py:93} INFO - |19 |Karen  |267   |
[2026-03-13T17:44:39.111+0000] {subprocess.py:93} INFO - |20 |Owen   |317   |
[2026-03-13T17:44:39.112+0000] {subprocess.py:93} INFO - +---+-------+------+
[2026-03-13T17:44:39.113+0000] {subprocess.py:93} INFO - only showing top 20 rows
[2026-03-13T17:44:39.114+0000] {subprocess.py:93} INFO - 
[2026-03-13T17:44:39.226+0000] {subprocess.py:93} INFO - === Processed Data Schema ===
[2026-03-13T17:44:39.227+0000] {subprocess.py:93} INFO - root
[2026-03-13T17:44:39.228+0000] {subprocess.py:93} INFO -  |-- id: integer (nullable = true)
[2026-03-13T17:44:39.229+0000] {subprocess.py:93} INFO -  |-- name: string (nullable = false)
[2026-03-13T17:44:39.230+0000] {subprocess.py:93} INFO -  |-- amount: integer (nullable = true)
[2026-03-13T17:44:39.231+0000] {subprocess.py:93} INFO -  |-- processing_timestamp: timestamp (nullable = false)
[2026-03-13T17:44:39.232+0000] {subprocess.py:93} INFO - 
[2026-03-13T17:44:39.232+0000] {subprocess.py:93} INFO - === Sample Processed Data ===
[2026-03-13T17:44:39.902+0000] {subprocess.py:93} INFO - +---+-------+------+--------------------------+
[2026-03-13T17:44:39.903+0000] {subprocess.py:93} INFO - |id |name   |amount|processing_timestamp      |
[2026-03-13T17:44:39.905+0000] {subprocess.py:93} INFO - +---+-------+------+--------------------------+
[2026-03-13T17:44:39.906+0000] {subprocess.py:93} INFO - |7  |Nina   |112   |2026-03-13 17:44:39.253975|
[2026-03-13T17:44:39.907+0000] {subprocess.py:93} INFO - |4  |Alice  |362   |2026-03-13 17:44:39.253975|
[2026-03-13T17:44:39.908+0000] {subprocess.py:93} INFO - |2  |Charlie|343   |2026-03-13 17:44:39.253975|
[2026-03-13T17:44:39.909+0000] {subprocess.py:93} INFO - |24 |Eva    |267   |2026-03-13 17:44:39.253975|
[2026-03-13T17:44:39.910+0000] {subprocess.py:93} INFO - |25 |Mona   |461   |2026-03-13 17:44:39.253975|
[2026-03-13T17:44:39.911+0000] {subprocess.py:93} INFO - |1  |Alice  |209   |2026-03-13 17:44:39.253975|
[2026-03-13T17:44:39.912+0000] {subprocess.py:93} INFO - |23 |Grace  |112   |2026-03-13 17:44:39.253975|
[2026-03-13T17:44:39.913+0000] {subprocess.py:93} INFO - |12 |Alice  |406   |2026-03-13 17:44:39.253975|
[2026-03-13T17:44:39.913+0000] {subprocess.py:93} INFO - |9  |Bob    |323   |2026-03-13 17:44:39.253975|
[2026-03-13T17:44:39.914+0000] {subprocess.py:93} INFO - |15 |Nina   |431   |2026-03-13 17:44:39.253975|
[2026-03-13T17:44:39.915+0000] {subprocess.py:93} INFO - |3  |Charlie|359   |2026-03-13 17:44:39.253975|
[2026-03-13T17:44:39.916+0000] {subprocess.py:93} INFO - |22 |Bob    |416   |2026-03-13 17:44:39.253975|
[2026-03-13T17:44:39.917+0000] {subprocess.py:93} INFO - |10 |Owen   |515   |2026-03-13 17:44:39.253975|
[2026-03-13T17:44:39.917+0000] {subprocess.py:93} INFO - |20 |Owen   |317   |2026-03-13 17:44:39.253975|
[2026-03-13T17:44:39.918+0000] {subprocess.py:93} INFO - |11 |Ivy    |160   |2026-03-13 17:44:39.253975|
[2026-03-13T17:44:39.918+0000] {subprocess.py:93} INFO - |13 |Ivy    |505   |2026-03-13 17:44:39.253975|
[2026-03-13T17:44:39.919+0000] {subprocess.py:93} INFO - |21 |Frank  |141   |2026-03-13 17:44:39.253975|
[2026-03-13T17:44:39.920+0000] {subprocess.py:93} INFO - |18 |David  |153   |2026-03-13 17:44:39.253975|
[2026-03-13T17:44:39.921+0000] {subprocess.py:93} INFO - |17 |Frank  |512   |2026-03-13 17:44:39.253975|
[2026-03-13T17:44:39.922+0000] {subprocess.py:93} INFO - |8  |Jack   |589   |2026-03-13 17:44:39.253975|
[2026-03-13T17:44:39.923+0000] {subprocess.py:93} INFO - +---+-------+------+--------------------------+
[2026-03-13T17:44:39.923+0000] {subprocess.py:93} INFO - only showing top 20 rows
[2026-03-13T17:44:39.924+0000] {subprocess.py:93} INFO - 
[2026-03-13T17:44:43.061+0000] {subprocess.py:93} INFO - Wrote Parquet output to: /opt/data/output/processed_parquet/
[2026-03-13T17:44:43.062+0000] {subprocess.py:93} INFO - Wrote CSV output to: /opt/data/output/processed_csv/
[2026-03-13T17:44:45.519+0000] {subprocess.py:93} INFO - Source input files retained in /opt/data/input (archiving disabled).
[2026-03-13T17:44:46.078+0000] {subprocess.py:97} INFO - Command exited with return code 0
[2026-03-13T17:44:46.079+0000] {taskinstance.py:441} INFO - ::group::Post task execution logs
[2026-03-13T17:44:46.115+0000] {taskinstance.py:1206} INFO - Marking task as SUCCESS. dag_id=event_trigger_pipeline, task_id=run_spark_job, run_id=manual__2026-03-13T17:44:26.027546+00:00, execution_date=20260313T174426, start_date=20260313T174430, end_date=20260313T174446
[2026-03-13T17:44:46.179+0000] {local_task_job_runner.py:243} INFO - Task exited with return code 0
[2026-03-13T17:44:46.186+0000] {taskinstance.py:3503} INFO - 0 downstream tasks scheduled from follow-on schedule check
[2026-03-13T17:44:46.187+0000] {local_task_job_runner.py:222} INFO - ::endgroup::
