[2026-03-13T17:39:21.253+0000] {local_task_job_runner.py:120} INFO - ::group::Pre task execution logs
[2026-03-13T17:39:21.276+0000] {taskinstance.py:2076} INFO - Dependencies all met for dep_context=non-requeueable deps ti=<TaskInstance: event_trigger_pipeline.run_spark_job manual__2026-03-13T17:36:48+00:00 [queued]>
[2026-03-13T17:39:21.283+0000] {taskinstance.py:2076} INFO - Dependencies all met for dep_context=requeueable deps ti=<TaskInstance: event_trigger_pipeline.run_spark_job manual__2026-03-13T17:36:48+00:00 [queued]>
[2026-03-13T17:39:21.284+0000] {taskinstance.py:2306} INFO - Starting attempt 1 of 2
[2026-03-13T17:39:21.315+0000] {taskinstance.py:2330} INFO - Executing <Task(BashOperator): run_spark_job> on 2026-03-13 17:36:48+00:00
[2026-03-13T17:39:21.320+0000] {standard_task_runner.py:64} INFO - Started process 6788 to run task
[2026-03-13T17:39:21.323+0000] {standard_task_runner.py:90} INFO - Running: ['airflow', 'tasks', 'run', 'event_trigger_pipeline', 'run_spark_job', 'manual__2026-03-13T17:36:48+00:00', '--job-id', '16', '--raw', '--subdir', 'DAGS_FOLDER/event_trigger_pipeline.py', '--cfg-path', '/tmp/tmprintj5g5']
[2026-03-13T17:39:21.325+0000] {standard_task_runner.py:91} INFO - Job 16: Subtask run_spark_job
[2026-03-13T17:39:21.402+0000] {task_command.py:426} INFO - Running <TaskInstance: event_trigger_pipeline.run_spark_job manual__2026-03-13T17:36:48+00:00 [running]> on host 670d40c6e2a9
[2026-03-13T17:39:21.496+0000] {taskinstance.py:2648} INFO - Exporting env vars: AIRFLOW_CTX_DAG_OWNER='airflow' AIRFLOW_CTX_DAG_ID='event_trigger_pipeline' AIRFLOW_CTX_TASK_ID='run_spark_job' AIRFLOW_CTX_EXECUTION_DATE='2026-03-13T17:36:48+00:00' AIRFLOW_CTX_TRY_NUMBER='1' AIRFLOW_CTX_DAG_RUN_ID='manual__2026-03-13T17:36:48+00:00'
[2026-03-13T17:39:21.497+0000] {taskinstance.py:430} INFO - ::endgroup::
[2026-03-13T17:39:21.511+0000] {subprocess.py:63} INFO - Tmp dir root location: /tmp
[2026-03-13T17:39:21.513+0000] {subprocess.py:75} INFO - Running command: ['/usr/bin/bash', '-c', 'spark-submit --master local[*] /opt/airflow/spark_jobs/process_data.py']
[2026-03-13T17:39:21.521+0000] {subprocess.py:86} INFO - Output:
[2026-03-13T17:39:21.586+0000] {subprocess.py:93} INFO - /home/airflow/.local/lib/python3.12/site-packages/pyspark/bin/load-spark-env.sh: line 68: ps: command not found
[2026-03-13T17:39:24.105+0000] {subprocess.py:93} INFO - /opt/airflow/spark_jobs/process_data.py:163: DeprecationWarning: datetime.datetime.utcnow() is deprecated and scheduled for removal in a future version. Use timezone-aware objects to represent datetimes in UTC: datetime.datetime.now(datetime.UTC).
[2026-03-13T17:39:24.106+0000] {subprocess.py:93} INFO -   run_id = datetime.utcnow().strftime("%Y%m%d_%H%M%S")
[2026-03-13T17:39:24.175+0000] {subprocess.py:93} INFO - 26/03/13 17:39:24 INFO SparkContext: Running Spark version 3.5.1
[2026-03-13T17:39:24.177+0000] {subprocess.py:93} INFO - 26/03/13 17:39:24 INFO SparkContext: OS info Linux, 6.6.87.2-microsoft-standard-WSL2, amd64
[2026-03-13T17:39:24.177+0000] {subprocess.py:93} INFO - 26/03/13 17:39:24 INFO SparkContext: Java version 17.0.18
[2026-03-13T17:39:24.224+0000] {subprocess.py:93} INFO - 26/03/13 17:39:24 WARN NativeCodeLoader: Unable to load native-hadoop library for your platform... using builtin-java classes where applicable
[2026-03-13T17:39:24.297+0000] {subprocess.py:93} INFO - 26/03/13 17:39:24 INFO ResourceUtils: ==============================================================
[2026-03-13T17:39:24.297+0000] {subprocess.py:93} INFO - 26/03/13 17:39:24 INFO ResourceUtils: No custom resources configured for spark.driver.
[2026-03-13T17:39:24.298+0000] {subprocess.py:93} INFO - 26/03/13 17:39:24 INFO ResourceUtils: ==============================================================
[2026-03-13T17:39:24.299+0000] {subprocess.py:93} INFO - 26/03/13 17:39:24 INFO SparkContext: Submitted application: ProcessData
[2026-03-13T17:39:24.315+0000] {subprocess.py:93} INFO - 26/03/13 17:39:24 INFO ResourceProfile: Default ResourceProfile created, executor resources: Map(cores -> name: cores, amount: 1, script: , vendor: , memory -> name: memory, amount: 1024, script: , vendor: , offHeap -> name: offHeap, amount: 0, script: , vendor: ), task resources: Map(cpus -> name: cpus, amount: 1.0)
[2026-03-13T17:39:24.323+0000] {subprocess.py:93} INFO - 26/03/13 17:39:24 INFO ResourceProfile: Limiting resource is cpu
[2026-03-13T17:39:24.323+0000] {subprocess.py:93} INFO - 26/03/13 17:39:24 INFO ResourceProfileManager: Added ResourceProfile id: 0
[2026-03-13T17:39:24.376+0000] {subprocess.py:93} INFO - 26/03/13 17:39:24 INFO SecurityManager: Changing view acls to: airflow
[2026-03-13T17:39:24.377+0000] {subprocess.py:93} INFO - 26/03/13 17:39:24 INFO SecurityManager: Changing modify acls to: airflow
[2026-03-13T17:39:24.379+0000] {subprocess.py:93} INFO - 26/03/13 17:39:24 INFO SecurityManager: Changing view acls groups to:
[2026-03-13T17:39:24.380+0000] {subprocess.py:93} INFO - 26/03/13 17:39:24 INFO SecurityManager: Changing modify acls groups to:
[2026-03-13T17:39:24.381+0000] {subprocess.py:93} INFO - 26/03/13 17:39:24 INFO SecurityManager: SecurityManager: authentication disabled; ui acls disabled; users with view permissions: airflow; groups with view permissions: EMPTY; users with modify permissions: airflow; groups with modify permissions: EMPTY
[2026-03-13T17:39:24.632+0000] {subprocess.py:93} INFO - 26/03/13 17:39:24 INFO Utils: Successfully started service 'sparkDriver' on port 36601.
[2026-03-13T17:39:24.662+0000] {subprocess.py:93} INFO - 26/03/13 17:39:24 INFO SparkEnv: Registering MapOutputTracker
[2026-03-13T17:39:24.698+0000] {subprocess.py:93} INFO - 26/03/13 17:39:24 INFO SparkEnv: Registering BlockManagerMaster
[2026-03-13T17:39:24.710+0000] {subprocess.py:93} INFO - 26/03/13 17:39:24 INFO BlockManagerMasterEndpoint: Using org.apache.spark.storage.DefaultTopologyMapper for getting topology information
[2026-03-13T17:39:24.711+0000] {subprocess.py:93} INFO - 26/03/13 17:39:24 INFO BlockManagerMasterEndpoint: BlockManagerMasterEndpoint up
[2026-03-13T17:39:24.715+0000] {subprocess.py:93} INFO - 26/03/13 17:39:24 INFO SparkEnv: Registering BlockManagerMasterHeartbeat
[2026-03-13T17:39:24.732+0000] {subprocess.py:93} INFO - 26/03/13 17:39:24 INFO DiskBlockManager: Created local directory at /tmp/blockmgr-22a4f492-dead-4888-bc22-9b08a0912a97
[2026-03-13T17:39:24.747+0000] {subprocess.py:93} INFO - 26/03/13 17:39:24 INFO MemoryStore: MemoryStore started with capacity 434.4 MiB
[2026-03-13T17:39:24.769+0000] {subprocess.py:93} INFO - 26/03/13 17:39:24 INFO SparkEnv: Registering OutputCommitCoordinator
[2026-03-13T17:39:24.891+0000] {subprocess.py:93} INFO - 26/03/13 17:39:24 INFO JettyUtils: Start Jetty 0.0.0.0:4040 for SparkUI
[2026-03-13T17:39:24.949+0000] {subprocess.py:93} INFO - 26/03/13 17:39:24 INFO Utils: Successfully started service 'SparkUI' on port 4040.
[2026-03-13T17:39:25.041+0000] {subprocess.py:93} INFO - 26/03/13 17:39:25 INFO Executor: Starting executor ID driver on host 670d40c6e2a9
[2026-03-13T17:39:25.042+0000] {subprocess.py:93} INFO - 26/03/13 17:39:25 INFO Executor: OS info Linux, 6.6.87.2-microsoft-standard-WSL2, amd64
[2026-03-13T17:39:25.043+0000] {subprocess.py:93} INFO - 26/03/13 17:39:25 INFO Executor: Java version 17.0.18
[2026-03-13T17:39:25.049+0000] {subprocess.py:93} INFO - 26/03/13 17:39:25 INFO Executor: Starting executor with user classpath (userClassPathFirst = false): ''
[2026-03-13T17:39:25.050+0000] {subprocess.py:93} INFO - 26/03/13 17:39:25 INFO Executor: Created or updated repl class loader org.apache.spark.util.MutableURLClassLoader@35081789 for default.
[2026-03-13T17:39:25.072+0000] {subprocess.py:93} INFO - 26/03/13 17:39:25 INFO Utils: Successfully started service 'org.apache.spark.network.netty.NettyBlockTransferService' on port 38967.
[2026-03-13T17:39:25.073+0000] {subprocess.py:93} INFO - 26/03/13 17:39:25 INFO NettyBlockTransferService: Server created on 670d40c6e2a9:38967
[2026-03-13T17:39:25.075+0000] {subprocess.py:93} INFO - 26/03/13 17:39:25 INFO BlockManager: Using org.apache.spark.storage.RandomBlockReplicationPolicy for block replication policy
[2026-03-13T17:39:25.080+0000] {subprocess.py:93} INFO - 26/03/13 17:39:25 INFO BlockManagerMaster: Registering BlockManager BlockManagerId(driver, 670d40c6e2a9, 38967, None)
[2026-03-13T17:39:25.084+0000] {subprocess.py:93} INFO - 26/03/13 17:39:25 INFO BlockManagerMasterEndpoint: Registering block manager 670d40c6e2a9:38967 with 434.4 MiB RAM, BlockManagerId(driver, 670d40c6e2a9, 38967, None)
[2026-03-13T17:39:25.086+0000] {subprocess.py:93} INFO - 26/03/13 17:39:25 INFO BlockManagerMaster: Registered BlockManager BlockManagerId(driver, 670d40c6e2a9, 38967, None)
[2026-03-13T17:39:25.087+0000] {subprocess.py:93} INFO - 26/03/13 17:39:25 INFO BlockManager: Initialized BlockManager: BlockManagerId(driver, 670d40c6e2a9, 38967, None)
[2026-03-13T17:39:30.468+0000] {subprocess.py:93} INFO - === Raw Data Schema ===
[2026-03-13T17:39:30.470+0000] {subprocess.py:93} INFO - root
[2026-03-13T17:39:30.471+0000] {subprocess.py:93} INFO -  |-- id: integer (nullable = true)
[2026-03-13T17:39:30.472+0000] {subprocess.py:93} INFO -  |-- name: string (nullable = true)
[2026-03-13T17:39:30.473+0000] {subprocess.py:93} INFO -  |-- amount: integer (nullable = true)
[2026-03-13T17:39:30.474+0000] {subprocess.py:93} INFO - 
[2026-03-13T17:39:30.475+0000] {subprocess.py:93} INFO - === Sample Raw Data ===
[2026-03-13T17:39:30.755+0000] {subprocess.py:93} INFO - +---+-------+------+
[2026-03-13T17:39:30.758+0000] {subprocess.py:93} INFO - |id |name   |amount|
[2026-03-13T17:39:30.759+0000] {subprocess.py:93} INFO - +---+-------+------+
[2026-03-13T17:39:30.760+0000] {subprocess.py:93} INFO - |1  |Alice  |209   |
[2026-03-13T17:39:30.761+0000] {subprocess.py:93} INFO - |2  |Charlie|343   |
[2026-03-13T17:39:30.762+0000] {subprocess.py:93} INFO - |3  |Charlie|359   |
[2026-03-13T17:39:30.763+0000] {subprocess.py:93} INFO - |4  |Alice  |362   |
[2026-03-13T17:39:30.764+0000] {subprocess.py:93} INFO - |5  |Ivy    |150   |
[2026-03-13T17:39:30.765+0000] {subprocess.py:93} INFO - |6  |Grace  |558   |
[2026-03-13T17:39:30.766+0000] {subprocess.py:93} INFO - |7  |Nina   |112   |
[2026-03-13T17:39:30.767+0000] {subprocess.py:93} INFO - |8  |Jack   |589   |
[2026-03-13T17:39:30.768+0000] {subprocess.py:93} INFO - |9  |Bob    |323   |
[2026-03-13T17:39:30.769+0000] {subprocess.py:93} INFO - |10 |Owen   |515   |
[2026-03-13T17:39:30.770+0000] {subprocess.py:93} INFO - |11 |Ivy    |160   |
[2026-03-13T17:39:30.771+0000] {subprocess.py:93} INFO - |12 |Alice  |406   |
[2026-03-13T17:39:30.772+0000] {subprocess.py:93} INFO - |13 |Ivy    |505   |
[2026-03-13T17:39:30.773+0000] {subprocess.py:93} INFO - |14 |Liam   |297   |
[2026-03-13T17:39:30.774+0000] {subprocess.py:93} INFO - |15 |Nina   |431   |
[2026-03-13T17:39:30.775+0000] {subprocess.py:93} INFO - |16 |Alice  |515   |
[2026-03-13T17:39:30.776+0000] {subprocess.py:93} INFO - |17 |Frank  |512   |
[2026-03-13T17:39:30.777+0000] {subprocess.py:93} INFO - |18 |David  |153   |
[2026-03-13T17:39:30.778+0000] {subprocess.py:93} INFO - |19 |Karen  |267   |
[2026-03-13T17:39:30.779+0000] {subprocess.py:93} INFO - |20 |Owen   |317   |
[2026-03-13T17:39:30.780+0000] {subprocess.py:93} INFO - +---+-------+------+
[2026-03-13T17:39:30.781+0000] {subprocess.py:93} INFO - only showing top 20 rows
[2026-03-13T17:39:30.782+0000] {subprocess.py:93} INFO - 
[2026-03-13T17:39:30.855+0000] {subprocess.py:93} INFO - === Processed Data Schema ===
[2026-03-13T17:39:30.856+0000] {subprocess.py:93} INFO - root
[2026-03-13T17:39:30.856+0000] {subprocess.py:93} INFO -  |-- id: integer (nullable = true)
[2026-03-13T17:39:30.857+0000] {subprocess.py:93} INFO -  |-- name: string (nullable = false)
[2026-03-13T17:39:30.857+0000] {subprocess.py:93} INFO -  |-- amount: integer (nullable = true)
[2026-03-13T17:39:30.858+0000] {subprocess.py:93} INFO -  |-- processing_timestamp: timestamp (nullable = false)
[2026-03-13T17:39:30.858+0000] {subprocess.py:93} INFO - 
[2026-03-13T17:39:30.859+0000] {subprocess.py:93} INFO - === Sample Processed Data ===
[2026-03-13T17:39:31.421+0000] {subprocess.py:93} INFO - +---+-------+------+--------------------------+
[2026-03-13T17:39:31.422+0000] {subprocess.py:93} INFO - |id |name   |amount|processing_timestamp      |
[2026-03-13T17:39:31.423+0000] {subprocess.py:93} INFO - +---+-------+------+--------------------------+
[2026-03-13T17:39:31.424+0000] {subprocess.py:93} INFO - |7  |Nina   |112   |2026-03-13 17:39:30.871156|
[2026-03-13T17:39:31.425+0000] {subprocess.py:93} INFO - |4  |Alice  |362   |2026-03-13 17:39:30.871156|
[2026-03-13T17:39:31.426+0000] {subprocess.py:93} INFO - |2  |Charlie|343   |2026-03-13 17:39:30.871156|
[2026-03-13T17:39:31.427+0000] {subprocess.py:93} INFO - |24 |Eva    |267   |2026-03-13 17:39:30.871156|
[2026-03-13T17:39:31.428+0000] {subprocess.py:93} INFO - |25 |Mona   |461   |2026-03-13 17:39:30.871156|
[2026-03-13T17:39:31.429+0000] {subprocess.py:93} INFO - |1  |Alice  |209   |2026-03-13 17:39:30.871156|
[2026-03-13T17:39:31.430+0000] {subprocess.py:93} INFO - |23 |Grace  |112   |2026-03-13 17:39:30.871156|
[2026-03-13T17:39:31.430+0000] {subprocess.py:93} INFO - |12 |Alice  |406   |2026-03-13 17:39:30.871156|
[2026-03-13T17:39:31.431+0000] {subprocess.py:93} INFO - |9  |Bob    |323   |2026-03-13 17:39:30.871156|
[2026-03-13T17:39:31.432+0000] {subprocess.py:93} INFO - |15 |Nina   |431   |2026-03-13 17:39:30.871156|
[2026-03-13T17:39:31.433+0000] {subprocess.py:93} INFO - |3  |Charlie|359   |2026-03-13 17:39:30.871156|
[2026-03-13T17:39:31.434+0000] {subprocess.py:93} INFO - |22 |Bob    |416   |2026-03-13 17:39:30.871156|
[2026-03-13T17:39:31.435+0000] {subprocess.py:93} INFO - |10 |Owen   |515   |2026-03-13 17:39:30.871156|
[2026-03-13T17:39:31.435+0000] {subprocess.py:93} INFO - |20 |Owen   |317   |2026-03-13 17:39:30.871156|
[2026-03-13T17:39:31.436+0000] {subprocess.py:93} INFO - |11 |Ivy    |160   |2026-03-13 17:39:30.871156|
[2026-03-13T17:39:31.437+0000] {subprocess.py:93} INFO - |13 |Ivy    |505   |2026-03-13 17:39:30.871156|
[2026-03-13T17:39:31.438+0000] {subprocess.py:93} INFO - |21 |Frank  |141   |2026-03-13 17:39:30.871156|
[2026-03-13T17:39:31.439+0000] {subprocess.py:93} INFO - |18 |David  |153   |2026-03-13 17:39:30.871156|
[2026-03-13T17:39:31.439+0000] {subprocess.py:93} INFO - |17 |Frank  |512   |2026-03-13 17:39:30.871156|
[2026-03-13T17:39:31.440+0000] {subprocess.py:93} INFO - |8  |Jack   |589   |2026-03-13 17:39:30.871156|
[2026-03-13T17:39:31.441+0000] {subprocess.py:93} INFO - +---+-------+------+--------------------------+
[2026-03-13T17:39:31.441+0000] {subprocess.py:93} INFO - only showing top 20 rows
[2026-03-13T17:39:31.442+0000] {subprocess.py:93} INFO - 
[2026-03-13T17:39:35.150+0000] {subprocess.py:93} INFO - Wrote Parquet output to: /opt/data/output/processed_parquet/
[2026-03-13T17:39:35.151+0000] {subprocess.py:93} INFO - Wrote CSV output to: /opt/data/output/processed_csv/
[2026-03-13T17:39:38.488+0000] {subprocess.py:93} INFO - Source input files retained in /opt/data/input (archiving disabled).
[2026-03-13T17:39:38.970+0000] {subprocess.py:97} INFO - Command exited with return code 0
[2026-03-13T17:39:38.972+0000] {taskinstance.py:441} INFO - ::group::Post task execution logs
[2026-03-13T17:39:39.137+0000] {taskinstance.py:1206} INFO - Marking task as SUCCESS. dag_id=event_trigger_pipeline, task_id=run_spark_job, run_id=manual__2026-03-13T17:36:48+00:00, execution_date=20260313T173648, start_date=20260313T173921, end_date=20260313T173939
[2026-03-13T17:39:39.206+0000] {local_task_job_runner.py:243} INFO - Task exited with return code 0
[2026-03-13T17:39:39.215+0000] {taskinstance.py:3503} INFO - 0 downstream tasks scheduled from follow-on schedule check
[2026-03-13T17:39:39.216+0000] {local_task_job_runner.py:222} INFO - ::endgroup::
