[2026-03-14T04:22:35.055+0000] {local_task_job_runner.py:120} INFO - ::group::Pre task execution logs
[2026-03-14T04:22:35.074+0000] {taskinstance.py:2076} INFO - Dependencies all met for dep_context=non-requeueable deps ti=<TaskInstance: daily_spark_pipeline.run_spark_job manual__2026-03-14T04:22:31.967089+00:00 [queued]>
[2026-03-14T04:22:35.079+0000] {taskinstance.py:2076} INFO - Dependencies all met for dep_context=requeueable deps ti=<TaskInstance: daily_spark_pipeline.run_spark_job manual__2026-03-14T04:22:31.967089+00:00 [queued]>
[2026-03-14T04:22:35.080+0000] {taskinstance.py:2306} INFO - Starting attempt 1 of 2
[2026-03-14T04:22:35.109+0000] {taskinstance.py:2330} INFO - Executing <Task(BashOperator): run_spark_job> on 2026-03-14 04:22:31.967089+00:00
[2026-03-14T04:22:35.113+0000] {standard_task_runner.py:64} INFO - Started process 16332 to run task
[2026-03-14T04:22:35.116+0000] {standard_task_runner.py:90} INFO - Running: ['airflow', 'tasks', 'run', 'daily_spark_pipeline', 'run_spark_job', 'manual__2026-03-14T04:22:31.967089+00:00', '--job-id', '35', '--raw', '--subdir', 'DAGS_FOLDER/daily_pipeline.py', '--cfg-path', '/tmp/tmpmm92wrr_']
[2026-03-14T04:22:35.118+0000] {standard_task_runner.py:91} INFO - Job 35: Subtask run_spark_job
[2026-03-14T04:22:35.203+0000] {task_command.py:426} INFO - Running <TaskInstance: daily_spark_pipeline.run_spark_job manual__2026-03-14T04:22:31.967089+00:00 [running]> on host 670d40c6e2a9
[2026-03-14T04:22:35.295+0000] {taskinstance.py:2648} INFO - Exporting env vars: AIRFLOW_CTX_DAG_OWNER='airflow' AIRFLOW_CTX_DAG_ID='daily_spark_pipeline' AIRFLOW_CTX_TASK_ID='run_spark_job' AIRFLOW_CTX_EXECUTION_DATE='2026-03-14T04:22:31.967089+00:00' AIRFLOW_CTX_TRY_NUMBER='1' AIRFLOW_CTX_DAG_RUN_ID='manual__2026-03-14T04:22:31.967089+00:00'
[2026-03-14T04:22:35.296+0000] {taskinstance.py:430} INFO - ::endgroup::
[2026-03-14T04:22:35.312+0000] {subprocess.py:63} INFO - Tmp dir root location: /tmp
[2026-03-14T04:22:35.315+0000] {subprocess.py:75} INFO - Running command: ['/usr/bin/bash', '-c', 'spark-submit /opt/airflow/spark_jobs/process_data.py']
[2026-03-14T04:22:35.322+0000] {subprocess.py:86} INFO - Output:
[2026-03-14T04:22:35.490+0000] {subprocess.py:93} INFO - /home/airflow/.local/lib/python3.12/site-packages/pyspark/bin/load-spark-env.sh: line 68: ps: command not found
[2026-03-14T04:22:38.807+0000] {subprocess.py:93} INFO - /opt/airflow/spark_jobs/process_data.py:168: DeprecationWarning: datetime.datetime.utcnow() is deprecated and scheduled for removal in a future version. Use timezone-aware objects to represent datetimes in UTC: datetime.datetime.now(datetime.UTC).
[2026-03-14T04:22:38.808+0000] {subprocess.py:93} INFO -   run_id = datetime.utcnow().strftime("%Y%m%d_%H%M%S")
[2026-03-14T04:22:38.907+0000] {subprocess.py:93} INFO - 26/03/14 04:22:38 INFO SparkContext: Running Spark version 3.5.1
[2026-03-14T04:22:38.911+0000] {subprocess.py:93} INFO - 26/03/14 04:22:38 INFO SparkContext: OS info Linux, 6.6.87.2-microsoft-standard-WSL2, amd64
[2026-03-14T04:22:38.911+0000] {subprocess.py:93} INFO - 26/03/14 04:22:38 INFO SparkContext: Java version 17.0.18
[2026-03-14T04:22:39.001+0000] {subprocess.py:93} INFO - 26/03/14 04:22:39 WARN NativeCodeLoader: Unable to load native-hadoop library for your platform... using builtin-java classes where applicable
[2026-03-14T04:22:39.132+0000] {subprocess.py:93} INFO - 26/03/14 04:22:39 INFO ResourceUtils: ==============================================================
[2026-03-14T04:22:39.135+0000] {subprocess.py:93} INFO - 26/03/14 04:22:39 INFO ResourceUtils: No custom resources configured for spark.driver.
[2026-03-14T04:22:39.136+0000] {subprocess.py:93} INFO - 26/03/14 04:22:39 INFO ResourceUtils: ==============================================================
[2026-03-14T04:22:39.137+0000] {subprocess.py:93} INFO - 26/03/14 04:22:39 INFO SparkContext: Submitted application: ProcessData
[2026-03-14T04:22:39.162+0000] {subprocess.py:93} INFO - 26/03/14 04:22:39 INFO ResourceProfile: Default ResourceProfile created, executor resources: Map(cores -> name: cores, amount: 1, script: , vendor: , memory -> name: memory, amount: 1024, script: , vendor: , offHeap -> name: offHeap, amount: 0, script: , vendor: ), task resources: Map(cpus -> name: cpus, amount: 1.0)
[2026-03-14T04:22:39.170+0000] {subprocess.py:93} INFO - 26/03/14 04:22:39 INFO ResourceProfile: Limiting resource is cpu
[2026-03-14T04:22:39.171+0000] {subprocess.py:93} INFO - 26/03/14 04:22:39 INFO ResourceProfileManager: Added ResourceProfile id: 0
[2026-03-14T04:22:39.249+0000] {subprocess.py:93} INFO - 26/03/14 04:22:39 INFO SecurityManager: Changing view acls to: airflow
[2026-03-14T04:22:39.251+0000] {subprocess.py:93} INFO - 26/03/14 04:22:39 INFO SecurityManager: Changing modify acls to: airflow
[2026-03-14T04:22:39.252+0000] {subprocess.py:93} INFO - 26/03/14 04:22:39 INFO SecurityManager: Changing view acls groups to:
[2026-03-14T04:22:39.253+0000] {subprocess.py:93} INFO - 26/03/14 04:22:39 INFO SecurityManager: Changing modify acls groups to:
[2026-03-14T04:22:39.254+0000] {subprocess.py:93} INFO - 26/03/14 04:22:39 INFO SecurityManager: SecurityManager: authentication disabled; ui acls disabled; users with view permissions: airflow; groups with view permissions: EMPTY; users with modify permissions: airflow; groups with modify permissions: EMPTY
[2026-03-14T04:22:39.588+0000] {subprocess.py:93} INFO - 26/03/14 04:22:39 INFO Utils: Successfully started service 'sparkDriver' on port 34641.
[2026-03-14T04:22:39.641+0000] {subprocess.py:93} INFO - 26/03/14 04:22:39 INFO SparkEnv: Registering MapOutputTracker
[2026-03-14T04:22:39.689+0000] {subprocess.py:93} INFO - 26/03/14 04:22:39 INFO SparkEnv: Registering BlockManagerMaster
[2026-03-14T04:22:39.721+0000] {subprocess.py:93} INFO - 26/03/14 04:22:39 INFO BlockManagerMasterEndpoint: Using org.apache.spark.storage.DefaultTopologyMapper for getting topology information
[2026-03-14T04:22:39.722+0000] {subprocess.py:93} INFO - 26/03/14 04:22:39 INFO BlockManagerMasterEndpoint: BlockManagerMasterEndpoint up
[2026-03-14T04:22:39.727+0000] {subprocess.py:93} INFO - 26/03/14 04:22:39 INFO SparkEnv: Registering BlockManagerMasterHeartbeat
[2026-03-14T04:22:39.769+0000] {subprocess.py:93} INFO - 26/03/14 04:22:39 INFO DiskBlockManager: Created local directory at /tmp/blockmgr-55908489-208d-4b36-aa1a-d663c0e95d04
[2026-03-14T04:22:39.790+0000] {subprocess.py:93} INFO - 26/03/14 04:22:39 INFO MemoryStore: MemoryStore started with capacity 434.4 MiB
[2026-03-14T04:22:39.814+0000] {subprocess.py:93} INFO - 26/03/14 04:22:39 INFO SparkEnv: Registering OutputCommitCoordinator
[2026-03-14T04:22:40.008+0000] {subprocess.py:93} INFO - 26/03/14 04:22:40 INFO JettyUtils: Start Jetty 0.0.0.0:4040 for SparkUI
[2026-03-14T04:22:40.100+0000] {subprocess.py:93} INFO - 26/03/14 04:22:40 INFO Utils: Successfully started service 'SparkUI' on port 4040.
[2026-03-14T04:22:40.220+0000] {subprocess.py:93} INFO - 26/03/14 04:22:40 INFO Executor: Starting executor ID driver on host 670d40c6e2a9
[2026-03-14T04:22:40.221+0000] {subprocess.py:93} INFO - 26/03/14 04:22:40 INFO Executor: OS info Linux, 6.6.87.2-microsoft-standard-WSL2, amd64
[2026-03-14T04:22:40.222+0000] {subprocess.py:93} INFO - 26/03/14 04:22:40 INFO Executor: Java version 17.0.18
[2026-03-14T04:22:40.230+0000] {subprocess.py:93} INFO - 26/03/14 04:22:40 INFO Executor: Starting executor with user classpath (userClassPathFirst = false): ''
[2026-03-14T04:22:40.231+0000] {subprocess.py:93} INFO - 26/03/14 04:22:40 INFO Executor: Created or updated repl class loader org.apache.spark.util.MutableURLClassLoader@35081789 for default.
[2026-03-14T04:22:40.255+0000] {subprocess.py:93} INFO - 26/03/14 04:22:40 INFO Utils: Successfully started service 'org.apache.spark.network.netty.NettyBlockTransferService' on port 45873.
[2026-03-14T04:22:40.256+0000] {subprocess.py:93} INFO - 26/03/14 04:22:40 INFO NettyBlockTransferService: Server created on 670d40c6e2a9:45873
[2026-03-14T04:22:40.258+0000] {subprocess.py:93} INFO - 26/03/14 04:22:40 INFO BlockManager: Using org.apache.spark.storage.RandomBlockReplicationPolicy for block replication policy
[2026-03-14T04:22:40.268+0000] {subprocess.py:93} INFO - 26/03/14 04:22:40 INFO BlockManagerMaster: Registering BlockManager BlockManagerId(driver, 670d40c6e2a9, 45873, None)
[2026-03-14T04:22:40.272+0000] {subprocess.py:93} INFO - 26/03/14 04:22:40 INFO BlockManagerMasterEndpoint: Registering block manager 670d40c6e2a9:45873 with 434.4 MiB RAM, BlockManagerId(driver, 670d40c6e2a9, 45873, None)
[2026-03-14T04:22:40.275+0000] {subprocess.py:93} INFO - 26/03/14 04:22:40 INFO BlockManagerMaster: Registered BlockManager BlockManagerId(driver, 670d40c6e2a9, 45873, None)
[2026-03-14T04:22:40.277+0000] {subprocess.py:93} INFO - 26/03/14 04:22:40 INFO BlockManager: Initialized BlockManager: BlockManagerId(driver, 670d40c6e2a9, 45873, None)
[2026-03-14T04:22:46.216+0000] {subprocess.py:93} INFO - === Raw Data Schema ===
[2026-03-14T04:22:46.218+0000] {subprocess.py:93} INFO - root
[2026-03-14T04:22:46.219+0000] {subprocess.py:93} INFO -  |-- id: integer (nullable = true)
[2026-03-14T04:22:46.220+0000] {subprocess.py:93} INFO -  |-- name: string (nullable = true)
[2026-03-14T04:22:46.221+0000] {subprocess.py:93} INFO -  |-- amount: integer (nullable = true)
[2026-03-14T04:22:46.222+0000] {subprocess.py:93} INFO - 
[2026-03-14T04:22:46.223+0000] {subprocess.py:93} INFO - === Sample Raw Data ===
[2026-03-14T04:22:46.429+0000] {subprocess.py:93} INFO - +---+-------+------+
[2026-03-14T04:22:46.430+0000] {subprocess.py:93} INFO - |id |name   |amount|
[2026-03-14T04:22:46.430+0000] {subprocess.py:93} INFO - +---+-------+------+
[2026-03-14T04:22:46.431+0000] {subprocess.py:93} INFO - |999|Trigger|1     |
[2026-03-14T04:22:46.431+0000] {subprocess.py:93} INFO - +---+-------+------+
[2026-03-14T04:22:46.432+0000] {subprocess.py:93} INFO - 
[2026-03-14T04:22:46.500+0000] {subprocess.py:93} INFO - === Processed Data Schema ===
[2026-03-14T04:22:46.501+0000] {subprocess.py:93} INFO - root
[2026-03-14T04:22:46.501+0000] {subprocess.py:93} INFO -  |-- id: integer (nullable = true)
[2026-03-14T04:22:46.502+0000] {subprocess.py:93} INFO -  |-- name: string (nullable = false)
[2026-03-14T04:22:46.503+0000] {subprocess.py:93} INFO -  |-- amount: integer (nullable = true)
[2026-03-14T04:22:46.503+0000] {subprocess.py:93} INFO -  |-- processing_timestamp: timestamp (nullable = false)
[2026-03-14T04:22:46.503+0000] {subprocess.py:93} INFO - 
[2026-03-14T04:22:46.504+0000] {subprocess.py:93} INFO - === Sample Processed Data ===
[2026-03-14T04:22:47.085+0000] {subprocess.py:93} INFO - +---+-------+------+--------------------------+
[2026-03-14T04:22:47.091+0000] {subprocess.py:93} INFO - |id |name   |amount|processing_timestamp      |
[2026-03-14T04:22:47.091+0000] {subprocess.py:93} INFO - +---+-------+------+--------------------------+
[2026-03-14T04:22:47.092+0000] {subprocess.py:93} INFO - |999|Trigger|1     |2026-03-14 04:22:46.516184|
[2026-03-14T04:22:47.093+0000] {subprocess.py:93} INFO - +---+-------+------+--------------------------+
[2026-03-14T04:22:47.094+0000] {subprocess.py:93} INFO - 
[2026-03-14T04:22:51.725+0000] {subprocess.py:93} INFO - Wrote Parquet output to: /opt/data/output/processed_parquet/
[2026-03-14T04:22:51.726+0000] {subprocess.py:93} INFO - Wrote CSV output to: /opt/data/output/processed_csv/
[2026-03-14T04:22:51.727+0000] {subprocess.py:93} INFO - Wrote Clean CSV output to: /opt/data/clean_data_csv/
[2026-03-14T04:22:54.040+0000] {subprocess.py:93} INFO - Source input files retained in /opt/data/input (archiving disabled).
[2026-03-14T04:22:54.664+0000] {subprocess.py:97} INFO - Command exited with return code 0
[2026-03-14T04:22:54.666+0000] {taskinstance.py:441} INFO - ::group::Post task execution logs
[2026-03-14T04:22:54.698+0000] {taskinstance.py:1206} INFO - Marking task as SUCCESS. dag_id=daily_spark_pipeline, task_id=run_spark_job, run_id=manual__2026-03-14T04:22:31.967089+00:00, execution_date=20260314T042231, start_date=20260314T042235, end_date=20260314T042254
[2026-03-14T04:22:54.878+0000] {local_task_job_runner.py:243} INFO - Task exited with return code 0
[2026-03-14T04:22:54.887+0000] {taskinstance.py:3503} INFO - 0 downstream tasks scheduled from follow-on schedule check
[2026-03-14T04:22:54.888+0000] {local_task_job_runner.py:222} INFO - ::endgroup::
