[2026-03-13T17:43:22.656+0000] {local_task_job_runner.py:120} INFO - ::group::Pre task execution logs
[2026-03-13T17:43:22.674+0000] {taskinstance.py:2076} INFO - Dependencies all met for dep_context=non-requeueable deps ti=<TaskInstance: event_trigger_pipeline.run_spark_job manual__2026-03-13T17:43:19.173865+00:00 [queued]>
[2026-03-13T17:43:22.679+0000] {taskinstance.py:2076} INFO - Dependencies all met for dep_context=requeueable deps ti=<TaskInstance: event_trigger_pipeline.run_spark_job manual__2026-03-13T17:43:19.173865+00:00 [queued]>
[2026-03-13T17:43:22.680+0000] {taskinstance.py:2306} INFO - Starting attempt 1 of 2
[2026-03-13T17:43:22.707+0000] {taskinstance.py:2330} INFO - Executing <Task(BashOperator): run_spark_job> on 2026-03-13 17:43:19.173865+00:00
[2026-03-13T17:43:22.711+0000] {standard_task_runner.py:64} INFO - Started process 8575 to run task
[2026-03-13T17:43:22.715+0000] {standard_task_runner.py:90} INFO - Running: ['airflow', 'tasks', 'run', 'event_trigger_pipeline', 'run_spark_job', 'manual__2026-03-13T17:43:19.173865+00:00', '--job-id', '20', '--raw', '--subdir', 'DAGS_FOLDER/event_trigger_pipeline.py', '--cfg-path', '/tmp/tmpnshtd7ga']
[2026-03-13T17:43:22.717+0000] {standard_task_runner.py:91} INFO - Job 20: Subtask run_spark_job
[2026-03-13T17:43:22.805+0000] {task_command.py:426} INFO - Running <TaskInstance: event_trigger_pipeline.run_spark_job manual__2026-03-13T17:43:19.173865+00:00 [running]> on host 670d40c6e2a9
[2026-03-13T17:43:22.898+0000] {taskinstance.py:2648} INFO - Exporting env vars: AIRFLOW_CTX_DAG_OWNER='airflow' AIRFLOW_CTX_DAG_ID='event_trigger_pipeline' AIRFLOW_CTX_TASK_ID='run_spark_job' AIRFLOW_CTX_EXECUTION_DATE='2026-03-13T17:43:19.173865+00:00' AIRFLOW_CTX_TRY_NUMBER='1' AIRFLOW_CTX_DAG_RUN_ID='manual__2026-03-13T17:43:19.173865+00:00'
[2026-03-13T17:43:22.899+0000] {taskinstance.py:430} INFO - ::endgroup::
[2026-03-13T17:43:22.912+0000] {subprocess.py:63} INFO - Tmp dir root location: /tmp
[2026-03-13T17:43:22.913+0000] {subprocess.py:75} INFO - Running command: ['/usr/bin/bash', '-c', 'spark-submit --master local[*] /opt/airflow/spark_jobs/process_data.py']
[2026-03-13T17:43:22.922+0000] {subprocess.py:86} INFO - Output:
[2026-03-13T17:43:22.992+0000] {subprocess.py:93} INFO - /home/airflow/.local/lib/python3.12/site-packages/pyspark/bin/load-spark-env.sh: line 68: ps: command not found
[2026-03-13T17:43:25.471+0000] {subprocess.py:93} INFO - /opt/airflow/spark_jobs/process_data.py:163: DeprecationWarning: datetime.datetime.utcnow() is deprecated and scheduled for removal in a future version. Use timezone-aware objects to represent datetimes in UTC: datetime.datetime.now(datetime.UTC).
[2026-03-13T17:43:25.472+0000] {subprocess.py:93} INFO -   run_id = datetime.utcnow().strftime("%Y%m%d_%H%M%S")
[2026-03-13T17:43:25.534+0000] {subprocess.py:93} INFO - 26/03/13 17:43:25 INFO SparkContext: Running Spark version 3.5.1
[2026-03-13T17:43:25.536+0000] {subprocess.py:93} INFO - 26/03/13 17:43:25 INFO SparkContext: OS info Linux, 6.6.87.2-microsoft-standard-WSL2, amd64
[2026-03-13T17:43:25.537+0000] {subprocess.py:93} INFO - 26/03/13 17:43:25 INFO SparkContext: Java version 17.0.18
[2026-03-13T17:43:25.574+0000] {subprocess.py:93} INFO - 26/03/13 17:43:25 WARN NativeCodeLoader: Unable to load native-hadoop library for your platform... using builtin-java classes where applicable
[2026-03-13T17:43:25.642+0000] {subprocess.py:93} INFO - 26/03/13 17:43:25 INFO ResourceUtils: ==============================================================
[2026-03-13T17:43:25.643+0000] {subprocess.py:93} INFO - 26/03/13 17:43:25 INFO ResourceUtils: No custom resources configured for spark.driver.
[2026-03-13T17:43:25.644+0000] {subprocess.py:93} INFO - 26/03/13 17:43:25 INFO ResourceUtils: ==============================================================
[2026-03-13T17:43:25.644+0000] {subprocess.py:93} INFO - 26/03/13 17:43:25 INFO SparkContext: Submitted application: ProcessData
[2026-03-13T17:43:25.660+0000] {subprocess.py:93} INFO - 26/03/13 17:43:25 INFO ResourceProfile: Default ResourceProfile created, executor resources: Map(cores -> name: cores, amount: 1, script: , vendor: , memory -> name: memory, amount: 1024, script: , vendor: , offHeap -> name: offHeap, amount: 0, script: , vendor: ), task resources: Map(cpus -> name: cpus, amount: 1.0)
[2026-03-13T17:43:25.666+0000] {subprocess.py:93} INFO - 26/03/13 17:43:25 INFO ResourceProfile: Limiting resource is cpu
[2026-03-13T17:43:25.668+0000] {subprocess.py:93} INFO - 26/03/13 17:43:25 INFO ResourceProfileManager: Added ResourceProfile id: 0
[2026-03-13T17:43:25.709+0000] {subprocess.py:93} INFO - 26/03/13 17:43:25 INFO SecurityManager: Changing view acls to: airflow
[2026-03-13T17:43:25.710+0000] {subprocess.py:93} INFO - 26/03/13 17:43:25 INFO SecurityManager: Changing modify acls to: airflow
[2026-03-13T17:43:25.711+0000] {subprocess.py:93} INFO - 26/03/13 17:43:25 INFO SecurityManager: Changing view acls groups to:
[2026-03-13T17:43:25.712+0000] {subprocess.py:93} INFO - 26/03/13 17:43:25 INFO SecurityManager: Changing modify acls groups to:
[2026-03-13T17:43:25.712+0000] {subprocess.py:93} INFO - 26/03/13 17:43:25 INFO SecurityManager: SecurityManager: authentication disabled; ui acls disabled; users with view permissions: airflow; groups with view permissions: EMPTY; users with modify permissions: airflow; groups with modify permissions: EMPTY
[2026-03-13T17:43:25.906+0000] {subprocess.py:93} INFO - 26/03/13 17:43:25 INFO Utils: Successfully started service 'sparkDriver' on port 37397.
[2026-03-13T17:43:25.932+0000] {subprocess.py:93} INFO - 26/03/13 17:43:25 INFO SparkEnv: Registering MapOutputTracker
[2026-03-13T17:43:25.961+0000] {subprocess.py:93} INFO - 26/03/13 17:43:25 INFO SparkEnv: Registering BlockManagerMaster
[2026-03-13T17:43:25.976+0000] {subprocess.py:93} INFO - 26/03/13 17:43:25 INFO BlockManagerMasterEndpoint: Using org.apache.spark.storage.DefaultTopologyMapper for getting topology information
[2026-03-13T17:43:25.977+0000] {subprocess.py:93} INFO - 26/03/13 17:43:25 INFO BlockManagerMasterEndpoint: BlockManagerMasterEndpoint up
[2026-03-13T17:43:25.982+0000] {subprocess.py:93} INFO - 26/03/13 17:43:25 INFO SparkEnv: Registering BlockManagerMasterHeartbeat
[2026-03-13T17:43:25.997+0000] {subprocess.py:93} INFO - 26/03/13 17:43:25 INFO DiskBlockManager: Created local directory at /tmp/blockmgr-302ebcbb-57d6-49c1-955a-051dec54d2b6
[2026-03-13T17:43:26.009+0000] {subprocess.py:93} INFO - 26/03/13 17:43:26 INFO MemoryStore: MemoryStore started with capacity 434.4 MiB
[2026-03-13T17:43:26.026+0000] {subprocess.py:93} INFO - 26/03/13 17:43:26 INFO SparkEnv: Registering OutputCommitCoordinator
[2026-03-13T17:43:26.156+0000] {subprocess.py:93} INFO - 26/03/13 17:43:26 INFO JettyUtils: Start Jetty 0.0.0.0:4040 for SparkUI
[2026-03-13T17:43:26.233+0000] {subprocess.py:93} INFO - 26/03/13 17:43:26 INFO Utils: Successfully started service 'SparkUI' on port 4040.
[2026-03-13T17:43:26.362+0000] {subprocess.py:93} INFO - 26/03/13 17:43:26 INFO Executor: Starting executor ID driver on host 670d40c6e2a9
[2026-03-13T17:43:26.363+0000] {subprocess.py:93} INFO - 26/03/13 17:43:26 INFO Executor: OS info Linux, 6.6.87.2-microsoft-standard-WSL2, amd64
[2026-03-13T17:43:26.364+0000] {subprocess.py:93} INFO - 26/03/13 17:43:26 INFO Executor: Java version 17.0.18
[2026-03-13T17:43:26.372+0000] {subprocess.py:93} INFO - 26/03/13 17:43:26 INFO Executor: Starting executor with user classpath (userClassPathFirst = false): ''
[2026-03-13T17:43:26.374+0000] {subprocess.py:93} INFO - 26/03/13 17:43:26 INFO Executor: Created or updated repl class loader org.apache.spark.util.MutableURLClassLoader@35081789 for default.
[2026-03-13T17:43:26.395+0000] {subprocess.py:93} INFO - 26/03/13 17:43:26 INFO Utils: Successfully started service 'org.apache.spark.network.netty.NettyBlockTransferService' on port 37955.
[2026-03-13T17:43:26.396+0000] {subprocess.py:93} INFO - 26/03/13 17:43:26 INFO NettyBlockTransferService: Server created on 670d40c6e2a9:37955
[2026-03-13T17:43:26.397+0000] {subprocess.py:93} INFO - 26/03/13 17:43:26 INFO BlockManager: Using org.apache.spark.storage.RandomBlockReplicationPolicy for block replication policy
[2026-03-13T17:43:26.402+0000] {subprocess.py:93} INFO - 26/03/13 17:43:26 INFO BlockManagerMaster: Registering BlockManager BlockManagerId(driver, 670d40c6e2a9, 37955, None)
[2026-03-13T17:43:26.405+0000] {subprocess.py:93} INFO - 26/03/13 17:43:26 INFO BlockManagerMasterEndpoint: Registering block manager 670d40c6e2a9:37955 with 434.4 MiB RAM, BlockManagerId(driver, 670d40c6e2a9, 37955, None)
[2026-03-13T17:43:26.411+0000] {subprocess.py:93} INFO - 26/03/13 17:43:26 INFO BlockManagerMaster: Registered BlockManager BlockManagerId(driver, 670d40c6e2a9, 37955, None)
[2026-03-13T17:43:26.412+0000] {subprocess.py:93} INFO - 26/03/13 17:43:26 INFO BlockManager: Initialized BlockManager: BlockManagerId(driver, 670d40c6e2a9, 37955, None)
[2026-03-13T17:43:31.497+0000] {subprocess.py:93} INFO - === Raw Data Schema ===
[2026-03-13T17:43:31.503+0000] {subprocess.py:93} INFO - root
[2026-03-13T17:43:31.504+0000] {subprocess.py:93} INFO -  |-- id: integer (nullable = true)
[2026-03-13T17:43:31.505+0000] {subprocess.py:93} INFO -  |-- name: string (nullable = true)
[2026-03-13T17:43:31.507+0000] {subprocess.py:93} INFO -  |-- amount: integer (nullable = true)
[2026-03-13T17:43:31.508+0000] {subprocess.py:93} INFO - 
[2026-03-13T17:43:31.509+0000] {subprocess.py:93} INFO - === Sample Raw Data ===
[2026-03-13T17:43:31.847+0000] {subprocess.py:93} INFO - +---+-------+------+
[2026-03-13T17:43:31.848+0000] {subprocess.py:93} INFO - |id |name   |amount|
[2026-03-13T17:43:31.849+0000] {subprocess.py:93} INFO - +---+-------+------+
[2026-03-13T17:43:31.849+0000] {subprocess.py:93} INFO - |1  |Alice  |209   |
[2026-03-13T17:43:31.850+0000] {subprocess.py:93} INFO - |2  |Charlie|343   |
[2026-03-13T17:43:31.851+0000] {subprocess.py:93} INFO - |3  |Charlie|359   |
[2026-03-13T17:43:31.851+0000] {subprocess.py:93} INFO - |4  |Alice  |362   |
[2026-03-13T17:43:31.852+0000] {subprocess.py:93} INFO - |5  |Ivy    |150   |
[2026-03-13T17:43:31.852+0000] {subprocess.py:93} INFO - |6  |Grace  |558   |
[2026-03-13T17:43:31.853+0000] {subprocess.py:93} INFO - |7  |Nina   |112   |
[2026-03-13T17:43:31.854+0000] {subprocess.py:93} INFO - |8  |Jack   |589   |
[2026-03-13T17:43:31.854+0000] {subprocess.py:93} INFO - |9  |Bob    |323   |
[2026-03-13T17:43:31.855+0000] {subprocess.py:93} INFO - |10 |Owen   |515   |
[2026-03-13T17:43:31.856+0000] {subprocess.py:93} INFO - |11 |Ivy    |160   |
[2026-03-13T17:43:31.856+0000] {subprocess.py:93} INFO - |12 |Alice  |406   |
[2026-03-13T17:43:31.857+0000] {subprocess.py:93} INFO - |13 |Ivy    |505   |
[2026-03-13T17:43:31.858+0000] {subprocess.py:93} INFO - |14 |Liam   |297   |
[2026-03-13T17:43:31.858+0000] {subprocess.py:93} INFO - |15 |Nina   |431   |
[2026-03-13T17:43:31.859+0000] {subprocess.py:93} INFO - |16 |Alice  |515   |
[2026-03-13T17:43:31.859+0000] {subprocess.py:93} INFO - |17 |Frank  |512   |
[2026-03-13T17:43:31.859+0000] {subprocess.py:93} INFO - |18 |David  |153   |
[2026-03-13T17:43:31.860+0000] {subprocess.py:93} INFO - |19 |Karen  |267   |
[2026-03-13T17:43:31.861+0000] {subprocess.py:93} INFO - |20 |Owen   |317   |
[2026-03-13T17:43:31.861+0000] {subprocess.py:93} INFO - +---+-------+------+
[2026-03-13T17:43:31.862+0000] {subprocess.py:93} INFO - only showing top 20 rows
[2026-03-13T17:43:31.863+0000] {subprocess.py:93} INFO - 
[2026-03-13T17:43:31.924+0000] {subprocess.py:93} INFO - === Processed Data Schema ===
[2026-03-13T17:43:31.925+0000] {subprocess.py:93} INFO - root
[2026-03-13T17:43:31.926+0000] {subprocess.py:93} INFO -  |-- id: integer (nullable = true)
[2026-03-13T17:43:31.926+0000] {subprocess.py:93} INFO -  |-- name: string (nullable = false)
[2026-03-13T17:43:31.927+0000] {subprocess.py:93} INFO -  |-- amount: integer (nullable = true)
[2026-03-13T17:43:31.927+0000] {subprocess.py:93} INFO -  |-- processing_timestamp: timestamp (nullable = false)
[2026-03-13T17:43:31.928+0000] {subprocess.py:93} INFO - 
[2026-03-13T17:43:31.928+0000] {subprocess.py:93} INFO - === Sample Processed Data ===
[2026-03-13T17:43:32.553+0000] {subprocess.py:93} INFO - +---+-------+------+--------------------------+
[2026-03-13T17:43:32.554+0000] {subprocess.py:93} INFO - |id |name   |amount|processing_timestamp      |
[2026-03-13T17:43:32.556+0000] {subprocess.py:93} INFO - +---+-------+------+--------------------------+
[2026-03-13T17:43:32.559+0000] {subprocess.py:93} INFO - |7  |Nina   |112   |2026-03-13 17:43:31.942624|
[2026-03-13T17:43:32.560+0000] {subprocess.py:93} INFO - |4  |Alice  |362   |2026-03-13 17:43:31.942624|
[2026-03-13T17:43:32.561+0000] {subprocess.py:93} INFO - |2  |Charlie|343   |2026-03-13 17:43:31.942624|
[2026-03-13T17:43:32.562+0000] {subprocess.py:93} INFO - |24 |Eva    |267   |2026-03-13 17:43:31.942624|
[2026-03-13T17:43:32.563+0000] {subprocess.py:93} INFO - |25 |Mona   |461   |2026-03-13 17:43:31.942624|
[2026-03-13T17:43:32.563+0000] {subprocess.py:93} INFO - |1  |Alice  |209   |2026-03-13 17:43:31.942624|
[2026-03-13T17:43:32.564+0000] {subprocess.py:93} INFO - |23 |Grace  |112   |2026-03-13 17:43:31.942624|
[2026-03-13T17:43:32.564+0000] {subprocess.py:93} INFO - |12 |Alice  |406   |2026-03-13 17:43:31.942624|
[2026-03-13T17:43:32.565+0000] {subprocess.py:93} INFO - |9  |Bob    |323   |2026-03-13 17:43:31.942624|
[2026-03-13T17:43:32.566+0000] {subprocess.py:93} INFO - |15 |Nina   |431   |2026-03-13 17:43:31.942624|
[2026-03-13T17:43:32.566+0000] {subprocess.py:93} INFO - |3  |Charlie|359   |2026-03-13 17:43:31.942624|
[2026-03-13T17:43:32.567+0000] {subprocess.py:93} INFO - |22 |Bob    |416   |2026-03-13 17:43:31.942624|
[2026-03-13T17:43:32.569+0000] {subprocess.py:93} INFO - |10 |Owen   |515   |2026-03-13 17:43:31.942624|
[2026-03-13T17:43:32.570+0000] {subprocess.py:93} INFO - |20 |Owen   |317   |2026-03-13 17:43:31.942624|
[2026-03-13T17:43:32.571+0000] {subprocess.py:93} INFO - |11 |Ivy    |160   |2026-03-13 17:43:31.942624|
[2026-03-13T17:43:32.571+0000] {subprocess.py:93} INFO - |13 |Ivy    |505   |2026-03-13 17:43:31.942624|
[2026-03-13T17:43:32.572+0000] {subprocess.py:93} INFO - |21 |Frank  |141   |2026-03-13 17:43:31.942624|
[2026-03-13T17:43:32.573+0000] {subprocess.py:93} INFO - |18 |David  |153   |2026-03-13 17:43:31.942624|
[2026-03-13T17:43:32.573+0000] {subprocess.py:93} INFO - |17 |Frank  |512   |2026-03-13 17:43:31.942624|
[2026-03-13T17:43:32.574+0000] {subprocess.py:93} INFO - |8  |Jack   |589   |2026-03-13 17:43:31.942624|
[2026-03-13T17:43:32.575+0000] {subprocess.py:93} INFO - +---+-------+------+--------------------------+
[2026-03-13T17:43:32.576+0000] {subprocess.py:93} INFO - only showing top 20 rows
[2026-03-13T17:43:32.576+0000] {subprocess.py:93} INFO - 
[2026-03-13T17:43:35.470+0000] {subprocess.py:93} INFO - Wrote Parquet output to: /opt/data/output/processed_parquet/
[2026-03-13T17:43:35.470+0000] {subprocess.py:93} INFO - Wrote CSV output to: /opt/data/output/processed_csv/
[2026-03-13T17:43:37.701+0000] {subprocess.py:93} INFO - Source input files retained in /opt/data/input (archiving disabled).
[2026-03-13T17:43:38.293+0000] {subprocess.py:97} INFO - Command exited with return code 0
[2026-03-13T17:43:38.294+0000] {taskinstance.py:441} INFO - ::group::Post task execution logs
[2026-03-13T17:43:38.326+0000] {taskinstance.py:1206} INFO - Marking task as SUCCESS. dag_id=event_trigger_pipeline, task_id=run_spark_job, run_id=manual__2026-03-13T17:43:19.173865+00:00, execution_date=20260313T174319, start_date=20260313T174322, end_date=20260313T174338
[2026-03-13T17:43:38.366+0000] {local_task_job_runner.py:243} INFO - Task exited with return code 0
[2026-03-13T17:43:38.375+0000] {taskinstance.py:3503} INFO - 0 downstream tasks scheduled from follow-on schedule check
[2026-03-13T17:43:38.376+0000] {local_task_job_runner.py:222} INFO - ::endgroup::
