[2026-03-14T04:39:55.158+0000] {local_task_job_runner.py:120} INFO - ::group::Pre task execution logs
[2026-03-14T04:39:55.179+0000] {taskinstance.py:2076} INFO - Dependencies all met for dep_context=non-requeueable deps ti=<TaskInstance: event_trigger_pipeline.run_spark_job manual__2026-03-14T04:39:51.214257+00:00 [queued]>
[2026-03-14T04:39:55.185+0000] {taskinstance.py:2076} INFO - Dependencies all met for dep_context=requeueable deps ti=<TaskInstance: event_trigger_pipeline.run_spark_job manual__2026-03-14T04:39:51.214257+00:00 [queued]>
[2026-03-14T04:39:55.186+0000] {taskinstance.py:2306} INFO - Starting attempt 1 of 2
[2026-03-14T04:39:55.219+0000] {taskinstance.py:2330} INFO - Executing <Task(BashOperator): run_spark_job> on 2026-03-14 04:39:51.214257+00:00
[2026-03-14T04:39:55.223+0000] {standard_task_runner.py:64} INFO - Started process 21558 to run task
[2026-03-14T04:39:55.226+0000] {standard_task_runner.py:90} INFO - Running: ['airflow', 'tasks', 'run', 'event_trigger_pipeline', 'run_spark_job', 'manual__2026-03-14T04:39:51.214257+00:00', '--job-id', '46', '--raw', '--subdir', 'DAGS_FOLDER/event_trigger_pipeline.py', '--cfg-path', '/tmp/tmp7nk9nlef']
[2026-03-14T04:39:55.229+0000] {standard_task_runner.py:91} INFO - Job 46: Subtask run_spark_job
[2026-03-14T04:39:55.316+0000] {task_command.py:426} INFO - Running <TaskInstance: event_trigger_pipeline.run_spark_job manual__2026-03-14T04:39:51.214257+00:00 [running]> on host 670d40c6e2a9
[2026-03-14T04:39:55.410+0000] {taskinstance.py:2648} INFO - Exporting env vars: AIRFLOW_CTX_DAG_OWNER='airflow' AIRFLOW_CTX_DAG_ID='event_trigger_pipeline' AIRFLOW_CTX_TASK_ID='run_spark_job' AIRFLOW_CTX_EXECUTION_DATE='2026-03-14T04:39:51.214257+00:00' AIRFLOW_CTX_TRY_NUMBER='1' AIRFLOW_CTX_DAG_RUN_ID='manual__2026-03-14T04:39:51.214257+00:00'
[2026-03-14T04:39:55.411+0000] {taskinstance.py:430} INFO - ::endgroup::
[2026-03-14T04:39:55.428+0000] {subprocess.py:63} INFO - Tmp dir root location: /tmp
[2026-03-14T04:39:55.429+0000] {subprocess.py:75} INFO - Running command: ['/usr/bin/bash', '-c', 'spark-submit --master local[*] /opt/airflow/spark_jobs/process_data.py']
[2026-03-14T04:39:55.436+0000] {subprocess.py:86} INFO - Output:
[2026-03-14T04:39:55.513+0000] {subprocess.py:93} INFO - /home/airflow/.local/lib/python3.12/site-packages/pyspark/bin/load-spark-env.sh: line 68: ps: command not found
[2026-03-14T04:39:58.126+0000] {subprocess.py:93} INFO - 26/03/14 04:39:58 INFO SparkContext: Running Spark version 3.5.1
[2026-03-14T04:39:58.128+0000] {subprocess.py:93} INFO - 26/03/14 04:39:58 INFO SparkContext: OS info Linux, 6.6.87.2-microsoft-standard-WSL2, amd64
[2026-03-14T04:39:58.129+0000] {subprocess.py:93} INFO - 26/03/14 04:39:58 INFO SparkContext: Java version 17.0.18
[2026-03-14T04:39:58.204+0000] {subprocess.py:93} INFO - 26/03/14 04:39:58 WARN NativeCodeLoader: Unable to load native-hadoop library for your platform... using builtin-java classes where applicable
[2026-03-14T04:39:58.287+0000] {subprocess.py:93} INFO - 26/03/14 04:39:58 INFO ResourceUtils: ==============================================================
[2026-03-14T04:39:58.289+0000] {subprocess.py:93} INFO - 26/03/14 04:39:58 INFO ResourceUtils: No custom resources configured for spark.driver.
[2026-03-14T04:39:58.289+0000] {subprocess.py:93} INFO - 26/03/14 04:39:58 INFO ResourceUtils: ==============================================================
[2026-03-14T04:39:58.290+0000] {subprocess.py:93} INFO - 26/03/14 04:39:58 INFO SparkContext: Submitted application: ProcessAmazonOrders
[2026-03-14T04:39:58.309+0000] {subprocess.py:93} INFO - 26/03/14 04:39:58 INFO ResourceProfile: Default ResourceProfile created, executor resources: Map(cores -> name: cores, amount: 1, script: , vendor: , memory -> name: memory, amount: 1024, script: , vendor: , offHeap -> name: offHeap, amount: 0, script: , vendor: ), task resources: Map(cpus -> name: cpus, amount: 1.0)
[2026-03-14T04:39:58.317+0000] {subprocess.py:93} INFO - 26/03/14 04:39:58 INFO ResourceProfile: Limiting resource is cpu
[2026-03-14T04:39:58.318+0000] {subprocess.py:93} INFO - 26/03/14 04:39:58 INFO ResourceProfileManager: Added ResourceProfile id: 0
[2026-03-14T04:39:58.368+0000] {subprocess.py:93} INFO - 26/03/14 04:39:58 INFO SecurityManager: Changing view acls to: airflow
[2026-03-14T04:39:58.369+0000] {subprocess.py:93} INFO - 26/03/14 04:39:58 INFO SecurityManager: Changing modify acls to: airflow
[2026-03-14T04:39:58.370+0000] {subprocess.py:93} INFO - 26/03/14 04:39:58 INFO SecurityManager: Changing view acls groups to:
[2026-03-14T04:39:58.371+0000] {subprocess.py:93} INFO - 26/03/14 04:39:58 INFO SecurityManager: Changing modify acls groups to:
[2026-03-14T04:39:58.372+0000] {subprocess.py:93} INFO - 26/03/14 04:39:58 INFO SecurityManager: SecurityManager: authentication disabled; ui acls disabled; users with view permissions: airflow; groups with view permissions: EMPTY; users with modify permissions: airflow; groups with modify permissions: EMPTY
[2026-03-14T04:39:58.652+0000] {subprocess.py:93} INFO - 26/03/14 04:39:58 INFO Utils: Successfully started service 'sparkDriver' on port 39001.
[2026-03-14T04:39:58.680+0000] {subprocess.py:93} INFO - 26/03/14 04:39:58 INFO SparkEnv: Registering MapOutputTracker
[2026-03-14T04:39:58.720+0000] {subprocess.py:93} INFO - 26/03/14 04:39:58 INFO SparkEnv: Registering BlockManagerMaster
[2026-03-14T04:39:58.738+0000] {subprocess.py:93} INFO - 26/03/14 04:39:58 INFO BlockManagerMasterEndpoint: Using org.apache.spark.storage.DefaultTopologyMapper for getting topology information
[2026-03-14T04:39:58.739+0000] {subprocess.py:93} INFO - 26/03/14 04:39:58 INFO BlockManagerMasterEndpoint: BlockManagerMasterEndpoint up
[2026-03-14T04:39:58.747+0000] {subprocess.py:93} INFO - 26/03/14 04:39:58 INFO SparkEnv: Registering BlockManagerMasterHeartbeat
[2026-03-14T04:39:58.768+0000] {subprocess.py:93} INFO - 26/03/14 04:39:58 INFO DiskBlockManager: Created local directory at /tmp/blockmgr-1f352d3b-7c83-48c4-a989-37694e86b358
[2026-03-14T04:39:58.786+0000] {subprocess.py:93} INFO - 26/03/14 04:39:58 INFO MemoryStore: MemoryStore started with capacity 434.4 MiB
[2026-03-14T04:39:58.811+0000] {subprocess.py:93} INFO - 26/03/14 04:39:58 INFO SparkEnv: Registering OutputCommitCoordinator
[2026-03-14T04:39:58.933+0000] {subprocess.py:93} INFO - 26/03/14 04:39:58 INFO JettyUtils: Start Jetty 0.0.0.0:4040 for SparkUI
[2026-03-14T04:39:58.985+0000] {subprocess.py:93} INFO - 26/03/14 04:39:58 INFO Utils: Successfully started service 'SparkUI' on port 4040.
[2026-03-14T04:39:59.083+0000] {subprocess.py:93} INFO - 26/03/14 04:39:59 INFO Executor: Starting executor ID driver on host 670d40c6e2a9
[2026-03-14T04:39:59.084+0000] {subprocess.py:93} INFO - 26/03/14 04:39:59 INFO Executor: OS info Linux, 6.6.87.2-microsoft-standard-WSL2, amd64
[2026-03-14T04:39:59.085+0000] {subprocess.py:93} INFO - 26/03/14 04:39:59 INFO Executor: Java version 17.0.18
[2026-03-14T04:39:59.092+0000] {subprocess.py:93} INFO - 26/03/14 04:39:59 INFO Executor: Starting executor with user classpath (userClassPathFirst = false): ''
[2026-03-14T04:39:59.093+0000] {subprocess.py:93} INFO - 26/03/14 04:39:59 INFO Executor: Created or updated repl class loader org.apache.spark.util.MutableURLClassLoader@2a7603a6 for default.
[2026-03-14T04:39:59.110+0000] {subprocess.py:93} INFO - 26/03/14 04:39:59 INFO Utils: Successfully started service 'org.apache.spark.network.netty.NettyBlockTransferService' on port 41399.
[2026-03-14T04:39:59.111+0000] {subprocess.py:93} INFO - 26/03/14 04:39:59 INFO NettyBlockTransferService: Server created on 670d40c6e2a9:41399
[2026-03-14T04:39:59.112+0000] {subprocess.py:93} INFO - 26/03/14 04:39:59 INFO BlockManager: Using org.apache.spark.storage.RandomBlockReplicationPolicy for block replication policy
[2026-03-14T04:39:59.117+0000] {subprocess.py:93} INFO - 26/03/14 04:39:59 INFO BlockManagerMaster: Registering BlockManager BlockManagerId(driver, 670d40c6e2a9, 41399, None)
[2026-03-14T04:39:59.120+0000] {subprocess.py:93} INFO - 26/03/14 04:39:59 INFO BlockManagerMasterEndpoint: Registering block manager 670d40c6e2a9:41399 with 434.4 MiB RAM, BlockManagerId(driver, 670d40c6e2a9, 41399, None)
[2026-03-14T04:39:59.123+0000] {subprocess.py:93} INFO - 26/03/14 04:39:59 INFO BlockManagerMaster: Registered BlockManager BlockManagerId(driver, 670d40c6e2a9, 41399, None)
[2026-03-14T04:39:59.125+0000] {subprocess.py:93} INFO - 26/03/14 04:39:59 INFO BlockManager: Initialized BlockManager: BlockManagerId(driver, 670d40c6e2a9, 41399, None)
[2026-03-14T04:40:08.088+0000] {subprocess.py:93} INFO - 26/03/14 04:40:08 WARN SparkStringUtils: Truncated the string representation of a plan since it was too large. This behavior can be adjusted by setting 'spark.sql.debug.maxToStringFields'.
[2026-03-14T04:40:16.357+0000] {subprocess.py:93} INFO - Run ID: 20260314_043959
[2026-03-14T04:40:16.362+0000] {subprocess.py:93} INFO - Raw rows: 756
[2026-03-14T04:40:16.363+0000] {subprocess.py:93} INFO - Clean rows: 552
[2026-03-14T04:40:16.364+0000] {subprocess.py:93} INFO - Invalid rows: 168
[2026-03-14T04:40:16.365+0000] {subprocess.py:93} INFO - Duplicate rows: 72
[2026-03-14T04:40:16.365+0000] {subprocess.py:93} INFO - Processed CSV path: /opt/data/output/processed_csv
[2026-03-14T04:40:16.365+0000] {subprocess.py:93} INFO - Clean CSV path: /opt/data/clean_data_csv
[2026-03-14T04:40:16.366+0000] {subprocess.py:93} INFO - Reports path: /opt/data/output/reports
[2026-03-14T04:40:16.943+0000] {subprocess.py:97} INFO - Command exited with return code 0
[2026-03-14T04:40:16.945+0000] {taskinstance.py:441} INFO - ::group::Post task execution logs
[2026-03-14T04:40:16.979+0000] {taskinstance.py:1206} INFO - Marking task as SUCCESS. dag_id=event_trigger_pipeline, task_id=run_spark_job, run_id=manual__2026-03-14T04:39:51.214257+00:00, execution_date=20260314T043951, start_date=20260314T043955, end_date=20260314T044016
[2026-03-14T04:40:17.026+0000] {local_task_job_runner.py:243} INFO - Task exited with return code 0
[2026-03-14T04:40:17.033+0000] {taskinstance.py:3503} INFO - 0 downstream tasks scheduled from follow-on schedule check
[2026-03-14T04:40:17.034+0000] {local_task_job_runner.py:222} INFO - ::endgroup::
