[2026-03-14T04:44:26.103+0000] {local_task_job_runner.py:120} INFO - ::group::Pre task execution logs
[2026-03-14T04:44:26.124+0000] {taskinstance.py:2076} INFO - Dependencies all met for dep_context=non-requeueable deps ti=<TaskInstance: event_trigger_pipeline.run_spark_job manual__2026-03-14T04:44:22+00:00 [queued]>
[2026-03-14T04:44:26.130+0000] {taskinstance.py:2076} INFO - Dependencies all met for dep_context=requeueable deps ti=<TaskInstance: event_trigger_pipeline.run_spark_job manual__2026-03-14T04:44:22+00:00 [queued]>
[2026-03-14T04:44:26.131+0000] {taskinstance.py:2306} INFO - Starting attempt 1 of 2
[2026-03-14T04:44:26.162+0000] {taskinstance.py:2330} INFO - Executing <Task(BashOperator): run_spark_job> on 2026-03-14 04:44:22+00:00
[2026-03-14T04:44:26.166+0000] {standard_task_runner.py:64} INFO - Started process 23692 to run task
[2026-03-14T04:44:26.169+0000] {standard_task_runner.py:90} INFO - Running: ['airflow', 'tasks', 'run', 'event_trigger_pipeline', 'run_spark_job', 'manual__2026-03-14T04:44:22+00:00', '--job-id', '47', '--raw', '--subdir', 'DAGS_FOLDER/event_trigger_pipeline.py', '--cfg-path', '/tmp/tmpj7q4rxxu']
[2026-03-14T04:44:26.171+0000] {standard_task_runner.py:91} INFO - Job 47: Subtask run_spark_job
[2026-03-14T04:44:26.251+0000] {task_command.py:426} INFO - Running <TaskInstance: event_trigger_pipeline.run_spark_job manual__2026-03-14T04:44:22+00:00 [running]> on host 670d40c6e2a9
[2026-03-14T04:44:26.347+0000] {taskinstance.py:2648} INFO - Exporting env vars: AIRFLOW_CTX_DAG_OWNER='airflow' AIRFLOW_CTX_DAG_ID='event_trigger_pipeline' AIRFLOW_CTX_TASK_ID='run_spark_job' AIRFLOW_CTX_EXECUTION_DATE='2026-03-14T04:44:22+00:00' AIRFLOW_CTX_TRY_NUMBER='1' AIRFLOW_CTX_DAG_RUN_ID='manual__2026-03-14T04:44:22+00:00'
[2026-03-14T04:44:26.348+0000] {taskinstance.py:430} INFO - ::endgroup::
[2026-03-14T04:44:26.363+0000] {subprocess.py:63} INFO - Tmp dir root location: /tmp
[2026-03-14T04:44:26.364+0000] {subprocess.py:75} INFO - Running command: ['/usr/bin/bash', '-c', 'spark-submit --master local[*] /opt/airflow/spark_jobs/process_data.py']
[2026-03-14T04:44:26.372+0000] {subprocess.py:86} INFO - Output:
[2026-03-14T04:44:26.449+0000] {subprocess.py:93} INFO - /home/airflow/.local/lib/python3.12/site-packages/pyspark/bin/load-spark-env.sh: line 68: ps: command not found
[2026-03-14T04:44:29.268+0000] {subprocess.py:93} INFO - 26/03/14 04:44:29 INFO SparkContext: Running Spark version 3.5.1
[2026-03-14T04:44:29.276+0000] {subprocess.py:93} INFO - 26/03/14 04:44:29 INFO SparkContext: OS info Linux, 6.6.87.2-microsoft-standard-WSL2, amd64
[2026-03-14T04:44:29.277+0000] {subprocess.py:93} INFO - 26/03/14 04:44:29 INFO SparkContext: Java version 17.0.18
[2026-03-14T04:44:29.334+0000] {subprocess.py:93} INFO - 26/03/14 04:44:29 WARN NativeCodeLoader: Unable to load native-hadoop library for your platform... using builtin-java classes where applicable
[2026-03-14T04:44:29.424+0000] {subprocess.py:93} INFO - 26/03/14 04:44:29 INFO ResourceUtils: ==============================================================
[2026-03-14T04:44:29.424+0000] {subprocess.py:93} INFO - 26/03/14 04:44:29 INFO ResourceUtils: No custom resources configured for spark.driver.
[2026-03-14T04:44:29.425+0000] {subprocess.py:93} INFO - 26/03/14 04:44:29 INFO ResourceUtils: ==============================================================
[2026-03-14T04:44:29.426+0000] {subprocess.py:93} INFO - 26/03/14 04:44:29 INFO SparkContext: Submitted application: ProcessAmazonOrders
[2026-03-14T04:44:29.443+0000] {subprocess.py:93} INFO - 26/03/14 04:44:29 INFO ResourceProfile: Default ResourceProfile created, executor resources: Map(cores -> name: cores, amount: 1, script: , vendor: , memory -> name: memory, amount: 1024, script: , vendor: , offHeap -> name: offHeap, amount: 0, script: , vendor: ), task resources: Map(cpus -> name: cpus, amount: 1.0)
[2026-03-14T04:44:29.449+0000] {subprocess.py:93} INFO - 26/03/14 04:44:29 INFO ResourceProfile: Limiting resource is cpu
[2026-03-14T04:44:29.450+0000] {subprocess.py:93} INFO - 26/03/14 04:44:29 INFO ResourceProfileManager: Added ResourceProfile id: 0
[2026-03-14T04:44:29.502+0000] {subprocess.py:93} INFO - 26/03/14 04:44:29 INFO SecurityManager: Changing view acls to: airflow
[2026-03-14T04:44:29.503+0000] {subprocess.py:93} INFO - 26/03/14 04:44:29 INFO SecurityManager: Changing modify acls to: airflow
[2026-03-14T04:44:29.504+0000] {subprocess.py:93} INFO - 26/03/14 04:44:29 INFO SecurityManager: Changing view acls groups to:
[2026-03-14T04:44:29.505+0000] {subprocess.py:93} INFO - 26/03/14 04:44:29 INFO SecurityManager: Changing modify acls groups to:
[2026-03-14T04:44:29.506+0000] {subprocess.py:93} INFO - 26/03/14 04:44:29 INFO SecurityManager: SecurityManager: authentication disabled; ui acls disabled; users with view permissions: airflow; groups with view permissions: EMPTY; users with modify permissions: airflow; groups with modify permissions: EMPTY
[2026-03-14T04:44:29.733+0000] {subprocess.py:93} INFO - 26/03/14 04:44:29 INFO Utils: Successfully started service 'sparkDriver' on port 44431.
[2026-03-14T04:44:29.761+0000] {subprocess.py:93} INFO - 26/03/14 04:44:29 INFO SparkEnv: Registering MapOutputTracker
[2026-03-14T04:44:29.800+0000] {subprocess.py:93} INFO - 26/03/14 04:44:29 INFO SparkEnv: Registering BlockManagerMaster
[2026-03-14T04:44:29.815+0000] {subprocess.py:93} INFO - 26/03/14 04:44:29 INFO BlockManagerMasterEndpoint: Using org.apache.spark.storage.DefaultTopologyMapper for getting topology information
[2026-03-14T04:44:29.817+0000] {subprocess.py:93} INFO - 26/03/14 04:44:29 INFO BlockManagerMasterEndpoint: BlockManagerMasterEndpoint up
[2026-03-14T04:44:29.822+0000] {subprocess.py:93} INFO - 26/03/14 04:44:29 INFO SparkEnv: Registering BlockManagerMasterHeartbeat
[2026-03-14T04:44:29.845+0000] {subprocess.py:93} INFO - 26/03/14 04:44:29 INFO DiskBlockManager: Created local directory at /tmp/blockmgr-fb77999a-5653-493f-8b54-f8b2970033f5
[2026-03-14T04:44:29.857+0000] {subprocess.py:93} INFO - 26/03/14 04:44:29 INFO MemoryStore: MemoryStore started with capacity 434.4 MiB
[2026-03-14T04:44:29.877+0000] {subprocess.py:93} INFO - 26/03/14 04:44:29 INFO SparkEnv: Registering OutputCommitCoordinator
[2026-03-14T04:44:29.979+0000] {subprocess.py:93} INFO - 26/03/14 04:44:29 INFO JettyUtils: Start Jetty 0.0.0.0:4040 for SparkUI
[2026-03-14T04:44:30.039+0000] {subprocess.py:93} INFO - 26/03/14 04:44:30 INFO Utils: Successfully started service 'SparkUI' on port 4040.
[2026-03-14T04:44:30.131+0000] {subprocess.py:93} INFO - 26/03/14 04:44:30 INFO Executor: Starting executor ID driver on host 670d40c6e2a9
[2026-03-14T04:44:30.133+0000] {subprocess.py:93} INFO - 26/03/14 04:44:30 INFO Executor: OS info Linux, 6.6.87.2-microsoft-standard-WSL2, amd64
[2026-03-14T04:44:30.133+0000] {subprocess.py:93} INFO - 26/03/14 04:44:30 INFO Executor: Java version 17.0.18
[2026-03-14T04:44:30.143+0000] {subprocess.py:93} INFO - 26/03/14 04:44:30 INFO Executor: Starting executor with user classpath (userClassPathFirst = false): ''
[2026-03-14T04:44:30.144+0000] {subprocess.py:93} INFO - 26/03/14 04:44:30 INFO Executor: Created or updated repl class loader org.apache.spark.util.MutableURLClassLoader@35081789 for default.
[2026-03-14T04:44:30.165+0000] {subprocess.py:93} INFO - 26/03/14 04:44:30 INFO Utils: Successfully started service 'org.apache.spark.network.netty.NettyBlockTransferService' on port 37669.
[2026-03-14T04:44:30.166+0000] {subprocess.py:93} INFO - 26/03/14 04:44:30 INFO NettyBlockTransferService: Server created on 670d40c6e2a9:37669
[2026-03-14T04:44:30.167+0000] {subprocess.py:93} INFO - 26/03/14 04:44:30 INFO BlockManager: Using org.apache.spark.storage.RandomBlockReplicationPolicy for block replication policy
[2026-03-14T04:44:30.171+0000] {subprocess.py:93} INFO - 26/03/14 04:44:30 INFO BlockManagerMaster: Registering BlockManager BlockManagerId(driver, 670d40c6e2a9, 37669, None)
[2026-03-14T04:44:30.174+0000] {subprocess.py:93} INFO - 26/03/14 04:44:30 INFO BlockManagerMasterEndpoint: Registering block manager 670d40c6e2a9:37669 with 434.4 MiB RAM, BlockManagerId(driver, 670d40c6e2a9, 37669, None)
[2026-03-14T04:44:30.176+0000] {subprocess.py:93} INFO - 26/03/14 04:44:30 INFO BlockManagerMaster: Registered BlockManager BlockManagerId(driver, 670d40c6e2a9, 37669, None)
[2026-03-14T04:44:30.178+0000] {subprocess.py:93} INFO - 26/03/14 04:44:30 INFO BlockManager: Initialized BlockManager: BlockManagerId(driver, 670d40c6e2a9, 37669, None)
[2026-03-14T04:44:43.090+0000] {subprocess.py:93} INFO - 26/03/14 04:44:43 WARN SparkStringUtils: Truncated the string representation of a plan since it was too large. This behavior can be adjusted by setting 'spark.sql.debug.maxToStringFields'.
[2026-03-14T04:45:05.576+0000] {subprocess.py:93} INFO - Run ID: 20260314_044430
[2026-03-14T04:45:05.578+0000] {subprocess.py:93} INFO - Raw rows: 756
[2026-03-14T04:45:05.579+0000] {subprocess.py:93} INFO - Clean rows: 552
[2026-03-14T04:45:05.580+0000] {subprocess.py:93} INFO - Invalid rows: 168
[2026-03-14T04:45:05.580+0000] {subprocess.py:93} INFO - Duplicate rows: 72
[2026-03-14T04:45:05.581+0000] {subprocess.py:93} INFO - Processed CSV path: /opt/data/output/processed_csv
[2026-03-14T04:45:05.582+0000] {subprocess.py:93} INFO - Clean CSV path: /opt/data/clean_data_csv
[2026-03-14T04:45:05.582+0000] {subprocess.py:93} INFO - Reports path: /opt/data/output/reports
[2026-03-14T04:45:06.104+0000] {subprocess.py:97} INFO - Command exited with return code 0
[2026-03-14T04:45:06.106+0000] {taskinstance.py:441} INFO - ::group::Post task execution logs
[2026-03-14T04:45:06.157+0000] {taskinstance.py:1206} INFO - Marking task as SUCCESS. dag_id=event_trigger_pipeline, task_id=run_spark_job, run_id=manual__2026-03-14T04:44:22+00:00, execution_date=20260314T044422, start_date=20260314T044426, end_date=20260314T044506
[2026-03-14T04:45:06.224+0000] {local_task_job_runner.py:243} INFO - Task exited with return code 0
[2026-03-14T04:45:06.241+0000] {taskinstance.py:3503} INFO - 0 downstream tasks scheduled from follow-on schedule check
[2026-03-14T04:45:06.245+0000] {local_task_job_runner.py:222} INFO - ::endgroup::
