[2026-03-13T16:05:38.144+0000] {local_task_job_runner.py:120} INFO - ::group::Pre task execution logs
[2026-03-13T16:05:38.170+0000] {taskinstance.py:2076} INFO - Dependencies all met for dep_context=non-requeueable deps ti=<TaskInstance: event_trigger_pipeline.run_spark_job manual__2026-03-13T16:04:57.094535+00:00 [queued]>
[2026-03-13T16:05:38.176+0000] {taskinstance.py:2076} INFO - Dependencies all met for dep_context=requeueable deps ti=<TaskInstance: event_trigger_pipeline.run_spark_job manual__2026-03-13T16:04:57.094535+00:00 [queued]>
[2026-03-13T16:05:38.177+0000] {taskinstance.py:2306} INFO - Starting attempt 1 of 2
[2026-03-13T16:05:38.203+0000] {taskinstance.py:2330} INFO - Executing <Task(BashOperator): run_spark_job> on 2026-03-13 16:04:57.094535+00:00
[2026-03-13T16:05:38.208+0000] {standard_task_runner.py:64} INFO - Started process 658 to run task
[2026-03-13T16:05:38.211+0000] {standard_task_runner.py:90} INFO - Running: ['airflow', 'tasks', 'run', 'event_trigger_pipeline', 'run_spark_job', 'manual__2026-03-13T16:04:57.094535+00:00', '--job-id', '5', '--raw', '--subdir', 'DAGS_FOLDER/event_trigger_pipeline.py', '--cfg-path', '/tmp/tmpxm_z29fx']
[2026-03-13T16:05:38.213+0000] {standard_task_runner.py:91} INFO - Job 5: Subtask run_spark_job
[2026-03-13T16:05:38.305+0000] {task_command.py:426} INFO - Running <TaskInstance: event_trigger_pipeline.run_spark_job manual__2026-03-13T16:04:57.094535+00:00 [running]> on host 670d40c6e2a9
[2026-03-13T16:05:38.404+0000] {taskinstance.py:2648} INFO - Exporting env vars: AIRFLOW_CTX_DAG_OWNER='airflow' AIRFLOW_CTX_DAG_ID='event_trigger_pipeline' AIRFLOW_CTX_TASK_ID='run_spark_job' AIRFLOW_CTX_EXECUTION_DATE='2026-03-13T16:04:57.094535+00:00' AIRFLOW_CTX_TRY_NUMBER='1' AIRFLOW_CTX_DAG_RUN_ID='manual__2026-03-13T16:04:57.094535+00:00'
[2026-03-13T16:05:38.404+0000] {taskinstance.py:430} INFO - ::endgroup::
[2026-03-13T16:05:38.422+0000] {subprocess.py:63} INFO - Tmp dir root location: /tmp
[2026-03-13T16:05:38.424+0000] {subprocess.py:75} INFO - Running command: ['/usr/bin/bash', '-c', 'spark-submit --master local[*] /opt/airflow/spark_jobs/process_data.py']
[2026-03-13T16:05:38.434+0000] {subprocess.py:86} INFO - Output:
[2026-03-13T16:05:38.514+0000] {subprocess.py:93} INFO - /home/airflow/.local/lib/python3.12/site-packages/pyspark/bin/load-spark-env.sh: line 68: ps: command not found
[2026-03-13T16:05:41.395+0000] {subprocess.py:93} INFO - 26/03/13 16:05:41 INFO SparkContext: Running Spark version 3.5.1
[2026-03-13T16:05:41.398+0000] {subprocess.py:93} INFO - 26/03/13 16:05:41 INFO SparkContext: OS info Linux, 6.6.87.2-microsoft-standard-WSL2, amd64
[2026-03-13T16:05:41.399+0000] {subprocess.py:93} INFO - 26/03/13 16:05:41 INFO SparkContext: Java version 17.0.18
[2026-03-13T16:05:41.483+0000] {subprocess.py:93} INFO - 26/03/13 16:05:41 WARN NativeCodeLoader: Unable to load native-hadoop library for your platform... using builtin-java classes where applicable
[2026-03-13T16:05:41.614+0000] {subprocess.py:93} INFO - 26/03/13 16:05:41 INFO ResourceUtils: ==============================================================
[2026-03-13T16:05:41.615+0000] {subprocess.py:93} INFO - 26/03/13 16:05:41 INFO ResourceUtils: No custom resources configured for spark.driver.
[2026-03-13T16:05:41.616+0000] {subprocess.py:93} INFO - 26/03/13 16:05:41 INFO ResourceUtils: ==============================================================
[2026-03-13T16:05:41.617+0000] {subprocess.py:93} INFO - 26/03/13 16:05:41 INFO SparkContext: Submitted application: ProcessData
[2026-03-13T16:05:41.642+0000] {subprocess.py:93} INFO - 26/03/13 16:05:41 INFO ResourceProfile: Default ResourceProfile created, executor resources: Map(cores -> name: cores, amount: 1, script: , vendor: , memory -> name: memory, amount: 1024, script: , vendor: , offHeap -> name: offHeap, amount: 0, script: , vendor: ), task resources: Map(cpus -> name: cpus, amount: 1.0)
[2026-03-13T16:05:41.649+0000] {subprocess.py:93} INFO - 26/03/13 16:05:41 INFO ResourceProfile: Limiting resource is cpu
[2026-03-13T16:05:41.652+0000] {subprocess.py:93} INFO - 26/03/13 16:05:41 INFO ResourceProfileManager: Added ResourceProfile id: 0
[2026-03-13T16:05:41.708+0000] {subprocess.py:93} INFO - 26/03/13 16:05:41 INFO SecurityManager: Changing view acls to: airflow
[2026-03-13T16:05:41.709+0000] {subprocess.py:93} INFO - 26/03/13 16:05:41 INFO SecurityManager: Changing modify acls to: airflow
[2026-03-13T16:05:41.715+0000] {subprocess.py:93} INFO - 26/03/13 16:05:41 INFO SecurityManager: Changing view acls groups to:
[2026-03-13T16:05:41.716+0000] {subprocess.py:93} INFO - 26/03/13 16:05:41 INFO SecurityManager: Changing modify acls groups to:
[2026-03-13T16:05:41.717+0000] {subprocess.py:93} INFO - 26/03/13 16:05:41 INFO SecurityManager: SecurityManager: authentication disabled; ui acls disabled; users with view permissions: airflow; groups with view permissions: EMPTY; users with modify permissions: airflow; groups with modify permissions: EMPTY
[2026-03-13T16:05:41.971+0000] {subprocess.py:93} INFO - 26/03/13 16:05:41 INFO Utils: Successfully started service 'sparkDriver' on port 35551.
[2026-03-13T16:05:42.001+0000] {subprocess.py:93} INFO - 26/03/13 16:05:42 INFO SparkEnv: Registering MapOutputTracker
[2026-03-13T16:05:42.037+0000] {subprocess.py:93} INFO - 26/03/13 16:05:42 INFO SparkEnv: Registering BlockManagerMaster
[2026-03-13T16:05:42.053+0000] {subprocess.py:93} INFO - 26/03/13 16:05:42 INFO BlockManagerMasterEndpoint: Using org.apache.spark.storage.DefaultTopologyMapper for getting topology information
[2026-03-13T16:05:42.055+0000] {subprocess.py:93} INFO - 26/03/13 16:05:42 INFO BlockManagerMasterEndpoint: BlockManagerMasterEndpoint up
[2026-03-13T16:05:42.061+0000] {subprocess.py:93} INFO - 26/03/13 16:05:42 INFO SparkEnv: Registering BlockManagerMasterHeartbeat
[2026-03-13T16:05:42.083+0000] {subprocess.py:93} INFO - 26/03/13 16:05:42 INFO DiskBlockManager: Created local directory at /tmp/blockmgr-24e91cd6-e0de-49fa-a534-cf21f451d196
[2026-03-13T16:05:42.098+0000] {subprocess.py:93} INFO - 26/03/13 16:05:42 INFO MemoryStore: MemoryStore started with capacity 434.4 MiB
[2026-03-13T16:05:42.121+0000] {subprocess.py:93} INFO - 26/03/13 16:05:42 INFO SparkEnv: Registering OutputCommitCoordinator
[2026-03-13T16:05:42.245+0000] {subprocess.py:93} INFO - 26/03/13 16:05:42 INFO JettyUtils: Start Jetty 0.0.0.0:4040 for SparkUI
[2026-03-13T16:05:42.320+0000] {subprocess.py:93} INFO - 26/03/13 16:05:42 INFO Utils: Successfully started service 'SparkUI' on port 4040.
[2026-03-13T16:05:42.416+0000] {subprocess.py:93} INFO - 26/03/13 16:05:42 INFO Executor: Starting executor ID driver on host 670d40c6e2a9
[2026-03-13T16:05:42.417+0000] {subprocess.py:93} INFO - 26/03/13 16:05:42 INFO Executor: OS info Linux, 6.6.87.2-microsoft-standard-WSL2, amd64
[2026-03-13T16:05:42.418+0000] {subprocess.py:93} INFO - 26/03/13 16:05:42 INFO Executor: Java version 17.0.18
[2026-03-13T16:05:42.423+0000] {subprocess.py:93} INFO - 26/03/13 16:05:42 INFO Executor: Starting executor with user classpath (userClassPathFirst = false): ''
[2026-03-13T16:05:42.425+0000] {subprocess.py:93} INFO - 26/03/13 16:05:42 INFO Executor: Created or updated repl class loader org.apache.spark.util.MutableURLClassLoader@531e9e53 for default.
[2026-03-13T16:05:42.444+0000] {subprocess.py:93} INFO - 26/03/13 16:05:42 INFO Utils: Successfully started service 'org.apache.spark.network.netty.NettyBlockTransferService' on port 45953.
[2026-03-13T16:05:42.445+0000] {subprocess.py:93} INFO - 26/03/13 16:05:42 INFO NettyBlockTransferService: Server created on 670d40c6e2a9:45953
[2026-03-13T16:05:42.447+0000] {subprocess.py:93} INFO - 26/03/13 16:05:42 INFO BlockManager: Using org.apache.spark.storage.RandomBlockReplicationPolicy for block replication policy
[2026-03-13T16:05:42.451+0000] {subprocess.py:93} INFO - 26/03/13 16:05:42 INFO BlockManagerMaster: Registering BlockManager BlockManagerId(driver, 670d40c6e2a9, 45953, None)
[2026-03-13T16:05:42.454+0000] {subprocess.py:93} INFO - 26/03/13 16:05:42 INFO BlockManagerMasterEndpoint: Registering block manager 670d40c6e2a9:45953 with 434.4 MiB RAM, BlockManagerId(driver, 670d40c6e2a9, 45953, None)
[2026-03-13T16:05:42.456+0000] {subprocess.py:93} INFO - 26/03/13 16:05:42 INFO BlockManagerMaster: Registered BlockManager BlockManagerId(driver, 670d40c6e2a9, 45953, None)
[2026-03-13T16:05:42.457+0000] {subprocess.py:93} INFO - 26/03/13 16:05:42 INFO BlockManager: Initialized BlockManager: BlockManagerId(driver, 670d40c6e2a9, 45953, None)
[2026-03-13T16:05:47.695+0000] {subprocess.py:93} INFO - === Raw Data Schema ===
[2026-03-13T16:05:47.698+0000] {subprocess.py:93} INFO - root
[2026-03-13T16:05:47.699+0000] {subprocess.py:93} INFO -  |-- id: integer (nullable = true)
[2026-03-13T16:05:47.700+0000] {subprocess.py:93} INFO -  |-- name: string (nullable = true)
[2026-03-13T16:05:47.701+0000] {subprocess.py:93} INFO -  |-- amount: integer (nullable = true)
[2026-03-13T16:05:47.701+0000] {subprocess.py:93} INFO - 
[2026-03-13T16:05:47.702+0000] {subprocess.py:93} INFO - === Sample Raw Data ===
[2026-03-13T16:05:47.994+0000] {subprocess.py:93} INFO - +---+-------+------+
[2026-03-13T16:05:47.995+0000] {subprocess.py:93} INFO - |id |name   |amount|
[2026-03-13T16:05:47.996+0000] {subprocess.py:93} INFO - +---+-------+------+
[2026-03-13T16:05:47.997+0000] {subprocess.py:93} INFO - |1  |Alice  |100   |
[2026-03-13T16:05:47.998+0000] {subprocess.py:93} INFO - |2  |Bob    |200   |
[2026-03-13T16:05:47.999+0000] {subprocess.py:93} INFO - |3  |Charlie|300   |
[2026-03-13T16:05:48.000+0000] {subprocess.py:93} INFO - +---+-------+------+
[2026-03-13T16:05:48.001+0000] {subprocess.py:93} INFO - 
[2026-03-13T16:05:48.121+0000] {subprocess.py:93} INFO - === Processed Data Schema ===
[2026-03-13T16:05:48.122+0000] {subprocess.py:93} INFO - root
[2026-03-13T16:05:48.123+0000] {subprocess.py:93} INFO -  |-- id: integer (nullable = true)
[2026-03-13T16:05:48.123+0000] {subprocess.py:93} INFO -  |-- name: string (nullable = false)
[2026-03-13T16:05:48.124+0000] {subprocess.py:93} INFO -  |-- amount: integer (nullable = true)
[2026-03-13T16:05:48.125+0000] {subprocess.py:93} INFO -  |-- processing_timestamp: timestamp (nullable = false)
[2026-03-13T16:05:48.126+0000] {subprocess.py:93} INFO - 
[2026-03-13T16:05:48.126+0000] {subprocess.py:93} INFO - === Sample Processed Data ===
[2026-03-13T16:05:49.024+0000] {subprocess.py:93} INFO - +---+-------+------+--------------------------+
[2026-03-13T16:05:49.025+0000] {subprocess.py:93} INFO - |id |name   |amount|processing_timestamp      |
[2026-03-13T16:05:49.026+0000] {subprocess.py:93} INFO - +---+-------+------+--------------------------+
[2026-03-13T16:05:49.026+0000] {subprocess.py:93} INFO - |1  |Alice  |100   |2026-03-13 16:05:48.143417|
[2026-03-13T16:05:49.027+0000] {subprocess.py:93} INFO - |2  |Bob    |200   |2026-03-13 16:05:48.143417|
[2026-03-13T16:05:49.028+0000] {subprocess.py:93} INFO - |3  |Charlie|300   |2026-03-13 16:05:48.143417|
[2026-03-13T16:05:49.029+0000] {subprocess.py:93} INFO - +---+-------+------+--------------------------+
[2026-03-13T16:05:49.030+0000] {subprocess.py:93} INFO - 
[2026-03-13T16:05:49.312+0000] {subprocess.py:93} INFO - Delta write unavailable (An error occurred while calling o50.save.
[2026-03-13T16:05:49.313+0000] {subprocess.py:93} INFO - : org.apache.spark.SparkClassNotFoundException: [DATA_SOURCE_NOT_FOUND] Failed to find the data source: delta. Please find packages at `https://spark.apache.org/third-party-projects.html`.
[2026-03-13T16:05:49.314+0000] {subprocess.py:93} INFO - 	at org.apache.spark.sql.errors.QueryExecutionErrors$.dataSourceNotFoundError(QueryExecutionErrors.scala:724)
[2026-03-13T16:05:49.315+0000] {subprocess.py:93} INFO - 	at org.apache.spark.sql.execution.datasources.DataSource$.lookupDataSource(DataSource.scala:647)
[2026-03-13T16:05:49.315+0000] {subprocess.py:93} INFO - 	at org.apache.spark.sql.execution.datasources.DataSource$.lookupDataSourceV2(DataSource.scala:697)
[2026-03-13T16:05:49.317+0000] {subprocess.py:93} INFO - 	at org.apache.spark.sql.DataFrameWriter.lookupV2Provider(DataFrameWriter.scala:863)
[2026-03-13T16:05:49.318+0000] {subprocess.py:93} INFO - 	at org.apache.spark.sql.DataFrameWriter.saveInternal(DataFrameWriter.scala:257)
[2026-03-13T16:05:49.318+0000] {subprocess.py:93} INFO - 	at org.apache.spark.sql.DataFrameWriter.save(DataFrameWriter.scala:240)
[2026-03-13T16:05:49.319+0000] {subprocess.py:93} INFO - 	at java.base/jdk.internal.reflect.NativeMethodAccessorImpl.invoke0(Native Method)
[2026-03-13T16:05:49.319+0000] {subprocess.py:93} INFO - 	at java.base/jdk.internal.reflect.NativeMethodAccessorImpl.invoke(NativeMethodAccessorImpl.java:77)
[2026-03-13T16:05:49.320+0000] {subprocess.py:93} INFO - 	at java.base/jdk.internal.reflect.DelegatingMethodAccessorImpl.invoke(DelegatingMethodAccessorImpl.java:43)
[2026-03-13T16:05:49.320+0000] {subprocess.py:93} INFO - 	at java.base/java.lang.reflect.Method.invoke(Method.java:569)
[2026-03-13T16:05:49.321+0000] {subprocess.py:93} INFO - 	at py4j.reflection.MethodInvoker.invoke(MethodInvoker.java:244)
[2026-03-13T16:05:49.321+0000] {subprocess.py:93} INFO - 	at py4j.reflection.ReflectionEngine.invoke(ReflectionEngine.java:374)
[2026-03-13T16:05:49.322+0000] {subprocess.py:93} INFO - 	at py4j.Gateway.invoke(Gateway.java:282)
[2026-03-13T16:05:49.323+0000] {subprocess.py:93} INFO - 	at py4j.commands.AbstractCommand.invokeMethod(AbstractCommand.java:132)
[2026-03-13T16:05:49.323+0000] {subprocess.py:93} INFO - 	at py4j.commands.CallCommand.execute(CallCommand.java:79)
[2026-03-13T16:05:49.324+0000] {subprocess.py:93} INFO - 	at py4j.ClientServerConnection.waitForCommands(ClientServerConnection.java:182)
[2026-03-13T16:05:49.324+0000] {subprocess.py:93} INFO - 	at py4j.ClientServerConnection.run(ClientServerConnection.java:106)
[2026-03-13T16:05:49.325+0000] {subprocess.py:93} INFO - 	at java.base/java.lang.Thread.run(Thread.java:840)
[2026-03-13T16:05:49.326+0000] {subprocess.py:93} INFO - Caused by: java.lang.ClassNotFoundException: delta.DefaultSource
[2026-03-13T16:05:49.326+0000] {subprocess.py:93} INFO - 	at java.base/java.net.URLClassLoader.findClass(URLClassLoader.java:445)
[2026-03-13T16:05:49.327+0000] {subprocess.py:93} INFO - 	at java.base/java.lang.ClassLoader.loadClass(ClassLoader.java:592)
[2026-03-13T16:05:49.327+0000] {subprocess.py:93} INFO - 	at java.base/java.lang.ClassLoader.loadClass(ClassLoader.java:525)
[2026-03-13T16:05:49.328+0000] {subprocess.py:93} INFO - 	at org.apache.spark.sql.execution.datasources.DataSource$.$anonfun$lookupDataSource$5(DataSource.scala:633)
[2026-03-13T16:05:49.328+0000] {subprocess.py:93} INFO - 	at scala.util.Try$.apply(Try.scala:213)
[2026-03-13T16:05:49.329+0000] {subprocess.py:93} INFO - 	at org.apache.spark.sql.execution.datasources.DataSource$.$anonfun$lookupDataSource$4(DataSource.scala:633)
[2026-03-13T16:05:49.329+0000] {subprocess.py:93} INFO - 	at scala.util.Failure.orElse(Try.scala:224)
[2026-03-13T16:05:49.330+0000] {subprocess.py:93} INFO - 	at org.apache.spark.sql.execution.datasources.DataSource$.lookupDataSource(DataSource.scala:633)
[2026-03-13T16:05:49.331+0000] {subprocess.py:93} INFO - 	... 16 more
[2026-03-13T16:05:49.332+0000] {subprocess.py:93} INFO - ). Writing Parquet to /opt/data/output/processed_parquet/
[2026-03-13T16:05:52.989+0000] {subprocess.py:97} INFO - Command exited with return code 0
[2026-03-13T16:05:52.991+0000] {taskinstance.py:441} INFO - ::group::Post task execution logs
[2026-03-13T16:05:53.026+0000] {taskinstance.py:1206} INFO - Marking task as SUCCESS. dag_id=event_trigger_pipeline, task_id=run_spark_job, run_id=manual__2026-03-13T16:04:57.094535+00:00, execution_date=20260313T160457, start_date=20260313T160538, end_date=20260313T160553
[2026-03-13T16:05:53.269+0000] {local_task_job_runner.py:243} INFO - Task exited with return code 0
[2026-03-13T16:05:53.281+0000] {taskinstance.py:3503} INFO - 0 downstream tasks scheduled from follow-on schedule check
[2026-03-13T16:05:53.282+0000] {local_task_job_runner.py:222} INFO - ::endgroup::
