[2026-03-14T02:55:00.243+0000] {local_task_job_runner.py:120} INFO - ::group::Pre task execution logs
[2026-03-14T02:55:00.281+0000] {taskinstance.py:2076} INFO - Dependencies all met for dep_context=non-requeueable deps ti=<TaskInstance: event_trigger_pipeline.run_spark_job manual__2026-03-14T02:54:46.865297+00:00 [queued]>
[2026-03-14T02:55:00.294+0000] {taskinstance.py:2076} INFO - Dependencies all met for dep_context=requeueable deps ti=<TaskInstance: event_trigger_pipeline.run_spark_job manual__2026-03-14T02:54:46.865297+00:00 [queued]>
[2026-03-14T02:55:00.295+0000] {taskinstance.py:2306} INFO - Starting attempt 1 of 2
[2026-03-14T02:55:00.342+0000] {taskinstance.py:2330} INFO - Executing <Task(BashOperator): run_spark_job> on 2026-03-14 02:54:46.865297+00:00
[2026-03-14T02:55:00.350+0000] {standard_task_runner.py:64} INFO - Started process 14287 to run task
[2026-03-14T02:55:00.354+0000] {standard_task_runner.py:90} INFO - Running: ['airflow', 'tasks', 'run', 'event_trigger_pipeline', 'run_spark_job', 'manual__2026-03-14T02:54:46.865297+00:00', '--job-id', '30', '--raw', '--subdir', 'DAGS_FOLDER/event_trigger_pipeline.py', '--cfg-path', '/tmp/tmp8lx2xc5b']
[2026-03-14T02:55:00.356+0000] {standard_task_runner.py:91} INFO - Job 30: Subtask run_spark_job
[2026-03-14T02:55:00.433+0000] {task_command.py:426} INFO - Running <TaskInstance: event_trigger_pipeline.run_spark_job manual__2026-03-14T02:54:46.865297+00:00 [running]> on host 670d40c6e2a9
[2026-03-14T02:55:00.527+0000] {taskinstance.py:2648} INFO - Exporting env vars: AIRFLOW_CTX_DAG_OWNER='airflow' AIRFLOW_CTX_DAG_ID='event_trigger_pipeline' AIRFLOW_CTX_TASK_ID='run_spark_job' AIRFLOW_CTX_EXECUTION_DATE='2026-03-14T02:54:46.865297+00:00' AIRFLOW_CTX_TRY_NUMBER='1' AIRFLOW_CTX_DAG_RUN_ID='manual__2026-03-14T02:54:46.865297+00:00'
[2026-03-14T02:55:00.528+0000] {taskinstance.py:430} INFO - ::endgroup::
[2026-03-14T02:55:00.545+0000] {subprocess.py:63} INFO - Tmp dir root location: /tmp
[2026-03-14T02:55:00.547+0000] {subprocess.py:75} INFO - Running command: ['/usr/bin/bash', '-c', 'spark-submit --master local[*] /opt/airflow/spark_jobs/process_data.py']
[2026-03-14T02:55:00.556+0000] {subprocess.py:86} INFO - Output:
[2026-03-14T02:55:00.634+0000] {subprocess.py:93} INFO - /home/airflow/.local/lib/python3.12/site-packages/pyspark/bin/load-spark-env.sh: line 68: ps: command not found
[2026-03-14T02:55:03.246+0000] {subprocess.py:93} INFO - /opt/airflow/spark_jobs/process_data.py:168: DeprecationWarning: datetime.datetime.utcnow() is deprecated and scheduled for removal in a future version. Use timezone-aware objects to represent datetimes in UTC: datetime.datetime.now(datetime.UTC).
[2026-03-14T02:55:03.247+0000] {subprocess.py:93} INFO -   run_id = datetime.utcnow().strftime("%Y%m%d_%H%M%S")
[2026-03-14T02:55:03.327+0000] {subprocess.py:93} INFO - 26/03/14 02:55:03 INFO SparkContext: Running Spark version 3.5.1
[2026-03-14T02:55:03.329+0000] {subprocess.py:93} INFO - 26/03/14 02:55:03 INFO SparkContext: OS info Linux, 6.6.87.2-microsoft-standard-WSL2, amd64
[2026-03-14T02:55:03.330+0000] {subprocess.py:93} INFO - 26/03/14 02:55:03 INFO SparkContext: Java version 17.0.18
[2026-03-14T02:55:03.378+0000] {subprocess.py:93} INFO - 26/03/14 02:55:03 WARN NativeCodeLoader: Unable to load native-hadoop library for your platform... using builtin-java classes where applicable
[2026-03-14T02:55:03.458+0000] {subprocess.py:93} INFO - 26/03/14 02:55:03 INFO ResourceUtils: ==============================================================
[2026-03-14T02:55:03.459+0000] {subprocess.py:93} INFO - 26/03/14 02:55:03 INFO ResourceUtils: No custom resources configured for spark.driver.
[2026-03-14T02:55:03.460+0000] {subprocess.py:93} INFO - 26/03/14 02:55:03 INFO ResourceUtils: ==============================================================
[2026-03-14T02:55:03.460+0000] {subprocess.py:93} INFO - 26/03/14 02:55:03 INFO SparkContext: Submitted application: ProcessData
[2026-03-14T02:55:03.478+0000] {subprocess.py:93} INFO - 26/03/14 02:55:03 INFO ResourceProfile: Default ResourceProfile created, executor resources: Map(cores -> name: cores, amount: 1, script: , vendor: , memory -> name: memory, amount: 1024, script: , vendor: , offHeap -> name: offHeap, amount: 0, script: , vendor: ), task resources: Map(cpus -> name: cpus, amount: 1.0)
[2026-03-14T02:55:03.484+0000] {subprocess.py:93} INFO - 26/03/14 02:55:03 INFO ResourceProfile: Limiting resource is cpu
[2026-03-14T02:55:03.484+0000] {subprocess.py:93} INFO - 26/03/14 02:55:03 INFO ResourceProfileManager: Added ResourceProfile id: 0
[2026-03-14T02:55:03.522+0000] {subprocess.py:93} INFO - 26/03/14 02:55:03 INFO SecurityManager: Changing view acls to: airflow
[2026-03-14T02:55:03.523+0000] {subprocess.py:93} INFO - 26/03/14 02:55:03 INFO SecurityManager: Changing modify acls to: airflow
[2026-03-14T02:55:03.524+0000] {subprocess.py:93} INFO - 26/03/14 02:55:03 INFO SecurityManager: Changing view acls groups to:
[2026-03-14T02:55:03.524+0000] {subprocess.py:93} INFO - 26/03/14 02:55:03 INFO SecurityManager: Changing modify acls groups to:
[2026-03-14T02:55:03.525+0000] {subprocess.py:93} INFO - 26/03/14 02:55:03 INFO SecurityManager: SecurityManager: authentication disabled; ui acls disabled; users with view permissions: airflow; groups with view permissions: EMPTY; users with modify permissions: airflow; groups with modify permissions: EMPTY
[2026-03-14T02:55:03.834+0000] {subprocess.py:93} INFO - 26/03/14 02:55:03 INFO Utils: Successfully started service 'sparkDriver' on port 34339.
[2026-03-14T02:55:03.881+0000] {subprocess.py:93} INFO - 26/03/14 02:55:03 INFO SparkEnv: Registering MapOutputTracker
[2026-03-14T02:55:04.002+0000] {subprocess.py:93} INFO - 26/03/14 02:55:04 INFO SparkEnv: Registering BlockManagerMaster
[2026-03-14T02:55:04.077+0000] {subprocess.py:93} INFO - 26/03/14 02:55:04 INFO BlockManagerMasterEndpoint: Using org.apache.spark.storage.DefaultTopologyMapper for getting topology information
[2026-03-14T02:55:04.081+0000] {subprocess.py:93} INFO - 26/03/14 02:55:04 INFO BlockManagerMasterEndpoint: BlockManagerMasterEndpoint up
[2026-03-14T02:55:04.091+0000] {subprocess.py:93} INFO - 26/03/14 02:55:04 INFO SparkEnv: Registering BlockManagerMasterHeartbeat
[2026-03-14T02:55:04.155+0000] {subprocess.py:93} INFO - 26/03/14 02:55:04 INFO DiskBlockManager: Created local directory at /tmp/blockmgr-e137321d-d990-42ff-9dff-f6001f168cc9
[2026-03-14T02:55:04.247+0000] {subprocess.py:93} INFO - 26/03/14 02:55:04 INFO MemoryStore: MemoryStore started with capacity 434.4 MiB
[2026-03-14T02:55:04.288+0000] {subprocess.py:93} INFO - 26/03/14 02:55:04 INFO SparkEnv: Registering OutputCommitCoordinator
[2026-03-14T02:55:04.424+0000] {subprocess.py:93} INFO - 26/03/14 02:55:04 INFO JettyUtils: Start Jetty 0.0.0.0:4040 for SparkUI
[2026-03-14T02:55:04.499+0000] {subprocess.py:93} INFO - 26/03/14 02:55:04 INFO Utils: Successfully started service 'SparkUI' on port 4040.
[2026-03-14T02:55:04.616+0000] {subprocess.py:93} INFO - 26/03/14 02:55:04 INFO Executor: Starting executor ID driver on host 670d40c6e2a9
[2026-03-14T02:55:04.618+0000] {subprocess.py:93} INFO - 26/03/14 02:55:04 INFO Executor: OS info Linux, 6.6.87.2-microsoft-standard-WSL2, amd64
[2026-03-14T02:55:04.620+0000] {subprocess.py:93} INFO - 26/03/14 02:55:04 INFO Executor: Java version 17.0.18
[2026-03-14T02:55:04.627+0000] {subprocess.py:93} INFO - 26/03/14 02:55:04 INFO Executor: Starting executor with user classpath (userClassPathFirst = false): ''
[2026-03-14T02:55:04.628+0000] {subprocess.py:93} INFO - 26/03/14 02:55:04 INFO Executor: Created or updated repl class loader org.apache.spark.util.MutableURLClassLoader@2a7603a6 for default.
[2026-03-14T02:55:04.656+0000] {subprocess.py:93} INFO - 26/03/14 02:55:04 INFO Utils: Successfully started service 'org.apache.spark.network.netty.NettyBlockTransferService' on port 40713.
[2026-03-14T02:55:04.657+0000] {subprocess.py:93} INFO - 26/03/14 02:55:04 INFO NettyBlockTransferService: Server created on 670d40c6e2a9:40713
[2026-03-14T02:55:04.659+0000] {subprocess.py:93} INFO - 26/03/14 02:55:04 INFO BlockManager: Using org.apache.spark.storage.RandomBlockReplicationPolicy for block replication policy
[2026-03-14T02:55:04.663+0000] {subprocess.py:93} INFO - 26/03/14 02:55:04 INFO BlockManagerMaster: Registering BlockManager BlockManagerId(driver, 670d40c6e2a9, 40713, None)
[2026-03-14T02:55:04.667+0000] {subprocess.py:93} INFO - 26/03/14 02:55:04 INFO BlockManagerMasterEndpoint: Registering block manager 670d40c6e2a9:40713 with 434.4 MiB RAM, BlockManagerId(driver, 670d40c6e2a9, 40713, None)
[2026-03-14T02:55:04.669+0000] {subprocess.py:93} INFO - 26/03/14 02:55:04 INFO BlockManagerMaster: Registered BlockManager BlockManagerId(driver, 670d40c6e2a9, 40713, None)
[2026-03-14T02:55:04.670+0000] {subprocess.py:93} INFO - 26/03/14 02:55:04 INFO BlockManager: Initialized BlockManager: BlockManagerId(driver, 670d40c6e2a9, 40713, None)
[2026-03-14T02:55:10.123+0000] {subprocess.py:93} INFO - === Raw Data Schema ===
[2026-03-14T02:55:10.126+0000] {subprocess.py:93} INFO - root
[2026-03-14T02:55:10.127+0000] {subprocess.py:93} INFO -  |-- id: integer (nullable = true)
[2026-03-14T02:55:10.128+0000] {subprocess.py:93} INFO -  |-- name: string (nullable = true)
[2026-03-14T02:55:10.128+0000] {subprocess.py:93} INFO -  |-- amount: integer (nullable = true)
[2026-03-14T02:55:10.129+0000] {subprocess.py:93} INFO - 
[2026-03-14T02:55:10.130+0000] {subprocess.py:93} INFO - === Sample Raw Data ===
[2026-03-14T02:55:10.440+0000] {subprocess.py:93} INFO - +---+-------+------+
[2026-03-14T02:55:10.441+0000] {subprocess.py:93} INFO - |id |name   |amount|
[2026-03-14T02:55:10.442+0000] {subprocess.py:93} INFO - +---+-------+------+
[2026-03-14T02:55:10.443+0000] {subprocess.py:93} INFO - |1  |Alice  |209   |
[2026-03-14T02:55:10.444+0000] {subprocess.py:93} INFO - |2  |Charlie|343   |
[2026-03-14T02:55:10.445+0000] {subprocess.py:93} INFO - |3  |Charlie|359   |
[2026-03-14T02:55:10.446+0000] {subprocess.py:93} INFO - |4  |Alice  |362   |
[2026-03-14T02:55:10.446+0000] {subprocess.py:93} INFO - |5  |Ivy    |150   |
[2026-03-14T02:55:10.447+0000] {subprocess.py:93} INFO - |6  |Grace  |558   |
[2026-03-14T02:55:10.448+0000] {subprocess.py:93} INFO - |7  |Nina   |112   |
[2026-03-14T02:55:10.449+0000] {subprocess.py:93} INFO - |8  |Jack   |589   |
[2026-03-14T02:55:10.450+0000] {subprocess.py:93} INFO - |9  |Bob    |323   |
[2026-03-14T02:55:10.451+0000] {subprocess.py:93} INFO - |10 |Owen   |515   |
[2026-03-14T02:55:10.451+0000] {subprocess.py:93} INFO - |11 |Ivy    |160   |
[2026-03-14T02:55:10.452+0000] {subprocess.py:93} INFO - |12 |Alice  |406   |
[2026-03-14T02:55:10.453+0000] {subprocess.py:93} INFO - |13 |Ivy    |505   |
[2026-03-14T02:55:10.453+0000] {subprocess.py:93} INFO - |14 |Liam   |297   |
[2026-03-14T02:55:10.454+0000] {subprocess.py:93} INFO - |15 |Nina   |431   |
[2026-03-14T02:55:10.455+0000] {subprocess.py:93} INFO - |16 |Alice  |515   |
[2026-03-14T02:55:10.456+0000] {subprocess.py:93} INFO - |17 |Frank  |512   |
[2026-03-14T02:55:10.457+0000] {subprocess.py:93} INFO - |18 |David  |153   |
[2026-03-14T02:55:10.457+0000] {subprocess.py:93} INFO - |19 |Karen  |267   |
[2026-03-14T02:55:10.458+0000] {subprocess.py:93} INFO - |20 |Owen   |317   |
[2026-03-14T02:55:10.459+0000] {subprocess.py:93} INFO - +---+-------+------+
[2026-03-14T02:55:10.460+0000] {subprocess.py:93} INFO - only showing top 20 rows
[2026-03-14T02:55:10.460+0000] {subprocess.py:93} INFO - 
[2026-03-14T02:55:10.564+0000] {subprocess.py:93} INFO - === Processed Data Schema ===
[2026-03-14T02:55:10.564+0000] {subprocess.py:93} INFO - root
[2026-03-14T02:55:10.565+0000] {subprocess.py:93} INFO -  |-- id: integer (nullable = true)
[2026-03-14T02:55:10.566+0000] {subprocess.py:93} INFO -  |-- name: string (nullable = false)
[2026-03-14T02:55:10.567+0000] {subprocess.py:93} INFO -  |-- amount: integer (nullable = true)
[2026-03-14T02:55:10.568+0000] {subprocess.py:93} INFO -  |-- processing_timestamp: timestamp (nullable = false)
[2026-03-14T02:55:10.569+0000] {subprocess.py:93} INFO - 
[2026-03-14T02:55:10.569+0000] {subprocess.py:93} INFO - === Sample Processed Data ===
[2026-03-14T02:55:11.251+0000] {subprocess.py:93} INFO - +---+-------+------+--------------------------+
[2026-03-14T02:55:11.252+0000] {subprocess.py:93} INFO - |id |name   |amount|processing_timestamp      |
[2026-03-14T02:55:11.253+0000] {subprocess.py:93} INFO - +---+-------+------+--------------------------+
[2026-03-14T02:55:11.254+0000] {subprocess.py:93} INFO - |7  |Nina   |112   |2026-03-14 02:55:10.593933|
[2026-03-14T02:55:11.255+0000] {subprocess.py:93} INFO - |4  |Alice  |362   |2026-03-14 02:55:10.593933|
[2026-03-14T02:55:11.256+0000] {subprocess.py:93} INFO - |2  |Charlie|343   |2026-03-14 02:55:10.593933|
[2026-03-14T02:55:11.257+0000] {subprocess.py:93} INFO - |24 |Eva    |267   |2026-03-14 02:55:10.593933|
[2026-03-14T02:55:11.257+0000] {subprocess.py:93} INFO - |25 |Mona   |461   |2026-03-14 02:55:10.593933|
[2026-03-14T02:55:11.258+0000] {subprocess.py:93} INFO - |1  |Alice  |209   |2026-03-14 02:55:10.593933|
[2026-03-14T02:55:11.259+0000] {subprocess.py:93} INFO - |23 |Grace  |112   |2026-03-14 02:55:10.593933|
[2026-03-14T02:55:11.259+0000] {subprocess.py:93} INFO - |12 |Alice  |406   |2026-03-14 02:55:10.593933|
[2026-03-14T02:55:11.260+0000] {subprocess.py:93} INFO - |9  |Bob    |323   |2026-03-14 02:55:10.593933|
[2026-03-14T02:55:11.261+0000] {subprocess.py:93} INFO - |15 |Nina   |431   |2026-03-14 02:55:10.593933|
[2026-03-14T02:55:11.262+0000] {subprocess.py:93} INFO - |3  |Charlie|359   |2026-03-14 02:55:10.593933|
[2026-03-14T02:55:11.262+0000] {subprocess.py:93} INFO - |22 |Bob    |416   |2026-03-14 02:55:10.593933|
[2026-03-14T02:55:11.263+0000] {subprocess.py:93} INFO - |10 |Owen   |515   |2026-03-14 02:55:10.593933|
[2026-03-14T02:55:11.264+0000] {subprocess.py:93} INFO - |20 |Owen   |317   |2026-03-14 02:55:10.593933|
[2026-03-14T02:55:11.265+0000] {subprocess.py:93} INFO - |11 |Ivy    |160   |2026-03-14 02:55:10.593933|
[2026-03-14T02:55:11.266+0000] {subprocess.py:93} INFO - |13 |Ivy    |505   |2026-03-14 02:55:10.593933|
[2026-03-14T02:55:11.267+0000] {subprocess.py:93} INFO - |21 |Frank  |141   |2026-03-14 02:55:10.593933|
[2026-03-14T02:55:11.268+0000] {subprocess.py:93} INFO - |18 |David  |153   |2026-03-14 02:55:10.593933|
[2026-03-14T02:55:11.269+0000] {subprocess.py:93} INFO - |17 |Frank  |512   |2026-03-14 02:55:10.593933|
[2026-03-14T02:55:11.270+0000] {subprocess.py:93} INFO - |8  |Jack   |589   |2026-03-14 02:55:10.593933|
[2026-03-14T02:55:11.270+0000] {subprocess.py:93} INFO - +---+-------+------+--------------------------+
[2026-03-14T02:55:11.271+0000] {subprocess.py:93} INFO - only showing top 20 rows
[2026-03-14T02:55:11.272+0000] {subprocess.py:93} INFO - 
[2026-03-14T02:55:16.820+0000] {subprocess.py:93} INFO - Wrote Parquet output to: /opt/data/output/processed_parquet/
[2026-03-14T02:55:16.821+0000] {subprocess.py:93} INFO - Wrote CSV output to: /opt/data/output/processed_csv/
[2026-03-14T02:55:16.822+0000] {subprocess.py:93} INFO - Wrote Clean CSV output to: /opt/data/clean_data_csv/
[2026-03-14T02:55:19.871+0000] {subprocess.py:93} INFO - Source input files retained in /opt/data/input (archiving disabled).
[2026-03-14T02:55:20.594+0000] {subprocess.py:97} INFO - Command exited with return code 0
[2026-03-14T02:55:20.596+0000] {taskinstance.py:441} INFO - ::group::Post task execution logs
[2026-03-14T02:55:20.634+0000] {taskinstance.py:1206} INFO - Marking task as SUCCESS. dag_id=event_trigger_pipeline, task_id=run_spark_job, run_id=manual__2026-03-14T02:54:46.865297+00:00, execution_date=20260314T025446, start_date=20260314T025500, end_date=20260314T025520
[2026-03-14T02:55:20.698+0000] {local_task_job_runner.py:243} INFO - Task exited with return code 0
[2026-03-14T02:55:20.720+0000] {taskinstance.py:3503} INFO - 0 downstream tasks scheduled from follow-on schedule check
[2026-03-14T02:55:20.722+0000] {local_task_job_runner.py:222} INFO - ::endgroup::
