[2026-03-14T06:09:22.743+0000] {local_task_job_runner.py:120} INFO - ::group::Pre task execution logs
[2026-03-14T06:09:22.780+0000] {taskinstance.py:2076} INFO - Dependencies all met for dep_context=non-requeueable deps ti=<TaskInstance: event_trigger_pipeline.run_spark_job manual__2026-03-14T06:07:11.433485+00:00 [queued]>
[2026-03-14T06:09:22.790+0000] {taskinstance.py:2076} INFO - Dependencies all met for dep_context=requeueable deps ti=<TaskInstance: event_trigger_pipeline.run_spark_job manual__2026-03-14T06:07:11.433485+00:00 [queued]>
[2026-03-14T06:09:22.791+0000] {taskinstance.py:2306} INFO - Starting attempt 2 of 2
[2026-03-14T06:09:22.825+0000] {taskinstance.py:2330} INFO - Executing <Task(BashOperator): run_spark_job> on 2026-03-14 06:07:11.433485+00:00
[2026-03-14T06:09:22.832+0000] {standard_task_runner.py:64} INFO - Started process 65 to run task
[2026-03-14T06:09:22.851+0000] {standard_task_runner.py:90} INFO - Running: ['airflow', 'tasks', 'run', 'event_trigger_pipeline', 'run_spark_job', 'manual__2026-03-14T06:07:11.433485+00:00', '--job-id', '55', '--raw', '--subdir', 'DAGS_FOLDER/event_trigger_pipeline.py', '--cfg-path', '/tmp/tmpualoxag9']
[2026-03-14T06:09:22.860+0000] {standard_task_runner.py:91} INFO - Job 55: Subtask run_spark_job
[2026-03-14T06:09:23.020+0000] {task_command.py:426} INFO - Running <TaskInstance: event_trigger_pipeline.run_spark_job manual__2026-03-14T06:07:11.433485+00:00 [running]> on host 670d40c6e2a9
[2026-03-14T06:09:23.204+0000] {taskinstance.py:2648} INFO - Exporting env vars: AIRFLOW_CTX_DAG_OWNER='airflow' AIRFLOW_CTX_DAG_ID='event_trigger_pipeline' AIRFLOW_CTX_TASK_ID='run_spark_job' AIRFLOW_CTX_EXECUTION_DATE='2026-03-14T06:07:11.433485+00:00' AIRFLOW_CTX_TRY_NUMBER='2' AIRFLOW_CTX_DAG_RUN_ID='manual__2026-03-14T06:07:11.433485+00:00'
[2026-03-14T06:09:23.208+0000] {taskinstance.py:430} INFO - ::endgroup::
[2026-03-14T06:09:23.231+0000] {subprocess.py:63} INFO - Tmp dir root location: /tmp
[2026-03-14T06:09:23.234+0000] {subprocess.py:75} INFO - Running command: ['/usr/bin/bash', '-c', 'spark-submit --master local[*] /opt/airflow/spark_jobs/process_data.py']
[2026-03-14T06:09:23.251+0000] {subprocess.py:86} INFO - Output:
[2026-03-14T06:09:23.439+0000] {subprocess.py:93} INFO - /home/airflow/.local/lib/python3.12/site-packages/pyspark/bin/load-spark-env.sh: line 68: ps: command not found
[2026-03-14T06:09:26.579+0000] {subprocess.py:93} INFO - 26/03/14 06:09:26 INFO SparkContext: Running Spark version 3.5.1
[2026-03-14T06:09:26.581+0000] {subprocess.py:93} INFO - 26/03/14 06:09:26 INFO SparkContext: OS info Linux, 6.6.87.2-microsoft-standard-WSL2, amd64
[2026-03-14T06:09:26.582+0000] {subprocess.py:93} INFO - 26/03/14 06:09:26 INFO SparkContext: Java version 17.0.18
[2026-03-14T06:09:26.635+0000] {subprocess.py:93} INFO - 26/03/14 06:09:26 WARN NativeCodeLoader: Unable to load native-hadoop library for your platform... using builtin-java classes where applicable
[2026-03-14T06:09:26.732+0000] {subprocess.py:93} INFO - 26/03/14 06:09:26 INFO ResourceUtils: ==============================================================
[2026-03-14T06:09:26.733+0000] {subprocess.py:93} INFO - 26/03/14 06:09:26 INFO ResourceUtils: No custom resources configured for spark.driver.
[2026-03-14T06:09:26.733+0000] {subprocess.py:93} INFO - 26/03/14 06:09:26 INFO ResourceUtils: ==============================================================
[2026-03-14T06:09:26.734+0000] {subprocess.py:93} INFO - 26/03/14 06:09:26 INFO SparkContext: Submitted application: ProcessAmazonOrders
[2026-03-14T06:09:26.753+0000] {subprocess.py:93} INFO - 26/03/14 06:09:26 INFO ResourceProfile: Default ResourceProfile created, executor resources: Map(cores -> name: cores, amount: 1, script: , vendor: , memory -> name: memory, amount: 1024, script: , vendor: , offHeap -> name: offHeap, amount: 0, script: , vendor: ), task resources: Map(cpus -> name: cpus, amount: 1.0)
[2026-03-14T06:09:26.760+0000] {subprocess.py:93} INFO - 26/03/14 06:09:26 INFO ResourceProfile: Limiting resource is cpu
[2026-03-14T06:09:26.761+0000] {subprocess.py:93} INFO - 26/03/14 06:09:26 INFO ResourceProfileManager: Added ResourceProfile id: 0
[2026-03-14T06:09:26.830+0000] {subprocess.py:93} INFO - 26/03/14 06:09:26 INFO SecurityManager: Changing view acls to: airflow
[2026-03-14T06:09:26.832+0000] {subprocess.py:93} INFO - 26/03/14 06:09:26 INFO SecurityManager: Changing modify acls to: airflow
[2026-03-14T06:09:26.833+0000] {subprocess.py:93} INFO - 26/03/14 06:09:26 INFO SecurityManager: Changing view acls groups to:
[2026-03-14T06:09:26.835+0000] {subprocess.py:93} INFO - 26/03/14 06:09:26 INFO SecurityManager: Changing modify acls groups to:
[2026-03-14T06:09:26.837+0000] {subprocess.py:93} INFO - 26/03/14 06:09:26 INFO SecurityManager: SecurityManager: authentication disabled; ui acls disabled; users with view permissions: airflow; groups with view permissions: EMPTY; users with modify permissions: airflow; groups with modify permissions: EMPTY
[2026-03-14T06:09:27.243+0000] {subprocess.py:93} INFO - 26/03/14 06:09:27 INFO Utils: Successfully started service 'sparkDriver' on port 41793.
[2026-03-14T06:09:27.318+0000] {subprocess.py:93} INFO - 26/03/14 06:09:27 INFO SparkEnv: Registering MapOutputTracker
[2026-03-14T06:09:27.386+0000] {subprocess.py:93} INFO - 26/03/14 06:09:27 INFO SparkEnv: Registering BlockManagerMaster
[2026-03-14T06:09:27.406+0000] {subprocess.py:93} INFO - 26/03/14 06:09:27 INFO BlockManagerMasterEndpoint: Using org.apache.spark.storage.DefaultTopologyMapper for getting topology information
[2026-03-14T06:09:27.407+0000] {subprocess.py:93} INFO - 26/03/14 06:09:27 INFO BlockManagerMasterEndpoint: BlockManagerMasterEndpoint up
[2026-03-14T06:09:27.413+0000] {subprocess.py:93} INFO - 26/03/14 06:09:27 INFO SparkEnv: Registering BlockManagerMasterHeartbeat
[2026-03-14T06:09:27.446+0000] {subprocess.py:93} INFO - 26/03/14 06:09:27 INFO DiskBlockManager: Created local directory at /tmp/blockmgr-94533223-f862-40a6-a51b-024b2278fc62
[2026-03-14T06:09:27.475+0000] {subprocess.py:93} INFO - 26/03/14 06:09:27 INFO MemoryStore: MemoryStore started with capacity 434.4 MiB
[2026-03-14T06:09:27.503+0000] {subprocess.py:93} INFO - 26/03/14 06:09:27 INFO SparkEnv: Registering OutputCommitCoordinator
[2026-03-14T06:09:27.672+0000] {subprocess.py:93} INFO - 26/03/14 06:09:27 INFO JettyUtils: Start Jetty 0.0.0.0:4040 for SparkUI
[2026-03-14T06:09:27.760+0000] {subprocess.py:93} INFO - 26/03/14 06:09:27 INFO Utils: Successfully started service 'SparkUI' on port 4040.
[2026-03-14T06:09:27.885+0000] {subprocess.py:93} INFO - 26/03/14 06:09:27 INFO Executor: Starting executor ID driver on host 670d40c6e2a9
[2026-03-14T06:09:27.886+0000] {subprocess.py:93} INFO - 26/03/14 06:09:27 INFO Executor: OS info Linux, 6.6.87.2-microsoft-standard-WSL2, amd64
[2026-03-14T06:09:27.887+0000] {subprocess.py:93} INFO - 26/03/14 06:09:27 INFO Executor: Java version 17.0.18
[2026-03-14T06:09:27.895+0000] {subprocess.py:93} INFO - 26/03/14 06:09:27 INFO Executor: Starting executor with user classpath (userClassPathFirst = false): ''
[2026-03-14T06:09:27.897+0000] {subprocess.py:93} INFO - 26/03/14 06:09:27 INFO Executor: Created or updated repl class loader org.apache.spark.util.MutableURLClassLoader@2a7603a6 for default.
[2026-03-14T06:09:27.923+0000] {subprocess.py:93} INFO - 26/03/14 06:09:27 INFO Utils: Successfully started service 'org.apache.spark.network.netty.NettyBlockTransferService' on port 36801.
[2026-03-14T06:09:27.924+0000] {subprocess.py:93} INFO - 26/03/14 06:09:27 INFO NettyBlockTransferService: Server created on 670d40c6e2a9:36801
[2026-03-14T06:09:27.927+0000] {subprocess.py:93} INFO - 26/03/14 06:09:27 INFO BlockManager: Using org.apache.spark.storage.RandomBlockReplicationPolicy for block replication policy
[2026-03-14T06:09:27.932+0000] {subprocess.py:93} INFO - 26/03/14 06:09:27 INFO BlockManagerMaster: Registering BlockManager BlockManagerId(driver, 670d40c6e2a9, 36801, None)
[2026-03-14T06:09:27.935+0000] {subprocess.py:93} INFO - 26/03/14 06:09:27 INFO BlockManagerMasterEndpoint: Registering block manager 670d40c6e2a9:36801 with 434.4 MiB RAM, BlockManagerId(driver, 670d40c6e2a9, 36801, None)
[2026-03-14T06:09:27.938+0000] {subprocess.py:93} INFO - 26/03/14 06:09:27 INFO BlockManagerMaster: Registered BlockManager BlockManagerId(driver, 670d40c6e2a9, 36801, None)
[2026-03-14T06:09:27.939+0000] {subprocess.py:93} INFO - 26/03/14 06:09:27 INFO BlockManager: Initialized BlockManager: BlockManagerId(driver, 670d40c6e2a9, 36801, None)
[2026-03-14T06:09:57.768+0000] {subprocess.py:93} INFO - 26/03/14 06:09:57 WARN SparkStringUtils: Truncated the string representation of a plan since it was too large. This behavior can be adjusted by setting 'spark.sql.debug.maxToStringFields'.
