[2026-03-14T06:08:16.723+0000] {local_task_job_runner.py:120} INFO - ::group::Pre task execution logs
[2026-03-14T06:08:16.743+0000] {taskinstance.py:2076} INFO - Dependencies all met for dep_context=non-requeueable deps ti=<TaskInstance: event_trigger_pipeline.run_spark_job manual__2026-03-14T06:07:11.433485+00:00 [queued]>
[2026-03-14T06:08:16.748+0000] {taskinstance.py:2076} INFO - Dependencies all met for dep_context=requeueable deps ti=<TaskInstance: event_trigger_pipeline.run_spark_job manual__2026-03-14T06:07:11.433485+00:00 [queued]>
[2026-03-14T06:08:16.749+0000] {taskinstance.py:2306} INFO - Starting attempt 1 of 2
[2026-03-14T06:08:16.775+0000] {taskinstance.py:2330} INFO - Executing <Task(BashOperator): run_spark_job> on 2026-03-14 06:07:11.433485+00:00
[2026-03-14T06:08:16.780+0000] {standard_task_runner.py:64} INFO - Started process 37336 to run task
[2026-03-14T06:08:16.783+0000] {standard_task_runner.py:90} INFO - Running: ['airflow', 'tasks', 'run', 'event_trigger_pipeline', 'run_spark_job', 'manual__2026-03-14T06:07:11.433485+00:00', '--job-id', '53', '--raw', '--subdir', 'DAGS_FOLDER/event_trigger_pipeline.py', '--cfg-path', '/tmp/tmpfjtq3k6v']
[2026-03-14T06:08:16.785+0000] {standard_task_runner.py:91} INFO - Job 53: Subtask run_spark_job
[2026-03-14T06:08:16.867+0000] {task_command.py:426} INFO - Running <TaskInstance: event_trigger_pipeline.run_spark_job manual__2026-03-14T06:07:11.433485+00:00 [running]> on host 670d40c6e2a9
[2026-03-14T06:08:16.971+0000] {taskinstance.py:2648} INFO - Exporting env vars: AIRFLOW_CTX_DAG_OWNER='airflow' AIRFLOW_CTX_DAG_ID='event_trigger_pipeline' AIRFLOW_CTX_TASK_ID='run_spark_job' AIRFLOW_CTX_EXECUTION_DATE='2026-03-14T06:07:11.433485+00:00' AIRFLOW_CTX_TRY_NUMBER='1' AIRFLOW_CTX_DAG_RUN_ID='manual__2026-03-14T06:07:11.433485+00:00'
[2026-03-14T06:08:16.972+0000] {taskinstance.py:430} INFO - ::endgroup::
[2026-03-14T06:08:17.008+0000] {subprocess.py:63} INFO - Tmp dir root location: /tmp
[2026-03-14T06:08:17.010+0000] {subprocess.py:75} INFO - Running command: ['/usr/bin/bash', '-c', 'spark-submit --master local[*] /opt/airflow/spark_jobs/process_data.py']
[2026-03-14T06:08:17.021+0000] {subprocess.py:86} INFO - Output:
[2026-03-14T06:08:17.108+0000] {subprocess.py:93} INFO - /home/airflow/.local/lib/python3.12/site-packages/pyspark/bin/load-spark-env.sh: line 68: ps: command not found
[2026-03-14T06:08:19.743+0000] {subprocess.py:93} INFO - 26/03/14 06:08:19 INFO SparkContext: Running Spark version 3.5.1
[2026-03-14T06:08:19.745+0000] {subprocess.py:93} INFO - 26/03/14 06:08:19 INFO SparkContext: OS info Linux, 6.6.87.2-microsoft-standard-WSL2, amd64
[2026-03-14T06:08:19.746+0000] {subprocess.py:93} INFO - 26/03/14 06:08:19 INFO SparkContext: Java version 17.0.18
[2026-03-14T06:08:19.790+0000] {subprocess.py:93} INFO - 26/03/14 06:08:19 WARN NativeCodeLoader: Unable to load native-hadoop library for your platform... using builtin-java classes where applicable
[2026-03-14T06:08:19.871+0000] {subprocess.py:93} INFO - 26/03/14 06:08:19 INFO ResourceUtils: ==============================================================
[2026-03-14T06:08:19.872+0000] {subprocess.py:93} INFO - 26/03/14 06:08:19 INFO ResourceUtils: No custom resources configured for spark.driver.
[2026-03-14T06:08:19.872+0000] {subprocess.py:93} INFO - 26/03/14 06:08:19 INFO ResourceUtils: ==============================================================
[2026-03-14T06:08:19.873+0000] {subprocess.py:93} INFO - 26/03/14 06:08:19 INFO SparkContext: Submitted application: ProcessAmazonOrders
[2026-03-14T06:08:19.890+0000] {subprocess.py:93} INFO - 26/03/14 06:08:19 INFO ResourceProfile: Default ResourceProfile created, executor resources: Map(cores -> name: cores, amount: 1, script: , vendor: , memory -> name: memory, amount: 1024, script: , vendor: , offHeap -> name: offHeap, amount: 0, script: , vendor: ), task resources: Map(cpus -> name: cpus, amount: 1.0)
[2026-03-14T06:08:19.896+0000] {subprocess.py:93} INFO - 26/03/14 06:08:19 INFO ResourceProfile: Limiting resource is cpu
[2026-03-14T06:08:19.898+0000] {subprocess.py:93} INFO - 26/03/14 06:08:19 INFO ResourceProfileManager: Added ResourceProfile id: 0
[2026-03-14T06:08:19.936+0000] {subprocess.py:93} INFO - 26/03/14 06:08:19 INFO SecurityManager: Changing view acls to: airflow
[2026-03-14T06:08:19.937+0000] {subprocess.py:93} INFO - 26/03/14 06:08:19 INFO SecurityManager: Changing modify acls to: airflow
[2026-03-14T06:08:19.937+0000] {subprocess.py:93} INFO - 26/03/14 06:08:19 INFO SecurityManager: Changing view acls groups to:
[2026-03-14T06:08:19.938+0000] {subprocess.py:93} INFO - 26/03/14 06:08:19 INFO SecurityManager: Changing modify acls groups to:
[2026-03-14T06:08:19.939+0000] {subprocess.py:93} INFO - 26/03/14 06:08:19 INFO SecurityManager: SecurityManager: authentication disabled; ui acls disabled; users with view permissions: airflow; groups with view permissions: EMPTY; users with modify permissions: airflow; groups with modify permissions: EMPTY
[2026-03-14T06:08:20.143+0000] {subprocess.py:93} INFO - 26/03/14 06:08:20 INFO Utils: Successfully started service 'sparkDriver' on port 45279.
[2026-03-14T06:08:20.168+0000] {subprocess.py:93} INFO - 26/03/14 06:08:20 INFO SparkEnv: Registering MapOutputTracker
[2026-03-14T06:08:20.203+0000] {subprocess.py:93} INFO - 26/03/14 06:08:20 INFO SparkEnv: Registering BlockManagerMaster
[2026-03-14T06:08:20.223+0000] {subprocess.py:93} INFO - 26/03/14 06:08:20 INFO BlockManagerMasterEndpoint: Using org.apache.spark.storage.DefaultTopologyMapper for getting topology information
[2026-03-14T06:08:20.224+0000] {subprocess.py:93} INFO - 26/03/14 06:08:20 INFO BlockManagerMasterEndpoint: BlockManagerMasterEndpoint up
[2026-03-14T06:08:20.228+0000] {subprocess.py:93} INFO - 26/03/14 06:08:20 INFO SparkEnv: Registering BlockManagerMasterHeartbeat
[2026-03-14T06:08:20.245+0000] {subprocess.py:93} INFO - 26/03/14 06:08:20 INFO DiskBlockManager: Created local directory at /tmp/blockmgr-cf2f089f-5722-49a7-8a66-4b6023cedc5a
[2026-03-14T06:08:20.258+0000] {subprocess.py:93} INFO - 26/03/14 06:08:20 INFO MemoryStore: MemoryStore started with capacity 434.4 MiB
[2026-03-14T06:08:20.279+0000] {subprocess.py:93} INFO - 26/03/14 06:08:20 INFO SparkEnv: Registering OutputCommitCoordinator
[2026-03-14T06:08:20.370+0000] {subprocess.py:93} INFO - 26/03/14 06:08:20 INFO JettyUtils: Start Jetty 0.0.0.0:4040 for SparkUI
[2026-03-14T06:08:20.422+0000] {subprocess.py:93} INFO - 26/03/14 06:08:20 INFO Utils: Successfully started service 'SparkUI' on port 4040.
[2026-03-14T06:08:20.506+0000] {subprocess.py:93} INFO - 26/03/14 06:08:20 INFO Executor: Starting executor ID driver on host 670d40c6e2a9
[2026-03-14T06:08:20.506+0000] {subprocess.py:93} INFO - 26/03/14 06:08:20 INFO Executor: OS info Linux, 6.6.87.2-microsoft-standard-WSL2, amd64
[2026-03-14T06:08:20.507+0000] {subprocess.py:93} INFO - 26/03/14 06:08:20 INFO Executor: Java version 17.0.18
[2026-03-14T06:08:20.514+0000] {subprocess.py:93} INFO - 26/03/14 06:08:20 INFO Executor: Starting executor with user classpath (userClassPathFirst = false): ''
[2026-03-14T06:08:20.515+0000] {subprocess.py:93} INFO - 26/03/14 06:08:20 INFO Executor: Created or updated repl class loader org.apache.spark.util.MutableURLClassLoader@35081789 for default.
[2026-03-14T06:08:20.533+0000] {subprocess.py:93} INFO - 26/03/14 06:08:20 INFO Utils: Successfully started service 'org.apache.spark.network.netty.NettyBlockTransferService' on port 45765.
[2026-03-14T06:08:20.534+0000] {subprocess.py:93} INFO - 26/03/14 06:08:20 INFO NettyBlockTransferService: Server created on 670d40c6e2a9:45765
[2026-03-14T06:08:20.536+0000] {subprocess.py:93} INFO - 26/03/14 06:08:20 INFO BlockManager: Using org.apache.spark.storage.RandomBlockReplicationPolicy for block replication policy
[2026-03-14T06:08:20.542+0000] {subprocess.py:93} INFO - 26/03/14 06:08:20 INFO BlockManagerMaster: Registering BlockManager BlockManagerId(driver, 670d40c6e2a9, 45765, None)
[2026-03-14T06:08:20.545+0000] {subprocess.py:93} INFO - 26/03/14 06:08:20 INFO BlockManagerMasterEndpoint: Registering block manager 670d40c6e2a9:45765 with 434.4 MiB RAM, BlockManagerId(driver, 670d40c6e2a9, 45765, None)
[2026-03-14T06:08:20.547+0000] {subprocess.py:93} INFO - 26/03/14 06:08:20 INFO BlockManagerMaster: Registered BlockManager BlockManagerId(driver, 670d40c6e2a9, 45765, None)
[2026-03-14T06:08:20.549+0000] {subprocess.py:93} INFO - 26/03/14 06:08:20 INFO BlockManager: Initialized BlockManager: BlockManagerId(driver, 670d40c6e2a9, 45765, None)
[2026-03-14T06:08:48.651+0000] {subprocess.py:93} INFO - 26/03/14 06:08:48 WARN SparkStringUtils: Truncated the string representation of a plan since it was too large. This behavior can be adjusted by setting 'spark.sql.debug.maxToStringFields'.
[2026-03-14T06:08:57.915+0000] {local_task_job_runner.py:124} ERROR - Received SIGTERM. Terminating subprocesses
[2026-03-14T06:08:57.919+0000] {process_utils.py:132} INFO - Sending 15 to group 37336. PIDs of all processes in the group: [37337, 37392, 37336]
[2026-03-14T06:08:57.922+0000] {process_utils.py:87} INFO - Sending the signal 15 to group 37336
[2026-03-14T06:08:57.926+0000] {taskinstance.py:2611} ERROR - Received SIGTERM. Terminating subprocesses.
[2026-03-14T06:08:57.929+0000] {subprocess.py:104} INFO - Sending SIGTERM signal to process group
[2026-03-14T06:08:57.934+0000] {taskinstance.py:441} INFO - ::group::Post task execution logs
[2026-03-14T06:08:57.937+0000] {local_task_job_runner.py:124} ERROR - Received SIGTERM. Terminating subprocesses
[2026-03-14T06:08:57.943+0000] {process_utils.py:132} INFO - Sending 15 to group 37336. PIDs of all processes in the group: [37337, 37392, 37336]
[2026-03-14T06:08:57.948+0000] {process_utils.py:87} INFO - Sending the signal 15 to group 37336
[2026-03-14T06:08:57.957+0000] {taskinstance.py:2611} ERROR - Received SIGTERM. Terminating subprocesses.
[2026-03-14T06:08:57.958+0000] {subprocess.py:104} INFO - Sending SIGTERM signal to process group
