[2026-03-13T16:06:01.109+0000] {local_task_job_runner.py:120} INFO - ::group::Pre task execution logs
[2026-03-13T16:06:01.133+0000] {taskinstance.py:2076} INFO - Dependencies all met for dep_context=non-requeueable deps ti=<TaskInstance: event_trigger_pipeline.run_spark_job manual__2026-03-13T16:05:35.969137+00:00 [queued]>
[2026-03-13T16:06:01.140+0000] {taskinstance.py:2076} INFO - Dependencies all met for dep_context=requeueable deps ti=<TaskInstance: event_trigger_pipeline.run_spark_job manual__2026-03-13T16:05:35.969137+00:00 [queued]>
[2026-03-13T16:06:01.142+0000] {taskinstance.py:2306} INFO - Starting attempt 1 of 2
[2026-03-13T16:06:01.172+0000] {taskinstance.py:2330} INFO - Executing <Task(BashOperator): run_spark_job> on 2026-03-13 16:05:35.969137+00:00
[2026-03-13T16:06:01.178+0000] {standard_task_runner.py:64} INFO - Started process 934 to run task
[2026-03-13T16:06:01.181+0000] {standard_task_runner.py:90} INFO - Running: ['airflow', 'tasks', 'run', 'event_trigger_pipeline', 'run_spark_job', 'manual__2026-03-13T16:05:35.969137+00:00', '--job-id', '7', '--raw', '--subdir', 'DAGS_FOLDER/event_trigger_pipeline.py', '--cfg-path', '/tmp/tmpu6rm20aq']
[2026-03-13T16:06:01.183+0000] {standard_task_runner.py:91} INFO - Job 7: Subtask run_spark_job
[2026-03-13T16:06:01.273+0000] {task_command.py:426} INFO - Running <TaskInstance: event_trigger_pipeline.run_spark_job manual__2026-03-13T16:05:35.969137+00:00 [running]> on host 670d40c6e2a9
[2026-03-13T16:06:01.362+0000] {taskinstance.py:2648} INFO - Exporting env vars: AIRFLOW_CTX_DAG_OWNER='airflow' AIRFLOW_CTX_DAG_ID='event_trigger_pipeline' AIRFLOW_CTX_TASK_ID='run_spark_job' AIRFLOW_CTX_EXECUTION_DATE='2026-03-13T16:05:35.969137+00:00' AIRFLOW_CTX_TRY_NUMBER='1' AIRFLOW_CTX_DAG_RUN_ID='manual__2026-03-13T16:05:35.969137+00:00'
[2026-03-13T16:06:01.364+0000] {taskinstance.py:430} INFO - ::endgroup::
[2026-03-13T16:06:01.381+0000] {subprocess.py:63} INFO - Tmp dir root location: /tmp
[2026-03-13T16:06:01.382+0000] {subprocess.py:75} INFO - Running command: ['/usr/bin/bash', '-c', 'spark-submit --master local[*] /opt/airflow/spark_jobs/process_data.py']
[2026-03-13T16:06:01.391+0000] {subprocess.py:86} INFO - Output:
[2026-03-13T16:06:01.455+0000] {subprocess.py:93} INFO - /home/airflow/.local/lib/python3.12/site-packages/pyspark/bin/load-spark-env.sh: line 68: ps: command not found
[2026-03-13T16:06:04.255+0000] {subprocess.py:93} INFO - 26/03/13 16:06:04 INFO SparkContext: Running Spark version 3.5.1
[2026-03-13T16:06:04.256+0000] {subprocess.py:93} INFO - 26/03/13 16:06:04 INFO SparkContext: OS info Linux, 6.6.87.2-microsoft-standard-WSL2, amd64
[2026-03-13T16:06:04.257+0000] {subprocess.py:93} INFO - 26/03/13 16:06:04 INFO SparkContext: Java version 17.0.18
[2026-03-13T16:06:04.299+0000] {subprocess.py:93} INFO - 26/03/13 16:06:04 WARN NativeCodeLoader: Unable to load native-hadoop library for your platform... using builtin-java classes where applicable
[2026-03-13T16:06:04.377+0000] {subprocess.py:93} INFO - 26/03/13 16:06:04 INFO ResourceUtils: ==============================================================
[2026-03-13T16:06:04.378+0000] {subprocess.py:93} INFO - 26/03/13 16:06:04 INFO ResourceUtils: No custom resources configured for spark.driver.
[2026-03-13T16:06:04.379+0000] {subprocess.py:93} INFO - 26/03/13 16:06:04 INFO ResourceUtils: ==============================================================
[2026-03-13T16:06:04.380+0000] {subprocess.py:93} INFO - 26/03/13 16:06:04 INFO SparkContext: Submitted application: ProcessData
[2026-03-13T16:06:04.398+0000] {subprocess.py:93} INFO - 26/03/13 16:06:04 INFO ResourceProfile: Default ResourceProfile created, executor resources: Map(cores -> name: cores, amount: 1, script: , vendor: , memory -> name: memory, amount: 1024, script: , vendor: , offHeap -> name: offHeap, amount: 0, script: , vendor: ), task resources: Map(cpus -> name: cpus, amount: 1.0)
[2026-03-13T16:06:04.405+0000] {subprocess.py:93} INFO - 26/03/13 16:06:04 INFO ResourceProfile: Limiting resource is cpu
[2026-03-13T16:06:04.406+0000] {subprocess.py:93} INFO - 26/03/13 16:06:04 INFO ResourceProfileManager: Added ResourceProfile id: 0
[2026-03-13T16:06:04.451+0000] {subprocess.py:93} INFO - 26/03/13 16:06:04 INFO SecurityManager: Changing view acls to: airflow
[2026-03-13T16:06:04.452+0000] {subprocess.py:93} INFO - 26/03/13 16:06:04 INFO SecurityManager: Changing modify acls to: airflow
[2026-03-13T16:06:04.452+0000] {subprocess.py:93} INFO - 26/03/13 16:06:04 INFO SecurityManager: Changing view acls groups to:
[2026-03-13T16:06:04.453+0000] {subprocess.py:93} INFO - 26/03/13 16:06:04 INFO SecurityManager: Changing modify acls groups to:
[2026-03-13T16:06:04.454+0000] {subprocess.py:93} INFO - 26/03/13 16:06:04 INFO SecurityManager: SecurityManager: authentication disabled; ui acls disabled; users with view permissions: airflow; groups with view permissions: EMPTY; users with modify permissions: airflow; groups with modify permissions: EMPTY
[2026-03-13T16:06:04.681+0000] {subprocess.py:93} INFO - 26/03/13 16:06:04 INFO Utils: Successfully started service 'sparkDriver' on port 40617.
[2026-03-13T16:06:04.709+0000] {subprocess.py:93} INFO - 26/03/13 16:06:04 INFO SparkEnv: Registering MapOutputTracker
[2026-03-13T16:06:04.749+0000] {subprocess.py:93} INFO - 26/03/13 16:06:04 INFO SparkEnv: Registering BlockManagerMaster
[2026-03-13T16:06:04.773+0000] {subprocess.py:93} INFO - 26/03/13 16:06:04 INFO BlockManagerMasterEndpoint: Using org.apache.spark.storage.DefaultTopologyMapper for getting topology information
[2026-03-13T16:06:04.774+0000] {subprocess.py:93} INFO - 26/03/13 16:06:04 INFO BlockManagerMasterEndpoint: BlockManagerMasterEndpoint up
[2026-03-13T16:06:04.779+0000] {subprocess.py:93} INFO - 26/03/13 16:06:04 INFO SparkEnv: Registering BlockManagerMasterHeartbeat
[2026-03-13T16:06:04.813+0000] {subprocess.py:93} INFO - 26/03/13 16:06:04 INFO DiskBlockManager: Created local directory at /tmp/blockmgr-7277a34e-f2cb-4c4c-8f76-48c936c252e3
[2026-03-13T16:06:04.835+0000] {subprocess.py:93} INFO - 26/03/13 16:06:04 INFO MemoryStore: MemoryStore started with capacity 434.4 MiB
[2026-03-13T16:06:04.863+0000] {subprocess.py:93} INFO - 26/03/13 16:06:04 INFO SparkEnv: Registering OutputCommitCoordinator
[2026-03-13T16:06:05.038+0000] {subprocess.py:93} INFO - 26/03/13 16:06:05 INFO JettyUtils: Start Jetty 0.0.0.0:4040 for SparkUI
[2026-03-13T16:06:05.108+0000] {subprocess.py:93} INFO - 26/03/13 16:06:05 INFO Utils: Successfully started service 'SparkUI' on port 4040.
[2026-03-13T16:06:05.348+0000] {subprocess.py:93} INFO - 26/03/13 16:06:05 INFO Executor: Starting executor ID driver on host 670d40c6e2a9
[2026-03-13T16:06:05.350+0000] {subprocess.py:93} INFO - 26/03/13 16:06:05 INFO Executor: OS info Linux, 6.6.87.2-microsoft-standard-WSL2, amd64
[2026-03-13T16:06:05.352+0000] {subprocess.py:93} INFO - 26/03/13 16:06:05 INFO Executor: Java version 17.0.18
[2026-03-13T16:06:05.369+0000] {subprocess.py:93} INFO - 26/03/13 16:06:05 INFO Executor: Starting executor with user classpath (userClassPathFirst = false): ''
[2026-03-13T16:06:05.371+0000] {subprocess.py:93} INFO - 26/03/13 16:06:05 INFO Executor: Created or updated repl class loader org.apache.spark.util.MutableURLClassLoader@35081789 for default.
[2026-03-13T16:06:05.397+0000] {subprocess.py:93} INFO - 26/03/13 16:06:05 INFO Utils: Successfully started service 'org.apache.spark.network.netty.NettyBlockTransferService' on port 38017.
[2026-03-13T16:06:05.398+0000] {subprocess.py:93} INFO - 26/03/13 16:06:05 INFO NettyBlockTransferService: Server created on 670d40c6e2a9:38017
[2026-03-13T16:06:05.400+0000] {subprocess.py:93} INFO - 26/03/13 16:06:05 INFO BlockManager: Using org.apache.spark.storage.RandomBlockReplicationPolicy for block replication policy
[2026-03-13T16:06:05.406+0000] {subprocess.py:93} INFO - 26/03/13 16:06:05 INFO BlockManagerMaster: Registering BlockManager BlockManagerId(driver, 670d40c6e2a9, 38017, None)
[2026-03-13T16:06:05.411+0000] {subprocess.py:93} INFO - 26/03/13 16:06:05 INFO BlockManagerMasterEndpoint: Registering block manager 670d40c6e2a9:38017 with 434.4 MiB RAM, BlockManagerId(driver, 670d40c6e2a9, 38017, None)
[2026-03-13T16:06:05.413+0000] {subprocess.py:93} INFO - 26/03/13 16:06:05 INFO BlockManagerMaster: Registered BlockManager BlockManagerId(driver, 670d40c6e2a9, 38017, None)
[2026-03-13T16:06:05.414+0000] {subprocess.py:93} INFO - 26/03/13 16:06:05 INFO BlockManager: Initialized BlockManager: BlockManagerId(driver, 670d40c6e2a9, 38017, None)
[2026-03-13T16:06:10.216+0000] {subprocess.py:93} INFO - === Raw Data Schema ===
[2026-03-13T16:06:10.220+0000] {subprocess.py:93} INFO - root
[2026-03-13T16:06:10.221+0000] {subprocess.py:93} INFO -  |-- id: integer (nullable = true)
[2026-03-13T16:06:10.222+0000] {subprocess.py:93} INFO -  |-- name: string (nullable = true)
[2026-03-13T16:06:10.224+0000] {subprocess.py:93} INFO -  |-- amount: integer (nullable = true)
[2026-03-13T16:06:10.226+0000] {subprocess.py:93} INFO - 
[2026-03-13T16:06:10.227+0000] {subprocess.py:93} INFO - === Sample Raw Data ===
[2026-03-13T16:06:10.499+0000] {subprocess.py:93} INFO - +---+-------+------+
[2026-03-13T16:06:10.500+0000] {subprocess.py:93} INFO - |id |name   |amount|
[2026-03-13T16:06:10.500+0000] {subprocess.py:93} INFO - +---+-------+------+
[2026-03-13T16:06:10.501+0000] {subprocess.py:93} INFO - |1  |Alice  |100   |
[2026-03-13T16:06:10.502+0000] {subprocess.py:93} INFO - |2  |Bob    |200   |
[2026-03-13T16:06:10.502+0000] {subprocess.py:93} INFO - |3  |Charlie|300   |
[2026-03-13T16:06:10.503+0000] {subprocess.py:93} INFO - +---+-------+------+
[2026-03-13T16:06:10.503+0000] {subprocess.py:93} INFO - 
[2026-03-13T16:06:10.595+0000] {subprocess.py:93} INFO - === Processed Data Schema ===
[2026-03-13T16:06:10.596+0000] {subprocess.py:93} INFO - root
[2026-03-13T16:06:10.597+0000] {subprocess.py:93} INFO -  |-- id: integer (nullable = true)
[2026-03-13T16:06:10.597+0000] {subprocess.py:93} INFO -  |-- name: string (nullable = false)
[2026-03-13T16:06:10.598+0000] {subprocess.py:93} INFO -  |-- amount: integer (nullable = true)
[2026-03-13T16:06:10.599+0000] {subprocess.py:93} INFO -  |-- processing_timestamp: timestamp (nullable = false)
[2026-03-13T16:06:10.599+0000] {subprocess.py:93} INFO - 
[2026-03-13T16:06:10.600+0000] {subprocess.py:93} INFO - === Sample Processed Data ===
[2026-03-13T16:06:11.614+0000] {subprocess.py:93} INFO - +---+-------+------+--------------------------+
[2026-03-13T16:06:11.615+0000] {subprocess.py:93} INFO - |id |name   |amount|processing_timestamp      |
[2026-03-13T16:06:11.616+0000] {subprocess.py:93} INFO - +---+-------+------+--------------------------+
[2026-03-13T16:06:11.619+0000] {subprocess.py:93} INFO - |1  |Alice  |100   |2026-03-13 16:06:10.628243|
[2026-03-13T16:06:11.620+0000] {subprocess.py:93} INFO - |2  |Bob    |200   |2026-03-13 16:06:10.628243|
[2026-03-13T16:06:11.621+0000] {subprocess.py:93} INFO - |3  |Charlie|300   |2026-03-13 16:06:10.628243|
[2026-03-13T16:06:11.622+0000] {subprocess.py:93} INFO - +---+-------+------+--------------------------+
[2026-03-13T16:06:11.623+0000] {subprocess.py:93} INFO - 
[2026-03-13T16:06:11.871+0000] {subprocess.py:93} INFO - Delta write unavailable (An error occurred while calling o50.save.
[2026-03-13T16:06:11.871+0000] {subprocess.py:93} INFO - : org.apache.spark.SparkClassNotFoundException: [DATA_SOURCE_NOT_FOUND] Failed to find the data source: delta. Please find packages at `https://spark.apache.org/third-party-projects.html`.
[2026-03-13T16:06:11.872+0000] {subprocess.py:93} INFO - 	at org.apache.spark.sql.errors.QueryExecutionErrors$.dataSourceNotFoundError(QueryExecutionErrors.scala:724)
[2026-03-13T16:06:11.873+0000] {subprocess.py:93} INFO - 	at org.apache.spark.sql.execution.datasources.DataSource$.lookupDataSource(DataSource.scala:647)
[2026-03-13T16:06:11.873+0000] {subprocess.py:93} INFO - 	at org.apache.spark.sql.execution.datasources.DataSource$.lookupDataSourceV2(DataSource.scala:697)
[2026-03-13T16:06:11.874+0000] {subprocess.py:93} INFO - 	at org.apache.spark.sql.DataFrameWriter.lookupV2Provider(DataFrameWriter.scala:863)
[2026-03-13T16:06:11.875+0000] {subprocess.py:93} INFO - 	at org.apache.spark.sql.DataFrameWriter.saveInternal(DataFrameWriter.scala:257)
[2026-03-13T16:06:11.876+0000] {subprocess.py:93} INFO - 	at org.apache.spark.sql.DataFrameWriter.save(DataFrameWriter.scala:240)
[2026-03-13T16:06:11.877+0000] {subprocess.py:93} INFO - 	at java.base/jdk.internal.reflect.NativeMethodAccessorImpl.invoke0(Native Method)
[2026-03-13T16:06:11.878+0000] {subprocess.py:93} INFO - 	at java.base/jdk.internal.reflect.NativeMethodAccessorImpl.invoke(NativeMethodAccessorImpl.java:77)
[2026-03-13T16:06:11.878+0000] {subprocess.py:93} INFO - 	at java.base/jdk.internal.reflect.DelegatingMethodAccessorImpl.invoke(DelegatingMethodAccessorImpl.java:43)
[2026-03-13T16:06:11.879+0000] {subprocess.py:93} INFO - 	at java.base/java.lang.reflect.Method.invoke(Method.java:569)
[2026-03-13T16:06:11.880+0000] {subprocess.py:93} INFO - 	at py4j.reflection.MethodInvoker.invoke(MethodInvoker.java:244)
[2026-03-13T16:06:11.880+0000] {subprocess.py:93} INFO - 	at py4j.reflection.ReflectionEngine.invoke(ReflectionEngine.java:374)
[2026-03-13T16:06:11.881+0000] {subprocess.py:93} INFO - 	at py4j.Gateway.invoke(Gateway.java:282)
[2026-03-13T16:06:11.882+0000] {subprocess.py:93} INFO - 	at py4j.commands.AbstractCommand.invokeMethod(AbstractCommand.java:132)
[2026-03-13T16:06:11.882+0000] {subprocess.py:93} INFO - 	at py4j.commands.CallCommand.execute(CallCommand.java:79)
[2026-03-13T16:06:11.883+0000] {subprocess.py:93} INFO - 	at py4j.ClientServerConnection.waitForCommands(ClientServerConnection.java:182)
[2026-03-13T16:06:11.883+0000] {subprocess.py:93} INFO - 	at py4j.ClientServerConnection.run(ClientServerConnection.java:106)
[2026-03-13T16:06:11.884+0000] {subprocess.py:93} INFO - 	at java.base/java.lang.Thread.run(Thread.java:840)
[2026-03-13T16:06:11.884+0000] {subprocess.py:93} INFO - Caused by: java.lang.ClassNotFoundException: delta.DefaultSource
[2026-03-13T16:06:11.885+0000] {subprocess.py:93} INFO - 	at java.base/java.net.URLClassLoader.findClass(URLClassLoader.java:445)
[2026-03-13T16:06:11.885+0000] {subprocess.py:93} INFO - 	at java.base/java.lang.ClassLoader.loadClass(ClassLoader.java:592)
[2026-03-13T16:06:11.886+0000] {subprocess.py:93} INFO - 	at java.base/java.lang.ClassLoader.loadClass(ClassLoader.java:525)
[2026-03-13T16:06:11.887+0000] {subprocess.py:93} INFO - 	at org.apache.spark.sql.execution.datasources.DataSource$.$anonfun$lookupDataSource$5(DataSource.scala:633)
[2026-03-13T16:06:11.887+0000] {subprocess.py:93} INFO - 	at scala.util.Try$.apply(Try.scala:213)
[2026-03-13T16:06:11.888+0000] {subprocess.py:93} INFO - 	at org.apache.spark.sql.execution.datasources.DataSource$.$anonfun$lookupDataSource$4(DataSource.scala:633)
[2026-03-13T16:06:11.889+0000] {subprocess.py:93} INFO - 	at scala.util.Failure.orElse(Try.scala:224)
[2026-03-13T16:06:11.890+0000] {subprocess.py:93} INFO - 	at org.apache.spark.sql.execution.datasources.DataSource$.lookupDataSource(DataSource.scala:633)
[2026-03-13T16:06:11.890+0000] {subprocess.py:93} INFO - 	... 16 more
[2026-03-13T16:06:11.891+0000] {subprocess.py:93} INFO - ). Writing Parquet to /opt/data/output/processed_parquet/
[2026-03-13T16:06:14.270+0000] {subprocess.py:97} INFO - Command exited with return code 0
[2026-03-13T16:06:14.272+0000] {taskinstance.py:441} INFO - ::group::Post task execution logs
[2026-03-13T16:06:14.421+0000] {taskinstance.py:1206} INFO - Marking task as SUCCESS. dag_id=event_trigger_pipeline, task_id=run_spark_job, run_id=manual__2026-03-13T16:05:35.969137+00:00, execution_date=20260313T160535, start_date=20260313T160601, end_date=20260313T160614
[2026-03-13T16:06:14.471+0000] {local_task_job_runner.py:243} INFO - Task exited with return code 0
[2026-03-13T16:06:14.480+0000] {taskinstance.py:3503} INFO - 0 downstream tasks scheduled from follow-on schedule check
[2026-03-13T16:06:14.481+0000] {local_task_job_runner.py:222} INFO - ::endgroup::
