[2026-03-14T04:27:54.050+0000] {local_task_job_runner.py:120} INFO - ::group::Pre task execution logs
[2026-03-14T04:27:54.071+0000] {taskinstance.py:2076} INFO - Dependencies all met for dep_context=non-requeueable deps ti=<TaskInstance: daily_spark_pipeline.run_spark_job manual__2026-03-14T04:27:29.766877+00:00 [queued]>
[2026-03-14T04:27:54.078+0000] {taskinstance.py:2076} INFO - Dependencies all met for dep_context=requeueable deps ti=<TaskInstance: daily_spark_pipeline.run_spark_job manual__2026-03-14T04:27:29.766877+00:00 [queued]>
[2026-03-14T04:27:54.079+0000] {taskinstance.py:2306} INFO - Starting attempt 1 of 2
[2026-03-14T04:27:54.111+0000] {taskinstance.py:2330} INFO - Executing <Task(BashOperator): run_spark_job> on 2026-03-14 04:27:29.766877+00:00
[2026-03-14T04:27:54.115+0000] {standard_task_runner.py:64} INFO - Started process 18892 to run task
[2026-03-14T04:27:54.119+0000] {standard_task_runner.py:90} INFO - Running: ['airflow', 'tasks', 'run', 'daily_spark_pipeline', 'run_spark_job', 'manual__2026-03-14T04:27:29.766877+00:00', '--job-id', '42', '--raw', '--subdir', 'DAGS_FOLDER/daily_pipeline.py', '--cfg-path', '/tmp/tmphaws7nk_']
[2026-03-14T04:27:54.121+0000] {standard_task_runner.py:91} INFO - Job 42: Subtask run_spark_job
[2026-03-14T04:27:54.213+0000] {task_command.py:426} INFO - Running <TaskInstance: daily_spark_pipeline.run_spark_job manual__2026-03-14T04:27:29.766877+00:00 [running]> on host 670d40c6e2a9
[2026-03-14T04:27:54.305+0000] {taskinstance.py:2648} INFO - Exporting env vars: AIRFLOW_CTX_DAG_OWNER='airflow' AIRFLOW_CTX_DAG_ID='daily_spark_pipeline' AIRFLOW_CTX_TASK_ID='run_spark_job' AIRFLOW_CTX_EXECUTION_DATE='2026-03-14T04:27:29.766877+00:00' AIRFLOW_CTX_TRY_NUMBER='1' AIRFLOW_CTX_DAG_RUN_ID='manual__2026-03-14T04:27:29.766877+00:00'
[2026-03-14T04:27:54.306+0000] {taskinstance.py:430} INFO - ::endgroup::
[2026-03-14T04:27:54.320+0000] {subprocess.py:63} INFO - Tmp dir root location: /tmp
[2026-03-14T04:27:54.322+0000] {subprocess.py:75} INFO - Running command: ['/usr/bin/bash', '-c', 'spark-submit /opt/airflow/spark_jobs/process_data.py']
[2026-03-14T04:27:54.329+0000] {subprocess.py:86} INFO - Output:
[2026-03-14T04:27:54.394+0000] {subprocess.py:93} INFO - /home/airflow/.local/lib/python3.12/site-packages/pyspark/bin/load-spark-env.sh: line 68: ps: command not found
[2026-03-14T04:27:57.065+0000] {subprocess.py:93} INFO - /opt/airflow/spark_jobs/process_data.py:168: DeprecationWarning: datetime.datetime.utcnow() is deprecated and scheduled for removal in a future version. Use timezone-aware objects to represent datetimes in UTC: datetime.datetime.now(datetime.UTC).
[2026-03-14T04:27:57.066+0000] {subprocess.py:93} INFO -   run_id = datetime.utcnow().strftime("%Y%m%d_%H%M%S")
[2026-03-14T04:27:57.133+0000] {subprocess.py:93} INFO - 26/03/14 04:27:57 INFO SparkContext: Running Spark version 3.5.1
[2026-03-14T04:27:57.134+0000] {subprocess.py:93} INFO - 26/03/14 04:27:57 INFO SparkContext: OS info Linux, 6.6.87.2-microsoft-standard-WSL2, amd64
[2026-03-14T04:27:57.135+0000] {subprocess.py:93} INFO - 26/03/14 04:27:57 INFO SparkContext: Java version 17.0.18
[2026-03-14T04:27:57.171+0000] {subprocess.py:93} INFO - 26/03/14 04:27:57 WARN NativeCodeLoader: Unable to load native-hadoop library for your platform... using builtin-java classes where applicable
[2026-03-14T04:27:57.236+0000] {subprocess.py:93} INFO - 26/03/14 04:27:57 INFO ResourceUtils: ==============================================================
[2026-03-14T04:27:57.237+0000] {subprocess.py:93} INFO - 26/03/14 04:27:57 INFO ResourceUtils: No custom resources configured for spark.driver.
[2026-03-14T04:27:57.237+0000] {subprocess.py:93} INFO - 26/03/14 04:27:57 INFO ResourceUtils: ==============================================================
[2026-03-14T04:27:57.238+0000] {subprocess.py:93} INFO - 26/03/14 04:27:57 INFO SparkContext: Submitted application: ProcessData
[2026-03-14T04:27:57.253+0000] {subprocess.py:93} INFO - 26/03/14 04:27:57 INFO ResourceProfile: Default ResourceProfile created, executor resources: Map(cores -> name: cores, amount: 1, script: , vendor: , memory -> name: memory, amount: 1024, script: , vendor: , offHeap -> name: offHeap, amount: 0, script: , vendor: ), task resources: Map(cpus -> name: cpus, amount: 1.0)
[2026-03-14T04:27:57.258+0000] {subprocess.py:93} INFO - 26/03/14 04:27:57 INFO ResourceProfile: Limiting resource is cpu
[2026-03-14T04:27:57.259+0000] {subprocess.py:93} INFO - 26/03/14 04:27:57 INFO ResourceProfileManager: Added ResourceProfile id: 0
[2026-03-14T04:27:57.296+0000] {subprocess.py:93} INFO - 26/03/14 04:27:57 INFO SecurityManager: Changing view acls to: airflow
[2026-03-14T04:27:57.297+0000] {subprocess.py:93} INFO - 26/03/14 04:27:57 INFO SecurityManager: Changing modify acls to: airflow
[2026-03-14T04:27:57.298+0000] {subprocess.py:93} INFO - 26/03/14 04:27:57 INFO SecurityManager: Changing view acls groups to:
[2026-03-14T04:27:57.299+0000] {subprocess.py:93} INFO - 26/03/14 04:27:57 INFO SecurityManager: Changing modify acls groups to:
[2026-03-14T04:27:57.300+0000] {subprocess.py:93} INFO - 26/03/14 04:27:57 INFO SecurityManager: SecurityManager: authentication disabled; ui acls disabled; users with view permissions: airflow; groups with view permissions: EMPTY; users with modify permissions: airflow; groups with modify permissions: EMPTY
[2026-03-14T04:27:57.502+0000] {subprocess.py:93} INFO - 26/03/14 04:27:57 INFO Utils: Successfully started service 'sparkDriver' on port 46505.
[2026-03-14T04:27:57.529+0000] {subprocess.py:93} INFO - 26/03/14 04:27:57 INFO SparkEnv: Registering MapOutputTracker
[2026-03-14T04:27:57.563+0000] {subprocess.py:93} INFO - 26/03/14 04:27:57 INFO SparkEnv: Registering BlockManagerMaster
[2026-03-14T04:27:57.579+0000] {subprocess.py:93} INFO - 26/03/14 04:27:57 INFO BlockManagerMasterEndpoint: Using org.apache.spark.storage.DefaultTopologyMapper for getting topology information
[2026-03-14T04:27:57.580+0000] {subprocess.py:93} INFO - 26/03/14 04:27:57 INFO BlockManagerMasterEndpoint: BlockManagerMasterEndpoint up
[2026-03-14T04:27:57.584+0000] {subprocess.py:93} INFO - 26/03/14 04:27:57 INFO SparkEnv: Registering BlockManagerMasterHeartbeat
[2026-03-14T04:27:57.607+0000] {subprocess.py:93} INFO - 26/03/14 04:27:57 INFO DiskBlockManager: Created local directory at /tmp/blockmgr-0cf7523c-a886-4900-94c5-a2a131dde609
[2026-03-14T04:27:57.623+0000] {subprocess.py:93} INFO - 26/03/14 04:27:57 INFO MemoryStore: MemoryStore started with capacity 434.4 MiB
[2026-03-14T04:27:57.644+0000] {subprocess.py:93} INFO - 26/03/14 04:27:57 INFO SparkEnv: Registering OutputCommitCoordinator
[2026-03-14T04:27:57.758+0000] {subprocess.py:93} INFO - 26/03/14 04:27:57 INFO JettyUtils: Start Jetty 0.0.0.0:4040 for SparkUI
[2026-03-14T04:27:57.818+0000] {subprocess.py:93} INFO - 26/03/14 04:27:57 INFO Utils: Successfully started service 'SparkUI' on port 4040.
[2026-03-14T04:27:57.910+0000] {subprocess.py:93} INFO - 26/03/14 04:27:57 INFO Executor: Starting executor ID driver on host 670d40c6e2a9
[2026-03-14T04:27:57.911+0000] {subprocess.py:93} INFO - 26/03/14 04:27:57 INFO Executor: OS info Linux, 6.6.87.2-microsoft-standard-WSL2, amd64
[2026-03-14T04:27:57.912+0000] {subprocess.py:93} INFO - 26/03/14 04:27:57 INFO Executor: Java version 17.0.18
[2026-03-14T04:27:57.919+0000] {subprocess.py:93} INFO - 26/03/14 04:27:57 INFO Executor: Starting executor with user classpath (userClassPathFirst = false): ''
[2026-03-14T04:27:57.920+0000] {subprocess.py:93} INFO - 26/03/14 04:27:57 INFO Executor: Created or updated repl class loader org.apache.spark.util.MutableURLClassLoader@531e9e53 for default.
[2026-03-14T04:27:57.936+0000] {subprocess.py:93} INFO - 26/03/14 04:27:57 INFO Utils: Successfully started service 'org.apache.spark.network.netty.NettyBlockTransferService' on port 45293.
[2026-03-14T04:27:57.937+0000] {subprocess.py:93} INFO - 26/03/14 04:27:57 INFO NettyBlockTransferService: Server created on 670d40c6e2a9:45293
[2026-03-14T04:27:57.938+0000] {subprocess.py:93} INFO - 26/03/14 04:27:57 INFO BlockManager: Using org.apache.spark.storage.RandomBlockReplicationPolicy for block replication policy
[2026-03-14T04:27:57.943+0000] {subprocess.py:93} INFO - 26/03/14 04:27:57 INFO BlockManagerMaster: Registering BlockManager BlockManagerId(driver, 670d40c6e2a9, 45293, None)
[2026-03-14T04:27:57.946+0000] {subprocess.py:93} INFO - 26/03/14 04:27:57 INFO BlockManagerMasterEndpoint: Registering block manager 670d40c6e2a9:45293 with 434.4 MiB RAM, BlockManagerId(driver, 670d40c6e2a9, 45293, None)
[2026-03-14T04:27:57.948+0000] {subprocess.py:93} INFO - 26/03/14 04:27:57 INFO BlockManagerMaster: Registered BlockManager BlockManagerId(driver, 670d40c6e2a9, 45293, None)
[2026-03-14T04:27:57.949+0000] {subprocess.py:93} INFO - 26/03/14 04:27:57 INFO BlockManager: Initialized BlockManager: BlockManagerId(driver, 670d40c6e2a9, 45293, None)
[2026-03-14T04:28:02.813+0000] {subprocess.py:93} INFO - === Raw Data Schema ===
[2026-03-14T04:28:02.816+0000] {subprocess.py:93} INFO - root
[2026-03-14T04:28:02.817+0000] {subprocess.py:93} INFO -  |-- id: integer (nullable = true)
[2026-03-14T04:28:02.818+0000] {subprocess.py:93} INFO -  |-- name: string (nullable = true)
[2026-03-14T04:28:02.819+0000] {subprocess.py:93} INFO -  |-- amount: integer (nullable = true)
[2026-03-14T04:28:02.821+0000] {subprocess.py:93} INFO - 
[2026-03-14T04:28:02.821+0000] {subprocess.py:93} INFO - === Sample Raw Data ===
[2026-03-14T04:28:03.079+0000] {subprocess.py:93} INFO - +---+-------+------+
[2026-03-14T04:28:03.081+0000] {subprocess.py:93} INFO - |id |name   |amount|
[2026-03-14T04:28:03.082+0000] {subprocess.py:93} INFO - +---+-------+------+
[2026-03-14T04:28:03.083+0000] {subprocess.py:93} INFO - |999|Trigger|1     |
[2026-03-14T04:28:03.083+0000] {subprocess.py:93} INFO - +---+-------+------+
[2026-03-14T04:28:03.084+0000] {subprocess.py:93} INFO - 
[2026-03-14T04:28:03.172+0000] {subprocess.py:93} INFO - === Processed Data Schema ===
[2026-03-14T04:28:03.173+0000] {subprocess.py:93} INFO - root
[2026-03-14T04:28:03.174+0000] {subprocess.py:93} INFO -  |-- id: integer (nullable = true)
[2026-03-14T04:28:03.175+0000] {subprocess.py:93} INFO -  |-- name: string (nullable = false)
[2026-03-14T04:28:03.176+0000] {subprocess.py:93} INFO -  |-- amount: integer (nullable = true)
[2026-03-14T04:28:03.176+0000] {subprocess.py:93} INFO -  |-- processing_timestamp: timestamp (nullable = false)
[2026-03-14T04:28:03.177+0000] {subprocess.py:93} INFO - 
[2026-03-14T04:28:03.178+0000] {subprocess.py:93} INFO - === Sample Processed Data ===
[2026-03-14T04:28:03.775+0000] {subprocess.py:93} INFO - +---+-------+------+-------------------------+
[2026-03-14T04:28:03.776+0000] {subprocess.py:93} INFO - |id |name   |amount|processing_timestamp     |
[2026-03-14T04:28:03.777+0000] {subprocess.py:93} INFO - +---+-------+------+-------------------------+
[2026-03-14T04:28:03.778+0000] {subprocess.py:93} INFO - |999|Trigger|1     |2026-03-14 04:28:03.19687|
[2026-03-14T04:28:03.779+0000] {subprocess.py:93} INFO - +---+-------+------+-------------------------+
[2026-03-14T04:28:03.780+0000] {subprocess.py:93} INFO - 
[2026-03-14T04:28:07.781+0000] {subprocess.py:93} INFO - Wrote Parquet output to: /opt/data/output/processed_parquet/
[2026-03-14T04:28:07.783+0000] {subprocess.py:93} INFO - Wrote CSV output to: /opt/data/output/processed_csv/
[2026-03-14T04:28:07.784+0000] {subprocess.py:93} INFO - Wrote Clean CSV output to: /opt/data/clean_data_csv/
[2026-03-14T04:28:10.404+0000] {subprocess.py:93} INFO - Source input files retained in /opt/data/input (archiving disabled).
[2026-03-14T04:28:10.829+0000] {subprocess.py:97} INFO - Command exited with return code 0
[2026-03-14T04:28:10.831+0000] {taskinstance.py:441} INFO - ::group::Post task execution logs
[2026-03-14T04:28:10.881+0000] {taskinstance.py:1206} INFO - Marking task as SUCCESS. dag_id=daily_spark_pipeline, task_id=run_spark_job, run_id=manual__2026-03-14T04:27:29.766877+00:00, execution_date=20260314T042729, start_date=20260314T042754, end_date=20260314T042810
[2026-03-14T04:28:11.080+0000] {local_task_job_runner.py:243} INFO - Task exited with return code 0
[2026-03-14T04:28:11.089+0000] {taskinstance.py:3503} INFO - 0 downstream tasks scheduled from follow-on schedule check
[2026-03-14T04:28:11.090+0000] {local_task_job_runner.py:222} INFO - ::endgroup::
